ARM GAS  C:\Users\dr\AppData\Local\Temp\cckQHQVj.s 			page 1


   1              		.syntax unified
   2              		.cpu cortex-m3
   3              		.fpu softvfp
   4              		.eabi_attribute 20, 1
   5              		.eabi_attribute 21, 1
   6              		.eabi_attribute 23, 3
   7              		.eabi_attribute 24, 1
   8              		.eabi_attribute 25, 1
   9              		.eabi_attribute 26, 1
  10              		.eabi_attribute 30, 1
  11              		.eabi_attribute 34, 1
  12              		.eabi_attribute 18, 4
  13              		.thumb
  14              		.syntax unified
  15              		.file	"cymetadata.c"
  16              		.text
  17              	.Ltext0:
  18              		.cfi_sections	.debug_frame
  19              		.global	cy_metadata
  20              		.global	cy_meta_flashprotect
  21              		.global	cy_meta_wonvl
  22              		.global	cy_meta_custnvl
  23              		.global	cy_meta_configecc
  24              		.section	.cyconfigecc,"a",%progbits
  25              		.align	2
  26              		.type	cy_meta_configecc, %object
  27              		.size	cy_meta_configecc, 2472
  28              	cy_meta_configecc:
  29 0000 04       		.byte	4
  30 0001 52       		.byte	82
  31 0002 00       		.byte	0
  32 0003 40       		.byte	64
  33 0004 02       		.byte	2
  34 0005 5A       		.byte	90
  35 0006 00       		.byte	0
  36 0007 40       		.byte	64
  37 0008 02       		.byte	2
  38 0009 64       		.byte	100
  39 000a 00       		.byte	0
  40 000b 40       		.byte	64
  41 000c 02       		.byte	2
  42 000d 65       		.byte	101
  43 000e 00       		.byte	0
  44 000f 40       		.byte	64
  45 0010 43       		.byte	67
  46 0011 00       		.byte	0
  47 0012 01       		.byte	1
  48 0013 40       		.byte	64
  49 0014 33       		.byte	51
  50 0015 01       		.byte	1
  51 0016 01       		.byte	1
  52 0017 40       		.byte	64
  53 0018 34       		.byte	52
  54 0019 02       		.byte	2
  55 001a 01       		.byte	1
  56 001b 40       		.byte	64
  57 001c 43       		.byte	67
ARM GAS  C:\Users\dr\AppData\Local\Temp\cckQHQVj.s 			page 2


  58 001d 03       		.byte	3
  59 001e 01       		.byte	1
  60 001f 40       		.byte	64
  61 0020 50       		.byte	80
  62 0021 04       		.byte	4
  63 0022 01       		.byte	1
  64 0023 40       		.byte	64
  65 0024 4C       		.byte	76
  66 0025 05       		.byte	5
  67 0026 01       		.byte	1
  68 0027 40       		.byte	64
  69 0028 6A       		.byte	106
  70 0029 06       		.byte	6
  71 002a 01       		.byte	1
  72 002b 40       		.byte	64
  73 002c 55       		.byte	85
  74 002d 07       		.byte	7
  75 002e 01       		.byte	1
  76 002f 40       		.byte	64
  77 0030 43       		.byte	67
  78 0031 08       		.byte	8
  79 0032 01       		.byte	1
  80 0033 40       		.byte	64
  81 0034 44       		.byte	68
  82 0035 09       		.byte	9
  83 0036 01       		.byte	1
  84 0037 40       		.byte	64
  85 0038 04       		.byte	4
  86 0039 0B       		.byte	11
  87 003a 01       		.byte	1
  88 003b 40       		.byte	64
  89 003c 01       		.byte	1
  90 003d 0D       		.byte	13
  91 003e 01       		.byte	1
  92 003f 40       		.byte	64
  93 0040 3D       		.byte	61
  94 0041 14       		.byte	20
  95 0042 01       		.byte	1
  96 0043 40       		.byte	64
  97 0044 4B       		.byte	75
  98 0045 15       		.byte	21
  99 0046 01       		.byte	1
 100 0047 40       		.byte	64
 101 0048 44       		.byte	68
 102 0049 16       		.byte	22
 103 004a 01       		.byte	1
 104 004b 40       		.byte	64
 105 004c 48       		.byte	72
 106 004d 17       		.byte	23
 107 004e 01       		.byte	1
 108 004f 40       		.byte	64
 109 0050 09       		.byte	9
 110 0051 19       		.byte	25
 111 0052 01       		.byte	1
 112 0053 40       		.byte	64
 113 0054 03       		.byte	3
 114 0055 1B       		.byte	27
ARM GAS  C:\Users\dr\AppData\Local\Temp\cckQHQVj.s 			page 3


 115 0056 01       		.byte	1
 116 0057 40       		.byte	64
 117 0058 15       		.byte	21
 118 0059 40       		.byte	64
 119 005a 01       		.byte	1
 120 005b 40       		.byte	64
 121 005c 11       		.byte	17
 122 005d 41       		.byte	65
 123 005e 01       		.byte	1
 124 005f 40       		.byte	64
 125 0060 0A       		.byte	10
 126 0061 42       		.byte	66
 127 0062 01       		.byte	1
 128 0063 40       		.byte	64
 129 0064 04       		.byte	4
 130 0065 43       		.byte	67
 131 0066 01       		.byte	1
 132 0067 40       		.byte	64
 133 0068 02       		.byte	2
 134 0069 44       		.byte	68
 135 006a 01       		.byte	1
 136 006b 40       		.byte	64
 137 006c 05       		.byte	5
 138 006d 45       		.byte	69
 139 006e 01       		.byte	1
 140 006f 40       		.byte	64
 141 0070 07       		.byte	7
 142 0071 46       		.byte	70
 143 0072 01       		.byte	1
 144 0073 40       		.byte	64
 145 0074 07       		.byte	7
 146 0075 47       		.byte	71
 147 0076 01       		.byte	1
 148 0077 40       		.byte	64
 149 0078 10       		.byte	16
 150 0079 48       		.byte	72
 151 007a 01       		.byte	1
 152 007b 40       		.byte	64
 153 007c 0A       		.byte	10
 154 007d 49       		.byte	73
 155 007e 01       		.byte	1
 156 007f 40       		.byte	64
 157 0080 03       		.byte	3
 158 0081 4C       		.byte	76
 159 0082 01       		.byte	1
 160 0083 40       		.byte	64
 161 0084 02       		.byte	2
 162 0085 4D       		.byte	77
 163 0086 01       		.byte	1
 164 0087 40       		.byte	64
 165 0088 04       		.byte	4
 166 0089 50       		.byte	80
 167 008a 01       		.byte	1
 168 008b 40       		.byte	64
 169 008c 03       		.byte	3
 170 008d 51       		.byte	81
 171 008e 01       		.byte	1
ARM GAS  C:\Users\dr\AppData\Local\Temp\cckQHQVj.s 			page 4


 172 008f 40       		.byte	64
 173 0090 01       		.byte	1
 174 0091 20       		.byte	32
 175 0092 18       		.byte	24
 176 0093 04       		.byte	4
 177 0094 19       		.byte	25
 178 0095 04       		.byte	4
 179 0096 7C       		.byte	124
 180 0097 04       		.byte	4
 181 0098 8F       		.byte	-113
 182 0099 01       		.byte	1
 183 009a 9F       		.byte	-97
 184 009b 01       		.byte	1
 185 009c 84       		.byte	-124
 186 009d 0F       		.byte	15
 187 009e 87       		.byte	-121
 188 009f 09       		.byte	9
 189 00a0 85       		.byte	-123
 190 00a1 38       		.byte	56
 191 00a2 86       		.byte	-122
 192 00a3 72       		.byte	114
 193 00a4 02       		.byte	2
 194 00a5 2D       		.byte	45
 195 00a6 04       		.byte	4
 196 00a7 04       		.byte	4
 197 00a8 06       		.byte	6
 198 00a9 49       		.byte	73
 199 00aa 09       		.byte	9
 200 00ab 0D       		.byte	13
 201 00ac 0B       		.byte	11
 202 00ad 02       		.byte	2
 203 00ae 0F       		.byte	15
 204 00af 02       		.byte	2
 205 00b0 12       		.byte	18
 206 00b1 06       		.byte	6
 207 00b2 15       		.byte	21
 208 00b3 08       		.byte	8
 209 00b4 16       		.byte	22
 210 00b5 29       		.byte	41
 211 00b6 17       		.byte	23
 212 00b7 05       		.byte	5
 213 00b8 20       		.byte	32
 214 00b9 04       		.byte	4
 215 00ba 22       		.byte	34
 216 00bb 11       		.byte	17
 217 00bc 24       		.byte	36
 218 00bd 29       		.byte	41
 219 00be 26       		.byte	38
 220 00bf 52       		.byte	82
 221 00c0 27       		.byte	39
 222 00c1 20       		.byte	32
 223 00c2 29       		.byte	41
 224 00c3 04       		.byte	4
 225 00c4 2A       		.byte	42
 226 00c5 2D       		.byte	45
 227 00c6 2B       		.byte	43
 228 00c7 19       		.byte	25
ARM GAS  C:\Users\dr\AppData\Local\Temp\cckQHQVj.s 			page 5


 229 00c8 2F       		.byte	47
 230 00c9 30       		.byte	48
 231 00ca 30       		.byte	48
 232 00cb 03       		.byte	3
 233 00cc 31       		.byte	49
 234 00cd 20       		.byte	32
 235 00ce 32       		.byte	50
 236 00cf 04       		.byte	4
 237 00d0 33       		.byte	51
 238 00d1 0C       		.byte	12
 239 00d2 34       		.byte	52
 240 00d3 60       		.byte	96
 241 00d4 35       		.byte	53
 242 00d5 10       		.byte	16
 243 00d6 36       		.byte	54
 244 00d7 18       		.byte	24
 245 00d8 37       		.byte	55
 246 00d9 03       		.byte	3
 247 00da 3A       		.byte	58
 248 00db A2       		.byte	-94
 249 00dc 3B       		.byte	59
 250 00dd 80       		.byte	-128
 251 00de 3E       		.byte	62
 252 00df 04       		.byte	4
 253 00e0 3F       		.byte	63
 254 00e1 11       		.byte	17
 255 00e2 58       		.byte	88
 256 00e3 04       		.byte	4
 257 00e4 59       		.byte	89
 258 00e5 04       		.byte	4
 259 00e6 5C       		.byte	92
 260 00e7 88       		.byte	-120
 261 00e8 5F       		.byte	95
 262 00e9 11       		.byte	17
 263 00ea 80       		.byte	-128
 264 00eb 02       		.byte	2
 265 00ec 81       		.byte	-127
 266 00ed 02       		.byte	2
 267 00ee 84       		.byte	-124
 268 00ef 02       		.byte	2
 269 00f0 88       		.byte	-120
 270 00f1 0C       		.byte	12
 271 00f2 89       		.byte	-119
 272 00f3 02       		.byte	2
 273 00f4 90       		.byte	-112
 274 00f5 03       		.byte	3
 275 00f6 91       		.byte	-111
 276 00f7 08       		.byte	8
 277 00f8 96       		.byte	-106
 278 00f9 08       		.byte	8
 279 00fa 97       		.byte	-105
 280 00fb 01       		.byte	1
 281 00fc 99       		.byte	-103
 282 00fd 02       		.byte	2
 283 00fe 9A       		.byte	-102
 284 00ff 01       		.byte	1
 285 0100 9C       		.byte	-100
ARM GAS  C:\Users\dr\AppData\Local\Temp\cckQHQVj.s 			page 6


 286 0101 02       		.byte	2
 287 0102 A0       		.byte	-96
 288 0103 04       		.byte	4
 289 0104 A4       		.byte	-92
 290 0105 02       		.byte	2
 291 0106 A5       		.byte	-91
 292 0107 08       		.byte	8
 293 0108 A7       		.byte	-89
 294 0109 04       		.byte	4
 295 010a A8       		.byte	-88
 296 010b 04       		.byte	4
 297 010c AB       		.byte	-85
 298 010d 01       		.byte	1
 299 010e AC       		.byte	-84
 300 010f 02       		.byte	2
 301 0110 B1       		.byte	-79
 302 0111 04       		.byte	4
 303 0112 B2       		.byte	-78
 304 0113 0C       		.byte	12
 305 0114 B3       		.byte	-77
 306 0115 02       		.byte	2
 307 0116 B4       		.byte	-76
 308 0117 03       		.byte	3
 309 0118 B5       		.byte	-75
 310 0119 08       		.byte	8
 311 011a B7       		.byte	-73
 312 011b 01       		.byte	1
 313 011c B9       		.byte	-71
 314 011d 20       		.byte	32
 315 011e BB       		.byte	-69
 316 011f 80       		.byte	-128
 317 0120 BF       		.byte	-65
 318 0121 14       		.byte	20
 319 0122 D8       		.byte	-40
 320 0123 04       		.byte	4
 321 0124 D9       		.byte	-39
 322 0125 04       		.byte	4
 323 0126 DC       		.byte	-36
 324 0127 89       		.byte	-119
 325 0128 DF       		.byte	-33
 326 0129 01       		.byte	1
 327 012a 00       		.byte	0
 328 012b 06       		.byte	6
 329 012c 04       		.byte	4
 330 012d 08       		.byte	8
 331 012e 05       		.byte	5
 332 012f 22       		.byte	34
 333 0130 08       		.byte	8
 334 0131 04       		.byte	4
 335 0132 0A       		.byte	10
 336 0133 40       		.byte	64
 337 0134 0C       		.byte	12
 338 0135 40       		.byte	64
 339 0136 0D       		.byte	13
 340 0137 02       		.byte	2
 341 0138 0E       		.byte	14
 342 0139 15       		.byte	21
ARM GAS  C:\Users\dr\AppData\Local\Temp\cckQHQVj.s 			page 7


 343 013a 10       		.byte	16
 344 013b 40       		.byte	64
 345 013c 12       		.byte	18
 346 013d 18       		.byte	24
 347 013e 15       		.byte	21
 348 013f 98       		.byte	-104
 349 0140 17       		.byte	23
 350 0141 22       		.byte	34
 351 0142 18       		.byte	24
 352 0143 2C       		.byte	44
 353 0144 19       		.byte	25
 354 0145 02       		.byte	2
 355 0146 1A       		.byte	26
 356 0147 41       		.byte	65
 357 0148 1C       		.byte	28
 358 0149 80       		.byte	-128
 359 014a 1E       		.byte	30
 360 014b 14       		.byte	20
 361 014c 1F       		.byte	31
 362 014d 08       		.byte	8
 363 014e 20       		.byte	32
 364 014f 02       		.byte	2
 365 0150 21       		.byte	33
 366 0151 44       		.byte	68
 367 0152 22       		.byte	34
 368 0153 19       		.byte	25
 369 0154 25       		.byte	37
 370 0155 18       		.byte	24
 371 0156 26       		.byte	38
 372 0157 01       		.byte	1
 373 0158 27       		.byte	39
 374 0159 02       		.byte	2
 375 015a 28       		.byte	40
 376 015b 04       		.byte	4
 377 015c 29       		.byte	41
 378 015d 04       		.byte	4
 379 015e 2B       		.byte	43
 380 015f 02       		.byte	2
 381 0160 2D       		.byte	45
 382 0161 10       		.byte	16
 383 0162 2F       		.byte	47
 384 0163 20       		.byte	32
 385 0164 32       		.byte	50
 386 0165 08       		.byte	8
 387 0166 35       		.byte	53
 388 0167 14       		.byte	20
 389 0168 36       		.byte	54
 390 0169 01       		.byte	1
 391 016a 37       		.byte	55
 392 016b 04       		.byte	4
 393 016c 38       		.byte	56
 394 016d 20       		.byte	32
 395 016e 39       		.byte	57
 396 016f 80       		.byte	-128
 397 0170 3A       		.byte	58
 398 0171 10       		.byte	16
 399 0172 3C       		.byte	60
ARM GAS  C:\Users\dr\AppData\Local\Temp\cckQHQVj.s 			page 8


 400 0173 01       		.byte	1
 401 0174 3F       		.byte	63
 402 0175 10       		.byte	16
 403 0176 79       		.byte	121
 404 0177 20       		.byte	32
 405 0178 7E       		.byte	126
 406 0179 01       		.byte	1
 407 017a 81       		.byte	-127
 408 017b 08       		.byte	8
 409 017c 87       		.byte	-121
 410 017d 02       		.byte	2
 411 017e 8A       		.byte	-118
 412 017f 04       		.byte	4
 413 0180 C0       		.byte	-64
 414 0181 7C       		.byte	124
 415 0182 C2       		.byte	-62
 416 0183 FC       		.byte	-4
 417 0184 C4       		.byte	-60
 418 0185 FE       		.byte	-2
 419 0186 CA       		.byte	-54
 420 0187 6E       		.byte	110
 421 0188 CC       		.byte	-52
 422 0189 E2       		.byte	-30
 423 018a CE       		.byte	-50
 424 018b AC       		.byte	-84
 425 018c DE       		.byte	-34
 426 018d 14       		.byte	20
 427 018e E6       		.byte	-26
 428 018f 20       		.byte	32
 429 0190 00       		.byte	0
 430 0191 F0       		.byte	-16
 431 0192 01       		.byte	1
 432 0193 08       		.byte	8
 433 0194 02       		.byte	2
 434 0195 0F       		.byte	15
 435 0196 05       		.byte	5
 436 0197 3F       		.byte	63
 437 0198 06       		.byte	6
 438 0199 02       		.byte	2
 439 019a 08       		.byte	8
 440 019b CC       		.byte	-52
 441 019c 09       		.byte	9
 442 019d 33       		.byte	51
 443 019e 0A       		.byte	10
 444 019f 33       		.byte	51
 445 01a0 0B       		.byte	11
 446 01a1 0C       		.byte	12
 447 01a2 0E       		.byte	14
 448 01a3 10       		.byte	16
 449 01a4 0F       		.byte	15
 450 01a5 23       		.byte	35
 451 01a6 11       		.byte	17
 452 01a7 1F       		.byte	31
 453 01a8 12       		.byte	18
 454 01a9 80       		.byte	-128
 455 01aa 13       		.byte	19
 456 01ab 20       		.byte	32
ARM GAS  C:\Users\dr\AppData\Local\Temp\cckQHQVj.s 			page 9


 457 01ac 14       		.byte	20
 458 01ad AA       		.byte	-86
 459 01ae 15       		.byte	21
 460 01af 03       		.byte	3
 461 01b0 16       		.byte	22
 462 01b1 55       		.byte	85
 463 01b2 19       		.byte	25
 464 01b3 01       		.byte	1
 465 01b4 1A       		.byte	26
 466 01b5 04       		.byte	4
 467 01b6 1E       		.byte	30
 468 01b7 08       		.byte	8
 469 01b8 21       		.byte	33
 470 01b9 1C       		.byte	28
 471 01ba 23       		.byte	35
 472 01bb 23       		.byte	35
 473 01bc 25       		.byte	37
 474 01bd 04       		.byte	4
 475 01be 26       		.byte	38
 476 01bf 20       		.byte	32
 477 01c0 29       		.byte	41
 478 01c1 0C       		.byte	12
 479 01c2 2A       		.byte	42
 480 01c3 40       		.byte	64
 481 01c4 2D       		.byte	45
 482 01c5 02       		.byte	2
 483 01c6 2E       		.byte	46
 484 01c7 01       		.byte	1
 485 01c8 31       		.byte	49
 486 01c9 10       		.byte	16
 487 01ca 33       		.byte	51
 488 01cb 0F       		.byte	15
 489 01cc 34       		.byte	52
 490 01cd FF       		.byte	-1
 491 01ce 37       		.byte	55
 492 01cf 2C       		.byte	44
 493 01d0 3B       		.byte	59
 494 01d1 A8       		.byte	-88
 495 01d2 3F       		.byte	63
 496 01d3 01       		.byte	1
 497 01d4 58       		.byte	88
 498 01d5 04       		.byte	4
 499 01d6 59       		.byte	89
 500 01d7 04       		.byte	4
 501 01d8 5B       		.byte	91
 502 01d9 04       		.byte	4
 503 01da 5C       		.byte	92
 504 01db 08       		.byte	8
 505 01dc 5F       		.byte	95
 506 01dd 01       		.byte	1
 507 01de 86       		.byte	-122
 508 01df 01       		.byte	1
 509 01e0 8C       		.byte	-116
 510 01e1 02       		.byte	2
 511 01e2 97       		.byte	-105
 512 01e3 01       		.byte	1
 513 01e4 B0       		.byte	-80
ARM GAS  C:\Users\dr\AppData\Local\Temp\cckQHQVj.s 			page 10


 514 01e5 01       		.byte	1
 515 01e6 B2       		.byte	-78
 516 01e7 02       		.byte	2
 517 01e8 B3       		.byte	-77
 518 01e9 01       		.byte	1
 519 01ea BB       		.byte	-69
 520 01eb 08       		.byte	8
 521 01ec BE       		.byte	-66
 522 01ed 04       		.byte	4
 523 01ee D8       		.byte	-40
 524 01ef 0A       		.byte	10
 525 01f0 D9       		.byte	-39
 526 01f1 04       		.byte	4
 527 01f2 DB       		.byte	-37
 528 01f3 04       		.byte	4
 529 01f4 DC       		.byte	-36
 530 01f5 89       		.byte	-119
 531 01f6 DF       		.byte	-33
 532 01f7 01       		.byte	1
 533 01f8 00       		.byte	0
 534 01f9 08       		.byte	8
 535 01fa 01       		.byte	1
 536 01fb 08       		.byte	8
 537 01fc 02       		.byte	2
 538 01fd 01       		.byte	1
 539 01fe 04       		.byte	4
 540 01ff 09       		.byte	9
 541 0200 05       		.byte	5
 542 0201 90       		.byte	-112
 543 0202 08       		.byte	8
 544 0203 20       		.byte	32
 545 0204 09       		.byte	9
 546 0205 10       		.byte	16
 547 0206 0C       		.byte	12
 548 0207 22       		.byte	34
 549 0208 0D       		.byte	13
 550 0209 08       		.byte	8
 551 020a 0E       		.byte	14
 552 020b 02       		.byte	2
 553 020c 0F       		.byte	15
 554 020d 10       		.byte	16
 555 020e 11       		.byte	17
 556 020f 03       		.byte	3
 557 0210 15       		.byte	21
 558 0211 40       		.byte	64
 559 0212 17       		.byte	23
 560 0213 18       		.byte	24
 561 0214 19       		.byte	25
 562 0215 05       		.byte	5
 563 0216 1F       		.byte	31
 564 0217 20       		.byte	32
 565 0218 23       		.byte	35
 566 0219 20       		.byte	32
 567 021a 24       		.byte	36
 568 021b 14       		.byte	20
 569 021c 25       		.byte	37
 570 021d 01       		.byte	1
ARM GAS  C:\Users\dr\AppData\Local\Temp\cckQHQVj.s 			page 11


 571 021e 27       		.byte	39
 572 021f 01       		.byte	1
 573 0220 2D       		.byte	45
 574 0221 02       		.byte	2
 575 0222 2E       		.byte	46
 576 0223 28       		.byte	40
 577 0224 2F       		.byte	47
 578 0225 01       		.byte	1
 579 0226 33       		.byte	51
 580 0227 04       		.byte	4
 581 0228 34       		.byte	52
 582 0229 09       		.byte	9
 583 022a 36       		.byte	54
 584 022b 10       		.byte	16
 585 022c 37       		.byte	55
 586 022d 01       		.byte	1
 587 022e 3C       		.byte	60
 588 022f 14       		.byte	20
 589 0230 3D       		.byte	61
 590 0231 18       		.byte	24
 591 0232 3E       		.byte	62
 592 0233 02       		.byte	2
 593 0234 3F       		.byte	63
 594 0235 80       		.byte	-128
 595 0236 58       		.byte	88
 596 0237 10       		.byte	16
 597 0238 59       		.byte	89
 598 0239 09       		.byte	9
 599 023a 5B       		.byte	91
 600 023b 40       		.byte	64
 601 023c 5C       		.byte	92
 602 023d 20       		.byte	32
 603 023e 6C       		.byte	108
 604 023f 24       		.byte	36
 605 0240 6D       		.byte	109
 606 0241 40       		.byte	64
 607 0242 6E       		.byte	110
 608 0243 02       		.byte	2
 609 0244 74       		.byte	116
 610 0245 02       		.byte	2
 611 0246 75       		.byte	117
 612 0247 80       		.byte	-128
 613 0248 77       		.byte	119
 614 0249 18       		.byte	24
 615 024a 79       		.byte	121
 616 024b 08       		.byte	8
 617 024c 7A       		.byte	122
 618 024d 02       		.byte	2
 619 024e 7E       		.byte	126
 620 024f 03       		.byte	3
 621 0250 80       		.byte	-128
 622 0251 40       		.byte	64
 623 0252 92       		.byte	-110
 624 0253 26       		.byte	38
 625 0254 94       		.byte	-108
 626 0255 01       		.byte	1
 627 0256 95       		.byte	-107
ARM GAS  C:\Users\dr\AppData\Local\Temp\cckQHQVj.s 			page 12


 628 0257 20       		.byte	32
 629 0258 97       		.byte	-105
 630 0259 10       		.byte	16
 631 025a 9C       		.byte	-100
 632 025b 04       		.byte	4
 633 025c 9D       		.byte	-99
 634 025d 10       		.byte	16
 635 025e 9F       		.byte	-97
 636 025f 24       		.byte	36
 637 0260 A1       		.byte	-95
 638 0261 10       		.byte	16
 639 0262 A3       		.byte	-93
 640 0263 0A       		.byte	10
 641 0264 A5       		.byte	-91
 642 0265 02       		.byte	2
 643 0266 A7       		.byte	-89
 644 0267 20       		.byte	32
 645 0268 AC       		.byte	-84
 646 0269 40       		.byte	64
 647 026a AD       		.byte	-83
 648 026b 20       		.byte	32
 649 026c C0       		.byte	-64
 650 026d F5       		.byte	-11
 651 026e C2       		.byte	-62
 652 026f F0       		.byte	-16
 653 0270 C4       		.byte	-60
 654 0271 E0       		.byte	-32
 655 0272 CA       		.byte	-54
 656 0273 F0       		.byte	-16
 657 0274 CC       		.byte	-52
 658 0275 E2       		.byte	-30
 659 0276 CE       		.byte	-50
 660 0277 F0       		.byte	-16
 661 0278 D6       		.byte	-42
 662 0279 2F       		.byte	47
 663 027a DE       		.byte	-34
 664 027b 1A       		.byte	26
 665 027c E2       		.byte	-30
 666 027d 80       		.byte	-128
 667 027e 00       		.byte	0
 668 027f 09       		.byte	9
 669 0280 04       		.byte	4
 670 0281 06       		.byte	6
 671 0282 06       		.byte	6
 672 0283 40       		.byte	64
 673 0284 08       		.byte	8
 674 0285 10       		.byte	16
 675 0286 0A       		.byte	10
 676 0287 80       		.byte	-128
 677 0288 0B       		.byte	11
 678 0289 03       		.byte	3
 679 028a 0C       		.byte	12
 680 028b E4       		.byte	-28
 681 028c 13       		.byte	19
 682 028d 01       		.byte	1
 683 028e 14       		.byte	20
 684 028f 01       		.byte	1
ARM GAS  C:\Users\dr\AppData\Local\Temp\cckQHQVj.s 			page 13


 685 0290 16       		.byte	22
 686 0291 08       		.byte	8
 687 0292 18       		.byte	24
 688 0293 30       		.byte	48
 689 0294 1A       		.byte	26
 690 0295 80       		.byte	-128
 691 0296 1F       		.byte	31
 692 0297 01       		.byte	1
 693 0298 20       		.byte	32
 694 0299 09       		.byte	9
 695 029a 28       		.byte	40
 696 029b 02       		.byte	2
 697 029c 2A       		.byte	42
 698 029d 40       		.byte	64
 699 029e 2C       		.byte	44
 700 029f 08       		.byte	8
 701 02a0 2E       		.byte	46
 702 02a1 01       		.byte	1
 703 02a2 30       		.byte	48
 704 02a3 40       		.byte	64
 705 02a4 31       		.byte	49
 706 02a5 02       		.byte	2
 707 02a6 32       		.byte	50
 708 02a7 07       		.byte	7
 709 02a8 34       		.byte	52
 710 02a9 38       		.byte	56
 711 02aa 36       		.byte	54
 712 02ab 80       		.byte	-128
 713 02ac 37       		.byte	55
 714 02ad 01       		.byte	1
 715 02ae 38       		.byte	56
 716 02af 28       		.byte	40
 717 02b0 3B       		.byte	59
 718 02b1 8E       		.byte	-114
 719 02b2 3E       		.byte	62
 720 02b3 41       		.byte	65
 721 02b4 40       		.byte	64
 722 02b5 61       		.byte	97
 723 02b6 41       		.byte	65
 724 02b7 05       		.byte	5
 725 02b8 45       		.byte	69
 726 02b9 0B       		.byte	11
 727 02ba 46       		.byte	70
 728 02bb 0C       		.byte	12
 729 02bc 47       		.byte	71
 730 02bd E0       		.byte	-32
 731 02be 48       		.byte	72
 732 02bf 25       		.byte	37
 733 02c0 49       		.byte	73
 734 02c1 FF       		.byte	-1
 735 02c2 4A       		.byte	74
 736 02c3 FF       		.byte	-1
 737 02c4 4B       		.byte	75
 738 02c5 FF       		.byte	-1
 739 02c6 4E       		.byte	78
 740 02c7 F0       		.byte	-16
 741 02c8 4F       		.byte	79
ARM GAS  C:\Users\dr\AppData\Local\Temp\cckQHQVj.s 			page 14


 742 02c9 44       		.byte	68
 743 02ca 50       		.byte	80
 744 02cb 0C       		.byte	12
 745 02cc 54       		.byte	84
 746 02cd 01       		.byte	1
 747 02ce 58       		.byte	88
 748 02cf 04       		.byte	4
 749 02d0 59       		.byte	89
 750 02d1 04       		.byte	4
 751 02d2 5A       		.byte	90
 752 02d3 04       		.byte	4
 753 02d4 5B       		.byte	91
 754 02d5 04       		.byte	4
 755 02d6 5C       		.byte	92
 756 02d7 49       		.byte	73
 757 02d8 5F       		.byte	95
 758 02d9 01       		.byte	1
 759 02da 66       		.byte	102
 760 02db C0       		.byte	-64
 761 02dc 6A       		.byte	106
 762 02dd 40       		.byte	64
 763 02de 6B       		.byte	107
 764 02df 02       		.byte	2
 765 02e0 81       		.byte	-127
 766 02e1 13       		.byte	19
 767 02e2 83       		.byte	-125
 768 02e3 04       		.byte	4
 769 02e4 85       		.byte	-123
 770 02e5 01       		.byte	1
 771 02e6 89       		.byte	-119
 772 02e7 12       		.byte	18
 773 02e8 8A       		.byte	-118
 774 02e9 09       		.byte	9
 775 02ea 8B       		.byte	-117
 776 02eb 0D       		.byte	13
 777 02ec 8D       		.byte	-115
 778 02ed 01       		.byte	1
 779 02ee 91       		.byte	-111
 780 02ef 11       		.byte	17
 781 02f0 93       		.byte	-109
 782 02f1 0E       		.byte	14
 783 02f2 96       		.byte	-106
 784 02f3 0D       		.byte	13
 785 02f4 9D       		.byte	-99
 786 02f5 13       		.byte	19
 787 02f6 9E       		.byte	-98
 788 02f7 01       		.byte	1
 789 02f8 9F       		.byte	-97
 790 02f9 08       		.byte	8
 791 02fa A1       		.byte	-95
 792 02fb 01       		.byte	1
 793 02fc A6       		.byte	-90
 794 02fd 0E       		.byte	14
 795 02fe A9       		.byte	-87
 796 02ff 12       		.byte	18
 797 0300 AB       		.byte	-85
 798 0301 01       		.byte	1
ARM GAS  C:\Users\dr\AppData\Local\Temp\cckQHQVj.s 			page 15


 799 0302 B1       		.byte	-79
 800 0303 01       		.byte	1
 801 0304 B2       		.byte	-78
 802 0305 03       		.byte	3
 803 0306 B3       		.byte	-77
 804 0307 02       		.byte	2
 805 0308 B4       		.byte	-76
 806 0309 05       		.byte	5
 807 030a B5       		.byte	-75
 808 030b 10       		.byte	16
 809 030c B6       		.byte	-74
 810 030d 09       		.byte	9
 811 030e B7       		.byte	-73
 812 030f 0C       		.byte	12
 813 0310 BA       		.byte	-70
 814 0311 A8       		.byte	-88
 815 0312 BB       		.byte	-69
 816 0313 80       		.byte	-128
 817 0314 BF       		.byte	-65
 818 0315 15       		.byte	21
 819 0316 D8       		.byte	-40
 820 0317 04       		.byte	4
 821 0318 D9       		.byte	-39
 822 0319 04       		.byte	4
 823 031a DC       		.byte	-36
 824 031b 48       		.byte	72
 825 031c DF       		.byte	-33
 826 031d 01       		.byte	1
 827 031e 00       		.byte	0
 828 031f 02       		.byte	2
 829 0320 01       		.byte	1
 830 0321 08       		.byte	8
 831 0322 03       		.byte	3
 832 0323 06       		.byte	6
 833 0324 05       		.byte	5
 834 0325 10       		.byte	16
 835 0326 06       		.byte	6
 836 0327 01       		.byte	1
 837 0328 07       		.byte	7
 838 0329 01       		.byte	1
 839 032a 0A       		.byte	10
 840 032b 08       		.byte	8
 841 032c 0B       		.byte	11
 842 032d 10       		.byte	16
 843 032e 0D       		.byte	13
 844 032f 08       		.byte	8
 845 0330 0E       		.byte	14
 846 0331 01       		.byte	1
 847 0332 10       		.byte	16
 848 0333 04       		.byte	4
 849 0334 12       		.byte	18
 850 0335 82       		.byte	-126
 851 0336 13       		.byte	19
 852 0337 20       		.byte	32
 853 0338 17       		.byte	23
 854 0339 04       		.byte	4
 855 033a 19       		.byte	25
ARM GAS  C:\Users\dr\AppData\Local\Temp\cckQHQVj.s 			page 16


 856 033b 08       		.byte	8
 857 033c 1A       		.byte	26
 858 033d 0A       		.byte	10
 859 033e 1B       		.byte	27
 860 033f 01       		.byte	1
 861 0340 1C       		.byte	28
 862 0341 01       		.byte	1
 863 0342 1D       		.byte	29
 864 0343 18       		.byte	24
 865 0344 1E       		.byte	30
 866 0345 01       		.byte	1
 867 0346 20       		.byte	32
 868 0347 02       		.byte	2
 869 0348 22       		.byte	34
 870 0349 02       		.byte	2
 871 034a 23       		.byte	35
 872 034b 10       		.byte	16
 873 034c 24       		.byte	36
 874 034d 80       		.byte	-128
 875 034e 26       		.byte	38
 876 034f 80       		.byte	-128
 877 0350 27       		.byte	39
 878 0351 24       		.byte	36
 879 0352 2C       		.byte	44
 880 0353 40       		.byte	64
 881 0354 2F       		.byte	47
 882 0355 08       		.byte	8
 883 0356 32       		.byte	50
 884 0357 82       		.byte	-126
 885 0358 36       		.byte	54
 886 0359 82       		.byte	-126
 887 035a 3B       		.byte	59
 888 035b 10       		.byte	16
 889 035c 3C       		.byte	60
 890 035d 42       		.byte	66
 891 035e 3D       		.byte	61
 892 035f 04       		.byte	4
 893 0360 3F       		.byte	63
 894 0361 10       		.byte	16
 895 0362 40       		.byte	64
 896 0363 02       		.byte	2
 897 0364 48       		.byte	72
 898 0365 20       		.byte	32
 899 0366 4A       		.byte	74
 900 0367 09       		.byte	9
 901 0368 50       		.byte	80
 902 0369 80       		.byte	-128
 903 036a 52       		.byte	82
 904 036b 01       		.byte	1
 905 036c 53       		.byte	83
 906 036d 40       		.byte	64
 907 036e 59       		.byte	89
 908 036f 04       		.byte	4
 909 0370 5B       		.byte	91
 910 0371 51       		.byte	81
 911 0372 7E       		.byte	126
 912 0373 01       		.byte	1
ARM GAS  C:\Users\dr\AppData\Local\Temp\cckQHQVj.s 			page 17


 913 0374 91       		.byte	-111
 914 0375 11       		.byte	17
 915 0376 92       		.byte	-110
 916 0377 24       		.byte	36
 917 0378 94       		.byte	-108
 918 0379 81       		.byte	-127
 919 037a 95       		.byte	-107
 920 037b 08       		.byte	8
 921 037c 97       		.byte	-105
 922 037d 02       		.byte	2
 923 037e 98       		.byte	-104
 924 037f 01       		.byte	1
 925 0380 99       		.byte	-103
 926 0381 04       		.byte	4
 927 0382 9C       		.byte	-100
 928 0383 1C       		.byte	28
 929 0384 9D       		.byte	-99
 930 0385 12       		.byte	18
 931 0386 9E       		.byte	-98
 932 0387 2B       		.byte	43
 933 0388 9F       		.byte	-97
 934 0389 04       		.byte	4
 935 038a A1       		.byte	-95
 936 038b 04       		.byte	4
 937 038c A3       		.byte	-93
 938 038d 0A       		.byte	10
 939 038e A4       		.byte	-92
 940 038f 04       		.byte	4
 941 0390 A5       		.byte	-91
 942 0391 0A       		.byte	10
 943 0392 A6       		.byte	-90
 944 0393 10       		.byte	16
 945 0394 A7       		.byte	-89
 946 0395 40       		.byte	64
 947 0396 AB       		.byte	-85
 948 0397 40       		.byte	64
 949 0398 B1       		.byte	-79
 950 0399 10       		.byte	16
 951 039a C0       		.byte	-64
 952 039b 4F       		.byte	79
 953 039c C2       		.byte	-62
 954 039d A6       		.byte	-90
 955 039e C4       		.byte	-60
 956 039f 2B       		.byte	43
 957 03a0 CA       		.byte	-54
 958 03a1 A0       		.byte	-96
 959 03a2 CC       		.byte	-52
 960 03a3 99       		.byte	-103
 961 03a4 CE       		.byte	-50
 962 03a5 F4       		.byte	-12
 963 03a6 D0       		.byte	-48
 964 03a7 08       		.byte	8
 965 03a8 D2       		.byte	-46
 966 03a9 0C       		.byte	12
 967 03aa D6       		.byte	-42
 968 03ab 0F       		.byte	15
 969 03ac DE       		.byte	-34
ARM GAS  C:\Users\dr\AppData\Local\Temp\cckQHQVj.s 			page 18


 970 03ad 10       		.byte	16
 971 03ae E6       		.byte	-26
 972 03af 08       		.byte	8
 973 03b0 E8       		.byte	-24
 974 03b1 04       		.byte	4
 975 03b2 EC       		.byte	-20
 976 03b3 20       		.byte	32
 977 03b4 EE       		.byte	-18
 978 03b5 01       		.byte	1
 979 03b6 01       		.byte	1
 980 03b7 83       		.byte	-125
 981 03b8 03       		.byte	3
 982 03b9 64       		.byte	100
 983 03ba 06       		.byte	6
 984 03bb 04       		.byte	4
 985 03bc 0A       		.byte	10
 986 03bd 08       		.byte	8
 987 03be 0B       		.byte	11
 988 03bf 48       		.byte	72
 989 03c0 0D       		.byte	13
 990 03c1 4A       		.byte	74
 991 03c2 0F       		.byte	15
 992 03c3 A4       		.byte	-92
 993 03c4 12       		.byte	18
 994 03c5 01       		.byte	1
 995 03c6 13       		.byte	19
 996 03c7 A5       		.byte	-91
 997 03c8 15       		.byte	21
 998 03c9 83       		.byte	-125
 999 03ca 16       		.byte	22
 1000 03cb 08       		.byte	8
 1001 03cc 17       		.byte	23
 1002 03cd 2C       		.byte	44
 1003 03ce 18       		.byte	24
 1004 03cf 03       		.byte	3
 1005 03d0 1B       		.byte	27
 1006 03d1 40       		.byte	64
 1007 03d2 21       		.byte	33
 1008 03d3 03       		.byte	3
 1009 03d4 23       		.byte	35
 1010 03d5 84       		.byte	-124
 1011 03d6 25       		.byte	37
 1012 03d7 10       		.byte	16
 1013 03d8 29       		.byte	41
 1014 03d9 10       		.byte	16
 1015 03da 2D       		.byte	45
 1016 03db 10       		.byte	16
 1017 03dc 2E       		.byte	46
 1018 03dd 02       		.byte	2
 1019 03de 30       		.byte	48
 1020 03df 03       		.byte	3
 1021 03e0 31       		.byte	49
 1022 03e1 68       		.byte	104
 1023 03e2 33       		.byte	51
 1024 03e3 0F       		.byte	15
 1025 03e4 34       		.byte	52
 1026 03e5 0C       		.byte	12
ARM GAS  C:\Users\dr\AppData\Local\Temp\cckQHQVj.s 			page 19


 1027 03e6 35       		.byte	53
 1028 03e7 80       		.byte	-128
 1029 03e8 37       		.byte	55
 1030 03e9 10       		.byte	16
 1031 03ea 3B       		.byte	59
 1032 03eb 0A       		.byte	10
 1033 03ec 3E       		.byte	62
 1034 03ed 10       		.byte	16
 1035 03ee 3F       		.byte	63
 1036 03ef 10       		.byte	16
 1037 03f0 40       		.byte	64
 1038 03f1 65       		.byte	101
 1039 03f2 41       		.byte	65
 1040 03f3 03       		.byte	3
 1041 03f4 42       		.byte	66
 1042 03f5 04       		.byte	4
 1043 03f6 44       		.byte	68
 1044 03f7 02       		.byte	2
 1045 03f8 45       		.byte	69
 1046 03f9 E0       		.byte	-32
 1047 03fa 47       		.byte	71
 1048 03fb C0       		.byte	-64
 1049 03fc 48       		.byte	72
 1050 03fd 22       		.byte	34
 1051 03fe 49       		.byte	73
 1052 03ff FF       		.byte	-1
 1053 0400 4A       		.byte	74
 1054 0401 FF       		.byte	-1
 1055 0402 4B       		.byte	75
 1056 0403 FF       		.byte	-1
 1057 0404 4C       		.byte	76
 1058 0405 62       		.byte	98
 1059 0406 4D       		.byte	77
 1060 0407 A0       		.byte	-96
 1061 0408 4E       		.byte	78
 1062 0409 F0       		.byte	-16
 1063 040a 4F       		.byte	79
 1064 040b 41       		.byte	65
 1065 040c 50       		.byte	80
 1066 040d 0C       		.byte	12
 1067 040e 58       		.byte	88
 1068 040f 04       		.byte	4
 1069 0410 59       		.byte	89
 1070 0411 04       		.byte	4
 1071 0412 5A       		.byte	90
 1072 0413 04       		.byte	4
 1073 0414 5B       		.byte	91
 1074 0415 04       		.byte	4
 1075 0416 5C       		.byte	92
 1076 0417 09       		.byte	9
 1077 0418 5F       		.byte	95
 1078 0419 01       		.byte	1
 1079 041a 66       		.byte	102
 1080 041b 40       		.byte	64
 1081 041c 67       		.byte	103
 1082 041d 02       		.byte	2
 1083 041e 69       		.byte	105
ARM GAS  C:\Users\dr\AppData\Local\Temp\cckQHQVj.s 			page 20


 1084 041f 10       		.byte	16
 1085 0420 6A       		.byte	106
 1086 0421 30       		.byte	48
 1087 0422 6B       		.byte	107
 1088 0423 10       		.byte	16
 1089 0424 6D       		.byte	109
 1090 0425 10       		.byte	16
 1091 0426 6E       		.byte	110
 1092 0427 10       		.byte	16
 1093 0428 6F       		.byte	111
 1094 0429 12       		.byte	18
 1095 042a 80       		.byte	-128
 1096 042b 12       		.byte	18
 1097 042c 81       		.byte	-127
 1098 042d 01       		.byte	1
 1099 042e 82       		.byte	-126
 1100 042f 20       		.byte	32
 1101 0430 84       		.byte	-124
 1102 0431 01       		.byte	1
 1103 0432 86       		.byte	-122
 1104 0433 06       		.byte	6
 1105 0434 8F       		.byte	-113
 1106 0435 01       		.byte	1
 1107 0436 90       		.byte	-112
 1108 0437 38       		.byte	56
 1109 0438 92       		.byte	-110
 1110 0439 04       		.byte	4
 1111 043a 95       		.byte	-107
 1112 043b 01       		.byte	1
 1113 043c 9C       		.byte	-100
 1114 043d 18       		.byte	24
 1115 043e 9E       		.byte	-98
 1116 043f 22       		.byte	34
 1117 0440 A0       		.byte	-96
 1118 0441 20       		.byte	32
 1119 0442 A4       		.byte	-92
 1120 0443 28       		.byte	40
 1121 0444 A8       		.byte	-88
 1122 0445 20       		.byte	32
 1123 0446 AA       		.byte	-86
 1124 0447 18       		.byte	24
 1125 0448 AD       		.byte	-83
 1126 0449 02       		.byte	2
 1127 044a B4       		.byte	-76
 1128 044b 3E       		.byte	62
 1129 044c B6       		.byte	-74
 1130 044d 01       		.byte	1
 1131 044e B7       		.byte	-73
 1132 044f 03       		.byte	3
 1133 0450 B9       		.byte	-71
 1134 0451 80       		.byte	-128
 1135 0452 BE       		.byte	-66
 1136 0453 40       		.byte	64
 1137 0454 C1       		.byte	-63
 1138 0455 02       		.byte	2
 1139 0456 C5       		.byte	-59
 1140 0457 D0       		.byte	-48
ARM GAS  C:\Users\dr\AppData\Local\Temp\cckQHQVj.s 			page 21


 1141 0458 C6       		.byte	-58
 1142 0459 20       		.byte	32
 1143 045a C7       		.byte	-57
 1144 045b 01       		.byte	1
 1145 045c C8       		.byte	-56
 1146 045d 1A       		.byte	26
 1147 045e C9       		.byte	-55
 1148 045f FF       		.byte	-1
 1149 0460 CA       		.byte	-54
 1150 0461 FF       		.byte	-1
 1151 0462 CB       		.byte	-53
 1152 0463 FF       		.byte	-1
 1153 0464 CD       		.byte	-51
 1154 0465 A0       		.byte	-96
 1155 0466 CF       		.byte	-49
 1156 0467 04       		.byte	4
 1157 0468 D0       		.byte	-48
 1158 0469 18       		.byte	24
 1159 046a D4       		.byte	-44
 1160 046b 01       		.byte	1
 1161 046c D8       		.byte	-40
 1162 046d 04       		.byte	4
 1163 046e D9       		.byte	-39
 1164 046f 04       		.byte	4
 1165 0470 DA       		.byte	-38
 1166 0471 04       		.byte	4
 1167 0472 DB       		.byte	-37
 1168 0473 04       		.byte	4
 1169 0474 DD       		.byte	-35
 1170 0475 99       		.byte	-103
 1171 0476 DF       		.byte	-33
 1172 0477 01       		.byte	1
 1173 0478 E0       		.byte	-32
 1174 0479 40       		.byte	64
 1175 047a E2       		.byte	-30
 1176 047b C0       		.byte	-64
 1177 047c E4       		.byte	-28
 1178 047d 40       		.byte	64
 1179 047e E5       		.byte	-27
 1180 047f 40       		.byte	64
 1181 0480 E6       		.byte	-26
 1182 0481 C0       		.byte	-64
 1183 0482 E8       		.byte	-24
 1184 0483 C0       		.byte	-64
 1185 0484 EA       		.byte	-22
 1186 0485 C0       		.byte	-64
 1187 0486 EC       		.byte	-20
 1188 0487 C0       		.byte	-64
 1189 0488 EE       		.byte	-18
 1190 0489 C0       		.byte	-64
 1191 048a 00       		.byte	0
 1192 048b 05       		.byte	5
 1193 048c 05       		.byte	5
 1194 048d 14       		.byte	20
 1195 048e 09       		.byte	9
 1196 048f 04       		.byte	4
 1197 0490 0B       		.byte	11
ARM GAS  C:\Users\dr\AppData\Local\Temp\cckQHQVj.s 			page 22


 1198 0491 61       		.byte	97
 1199 0492 0D       		.byte	13
 1200 0493 02       		.byte	2
 1201 0494 0E       		.byte	14
 1202 0495 24       		.byte	36
 1203 0496 0F       		.byte	15
 1204 0497 20       		.byte	32
 1205 0498 10       		.byte	16
 1206 0499 20       		.byte	32
 1207 049a 11       		.byte	17
 1208 049b 02       		.byte	2
 1209 049c 12       		.byte	18
 1210 049d 08       		.byte	8
 1211 049e 15       		.byte	21
 1212 049f 40       		.byte	64
 1213 04a0 18       		.byte	24
 1214 04a1 04       		.byte	4
 1215 04a2 1A       		.byte	26
 1216 04a3 02       		.byte	2
 1217 04a4 1D       		.byte	29
 1218 04a5 22       		.byte	34
 1219 04a6 20       		.byte	32
 1220 04a7 01       		.byte	1
 1221 04a8 24       		.byte	36
 1222 04a9 82       		.byte	-126
 1223 04aa 26       		.byte	38
 1224 04ab A9       		.byte	-87
 1225 04ac 27       		.byte	39
 1226 04ad 20       		.byte	32
 1227 04ae 28       		.byte	40
 1228 04af 02       		.byte	2
 1229 04b0 2E       		.byte	46
 1230 04b1 40       		.byte	64
 1231 04b2 2F       		.byte	47
 1232 04b3 68       		.byte	104
 1233 04b4 32       		.byte	50
 1234 04b5 08       		.byte	8
 1235 04b6 34       		.byte	52
 1236 04b7 02       		.byte	2
 1237 04b8 35       		.byte	53
 1238 04b9 20       		.byte	32
 1239 04ba 36       		.byte	54
 1240 04bb 08       		.byte	8
 1241 04bc 3B       		.byte	59
 1242 04bd 41       		.byte	65
 1243 04be 3E       		.byte	62
 1244 04bf 10       		.byte	16
 1245 04c0 3F       		.byte	63
 1246 04c1 41       		.byte	65
 1247 04c2 41       		.byte	65
 1248 04c3 10       		.byte	16
 1249 04c4 45       		.byte	69
 1250 04c5 24       		.byte	36
 1251 04c6 46       		.byte	70
 1252 04c7 80       		.byte	-128
 1253 04c8 49       		.byte	73
 1254 04c9 01       		.byte	1
ARM GAS  C:\Users\dr\AppData\Local\Temp\cckQHQVj.s 			page 23


 1255 04ca 4C       		.byte	76
 1256 04cb 81       		.byte	-127
 1257 04cc 4D       		.byte	77
 1258 04cd 10       		.byte	16
 1259 04ce 4F       		.byte	79
 1260 04cf 80       		.byte	-128
 1261 04d0 50       		.byte	80
 1262 04d1 04       		.byte	4
 1263 04d2 51       		.byte	81
 1264 04d3 10       		.byte	16
 1265 04d4 57       		.byte	87
 1266 04d5 02       		.byte	2
 1267 04d6 58       		.byte	88
 1268 04d7 08       		.byte	8
 1269 04d8 59       		.byte	89
 1270 04d9 05       		.byte	5
 1271 04da 5A       		.byte	90
 1272 04db 80       		.byte	-128
 1273 04dc 6D       		.byte	109
 1274 04dd 40       		.byte	64
 1275 04de 80       		.byte	-128
 1276 04df 40       		.byte	64
 1277 04e0 81       		.byte	-127
 1278 04e1 21       		.byte	33
 1279 04e2 82       		.byte	-126
 1280 04e3 10       		.byte	16
 1281 04e4 83       		.byte	-125
 1282 04e5 01       		.byte	1
 1283 04e6 85       		.byte	-123
 1284 04e7 04       		.byte	4
 1285 04e8 8B       		.byte	-117
 1286 04e9 40       		.byte	64
 1287 04ea 8C       		.byte	-116
 1288 04eb 03       		.byte	3
 1289 04ec 8D       		.byte	-115
 1290 04ed 10       		.byte	16
 1291 04ee 8E       		.byte	-114
 1292 04ef 10       		.byte	16
 1293 04f0 8F       		.byte	-113
 1294 04f1 01       		.byte	1
 1295 04f2 91       		.byte	-111
 1296 04f3 11       		.byte	17
 1297 04f4 92       		.byte	-110
 1298 04f5 24       		.byte	36
 1299 04f6 93       		.byte	-109
 1300 04f7 80       		.byte	-128
 1301 04f8 94       		.byte	-108
 1302 04f9 40       		.byte	64
 1303 04fa 95       		.byte	-107
 1304 04fb 0C       		.byte	12
 1305 04fc 97       		.byte	-105
 1306 04fd 02       		.byte	2
 1307 04fe 98       		.byte	-104
 1308 04ff 05       		.byte	5
 1309 0500 9C       		.byte	-100
 1310 0501 5A       		.byte	90
 1311 0502 9D       		.byte	-99
ARM GAS  C:\Users\dr\AppData\Local\Temp\cckQHQVj.s 			page 24


 1312 0503 02       		.byte	2
 1313 0504 9E       		.byte	-98
 1314 0505 2A       		.byte	42
 1315 0506 9F       		.byte	-97
 1316 0507 40       		.byte	64
 1317 0508 A0       		.byte	-96
 1318 0509 20       		.byte	32
 1319 050a A1       		.byte	-95
 1320 050b 04       		.byte	4
 1321 050c A3       		.byte	-93
 1322 050d 01       		.byte	1
 1323 050e A4       		.byte	-92
 1324 050f 04       		.byte	4
 1325 0510 A5       		.byte	-91
 1326 0511 02       		.byte	2
 1327 0512 A6       		.byte	-90
 1328 0513 19       		.byte	25
 1329 0514 A7       		.byte	-89
 1330 0515 40       		.byte	64
 1331 0516 B4       		.byte	-76
 1332 0517 80       		.byte	-128
 1333 0518 B7       		.byte	-73
 1334 0519 10       		.byte	16
 1335 051a C0       		.byte	-64
 1336 051b 6C       		.byte	108
 1337 051c C2       		.byte	-62
 1338 051d 79       		.byte	121
 1339 051e C4       		.byte	-60
 1340 051f 8E       		.byte	-114
 1341 0520 CA       		.byte	-54
 1342 0521 F8       		.byte	-8
 1343 0522 CC       		.byte	-52
 1344 0523 E2       		.byte	-30
 1345 0524 CE       		.byte	-50
 1346 0525 B9       		.byte	-71
 1347 0526 D0       		.byte	-48
 1348 0527 E4       		.byte	-28
 1349 0528 D2       		.byte	-46
 1350 0529 30       		.byte	48
 1351 052a D6       		.byte	-42
 1352 052b 09       		.byte	9
 1353 052c E0       		.byte	-32
 1354 052d 01       		.byte	1
 1355 052e E2       		.byte	-30
 1356 052f 08       		.byte	8
 1357 0530 E4       		.byte	-28
 1358 0531 04       		.byte	4
 1359 0532 E6       		.byte	-26
 1360 0533 01       		.byte	1
 1361 0534 02       		.byte	2
 1362 0535 23       		.byte	35
 1363 0536 07       		.byte	7
 1364 0537 08       		.byte	8
 1365 0538 0A       		.byte	10
 1366 0539 0C       		.byte	12
 1367 053a 0C       		.byte	12
 1368 053b 10       		.byte	16
ARM GAS  C:\Users\dr\AppData\Local\Temp\cckQHQVj.s 			page 25


 1369 053c 13       		.byte	19
 1370 053d 02       		.byte	2
 1371 053e 14       		.byte	20
 1372 053f 61       		.byte	97
 1373 0540 16       		.byte	22
 1374 0541 06       		.byte	6
 1375 0542 17       		.byte	23
 1376 0543 04       		.byte	4
 1377 0544 18       		.byte	24
 1378 0545 61       		.byte	97
 1379 0546 1A       		.byte	26
 1380 0547 0E       		.byte	14
 1381 0548 1B       		.byte	27
 1382 0549 01       		.byte	1
 1383 054a 1C       		.byte	28
 1384 054b 10       		.byte	16
 1385 054c 20       		.byte	32
 1386 054d 4C       		.byte	76
 1387 054e 22       		.byte	34
 1388 054f 03       		.byte	3
 1389 0550 24       		.byte	36
 1390 0551 10       		.byte	16
 1391 0552 28       		.byte	40
 1392 0553 10       		.byte	16
 1393 0554 2E       		.byte	46
 1394 0555 08       		.byte	8
 1395 0556 30       		.byte	48
 1396 0557 0F       		.byte	15
 1397 0558 31       		.byte	49
 1398 0559 01       		.byte	1
 1399 055a 32       		.byte	50
 1400 055b 60       		.byte	96
 1401 055c 33       		.byte	51
 1402 055d 02       		.byte	2
 1403 055e 34       		.byte	52
 1404 055f 10       		.byte	16
 1405 0560 35       		.byte	53
 1406 0561 08       		.byte	8
 1407 0562 37       		.byte	55
 1408 0563 04       		.byte	4
 1409 0564 38       		.byte	56
 1410 0565 08       		.byte	8
 1411 0566 3A       		.byte	58
 1412 0567 02       		.byte	2
 1413 0568 3E       		.byte	62
 1414 0569 14       		.byte	20
 1415 056a 40       		.byte	64
 1416 056b 03       		.byte	3
 1417 056c 47       		.byte	71
 1418 056d 04       		.byte	4
 1419 056e 49       		.byte	73
 1420 056f FF       		.byte	-1
 1421 0570 4A       		.byte	74
 1422 0571 07       		.byte	7
 1423 0572 4B       		.byte	75
 1424 0573 FF       		.byte	-1
 1425 0574 4C       		.byte	76
ARM GAS  C:\Users\dr\AppData\Local\Temp\cckQHQVj.s 			page 26


 1426 0575 40       		.byte	64
 1427 0576 4D       		.byte	77
 1428 0577 20       		.byte	32
 1429 0578 4E       		.byte	78
 1430 0579 F0       		.byte	-16
 1431 057a 4F       		.byte	79
 1432 057b 05       		.byte	5
 1433 057c 50       		.byte	80
 1434 057d 08       		.byte	8
 1435 057e 58       		.byte	88
 1436 057f 04       		.byte	4
 1437 0580 59       		.byte	89
 1438 0581 0A       		.byte	10
 1439 0582 5A       		.byte	90
 1440 0583 04       		.byte	4
 1441 0584 5B       		.byte	91
 1442 0585 04       		.byte	4
 1443 0586 5C       		.byte	92
 1444 0587 90       		.byte	-112
 1445 0588 5F       		.byte	95
 1446 0589 01       		.byte	1
 1447 058a 60       		.byte	96
 1448 058b 40       		.byte	64
 1449 058c 61       		.byte	97
 1450 058d A8       		.byte	-88
 1451 058e 62       		.byte	98
 1452 058f 40       		.byte	64
 1453 0590 63       		.byte	99
 1454 0591 20       		.byte	32
 1455 0592 82       		.byte	-126
 1456 0593 08       		.byte	8
 1457 0594 86       		.byte	-122
 1458 0595 04       		.byte	4
 1459 0596 8E       		.byte	-114
 1460 0597 02       		.byte	2
 1461 0598 91       		.byte	-111
 1462 0599 01       		.byte	1
 1463 059a 9A       		.byte	-102
 1464 059b 01       		.byte	1
 1465 059c A3       		.byte	-93
 1466 059d 02       		.byte	2
 1467 059e A7       		.byte	-89
 1468 059f 02       		.byte	2
 1469 05a0 B0       		.byte	-80
 1470 05a1 01       		.byte	1
 1471 05a2 B2       		.byte	-78
 1472 05a3 02       		.byte	2
 1473 05a4 B3       		.byte	-77
 1474 05a5 02       		.byte	2
 1475 05a6 B4       		.byte	-76
 1476 05a7 08       		.byte	8
 1477 05a8 B6       		.byte	-74
 1478 05a9 04       		.byte	4
 1479 05aa B7       		.byte	-73
 1480 05ab 01       		.byte	1
 1481 05ac BB       		.byte	-69
 1482 05ad 02       		.byte	2
ARM GAS  C:\Users\dr\AppData\Local\Temp\cckQHQVj.s 			page 27


 1483 05ae BF       		.byte	-65
 1484 05af 40       		.byte	64
 1485 05b0 D8       		.byte	-40
 1486 05b1 04       		.byte	4
 1487 05b2 D9       		.byte	-39
 1488 05b3 09       		.byte	9
 1489 05b4 DB       		.byte	-37
 1490 05b5 04       		.byte	4
 1491 05b6 DC       		.byte	-36
 1492 05b7 98       		.byte	-104
 1493 05b8 DF       		.byte	-33
 1494 05b9 21       		.byte	33
 1495 05ba 00       		.byte	0
 1496 05bb 40       		.byte	64
 1497 05bc 01       		.byte	1
 1498 05bd 09       		.byte	9
 1499 05be 02       		.byte	2
 1500 05bf 20       		.byte	32
 1501 05c0 03       		.byte	3
 1502 05c1 40       		.byte	64
 1503 05c2 05       		.byte	5
 1504 05c3 02       		.byte	2
 1505 05c4 06       		.byte	6
 1506 05c5 04       		.byte	4
 1507 05c6 07       		.byte	7
 1508 05c7 01       		.byte	1
 1509 05c8 0A       		.byte	10
 1510 05c9 04       		.byte	4
 1511 05ca 0C       		.byte	12
 1512 05cb 20       		.byte	32
 1513 05cc 0E       		.byte	14
 1514 05cd 11       		.byte	17
 1515 05ce 14       		.byte	20
 1516 05cf 02       		.byte	2
 1517 05d0 15       		.byte	21
 1518 05d1 02       		.byte	2
 1519 05d2 17       		.byte	23
 1520 05d3 14       		.byte	20
 1521 05d4 18       		.byte	24
 1522 05d5 41       		.byte	65
 1523 05d6 19       		.byte	25
 1524 05d7 28       		.byte	40
 1525 05d8 1A       		.byte	26
 1526 05d9 04       		.byte	4
 1527 05da 1D       		.byte	29
 1528 05db 28       		.byte	40
 1529 05dc 1E       		.byte	30
 1530 05dd 88       		.byte	-120
 1531 05de 1F       		.byte	31
 1532 05df 10       		.byte	16
 1533 05e0 20       		.byte	32
 1534 05e1 02       		.byte	2
 1535 05e2 21       		.byte	33
 1536 05e3 02       		.byte	2
 1537 05e4 23       		.byte	35
 1538 05e5 20       		.byte	32
 1539 05e6 25       		.byte	37
ARM GAS  C:\Users\dr\AppData\Local\Temp\cckQHQVj.s 			page 28


 1540 05e7 04       		.byte	4
 1541 05e8 26       		.byte	38
 1542 05e9 82       		.byte	-126
 1543 05ea 27       		.byte	39
 1544 05eb 0A       		.byte	10
 1545 05ec 28       		.byte	40
 1546 05ed 80       		.byte	-128
 1547 05ee 2B       		.byte	43
 1548 05ef 10       		.byte	16
 1549 05f0 31       		.byte	49
 1550 05f1 02       		.byte	2
 1551 05f2 36       		.byte	54
 1552 05f3 02       		.byte	2
 1553 05f4 37       		.byte	55
 1554 05f5 28       		.byte	40
 1555 05f6 3D       		.byte	61
 1556 05f7 08       		.byte	8
 1557 05f8 45       		.byte	69
 1558 05f9 08       		.byte	8
 1559 05fa 4D       		.byte	77
 1560 05fb 02       		.byte	2
 1561 05fc 4E       		.byte	78
 1562 05fd 40       		.byte	64
 1563 05fe 57       		.byte	87
 1564 05ff 08       		.byte	8
 1565 0600 58       		.byte	88
 1566 0601 08       		.byte	8
 1567 0602 59       		.byte	89
 1568 0603 20       		.byte	32
 1569 0604 5A       		.byte	90
 1570 0605 02       		.byte	2
 1571 0606 5B       		.byte	91
 1572 0607 40       		.byte	64
 1573 0608 60       		.byte	96
 1574 0609 01       		.byte	1
 1575 060a 6E       		.byte	110
 1576 060b 01       		.byte	1
 1577 060c 6F       		.byte	111
 1578 060d 15       		.byte	21
 1579 060e 7A       		.byte	122
 1580 060f 04       		.byte	4
 1581 0610 7B       		.byte	123
 1582 0611 20       		.byte	32
 1583 0612 7F       		.byte	127
 1584 0613 10       		.byte	16
 1585 0614 80       		.byte	-128
 1586 0615 22       		.byte	34
 1587 0616 83       		.byte	-125
 1588 0617 28       		.byte	40
 1589 0618 85       		.byte	-123
 1590 0619 20       		.byte	32
 1591 061a 86       		.byte	-122
 1592 061b 21       		.byte	33
 1593 061c 89       		.byte	-119
 1594 061d 01       		.byte	1
 1595 061e 8A       		.byte	-118
 1596 061f 40       		.byte	64
ARM GAS  C:\Users\dr\AppData\Local\Temp\cckQHQVj.s 			page 29


 1597 0620 8E       		.byte	-114
 1598 0621 44       		.byte	68
 1599 0622 98       		.byte	-104
 1600 0623 80       		.byte	-128
 1601 0624 9F       		.byte	-97
 1602 0625 02       		.byte	2
 1603 0626 A4       		.byte	-92
 1604 0627 01       		.byte	1
 1605 0628 B4       		.byte	-76
 1606 0629 80       		.byte	-128
 1607 062a C0       		.byte	-64
 1608 062b DD       		.byte	-35
 1609 062c C2       		.byte	-62
 1610 062d E2       		.byte	-30
 1611 062e C4       		.byte	-60
 1612 062f F0       		.byte	-16
 1613 0630 CA       		.byte	-54
 1614 0631 03       		.byte	3
 1615 0632 CC       		.byte	-52
 1616 0633 E1       		.byte	-31
 1617 0634 CE       		.byte	-50
 1618 0635 40       		.byte	64
 1619 0636 D0       		.byte	-48
 1620 0637 40       		.byte	64
 1621 0638 D6       		.byte	-42
 1622 0639 0F       		.byte	15
 1623 063a D8       		.byte	-40
 1624 063b 08       		.byte	8
 1625 063c DE       		.byte	-34
 1626 063d 46       		.byte	70
 1627 063e E2       		.byte	-30
 1628 063f 30       		.byte	48
 1629 0640 E4       		.byte	-28
 1630 0641 10       		.byte	16
 1631 0642 84       		.byte	-124
 1632 0643 01       		.byte	1
 1633 0644 9F       		.byte	-97
 1634 0645 02       		.byte	2
 1635 0646 AB       		.byte	-85
 1636 0647 02       		.byte	2
 1637 0648 E8       		.byte	-24
 1638 0649 04       		.byte	4
 1639 064a E2       		.byte	-30
 1640 064b 80       		.byte	-128
 1641 064c 04       		.byte	4
 1642 064d 01       		.byte	1
 1643 064e 06       		.byte	6
 1644 064f 06       		.byte	6
 1645 0650 07       		.byte	7
 1646 0651 03       		.byte	3
 1647 0652 0E       		.byte	14
 1648 0653 03       		.byte	3
 1649 0654 11       		.byte	17
 1650 0655 01       		.byte	1
 1651 0656 1E       		.byte	30
 1652 0657 01       		.byte	1
 1653 0658 28       		.byte	40
ARM GAS  C:\Users\dr\AppData\Local\Temp\cckQHQVj.s 			page 30


 1654 0659 08       		.byte	8
 1655 065a 2A       		.byte	42
 1656 065b 06       		.byte	6
 1657 065c 30       		.byte	48
 1658 065d 05       		.byte	5
 1659 065e 31       		.byte	49
 1660 065f 02       		.byte	2
 1661 0660 34       		.byte	52
 1662 0661 09       		.byte	9
 1663 0662 36       		.byte	54
 1664 0663 03       		.byte	3
 1665 0664 37       		.byte	55
 1666 0665 01       		.byte	1
 1667 0666 3A       		.byte	58
 1668 0667 B2       		.byte	-78
 1669 0668 58       		.byte	88
 1670 0669 04       		.byte	4
 1671 066a 59       		.byte	89
 1672 066b 04       		.byte	4
 1673 066c 5C       		.byte	92
 1674 066d 98       		.byte	-104
 1675 066e 5F       		.byte	95
 1676 066f 01       		.byte	1
 1677 0670 82       		.byte	-126
 1678 0671 08       		.byte	8
 1679 0672 83       		.byte	-125
 1680 0673 04       		.byte	4
 1681 0674 84       		.byte	-124
 1682 0675 AA       		.byte	-86
 1683 0676 85       		.byte	-123
 1684 0677 08       		.byte	8
 1685 0678 86       		.byte	-122
 1686 0679 55       		.byte	85
 1687 067a 89       		.byte	-119
 1688 067b 18       		.byte	24
 1689 067c 8A       		.byte	-118
 1690 067d 20       		.byte	32
 1691 067e 8C       		.byte	-116
 1692 067f CC       		.byte	-52
 1693 0680 8E       		.byte	-114
 1694 0681 33       		.byte	51
 1695 0682 8F       		.byte	-113
 1696 0683 40       		.byte	64
 1697 0684 91       		.byte	-111
 1698 0685 1C       		.byte	28
 1699 0686 92       		.byte	-110
 1700 0687 80       		.byte	-128
 1701 0688 93       		.byte	-109
 1702 0689 21       		.byte	33
 1703 068a 95       		.byte	-107
 1704 068b 3C       		.byte	60
 1705 068c 96       		.byte	-106
 1706 068d 02       		.byte	2
 1707 068e 97       		.byte	-105
 1708 068f 02       		.byte	2
 1709 0690 99       		.byte	-103
 1710 0691 04       		.byte	4
ARM GAS  C:\Users\dr\AppData\Local\Temp\cckQHQVj.s 			page 31


 1711 0692 9A       		.byte	-102
 1712 0693 04       		.byte	4
 1713 0694 9B       		.byte	-101
 1714 0695 80       		.byte	-128
 1715 0696 9E       		.byte	-98
 1716 0697 10       		.byte	16
 1717 0698 9F       		.byte	-97
 1718 0699 23       		.byte	35
 1719 069a A1       		.byte	-95
 1720 069b 10       		.byte	16
 1721 069c A2       		.byte	-94
 1722 069d 01       		.byte	1
 1723 069e A4       		.byte	-92
 1724 069f F0       		.byte	-16
 1725 06a0 A5       		.byte	-91
 1726 06a1 3F       		.byte	63
 1727 06a2 A6       		.byte	-90
 1728 06a3 0F       		.byte	15
 1729 06a4 A9       		.byte	-87
 1730 06a5 27       		.byte	39
 1731 06a6 AA       		.byte	-86
 1732 06a7 40       		.byte	64
 1733 06a8 AB       		.byte	-85
 1734 06a9 18       		.byte	24
 1735 06aa AF       		.byte	-81
 1736 06ab 40       		.byte	64
 1737 06ac B1       		.byte	-79
 1738 06ad 80       		.byte	-128
 1739 06ae B3       		.byte	-77
 1740 06af 1F       		.byte	31
 1741 06b0 B5       		.byte	-75
 1742 06b1 40       		.byte	64
 1743 06b2 B6       		.byte	-74
 1744 06b3 FF       		.byte	-1
 1745 06b4 B7       		.byte	-73
 1746 06b5 38       		.byte	56
 1747 06b6 BB       		.byte	-69
 1748 06b7 08       		.byte	8
 1749 06b8 BF       		.byte	-65
 1750 06b9 10       		.byte	16
 1751 06ba D4       		.byte	-44
 1752 06bb 18       		.byte	24
 1753 06bc D8       		.byte	-40
 1754 06bd 04       		.byte	4
 1755 06be D9       		.byte	-39
 1756 06bf 04       		.byte	4
 1757 06c0 DB       		.byte	-37
 1758 06c1 04       		.byte	4
 1759 06c2 DC       		.byte	-36
 1760 06c3 08       		.byte	8
 1761 06c4 DF       		.byte	-33
 1762 06c5 21       		.byte	33
 1763 06c6 00       		.byte	0
 1764 06c7 44       		.byte	68
 1765 06c8 01       		.byte	1
 1766 06c9 04       		.byte	4
 1767 06ca 04       		.byte	4
ARM GAS  C:\Users\dr\AppData\Local\Temp\cckQHQVj.s 			page 32


 1768 06cb 44       		.byte	68
 1769 06cc 06       		.byte	6
 1770 06cd 04       		.byte	4
 1771 06ce 07       		.byte	7
 1772 06cf 40       		.byte	64
 1773 06d0 08       		.byte	8
 1774 06d1 40       		.byte	64
 1775 06d2 0A       		.byte	10
 1776 06d3 02       		.byte	2
 1777 06d4 0C       		.byte	12
 1778 06d5 AA       		.byte	-86
 1779 06d6 10       		.byte	16
 1780 06d7 04       		.byte	4
 1781 06d8 14       		.byte	20
 1782 06d9 10       		.byte	16
 1783 06da 17       		.byte	23
 1784 06db 21       		.byte	33
 1785 06dc 18       		.byte	24
 1786 06dd 44       		.byte	68
 1787 06de 1A       		.byte	26
 1788 06df 02       		.byte	2
 1789 06e0 1F       		.byte	31
 1790 06e1 40       		.byte	64
 1791 06e2 21       		.byte	33
 1792 06e3 02       		.byte	2
 1793 06e4 22       		.byte	34
 1794 06e5 40       		.byte	64
 1795 06e6 24       		.byte	36
 1796 06e7 20       		.byte	32
 1797 06e8 25       		.byte	37
 1798 06e9 61       		.byte	97
 1799 06ea 26       		.byte	38
 1800 06eb 04       		.byte	4
 1801 06ec 2D       		.byte	45
 1802 06ed 10       		.byte	16
 1803 06ee 2E       		.byte	46
 1804 06ef 02       		.byte	2
 1805 06f0 2F       		.byte	47
 1806 06f1 12       		.byte	18
 1807 06f2 31       		.byte	49
 1808 06f3 02       		.byte	2
 1809 06f4 34       		.byte	52
 1810 06f5 01       		.byte	1
 1811 06f6 36       		.byte	54
 1812 06f7 94       		.byte	-108
 1813 06f8 38       		.byte	56
 1814 06f9 08       		.byte	8
 1815 06fa 3D       		.byte	61
 1816 06fb 82       		.byte	-126
 1817 06fc 3E       		.byte	62
 1818 06fd A8       		.byte	-88
 1819 06fe 5F       		.byte	95
 1820 06ff 01       		.byte	1
 1821 0700 65       		.byte	101
 1822 0701 20       		.byte	32
 1823 0702 66       		.byte	102
 1824 0703 40       		.byte	64
ARM GAS  C:\Users\dr\AppData\Local\Temp\cckQHQVj.s 			page 33


 1825 0704 6C       		.byte	108
 1826 0705 28       		.byte	40
 1827 0706 6F       		.byte	111
 1828 0707 41       		.byte	65
 1829 0708 74       		.byte	116
 1830 0709 82       		.byte	-126
 1831 070a 76       		.byte	118
 1832 070b 04       		.byte	4
 1833 070c 77       		.byte	119
 1834 070d 20       		.byte	32
 1835 070e 7B       		.byte	123
 1836 070f 01       		.byte	1
 1837 0710 7E       		.byte	126
 1838 0711 10       		.byte	16
 1839 0712 87       		.byte	-121
 1840 0713 40       		.byte	64
 1841 0714 88       		.byte	-120
 1842 0715 10       		.byte	16
 1843 0716 89       		.byte	-119
 1844 0717 20       		.byte	32
 1845 0718 8A       		.byte	-118
 1846 0719 41       		.byte	65
 1847 071a 8D       		.byte	-115
 1848 071b 02       		.byte	2
 1849 071c 8E       		.byte	-114
 1850 071d 04       		.byte	4
 1851 071e 90       		.byte	-112
 1852 071f 08       		.byte	8
 1853 0720 91       		.byte	-111
 1854 0721 10       		.byte	16
 1855 0722 92       		.byte	-110
 1856 0723 20       		.byte	32
 1857 0724 93       		.byte	-109
 1858 0725 21       		.byte	33
 1859 0726 94       		.byte	-108
 1860 0727 60       		.byte	96
 1861 0728 95       		.byte	-107
 1862 0729 04       		.byte	4
 1863 072a 96       		.byte	-106
 1864 072b 80       		.byte	-128
 1865 072c 98       		.byte	-104
 1866 072d 05       		.byte	5
 1867 072e 99       		.byte	-103
 1868 072f 20       		.byte	32
 1869 0730 9A       		.byte	-102
 1870 0731 2A       		.byte	42
 1871 0732 9C       		.byte	-100
 1872 0733 40       		.byte	64
 1873 0734 9D       		.byte	-99
 1874 0735 02       		.byte	2
 1875 0736 9E       		.byte	-98
 1876 0737 80       		.byte	-128
 1877 0738 A2       		.byte	-94
 1878 0739 90       		.byte	-112
 1879 073a A3       		.byte	-93
 1880 073b 03       		.byte	3
 1881 073c AB       		.byte	-85
ARM GAS  C:\Users\dr\AppData\Local\Temp\cckQHQVj.s 			page 34


 1882 073d 10       		.byte	16
 1883 073e AC       		.byte	-84
 1884 073f 80       		.byte	-128
 1885 0740 AF       		.byte	-81
 1886 0741 10       		.byte	16
 1887 0742 B0       		.byte	-80
 1888 0743 10       		.byte	16
 1889 0744 B2       		.byte	-78
 1890 0745 01       		.byte	1
 1891 0746 C0       		.byte	-64
 1892 0747 F5       		.byte	-11
 1893 0748 C2       		.byte	-62
 1894 0749 F1       		.byte	-15
 1895 074a C4       		.byte	-60
 1896 074b 72       		.byte	114
 1897 074c CA       		.byte	-54
 1898 074d F0       		.byte	-16
 1899 074e CC       		.byte	-52
 1900 074f F1       		.byte	-15
 1901 0750 CE       		.byte	-50
 1902 0751 F2       		.byte	-14
 1903 0752 D6       		.byte	-42
 1904 0753 80       		.byte	-128
 1905 0754 D8       		.byte	-40
 1906 0755 30       		.byte	48
 1907 0756 DE       		.byte	-34
 1908 0757 48       		.byte	72
 1909 0758 E0       		.byte	-32
 1910 0759 08       		.byte	8
 1911 075a EC       		.byte	-20
 1912 075b 10       		.byte	16
 1913 075c 02       		.byte	2
 1914 075d 03       		.byte	3
 1915 075e 04       		.byte	4
 1916 075f 52       		.byte	82
 1917 0760 06       		.byte	6
 1918 0761 24       		.byte	36
 1919 0762 09       		.byte	9
 1920 0763 10       		.byte	16
 1921 0764 0A       		.byte	10
 1922 0765 83       		.byte	-125
 1923 0766 0B       		.byte	11
 1924 0767 22       		.byte	34
 1925 0768 11       		.byte	17
 1926 0769 10       		.byte	16
 1927 076a 12       		.byte	18
 1928 076b 83       		.byte	-125
 1929 076c 13       		.byte	19
 1930 076d 40       		.byte	64
 1931 076e 14       		.byte	20
 1932 076f 29       		.byte	41
 1933 0770 15       		.byte	21
 1934 0771 04       		.byte	4
 1935 0772 16       		.byte	22
 1936 0773 44       		.byte	68
 1937 0774 17       		.byte	23
 1938 0775 29       		.byte	41
ARM GAS  C:\Users\dr\AppData\Local\Temp\cckQHQVj.s 			page 35


 1939 0776 18       		.byte	24
 1940 0777 7C       		.byte	124
 1941 0778 19       		.byte	25
 1942 0779 18       		.byte	24
 1943 077a 1B       		.byte	27
 1944 077b 25       		.byte	37
 1945 077c 1C       		.byte	28
 1946 077d 07       		.byte	7
 1947 077e 1E       		.byte	30
 1948 077f 18       		.byte	24
 1949 0780 20       		.byte	32
 1950 0781 83       		.byte	-125
 1951 0782 21       		.byte	33
 1952 0783 2D       		.byte	45
 1953 0784 23       		.byte	35
 1954 0785 42       		.byte	66
 1955 0786 24       		.byte	36
 1956 0787 7C       		.byte	124
 1957 0788 28       		.byte	40
 1958 0789 83       		.byte	-125
 1959 078a 30       		.byte	48
 1960 078b 03       		.byte	3
 1961 078c 31       		.byte	49
 1962 078d 60       		.byte	96
 1963 078e 32       		.byte	50
 1964 078f 1C       		.byte	28
 1965 0790 33       		.byte	51
 1966 0791 0C       		.byte	12
 1967 0792 34       		.byte	52
 1968 0793 60       		.byte	96
 1969 0794 35       		.byte	53
 1970 0795 03       		.byte	3
 1971 0796 36       		.byte	54
 1972 0797 80       		.byte	-128
 1973 0798 37       		.byte	55
 1974 0799 10       		.byte	16
 1975 079a 38       		.byte	56
 1976 079b 80       		.byte	-128
 1977 079c 3B       		.byte	59
 1978 079d 22       		.byte	34
 1979 079e 3F       		.byte	63
 1980 079f 40       		.byte	64
 1981 07a0 56       		.byte	86
 1982 07a1 02       		.byte	2
 1983 07a2 57       		.byte	87
 1984 07a3 13       		.byte	19
 1985 07a4 58       		.byte	88
 1986 07a5 04       		.byte	4
 1987 07a6 59       		.byte	89
 1988 07a7 04       		.byte	4
 1989 07a8 5B       		.byte	91
 1990 07a9 04       		.byte	4
 1991 07aa 5C       		.byte	92
 1992 07ab 80       		.byte	-128
 1993 07ac 5F       		.byte	95
 1994 07ad 31       		.byte	49
 1995 07ae 80       		.byte	-128
ARM GAS  C:\Users\dr\AppData\Local\Temp\cckQHQVj.s 			page 36


 1996 07af 02       		.byte	2
 1997 07b0 82       		.byte	-126
 1998 07b1 01       		.byte	1
 1999 07b2 87       		.byte	-121
 2000 07b3 01       		.byte	1
 2001 07b4 92       		.byte	-110
 2002 07b5 40       		.byte	64
 2003 07b6 93       		.byte	-109
 2004 07b7 02       		.byte	2
 2005 07b8 94       		.byte	-108
 2006 07b9 20       		.byte	32
 2007 07ba 96       		.byte	-106
 2008 07bb 10       		.byte	16
 2009 07bc 98       		.byte	-104
 2010 07bd 08       		.byte	8
 2011 07be 9A       		.byte	-102
 2012 07bf 04       		.byte	4
 2013 07c0 A2       		.byte	-94
 2014 07c1 40       		.byte	64
 2015 07c2 A4       		.byte	-92
 2016 07c3 01       		.byte	1
 2017 07c4 A6       		.byte	-90
 2018 07c5 02       		.byte	2
 2019 07c6 A8       		.byte	-88
 2020 07c7 04       		.byte	4
 2021 07c8 AA       		.byte	-86
 2022 07c9 08       		.byte	8
 2023 07ca AC       		.byte	-84
 2024 07cb 10       		.byte	16
 2025 07cc AE       		.byte	-82
 2026 07cd 20       		.byte	32
 2027 07ce B1       		.byte	-79
 2028 07cf 01       		.byte	1
 2029 07d0 B4       		.byte	-76
 2030 07d1 40       		.byte	64
 2031 07d2 B5       		.byte	-75
 2032 07d3 02       		.byte	2
 2033 07d4 B6       		.byte	-74
 2034 07d5 3F       		.byte	63
 2035 07d6 B8       		.byte	-72
 2036 07d7 80       		.byte	-128
 2037 07d8 BE       		.byte	-66
 2038 07d9 50       		.byte	80
 2039 07da D8       		.byte	-40
 2040 07db 04       		.byte	4
 2041 07dc D9       		.byte	-39
 2042 07dd 0A       		.byte	10
 2043 07de DB       		.byte	-37
 2044 07df 04       		.byte	4
 2045 07e0 DC       		.byte	-36
 2046 07e1 90       		.byte	-112
 2047 07e2 DF       		.byte	-33
 2048 07e3 01       		.byte	1
 2049 07e4 03       		.byte	3
 2050 07e5 40       		.byte	64
 2051 07e6 04       		.byte	4
 2052 07e7 26       		.byte	38
ARM GAS  C:\Users\dr\AppData\Local\Temp\cckQHQVj.s 			page 37


 2053 07e8 09       		.byte	9
 2054 07e9 14       		.byte	20
 2055 07ea 0B       		.byte	11
 2056 07eb 80       		.byte	-128
 2057 07ec 0C       		.byte	12
 2058 07ed 01       		.byte	1
 2059 07ee 0D       		.byte	13
 2060 07ef 80       		.byte	-128
 2061 07f0 0E       		.byte	14
 2062 07f1 08       		.byte	8
 2063 07f2 0F       		.byte	15
 2064 07f3 20       		.byte	32
 2065 07f4 10       		.byte	16
 2066 07f5 AA       		.byte	-86
 2067 07f6 14       		.byte	20
 2068 07f7 80       		.byte	-128
 2069 07f8 15       		.byte	21
 2070 07f9 10       		.byte	16
 2071 07fa 17       		.byte	23
 2072 07fb 04       		.byte	4
 2073 07fc 19       		.byte	25
 2074 07fd 20       		.byte	32
 2075 07fe 1A       		.byte	26
 2076 07ff 01       		.byte	1
 2077 0800 1C       		.byte	28
 2078 0801 04       		.byte	4
 2079 0802 1D       		.byte	29
 2080 0803 14       		.byte	20
 2081 0804 1F       		.byte	31
 2082 0805 41       		.byte	65
 2083 0806 20       		.byte	32
 2084 0807 08       		.byte	8
 2085 0808 21       		.byte	33
 2086 0809 02       		.byte	2
 2087 080a 22       		.byte	34
 2088 080b 01       		.byte	1
 2089 080c 25       		.byte	37
 2090 080d 14       		.byte	20
 2091 080e 26       		.byte	38
 2092 080f 01       		.byte	1
 2093 0810 27       		.byte	39
 2094 0811 61       		.byte	97
 2095 0812 2E       		.byte	46
 2096 0813 01       		.byte	1
 2097 0814 31       		.byte	49
 2098 0815 02       		.byte	2
 2099 0816 34       		.byte	52
 2100 0817 04       		.byte	4
 2101 0818 36       		.byte	54
 2102 0819 01       		.byte	1
 2103 081a 37       		.byte	55
 2104 081b 20       		.byte	32
 2105 081c 3B       		.byte	59
 2106 081d 0B       		.byte	11
 2107 081e 3C       		.byte	60
 2108 081f 01       		.byte	1
 2109 0820 3D       		.byte	61
ARM GAS  C:\Users\dr\AppData\Local\Temp\cckQHQVj.s 			page 38


 2110 0821 20       		.byte	32
 2111 0822 3F       		.byte	63
 2112 0823 02       		.byte	2
 2113 0824 5D       		.byte	93
 2114 0825 01       		.byte	1
 2115 0826 68       		.byte	104
 2116 0827 2A       		.byte	42
 2117 0828 6E       		.byte	110
 2118 0829 48       		.byte	72
 2119 082a 6F       		.byte	111
 2120 082b 2C       		.byte	44
 2121 082c 76       		.byte	118
 2122 082d 2A       		.byte	42
 2123 082e 79       		.byte	121
 2124 082f 08       		.byte	8
 2125 0830 7C       		.byte	124
 2126 0831 01       		.byte	1
 2127 0832 81       		.byte	-127
 2128 0833 84       		.byte	-124
 2129 0834 8B       		.byte	-117
 2130 0835 01       		.byte	1
 2131 0836 90       		.byte	-112
 2132 0837 0A       		.byte	10
 2133 0838 91       		.byte	-111
 2134 0839 19       		.byte	25
 2135 083a 92       		.byte	-110
 2136 083b 20       		.byte	32
 2137 083c 93       		.byte	-109
 2138 083d 28       		.byte	40
 2139 083e 94       		.byte	-108
 2140 083f 40       		.byte	64
 2141 0840 95       		.byte	-107
 2142 0841 04       		.byte	4
 2143 0842 96       		.byte	-106
 2144 0843 C0       		.byte	-64
 2145 0844 98       		.byte	-104
 2146 0845 05       		.byte	5
 2147 0846 9C       		.byte	-100
 2148 0847 50       		.byte	80
 2149 0848 9D       		.byte	-99
 2150 0849 16       		.byte	22
 2151 084a 9E       		.byte	-98
 2152 084b AA       		.byte	-86
 2153 084c A0       		.byte	-96
 2154 084d 80       		.byte	-128
 2155 084e A2       		.byte	-94
 2156 084f 90       		.byte	-112
 2157 0850 A3       		.byte	-93
 2158 0851 03       		.byte	3
 2159 0852 A4       		.byte	-92
 2160 0853 04       		.byte	4
 2161 0854 A7       		.byte	-89
 2162 0855 38       		.byte	56
 2163 0856 AA       		.byte	-86
 2164 0857 20       		.byte	32
 2165 0858 AB       		.byte	-85
 2166 0859 40       		.byte	64
ARM GAS  C:\Users\dr\AppData\Local\Temp\cckQHQVj.s 			page 39


 2167 085a AE       		.byte	-82
 2168 085b 01       		.byte	1
 2169 085c B3       		.byte	-77
 2170 085d 04       		.byte	4
 2171 085e B7       		.byte	-73
 2172 085f 20       		.byte	32
 2173 0860 C0       		.byte	-64
 2174 0861 78       		.byte	120
 2175 0862 C2       		.byte	-62
 2176 0863 FE       		.byte	-2
 2177 0864 C4       		.byte	-60
 2178 0865 7F       		.byte	127
 2179 0866 CA       		.byte	-54
 2180 0867 80       		.byte	-128
 2181 0868 CC       		.byte	-52
 2182 0869 E1       		.byte	-31
 2183 086a CE       		.byte	-50
 2184 086b 22       		.byte	34
 2185 086c D6       		.byte	-42
 2186 086d 80       		.byte	-128
 2187 086e DE       		.byte	-34
 2188 086f 82       		.byte	-126
 2189 0870 E6       		.byte	-26
 2190 0871 20       		.byte	32
 2191 0872 E8       		.byte	-24
 2192 0873 08       		.byte	8
 2193 0874 95       		.byte	-107
 2194 0875 01       		.byte	1
 2195 0876 AB       		.byte	-85
 2196 0877 10       		.byte	16
 2197 0878 B2       		.byte	-78
 2198 0879 80       		.byte	-128
 2199 087a B4       		.byte	-76
 2200 087b 48       		.byte	72
 2201 087c B6       		.byte	-74
 2202 087d 10       		.byte	16
 2203 087e E8       		.byte	-24
 2204 087f 08       		.byte	8
 2205 0880 EA       		.byte	-22
 2206 0881 80       		.byte	-128
 2207 0882 EC       		.byte	-20
 2208 0883 10       		.byte	16
 2209 0884 EE       		.byte	-18
 2210 0885 01       		.byte	1
 2211 0886 85       		.byte	-123
 2212 0887 01       		.byte	1
 2213 0888 95       		.byte	-107
 2214 0889 01       		.byte	1
 2215 088a EC       		.byte	-20
 2216 088b 10       		.byte	16
 2217 088c 15       		.byte	21
 2218 088d 04       		.byte	4
 2219 088e 30       		.byte	48
 2220 088f 01       		.byte	1
 2221 0890 31       		.byte	49
 2222 0891 40       		.byte	64
 2223 0892 34       		.byte	52
ARM GAS  C:\Users\dr\AppData\Local\Temp\cckQHQVj.s 			page 40


 2224 0893 02       		.byte	2
 2225 0894 35       		.byte	53
 2226 0895 08       		.byte	8
 2227 0896 37       		.byte	55
 2228 0897 80       		.byte	-128
 2229 0898 38       		.byte	56
 2230 0899 01       		.byte	1
 2231 089a 3C       		.byte	60
 2232 089b 40       		.byte	64
 2233 089c 3F       		.byte	63
 2234 089d 01       		.byte	1
 2235 089e 40       		.byte	64
 2236 089f 02       		.byte	2
 2237 08a0 75       		.byte	117
 2238 08a1 08       		.byte	8
 2239 08a2 7C       		.byte	124
 2240 08a3 40       		.byte	64
 2241 08a4 83       		.byte	-125
 2242 08a5 01       		.byte	1
 2243 08a6 84       		.byte	-124
 2244 08a7 10       		.byte	16
 2245 08a8 8B       		.byte	-117
 2246 08a9 80       		.byte	-128
 2247 08aa C4       		.byte	-60
 2248 08ab 20       		.byte	32
 2249 08ac CC       		.byte	-52
 2250 08ad F0       		.byte	-16
 2251 08ae CE       		.byte	-50
 2252 08af E0       		.byte	-32
 2253 08b0 D0       		.byte	-48
 2254 08b1 10       		.byte	16
 2255 08b2 E0       		.byte	-32
 2256 08b3 10       		.byte	16
 2257 08b4 E2       		.byte	-30
 2258 08b5 80       		.byte	-128
 2259 08b6 3B       		.byte	59
 2260 08b7 02       		.byte	2
 2261 08b8 3F       		.byte	63
 2262 08b9 80       		.byte	-128
 2263 08ba 62       		.byte	98
 2264 08bb 02       		.byte	2
 2265 08bc 80       		.byte	-128
 2266 08bd 01       		.byte	1
 2267 08be 89       		.byte	-119
 2268 08bf 08       		.byte	8
 2269 08c0 94       		.byte	-108
 2270 08c1 01       		.byte	1
 2271 08c2 9C       		.byte	-100
 2272 08c3 01       		.byte	1
 2273 08c4 9D       		.byte	-99
 2274 08c5 48       		.byte	72
 2275 08c6 A2       		.byte	-94
 2276 08c7 02       		.byte	2
 2277 08c8 A4       		.byte	-92
 2278 08c9 10       		.byte	16
 2279 08ca AD       		.byte	-83
 2280 08cb 04       		.byte	4
ARM GAS  C:\Users\dr\AppData\Local\Temp\cckQHQVj.s 			page 41


 2281 08cc AE       		.byte	-82
 2282 08cd 02       		.byte	2
 2283 08ce CE       		.byte	-50
 2284 08cf 60       		.byte	96
 2285 08d0 D8       		.byte	-40
 2286 08d1 40       		.byte	64
 2287 08d2 E2       		.byte	-30
 2288 08d3 80       		.byte	-128
 2289 08d4 EA       		.byte	-22
 2290 08d5 40       		.byte	64
 2291 08d6 EC       		.byte	-20
 2292 08d7 40       		.byte	64
 2293 08d8 85       		.byte	-123
 2294 08d9 40       		.byte	64
 2295 08da 97       		.byte	-105
 2296 08db 02       		.byte	2
 2297 08dc 9C       		.byte	-100
 2298 08dd 01       		.byte	1
 2299 08de 9D       		.byte	-99
 2300 08df 40       		.byte	64
 2301 08e0 A4       		.byte	-92
 2302 08e1 10       		.byte	16
 2303 08e2 A7       		.byte	-89
 2304 08e3 40       		.byte	64
 2305 08e4 AB       		.byte	-85
 2306 08e5 40       		.byte	64
 2307 08e6 B0       		.byte	-80
 2308 08e7 01       		.byte	1
 2309 08e8 E6       		.byte	-26
 2310 08e9 10       		.byte	16
 2311 08ea E8       		.byte	-24
 2312 08eb 20       		.byte	32
 2313 08ec 97       		.byte	-105
 2314 08ed 02       		.byte	2
 2315 08ee 9C       		.byte	-100
 2316 08ef 01       		.byte	1
 2317 08f0 A4       		.byte	-92
 2318 08f1 10       		.byte	16
 2319 08f2 A7       		.byte	-89
 2320 08f3 40       		.byte	64
 2321 08f4 2B       		.byte	43
 2322 08f5 08       		.byte	8
 2323 08f6 CA       		.byte	-54
 2324 08f7 08       		.byte	8
 2325 08f8 30       		.byte	48
 2326 08f9 80       		.byte	-128
 2327 08fa 8B       		.byte	-117
 2328 08fb 01       		.byte	1
 2329 08fc A3       		.byte	-93
 2330 08fd 08       		.byte	8
 2331 08fe CC       		.byte	-52
 2332 08ff 08       		.byte	8
 2333 0900 E2       		.byte	-30
 2334 0901 01       		.byte	1
 2335 0902 00       		.byte	0
 2336 0903 10       		.byte	16
 2337 0904 1B       		.byte	27
ARM GAS  C:\Users\dr\AppData\Local\Temp\cckQHQVj.s 			page 42


 2338 0905 01       		.byte	1
 2339 0906 A3       		.byte	-93
 2340 0907 08       		.byte	8
 2341 0908 A7       		.byte	-89
 2342 0909 01       		.byte	1
 2343 090a A8       		.byte	-88
 2344 090b 80       		.byte	-128
 2345 090c C0       		.byte	-64
 2346 090d 02       		.byte	2
 2347 090e C6       		.byte	-58
 2348 090f 08       		.byte	8
 2349 0910 30       		.byte	48
 2350 0911 20       		.byte	32
 2351 0912 43       		.byte	67
 2352 0913 02       		.byte	2
 2353 0914 A3       		.byte	-93
 2354 0915 08       		.byte	8
 2355 0916 B4       		.byte	-76
 2356 0917 10       		.byte	16
 2357 0918 CC       		.byte	-52
 2358 0919 08       		.byte	8
 2359 091a D0       		.byte	-48
 2360 091b 02       		.byte	2
 2361 091c EA       		.byte	-22
 2362 091d 08       		.byte	8
 2363 091e 03       		.byte	3
 2364 091f 08       		.byte	8
 2365 0920 20       		.byte	32
 2366 0921 20       		.byte	32
 2367 0922 24       		.byte	36
 2368 0923 80       		.byte	-128
 2369 0924 26       		.byte	38
 2370 0925 04       		.byte	4
 2371 0926 88       		.byte	-120
 2372 0927 01       		.byte	1
 2373 0928 97       		.byte	-105
 2374 0929 02       		.byte	2
 2375 092a 9C       		.byte	-100
 2376 092b 01       		.byte	1
 2377 092c A2       		.byte	-94
 2378 092d 40       		.byte	64
 2379 092e A4       		.byte	-92
 2380 092f 10       		.byte	16
 2381 0930 A7       		.byte	-89
 2382 0931 40       		.byte	64
 2383 0932 AC       		.byte	-84
 2384 0933 10       		.byte	16
 2385 0934 AE       		.byte	-82
 2386 0935 40       		.byte	64
 2387 0936 C0       		.byte	-64
 2388 0937 40       		.byte	64
 2389 0938 C8       		.byte	-56
 2390 0939 C0       		.byte	-64
 2391 093a E8       		.byte	-24
 2392 093b 10       		.byte	16
 2393 093c EE       		.byte	-18
 2394 093d 40       		.byte	64
ARM GAS  C:\Users\dr\AppData\Local\Temp\cckQHQVj.s 			page 43


 2395 093e 1B       		.byte	27
 2396 093f 40       		.byte	64
 2397 0940 5E       		.byte	94
 2398 0941 80       		.byte	-128
 2399 0942 A2       		.byte	-94
 2400 0943 40       		.byte	64
 2401 0944 A7       		.byte	-89
 2402 0945 40       		.byte	64
 2403 0946 AA       		.byte	-86
 2404 0947 04       		.byte	4
 2405 0948 AB       		.byte	-85
 2406 0949 09       		.byte	9
 2407 094a B4       		.byte	-76
 2408 094b 40       		.byte	64
 2409 094c C6       		.byte	-58
 2410 094d 40       		.byte	64
 2411 094e D6       		.byte	-42
 2412 094f 20       		.byte	32
 2413 0950 EC       		.byte	-20
 2414 0951 80       		.byte	-128
 2415 0952 A4       		.byte	-92
 2416 0953 20       		.byte	32
 2417 0954 AB       		.byte	-85
 2418 0955 08       		.byte	8
 2419 0956 AF       		.byte	-81
 2420 0957 02       		.byte	2
 2421 0958 B4       		.byte	-76
 2422 0959 20       		.byte	32
 2423 095a EC       		.byte	-20
 2424 095b 08       		.byte	8
 2425 095c 10       		.byte	16
 2426 095d 01       		.byte	1
 2427 095e 11       		.byte	17
 2428 095f 01       		.byte	1
 2429 0960 1A       		.byte	26
 2430 0961 01       		.byte	1
 2431 0962 1B       		.byte	27
 2432 0963 01       		.byte	1
 2433 0964 00       		.byte	0
 2434 0965 FF       		.byte	-1
 2435 0966 10       		.byte	16
 2436 0967 AA       		.byte	-86
 2437 0968 11       		.byte	17
 2438 0969 0A       		.byte	10
 2439 096a 00       		.byte	0
 2440 096b 00       		.byte	0
 2441 096c 11       		.byte	17
 2442 096d 01       		.byte	1
 2443 096e 00       		.byte	0
 2444 096f 00       		.byte	0
 2445 0970 00       		.byte	0
 2446 0971 00       		.byte	0
 2447 0972 00       		.byte	0
 2448 0973 00       		.byte	0
 2449 0974 01       		.byte	1
 2450 0975 01       		.byte	1
 2451 0976 11       		.byte	17
ARM GAS  C:\Users\dr\AppData\Local\Temp\cckQHQVj.s 			page 44


 2452 0977 01       		.byte	1
 2453 0978 01       		.byte	1
 2454 0979 01       		.byte	1
 2455 097a 00       		.byte	0
 2456 097b 00       		.byte	0
 2457 097c 00       		.byte	0
 2458 097d 20       		.byte	32
 2459 097e 20       		.byte	32
 2460 097f 00       		.byte	0
 2461 0980 20       		.byte	32
 2462 0981 00       		.byte	0
 2463 0982 19       		.byte	25
 2464 0983 00       		.byte	0
 2465 0984 04       		.byte	4
 2466 0985 00       		.byte	0
 2467 0986 00       		.byte	0
 2468 0987 00       		.byte	0
 2469 0988 00       		.byte	0
 2470 0989 00       		.byte	0
 2471 098a 02       		.byte	2
 2472 098b 00       		.byte	0
 2473 098c 00       		.byte	0
 2474 098d 0B       		.byte	11
 2475 098e 0B       		.byte	11
 2476 098f 00       		.byte	0
 2477 0990 00       		.byte	0
 2478 0991 00       		.byte	0
 2479 0992 20       		.byte	32
 2480 0993 00       		.byte	0
 2481 0994 04       		.byte	4
 2482 0995 00       		.byte	0
 2483 0996 00       		.byte	0
 2484 0997 04       		.byte	4
 2485 0998 04       		.byte	4
 2486 0999 00       		.byte	0
 2487 099a 04       		.byte	4
 2488 099b 00       		.byte	0
 2489 099c 00       		.byte	0
 2490 099d 00       		.byte	0
 2491 099e 00       		.byte	0
 2492 099f 00       		.byte	0
 2493 09a0 01       		.byte	1
 2494 09a1 00       		.byte	0
 2495 09a2 18       		.byte	24
 2496 09a3 01       		.byte	1
 2497 09a4 00       		.byte	0
 2498 09a5 01       		.byte	1
 2499 09a6 00       		.byte	0
 2500 09a7 00       		.byte	0
 2501              		.section	.cywolatch,"a",%progbits
 2502              		.align	2
 2503              		.type	cy_meta_wonvl, %object
 2504              		.size	cy_meta_wonvl, 4
 2505              	cy_meta_wonvl:
 2506 0000 BC       		.byte	-68
 2507 0001 90       		.byte	-112
 2508 0002 AC       		.byte	-84
ARM GAS  C:\Users\dr\AppData\Local\Temp\cckQHQVj.s 			page 45


 2509 0003 AF       		.byte	-81
 2510              		.section	.cycustnvl,"a",%progbits
 2511              		.align	2
 2512              		.type	cy_meta_custnvl, %object
 2513              		.size	cy_meta_custnvl, 4
 2514              	cy_meta_custnvl:
 2515 0000 00       		.byte	0
 2516 0001 00       		.byte	0
 2517 0002 40       		.byte	64
 2518 0003 05       		.byte	5
 2519              		.section	.cymeta,"a",%progbits
 2520              		.align	2
 2521              		.type	cy_metadata, %object
 2522              		.size	cy_metadata, 12
 2523              	cy_metadata:
 2524 0000 00       		.byte	0
 2525 0001 01       		.byte	1
 2526 0002 2E       		.byte	46
 2527 0003 16       		.byte	22
 2528 0004 10       		.byte	16
 2529 0005 69       		.byte	105
 2530 0006 00       		.byte	0
 2531 0007 01       		.byte	1
 2532 0008 00       		.byte	0
 2533 0009 00       		.byte	0
 2534 000a 00       		.byte	0
 2535 000b 00       		.byte	0
 2536              		.section	.cyflashprotect,"a",%progbits
 2537              		.align	2
 2538              		.type	cy_meta_flashprotect, %object
 2539              		.size	cy_meta_flashprotect, 256
 2540              	cy_meta_flashprotect:
 2541 0000 00000000 		.space	256
 2541      00000000 
 2541      00000000 
 2541      00000000 
 2541      00000000 
 2542              		.text
 2543              	.Letext0:
 2544              		.file 1 "c:\\program files (x86)\\cypress\\psoc creator\\4.1\\psoc creator\\import\\gnu\\arm\\5.4.
 2545              		.file 2 "c:\\program files (x86)\\cypress\\psoc creator\\4.1\\psoc creator\\import\\gnu\\arm\\5.4.
 2546              		.file 3 "Generated_Source\\PSoC5\\cymetadata.c"
 2547              		.section	.debug_info,"",%progbits
 2548              	.Ldebug_info0:
 2549 0000 35010000 		.4byte	0x135
 2550 0004 0400     		.2byte	0x4
 2551 0006 00000000 		.4byte	.Ldebug_abbrev0
 2552 000a 04       		.byte	0x4
 2553 000b 01       		.uleb128 0x1
 2554 000c 24000000 		.4byte	.LASF17
 2555 0010 0C       		.byte	0xc
 2556 0011 B7010000 		.4byte	.LASF18
 2557 0015 D7000000 		.4byte	.LASF19
 2558 0019 00000000 		.4byte	.Ldebug_line0
 2559 001d 02       		.uleb128 0x2
 2560 001e 01       		.byte	0x1
 2561 001f 06       		.byte	0x6
ARM GAS  C:\Users\dr\AppData\Local\Temp\cckQHQVj.s 			page 46


 2562 0020 AB010000 		.4byte	.LASF0
 2563 0024 03       		.uleb128 0x3
 2564 0025 00000000 		.4byte	.LASF9
 2565 0029 01       		.byte	0x1
 2566 002a 1D       		.byte	0x1d
 2567 002b 2F000000 		.4byte	0x2f
 2568 002f 02       		.uleb128 0x2
 2569 0030 01       		.byte	0x1
 2570 0031 08       		.byte	0x8
 2571 0032 16000000 		.4byte	.LASF1
 2572 0036 02       		.uleb128 0x2
 2573 0037 02       		.byte	0x2
 2574 0038 05       		.byte	0x5
 2575 0039 98010000 		.4byte	.LASF2
 2576 003d 02       		.uleb128 0x2
 2577 003e 02       		.byte	0x2
 2578 003f 07       		.byte	0x7
 2579 0040 C4000000 		.4byte	.LASF3
 2580 0044 02       		.uleb128 0x2
 2581 0045 04       		.byte	0x4
 2582 0046 05       		.byte	0x5
 2583 0047 A2010000 		.4byte	.LASF4
 2584 004b 02       		.uleb128 0x2
 2585 004c 04       		.byte	0x4
 2586 004d 07       		.byte	0x7
 2587 004e B2000000 		.4byte	.LASF5
 2588 0052 02       		.uleb128 0x2
 2589 0053 08       		.byte	0x8
 2590 0054 05       		.byte	0x5
 2591 0055 8A010000 		.4byte	.LASF6
 2592 0059 02       		.uleb128 0x2
 2593 005a 08       		.byte	0x8
 2594 005b 07       		.byte	0x7
 2595 005c 3F010000 		.4byte	.LASF7
 2596 0060 04       		.uleb128 0x4
 2597 0061 04       		.byte	0x4
 2598 0062 05       		.byte	0x5
 2599 0063 696E7400 		.ascii	"int\000"
 2600 0067 02       		.uleb128 0x2
 2601 0068 04       		.byte	0x4
 2602 0069 07       		.byte	0x7
 2603 006a 32010000 		.4byte	.LASF8
 2604 006e 03       		.uleb128 0x3
 2605 006f 56010000 		.4byte	.LASF10
 2606 0073 02       		.byte	0x2
 2607 0074 18       		.byte	0x18
 2608 0075 24000000 		.4byte	0x24
 2609 0079 05       		.uleb128 0x5
 2610 007a 91000000 		.4byte	0x91
 2611 007e 8A000000 		.4byte	0x8a
 2612 0082 06       		.uleb128 0x6
 2613 0083 8A000000 		.4byte	0x8a
 2614 0087 A709     		.2byte	0x9a7
 2615 0089 00       		.byte	0
 2616 008a 02       		.uleb128 0x2
 2617 008b 04       		.byte	0x4
 2618 008c 07       		.byte	0x7
ARM GAS  C:\Users\dr\AppData\Local\Temp\cckQHQVj.s 			page 47


 2619 008d 81010000 		.4byte	.LASF11
 2620 0091 07       		.uleb128 0x7
 2621 0092 6E000000 		.4byte	0x6e
 2622 0096 08       		.uleb128 0x8
 2623 0097 20010000 		.4byte	.LASF12
 2624 009b 03       		.byte	0x3
 2625 009c 1F       		.byte	0x1f
 2626 009d A7000000 		.4byte	0xa7
 2627 00a1 05       		.uleb128 0x5
 2628 00a2 03       		.byte	0x3
 2629 00a3 00000000 		.4byte	cy_meta_configecc
 2630 00a7 07       		.uleb128 0x7
 2631 00a8 79000000 		.4byte	0x79
 2632 00ac 05       		.uleb128 0x5
 2633 00ad 91000000 		.4byte	0x91
 2634 00b1 BC000000 		.4byte	0xbc
 2635 00b5 09       		.uleb128 0x9
 2636 00b6 8A000000 		.4byte	0x8a
 2637 00ba 03       		.byte	0x3
 2638 00bb 00       		.byte	0
 2639 00bc 0A       		.uleb128 0xa
 2640 00bd 10010000 		.4byte	.LASF13
 2641 00c1 03       		.byte	0x3
 2642 00c2 6101     		.2byte	0x161
 2643 00c4 CE000000 		.4byte	0xce
 2644 00c8 05       		.uleb128 0x5
 2645 00c9 03       		.byte	0x3
 2646 00ca 00000000 		.4byte	cy_meta_custnvl
 2647 00ce 07       		.uleb128 0x7
 2648 00cf AC000000 		.4byte	0xac
 2649 00d3 0A       		.uleb128 0xa
 2650 00d4 73010000 		.4byte	.LASF14
 2651 00d8 03       		.byte	0x3
 2652 00d9 6F01     		.2byte	0x16f
 2653 00db E5000000 		.4byte	0xe5
 2654 00df 05       		.uleb128 0x5
 2655 00e0 03       		.byte	0x3
 2656 00e1 00000000 		.4byte	cy_meta_wonvl
 2657 00e5 07       		.uleb128 0x7
 2658 00e6 AC000000 		.4byte	0xac
 2659 00ea 05       		.uleb128 0x5
 2660 00eb 91000000 		.4byte	0x91
 2661 00ef FA000000 		.4byte	0xfa
 2662 00f3 09       		.uleb128 0x9
 2663 00f4 8A000000 		.4byte	0x8a
 2664 00f8 FF       		.byte	0xff
 2665 00f9 00       		.byte	0
 2666 00fa 0A       		.uleb128 0xa
 2667 00fb 5E010000 		.4byte	.LASF15
 2668 00ff 03       		.byte	0x3
 2669 0100 7D01     		.2byte	0x17d
 2670 0102 0C010000 		.4byte	0x10c
 2671 0106 05       		.uleb128 0x5
 2672 0107 03       		.byte	0x3
 2673 0108 00000000 		.4byte	cy_meta_flashprotect
 2674 010c 07       		.uleb128 0x7
 2675 010d EA000000 		.4byte	0xea
ARM GAS  C:\Users\dr\AppData\Local\Temp\cckQHQVj.s 			page 48


 2676 0111 05       		.uleb128 0x5
 2677 0112 91000000 		.4byte	0x91
 2678 0116 21010000 		.4byte	0x121
 2679 011a 09       		.uleb128 0x9
 2680 011b 8A000000 		.4byte	0x8a
 2681 011f 0B       		.byte	0xb
 2682 0120 00       		.byte	0
 2683 0121 0A       		.uleb128 0xa
 2684 0122 0A000000 		.4byte	.LASF16
 2685 0126 03       		.byte	0x3
 2686 0127 AA01     		.2byte	0x1aa
 2687 0129 33010000 		.4byte	0x133
 2688 012d 05       		.uleb128 0x5
 2689 012e 03       		.byte	0x3
 2690 012f 00000000 		.4byte	cy_metadata
 2691 0133 07       		.uleb128 0x7
 2692 0134 11010000 		.4byte	0x111
 2693 0138 00       		.byte	0
 2694              		.section	.debug_abbrev,"",%progbits
 2695              	.Ldebug_abbrev0:
 2696 0000 01       		.uleb128 0x1
 2697 0001 11       		.uleb128 0x11
 2698 0002 01       		.byte	0x1
 2699 0003 25       		.uleb128 0x25
 2700 0004 0E       		.uleb128 0xe
 2701 0005 13       		.uleb128 0x13
 2702 0006 0B       		.uleb128 0xb
 2703 0007 03       		.uleb128 0x3
 2704 0008 0E       		.uleb128 0xe
 2705 0009 1B       		.uleb128 0x1b
 2706 000a 0E       		.uleb128 0xe
 2707 000b 10       		.uleb128 0x10
 2708 000c 17       		.uleb128 0x17
 2709 000d 00       		.byte	0
 2710 000e 00       		.byte	0
 2711 000f 02       		.uleb128 0x2
 2712 0010 24       		.uleb128 0x24
 2713 0011 00       		.byte	0
 2714 0012 0B       		.uleb128 0xb
 2715 0013 0B       		.uleb128 0xb
 2716 0014 3E       		.uleb128 0x3e
 2717 0015 0B       		.uleb128 0xb
 2718 0016 03       		.uleb128 0x3
 2719 0017 0E       		.uleb128 0xe
 2720 0018 00       		.byte	0
 2721 0019 00       		.byte	0
 2722 001a 03       		.uleb128 0x3
 2723 001b 16       		.uleb128 0x16
 2724 001c 00       		.byte	0
 2725 001d 03       		.uleb128 0x3
 2726 001e 0E       		.uleb128 0xe
 2727 001f 3A       		.uleb128 0x3a
 2728 0020 0B       		.uleb128 0xb
 2729 0021 3B       		.uleb128 0x3b
 2730 0022 0B       		.uleb128 0xb
 2731 0023 49       		.uleb128 0x49
 2732 0024 13       		.uleb128 0x13
ARM GAS  C:\Users\dr\AppData\Local\Temp\cckQHQVj.s 			page 49


 2733 0025 00       		.byte	0
 2734 0026 00       		.byte	0
 2735 0027 04       		.uleb128 0x4
 2736 0028 24       		.uleb128 0x24
 2737 0029 00       		.byte	0
 2738 002a 0B       		.uleb128 0xb
 2739 002b 0B       		.uleb128 0xb
 2740 002c 3E       		.uleb128 0x3e
 2741 002d 0B       		.uleb128 0xb
 2742 002e 03       		.uleb128 0x3
 2743 002f 08       		.uleb128 0x8
 2744 0030 00       		.byte	0
 2745 0031 00       		.byte	0
 2746 0032 05       		.uleb128 0x5
 2747 0033 01       		.uleb128 0x1
 2748 0034 01       		.byte	0x1
 2749 0035 49       		.uleb128 0x49
 2750 0036 13       		.uleb128 0x13
 2751 0037 01       		.uleb128 0x1
 2752 0038 13       		.uleb128 0x13
 2753 0039 00       		.byte	0
 2754 003a 00       		.byte	0
 2755 003b 06       		.uleb128 0x6
 2756 003c 21       		.uleb128 0x21
 2757 003d 00       		.byte	0
 2758 003e 49       		.uleb128 0x49
 2759 003f 13       		.uleb128 0x13
 2760 0040 2F       		.uleb128 0x2f
 2761 0041 05       		.uleb128 0x5
 2762 0042 00       		.byte	0
 2763 0043 00       		.byte	0
 2764 0044 07       		.uleb128 0x7
 2765 0045 26       		.uleb128 0x26
 2766 0046 00       		.byte	0
 2767 0047 49       		.uleb128 0x49
 2768 0048 13       		.uleb128 0x13
 2769 0049 00       		.byte	0
 2770 004a 00       		.byte	0
 2771 004b 08       		.uleb128 0x8
 2772 004c 34       		.uleb128 0x34
 2773 004d 00       		.byte	0
 2774 004e 03       		.uleb128 0x3
 2775 004f 0E       		.uleb128 0xe
 2776 0050 3A       		.uleb128 0x3a
 2777 0051 0B       		.uleb128 0xb
 2778 0052 3B       		.uleb128 0x3b
 2779 0053 0B       		.uleb128 0xb
 2780 0054 49       		.uleb128 0x49
 2781 0055 13       		.uleb128 0x13
 2782 0056 3F       		.uleb128 0x3f
 2783 0057 19       		.uleb128 0x19
 2784 0058 02       		.uleb128 0x2
 2785 0059 18       		.uleb128 0x18
 2786 005a 00       		.byte	0
 2787 005b 00       		.byte	0
 2788 005c 09       		.uleb128 0x9
 2789 005d 21       		.uleb128 0x21
ARM GAS  C:\Users\dr\AppData\Local\Temp\cckQHQVj.s 			page 50


 2790 005e 00       		.byte	0
 2791 005f 49       		.uleb128 0x49
 2792 0060 13       		.uleb128 0x13
 2793 0061 2F       		.uleb128 0x2f
 2794 0062 0B       		.uleb128 0xb
 2795 0063 00       		.byte	0
 2796 0064 00       		.byte	0
 2797 0065 0A       		.uleb128 0xa
 2798 0066 34       		.uleb128 0x34
 2799 0067 00       		.byte	0
 2800 0068 03       		.uleb128 0x3
 2801 0069 0E       		.uleb128 0xe
 2802 006a 3A       		.uleb128 0x3a
 2803 006b 0B       		.uleb128 0xb
 2804 006c 3B       		.uleb128 0x3b
 2805 006d 05       		.uleb128 0x5
 2806 006e 49       		.uleb128 0x49
 2807 006f 13       		.uleb128 0x13
 2808 0070 3F       		.uleb128 0x3f
 2809 0071 19       		.uleb128 0x19
 2810 0072 02       		.uleb128 0x2
 2811 0073 18       		.uleb128 0x18
 2812 0074 00       		.byte	0
 2813 0075 00       		.byte	0
 2814 0076 00       		.byte	0
 2815              		.section	.debug_aranges,"",%progbits
 2816 0000 14000000 		.4byte	0x14
 2817 0004 0200     		.2byte	0x2
 2818 0006 00000000 		.4byte	.Ldebug_info0
 2819 000a 04       		.byte	0x4
 2820 000b 00       		.byte	0
 2821 000c 0000     		.2byte	0
 2822 000e 0000     		.2byte	0
 2823 0010 00000000 		.4byte	0
 2824 0014 00000000 		.4byte	0
 2825              		.section	.debug_line,"",%progbits
 2826              	.Ldebug_line0:
 2827 0000 3D010000 		.section	.debug_str,"MS",%progbits,1
 2827      02003701 
 2827      00000201 
 2827      FB0E0D00 
 2827      01010101 
 2828              	.LASF9:
 2829 0000 5F5F7569 		.ascii	"__uint8_t\000"
 2829      6E74385F 
 2829      7400
 2830              	.LASF16:
 2831 000a 63795F6D 		.ascii	"cy_metadata\000"
 2831      65746164 
 2831      61746100 
 2832              	.LASF1:
 2833 0016 756E7369 		.ascii	"unsigned char\000"
 2833      676E6564 
 2833      20636861 
 2833      7200
 2834              	.LASF17:
 2835 0024 474E5520 		.ascii	"GNU C11 5.4.1 20160609 (release) [ARM/embedded-5-br"
ARM GAS  C:\Users\dr\AppData\Local\Temp\cckQHQVj.s 			page 51


 2835      43313120 
 2835      352E342E 
 2835      31203230 
 2835      31363036 
 2836 0057 616E6368 		.ascii	"anch revision 237715] -mcpu=cortex-m3 -mthumb -g -O"
 2836      20726576 
 2836      6973696F 
 2836      6E203233 
 2836      37373135 
 2837 008a 67202D66 		.ascii	"g -ffunction-sections -ffat-lto-objects\000"
 2837      66756E63 
 2837      74696F6E 
 2837      2D736563 
 2837      74696F6E 
 2838              	.LASF5:
 2839 00b2 6C6F6E67 		.ascii	"long unsigned int\000"
 2839      20756E73 
 2839      69676E65 
 2839      6420696E 
 2839      7400
 2840              	.LASF3:
 2841 00c4 73686F72 		.ascii	"short unsigned int\000"
 2841      7420756E 
 2841      7369676E 
 2841      65642069 
 2841      6E7400
 2842              	.LASF19:
 2843 00d7 433A5C55 		.ascii	"C:\\Users\\dr\\Documents\\GitHub\\SHW\\SHW_full\\SH"
 2843      73657273 
 2843      5C64725C 
 2843      446F6375 
 2843      6D656E74 
 2844 0103 575F6675 		.ascii	"W_full.cydsn\000"
 2844      6C6C2E63 
 2844      7964736E 
 2844      00
 2845              	.LASF13:
 2846 0110 63795F6D 		.ascii	"cy_meta_custnvl\000"
 2846      6574615F 
 2846      63757374 
 2846      6E766C00 
 2847              	.LASF12:
 2848 0120 63795F6D 		.ascii	"cy_meta_configecc\000"
 2848      6574615F 
 2848      636F6E66 
 2848      69676563 
 2848      6300
 2849              	.LASF8:
 2850 0132 756E7369 		.ascii	"unsigned int\000"
 2850      676E6564 
 2850      20696E74 
 2850      00
 2851              	.LASF7:
 2852 013f 6C6F6E67 		.ascii	"long long unsigned int\000"
 2852      206C6F6E 
 2852      6720756E 
 2852      7369676E 
ARM GAS  C:\Users\dr\AppData\Local\Temp\cckQHQVj.s 			page 52


 2852      65642069 
 2853              	.LASF10:
 2854 0156 75696E74 		.ascii	"uint8_t\000"
 2854      385F7400 
 2855              	.LASF15:
 2856 015e 63795F6D 		.ascii	"cy_meta_flashprotect\000"
 2856      6574615F 
 2856      666C6173 
 2856      6870726F 
 2856      74656374 
 2857              	.LASF14:
 2858 0173 63795F6D 		.ascii	"cy_meta_wonvl\000"
 2858      6574615F 
 2858      776F6E76 
 2858      6C00
 2859              	.LASF11:
 2860 0181 73697A65 		.ascii	"sizetype\000"
 2860      74797065 
 2860      00
 2861              	.LASF6:
 2862 018a 6C6F6E67 		.ascii	"long long int\000"
 2862      206C6F6E 
 2862      6720696E 
 2862      7400
 2863              	.LASF2:
 2864 0198 73686F72 		.ascii	"short int\000"
 2864      7420696E 
 2864      7400
 2865              	.LASF4:
 2866 01a2 6C6F6E67 		.ascii	"long int\000"
 2866      20696E74 
 2866      00
 2867              	.LASF0:
 2868 01ab 7369676E 		.ascii	"signed char\000"
 2868      65642063 
 2868      68617200 
 2869              	.LASF18:
 2870 01b7 47656E65 		.ascii	"Generated_Source\\PSoC5\\cymetadata.c\000"
 2870      72617465 
 2870      645F536F 
 2870      75726365 
 2870      5C50536F 
 2871              		.ident	"GCC: (GNU Tools for ARM Embedded Processors) 5.4.1 20160609 (release) [ARM/embedded-5-bran
