ARM GAS  C:\Users\dr\AppData\Local\Temp\ccwid8mG.s 			page 1


   1              		.syntax unified
   2              		.cpu cortex-m3
   3              		.fpu softvfp
   4              		.eabi_attribute 20, 1
   5              		.eabi_attribute 21, 1
   6              		.eabi_attribute 23, 3
   7              		.eabi_attribute 24, 1
   8              		.eabi_attribute 25, 1
   9              		.eabi_attribute 26, 1
  10              		.eabi_attribute 30, 1
  11              		.eabi_attribute 34, 1
  12              		.eabi_attribute 18, 4
  13              		.thumb
  14              		.syntax unified
  15              		.file	"main.c"
  16              		.text
  17              	.Ltext0:
  18              		.cfi_sections	.debug_frame
  19              		.section	.text.main,"ax",%progbits
  20              		.align	2
  21              		.global	main
  22              		.thumb
  23              		.thumb_func
  24              		.type	main, %function
  25              	main:
  26              	.LFB63:
  27              		.file 1 "main.c"
   1:main.c        **** /* ========================================
   2:main.c        ****  *
   3:main.c        ****  * SHW - Visible light Communication Controller
   4:main.c        ****  * Bjarki Johannsson 2017
   5:main.c        ****  * Open Source
   6:main.c        ****  *
   7:main.c        ****  *
   8:main.c        ****  * ========================================
   9:main.c        **** */
  10:main.c        **** 
  11:main.c        **** #include "main.h"
  12:main.c        **** 
  13:main.c        **** 
  14:main.c        **** int main(void)
  15:main.c        **** {
  28              		.loc 1 15 0
  29              		.cfi_startproc
  30              		@ Volatile: function does not return.
  31              		@ args = 0, pretend = 0, frame = 0
  32              		@ frame_needed = 0, uses_anonymous_args = 0
  33 0000 08B5     		push	{r3, lr}
  34              		.cfi_def_cfa_offset 8
  35              		.cfi_offset 3, -8
  36              		.cfi_offset 14, -4
  16:main.c        ****     CyGlobalIntEnable; /* Enable global interrupts. */
  37              		.loc 1 16 0
  38              		.syntax unified
  39              	@ 16 "main.c" 1
  40 0002 62B6     		CPSIE   i
  41              	@ 0 "" 2
ARM GAS  C:\Users\dr\AppData\Local\Temp\ccwid8mG.s 			page 2


  17:main.c        **** 
  18:main.c        **** 	INIT_SERIAL();
  42              		.loc 1 18 0
  43              		.thumb
  44              		.syntax unified
  45 0004 FFF7FEFF 		bl	INIT_SERIAL
  46              	.LVL0:
  19:main.c        **** 	INIT_DLM();
  47              		.loc 1 19 0
  48 0008 FFF7FEFF 		bl	INIT_DLM
  49              	.LVL1:
  20:main.c        **** 	INIT_DIMMING_CONTROL();
  50              		.loc 1 20 0
  51 000c FFF7FEFF 		bl	INIT_DIMMING_CONTROL
  52              	.LVL2:
  21:main.c        **** 	INIT_PACKET_MANAGER();
  53              		.loc 1 21 0
  54 0010 FFF7FEFF 		bl	INIT_PACKET_MANAGER
  55              	.LVL3:
  22:main.c        **** 	INIT_TX_SUBSYSTEM();
  56              		.loc 1 22 0
  57 0014 FFF7FEFF 		bl	INIT_TX_SUBSYSTEM
  58              	.LVL4:
  23:main.c        **** //	INIT_RX_SUBSYSTEM();
  24:main.c        **** 	
  25:main.c        **** 	CyDelay(50);
  59              		.loc 1 25 0
  60 0018 3220     		movs	r0, #50
  61 001a FFF7FEFF 		bl	CyDelay
  62              	.LVL5:
  63              	.L2:
  26:main.c        **** 
  27:main.c        ****     for(;;) {
  28:main.c        ****         
  29:main.c        **** 		serialRead();
  64              		.loc 1 29 0
  65 001e FFF7FEFF 		bl	serialRead
  66              	.LVL6:
  30:main.c        **** 		
  31:main.c        **** 		if (FLAG_SER_EVENT) {
  67              		.loc 1 31 0
  68 0022 244B     		ldr	r3, .L11
  69 0024 1B78     		ldrb	r3, [r3]	@ zero_extendqisi2
  70 0026 0BB3     		cbz	r3, .L4
  32:main.c        **** 			
  33:main.c        **** 			if (FLAG_SER_TX_INIT) {
  71              		.loc 1 33 0
  72 0028 234B     		ldr	r3, .L11+4
  73 002a 1B78     		ldrb	r3, [r3]	@ zero_extendqisi2
  74 002c DBB1     		cbz	r3, .L5
  75              	.LBB2:
  34:main.c        **** 				
  35:main.c        **** 				setDMA(&packets4[0].payload[0], PACKET_SIZE_4);
  76              		.loc 1 35 0
  77 002e 0121     		movs	r1, #1
  78 0030 2248     		ldr	r0, .L11+8
  79 0032 FFF7FEFF 		bl	setDMA
ARM GAS  C:\Users\dr\AppData\Local\Temp\ccwid8mG.s 			page 3


  80              	.LVL7:
  36:main.c        **** 				CREG_PAY_SIZE_Write(2);
  81              		.loc 1 36 0
  82 0036 0220     		movs	r0, #2
  83 0038 FFF7FEFF 		bl	CREG_PAY_SIZE_Write
  84              	.LVL8:
  37:main.c        **** 				symCnt = 0;
  85              		.loc 1 37 0
  86 003c 0024     		movs	r4, #0
  87 003e 204B     		ldr	r3, .L11+12
  88 0040 1C70     		strb	r4, [r3]
  38:main.c        **** 				trackSum = 0;
  89              		.loc 1 38 0
  90 0042 204B     		ldr	r3, .L11+16
  91 0044 1C80     		strh	r4, [r3]	@ movhi
  39:main.c        **** 				CREG_INIT_TX_Write(1);
  92              		.loc 1 39 0
  93 0046 0120     		movs	r0, #1
  94 0048 FFF7FEFF 		bl	CREG_INIT_TX_Write
  95              	.LVL9:
  40:main.c        **** 				CyDelayCycles(10);
  96              		.loc 1 40 0
  97 004c 0A20     		movs	r0, #10
  98 004e FFF7FEFF 		bl	CyDelayCycles
  99              	.LVL10:
  41:main.c        **** 				CREG_INIT_TX_Write(0);
 100              		.loc 1 41 0
 101 0052 2046     		mov	r0, r4
 102 0054 FFF7FEFF 		bl	CREG_INIT_TX_Write
 103              	.LVL11:
  42:main.c        **** 				
  43:main.c        **** 				serialSend8bit(&symTx[0],1, SER_TX_SYM_TX+1);
 104              		.loc 1 43 0
 105 0058 9A22     		movs	r2, #154
 106 005a 0121     		movs	r1, #1
 107 005c 1A48     		ldr	r0, .L11+20
 108 005e FFF7FEFF 		bl	serialSend8bit
 109              	.LVL12:
  44:main.c        **** 				FLAG_SER_TX_INIT = false;
 110              		.loc 1 44 0
 111 0062 154B     		ldr	r3, .L11+4
 112 0064 1C70     		strb	r4, [r3]
 113              	.L5:
 114              	.LBE2:
  45:main.c        **** 			}
  46:main.c        **** 			FLAG_SER_EVENT = false;
 115              		.loc 1 46 0
 116 0066 0022     		movs	r2, #0
 117 0068 124B     		ldr	r3, .L11
 118 006a 1A70     		strb	r2, [r3]
 119              	.L4:
  47:main.c        **** 		}
  48:main.c        **** 		
  49:main.c        **** 		if (FLAG_TX_EVENT) {
 120              		.loc 1 49 0
 121 006c 174B     		ldr	r3, .L11+24
 122 006e 1B78     		ldrb	r3, [r3]	@ zero_extendqisi2
ARM GAS  C:\Users\dr\AppData\Local\Temp\ccwid8mG.s 			page 4


 123 0070 6BB1     		cbz	r3, .L6
  50:main.c        **** 			
  51:main.c        **** 			if (FLAG_TX_DONE) {
 124              		.loc 1 51 0
 125 0072 174B     		ldr	r3, .L11+28
 126 0074 1B78     		ldrb	r3, [r3]	@ zero_extendqisi2
 127 0076 3BB1     		cbz	r3, .L7
  52:main.c        **** 				
  53:main.c        **** 				serialSend8bit(&symTx[0], 4, SER_TX_SYM_TX);
 128              		.loc 1 53 0
 129 0078 9922     		movs	r2, #153
 130 007a 0421     		movs	r1, #4
 131 007c 1248     		ldr	r0, .L11+20
 132 007e FFF7FEFF 		bl	serialSend8bit
 133              	.LVL13:
  54:main.c        **** 				FLAG_TX_DONE = false;
 134              		.loc 1 54 0
 135 0082 0022     		movs	r2, #0
 136 0084 124B     		ldr	r3, .L11+28
 137 0086 1A70     		strb	r2, [r3]
 138              	.L7:
  55:main.c        **** 			}
  56:main.c        **** 			FLAG_TX_EVENT = false;
 139              		.loc 1 56 0
 140 0088 0022     		movs	r2, #0
 141 008a 104B     		ldr	r3, .L11+24
 142 008c 1A70     		strb	r2, [r3]
 143              	.L6:
  57:main.c        **** 		}
  58:main.c        **** 		
  59:main.c        **** 		if (FLAG_IC_EVENT) {
 144              		.loc 1 59 0
 145 008e 114B     		ldr	r3, .L11+32
 146 0090 1B78     		ldrb	r3, [r3]	@ zero_extendqisi2
 147 0092 002B     		cmp	r3, #0
 148 0094 C3D0     		beq	.L2
  60:main.c        **** 			
  61:main.c        **** 			switch(IC_EVENT) {
 149              		.loc 1 61 0
 150 0096 104B     		ldr	r3, .L11+36
 151 0098 1B78     		ldrb	r3, [r3]	@ zero_extendqisi2
 152 009a 012B     		cmp	r3, #1
 153 009c 02D0     		beq	.L8
 154 009e 022B     		cmp	r3, #2
 155 00a0 03D0     		beq	.L9
 156 00a2 BCE7     		b	.L2
 157              	.L8:
  62:main.c        **** 				
  63:main.c        **** 				case IC_EVENT_ADC_TH:
  64:main.c        **** 					calculateTh();
 158              		.loc 1 64 0
 159 00a4 FFF7FEFF 		bl	calculateTh
 160              	.LVL14:
  65:main.c        **** 					break;
 161              		.loc 1 65 0
 162 00a8 B9E7     		b	.L2
 163              	.L9:
ARM GAS  C:\Users\dr\AppData\Local\Temp\ccwid8mG.s 			page 5


  66:main.c        **** 				case IC_EVENT_TH:
  67:main.c        **** 					headCnt = 0;
 164              		.loc 1 67 0
 165 00aa 0022     		movs	r2, #0
 166 00ac 0B4B     		ldr	r3, .L11+40
 167 00ae 1A70     		strb	r2, [r3]
  68:main.c        **** 					// init preamble detection
  69:main.c        **** 					break;
 168              		.loc 1 69 0
 169 00b0 B5E7     		b	.L2
 170              	.L12:
 171 00b2 00BF     		.align	2
 172              	.L11:
 173 00b4 00000000 		.word	FLAG_SER_EVENT
 174 00b8 00000000 		.word	FLAG_SER_TX_INIT
 175 00bc 08000000 		.word	packets4+8
 176 00c0 00000000 		.word	symCnt
 177 00c4 00000000 		.word	trackSum
 178 00c8 00000000 		.word	symTx
 179 00cc 00000000 		.word	FLAG_TX_EVENT
 180 00d0 00000000 		.word	FLAG_TX_DONE
 181 00d4 00000000 		.word	FLAG_IC_EVENT
 182 00d8 00000000 		.word	IC_EVENT
 183 00dc 00000000 		.word	headCnt
 184              		.cfi_endproc
 185              	.LFE63:
 186              		.size	main, .-main
 187              		.section	.text.INIT_SYSTEM,"ax",%progbits
 188              		.align	2
 189              		.global	INIT_SYSTEM
 190              		.thumb
 191              		.thumb_func
 192              		.type	INIT_SYSTEM, %function
 193              	INIT_SYSTEM:
 194              	.LFB64:
  70:main.c        **** 				default:
  71:main.c        **** 					break;
  72:main.c        **** 			}
  73:main.c        **** 		}
  74:main.c        **** 		
  75:main.c        ****     }
  76:main.c        **** }
  77:main.c        **** 
  78:main.c        **** void INIT_SYSTEM(void)
  79:main.c        **** {
 195              		.loc 1 79 0
 196              		.cfi_startproc
 197              		@ args = 0, pretend = 0, frame = 0
 198              		@ frame_needed = 0, uses_anonymous_args = 0
 199              		@ link register save eliminated.
 200 0000 7047     		bx	lr
 201              		.cfi_endproc
 202              	.LFE64:
 203              		.size	INIT_SYSTEM, .-INIT_SYSTEM
 204              		.comm	sh_fifo,1,1
 205              		.comm	sh_load,1,1
 206              		.comm	sh_test,1,1
ARM GAS  C:\Users\dr\AppData\Local\Temp\ccwid8mG.s 			page 6


 207              		.global	colValH
 208              		.global	H
 209              		.comm	rxCompVal,2,2
 210              		.comm	rxSlotTh,1,1
 211              		.comm	thFastValue,2,2
 212              		.comm	thFastStd,2,2
 213              		.comm	thFastStdSum,4,4
 214              		.comm	thFastStdCurr,2,2
 215              		.comm	thFastStdBuffer,16,4
 216              		.comm	thFastMean,2,2
 217              		.comm	thFastSum,4,4
 218              		.comm	thfi,1,1
 219              		.comm	thFastBuffer,16,4
 220              		.comm	thCnt,2,2
 221              		.comm	thFlag,1,1
 222              		.comm	thSlowValue,2,2
 223              		.comm	thStdTemp,2,2
 224              		.comm	thSlowStd,2,2
 225              		.comm	thSlowStdSum,4,4
 226              		.comm	thSlowStdCurr,2,2
 227              		.comm	thSlowStdBuffer,64,4
 228              		.comm	thSlowMean,2,2
 229              		.comm	thSlowSum,4,4
 230              		.comm	thsi,1,1
 231              		.comm	thSlowBuffer,64,4
 232              		.comm	avgCurrSample,2,2
 233              		.comm	digipotCheckVal,1,1
 234              		.comm	digipotTargetVal,1,1
 235              		.comm	DMA_TH_TD,1,4
 236              		.comm	DMA_TH_Chan,1,1
 237              		.comm	IC_EVENT,1,1
 238              		.comm	FLAG_IC_EVENT,1,1
 239              		.comm	headCnt,1,1
 240              		.comm	rxDst,1,1
 241              		.comm	rxSrc,1,1
 242              		.comm	rxTrackSum,2,2
 243              		.comm	rxSize,2,2
 244              		.comm	rxModLevel,1,1
 245              		.comm	rxLo,1,1
 246              		.comm	rxHi,1,1
 247              		.comm	adcMean,2,2
 248              		.comm	adcSum,2,2
 249              		.comm	adcValue,6,4
 250              		.global	hamWordCheck
 251              		.comm	packets4,65,4
 252              		.comm	DMA_PAY_TD,1,4
 253              		.comm	DMA_PAY_Chan,1,1
 254              		.comm	dimLevel,1,1
 255              		.comm	symCnt,1,1
 256              		.comm	symTx,31,4
 257              		.comm	lMask,1,1
 258              		.comm	symbolNext,1,1
 259              		.comm	trackSum,2,2
 260              		.comm	m32Track,32,4
 261              		.comm	m16Track,16,4
 262              		.comm	m8Track,8,4
 263              		.comm	m4Track,4,4
ARM GAS  C:\Users\dr\AppData\Local\Temp\ccwid8mG.s 			page 7


 264              		.comm	m2Track,2,4
 265              		.comm	m32,32,4
 266              		.comm	m16,16,4
 267              		.comm	m8,8,4
 268              		.comm	m4,4,4
 269              		.comm	m2,2,4
 270              		.comm	modLevel,1,1
 271              		.comm	FLAG_TX_DONE,1,1
 272              		.comm	FLAG_TX_EVENT,1,1
 273              		.comm	DMA_HAM2SER_TD,1,4
 274              		.comm	DMA_HAM2SER_Chan,1,1
 275              		.comm	routingTable,30,4
 276              		.comm	deviceAddress,1,1
 277              		.comm	deviceID,8,4
 278              		.comm	i2cWord,27,4
 279              		.comm	i2cRun,1,1
 280              		.comm	i2cData,1,1
 281              		.comm	i2cInstr,1,1
 282              		.comm	i2cAddr,1,1
 283              		.comm	i2cBuf,27,4
 284              		.comm	c,1,1
 285              		.comm	i2cSda,1,1
 286              		.comm	i2cClk,1,1
 287              		.comm	i2cStart,1,1
 288              		.comm	sum,4,4
 289              		.comm	signalMean,2,2
 290              		.comm	send15Cont,1,1
 291              		.comm	stepSize,1,1
 292              		.comm	uart_type,1,1
 293              		.comm	pre,1,1
 294              		.comm	del,1,1
 295              		.comm	buffer_uart,64,4
 296              		.comm	test16,2,2
 297              		.comm	test8,1,1
 298              		.comm	serialTest,2,4
 299              		.comm	levels_82,4,4
 300              		.comm	levels_15,4,4
 301              		.comm	levels_48,16,4
 302              		.comm	i,4,4
 303              		.comm	FLAG_SER_TX_INIT,1,1
 304              		.comm	FLAG_SER_EVENT,1,1
 305              		.comm	bufferUart,64,4
 306 0002 00BF     		.data
 307              		.align	2
 308              		.type	colValH, %object
 309              		.size	colValH, 7
 310              	colValH:
 311 0000 07       		.byte	7
 312 0001 06       		.byte	6
 313 0002 05       		.byte	5
 314 0003 03       		.byte	3
 315 0004 04       		.byte	4
 316 0005 02       		.byte	2
 317 0006 01       		.byte	1
 318 0007 00       		.space	1
 319              		.type	H, %object
 320              		.size	H, 21
ARM GAS  C:\Users\dr\AppData\Local\Temp\ccwid8mG.s 			page 8


 321              	H:
 322 0008 01       		.byte	1
 323 0009 01       		.byte	1
 324 000a 01       		.byte	1
 325 000b 00       		.byte	0
 326 000c 01       		.byte	1
 327 000d 00       		.byte	0
 328 000e 00       		.byte	0
 329 000f 01       		.byte	1
 330 0010 01       		.byte	1
 331 0011 00       		.byte	0
 332 0012 01       		.byte	1
 333 0013 00       		.byte	0
 334 0014 01       		.byte	1
 335 0015 00       		.byte	0
 336 0016 01       		.byte	1
 337 0017 00       		.byte	0
 338 0018 01       		.byte	1
 339 0019 01       		.byte	1
 340 001a 00       		.byte	0
 341 001b 00       		.byte	0
 342 001c 01       		.byte	1
 343 001d 000000   		.space	3
 344              		.type	hamWordCheck, %object
 345              		.size	hamWordCheck, 16
 346              	hamWordCheck:
 347 0020 00       		.byte	0
 348 0021 47       		.byte	71
 349 0022 26       		.byte	38
 350 0023 61       		.byte	97
 351 0024 15       		.byte	21
 352 0025 52       		.byte	82
 353 0026 33       		.byte	51
 354 0027 74       		.byte	116
 355 0028 11       		.byte	17
 356 0029 4C       		.byte	76
 357 002a 2D       		.byte	45
 358 002b 6A       		.byte	106
 359 002c 1E       		.byte	30
 360 002d 59       		.byte	89
 361 002e 38       		.byte	56
 362 002f 3F       		.byte	63
 363              		.text
 364              	.Letext0:
 365              		.file 2 "c:\\program files (x86)\\cypress\\psoc creator\\4.1\\psoc creator\\import\\gnu\\arm\\5.4.
 366              		.file 3 "c:\\program files (x86)\\cypress\\psoc creator\\4.1\\psoc creator\\import\\gnu\\arm\\5.4.
 367              		.file 4 "Generated_Source\\PSoC5/cytypes.h"
 368              		.file 5 "dlm.h"
 369              		.file 6 "packetman.h"
 370              		.file 7 "Generated_Source\\PSoC5/core_cm3.h"
 371              		.file 8 "serial.h"
 372              		.file 9 "txsubsystem.h"
 373              		.file 10 "dimmingcontrol.h"
 374              		.file 11 "main.h"
 375              		.file 12 "rxsubsystem.h"
 376              		.file 13 "inputcontrol.h"
 377              		.file 14 "Generated_Source\\PSoC5/CREG_PAY_SIZE.h"
ARM GAS  C:\Users\dr\AppData\Local\Temp\ccwid8mG.s 			page 9


 378              		.file 15 "Generated_Source\\PSoC5/CyLib.h"
 379              		.section	.debug_info,"",%progbits
 380              	.Ldebug_info0:
 381 0000 BB0B0000 		.4byte	0xbbb
 382 0004 0400     		.2byte	0x4
 383 0006 00000000 		.4byte	.Ldebug_abbrev0
 384 000a 04       		.byte	0x4
 385 000b 01       		.uleb128 0x1
 386 000c 99010000 		.4byte	.LASF139
 387 0010 0C       		.byte	0xc
 388 0011 1E000000 		.4byte	.LASF140
 389 0015 DB030000 		.4byte	.LASF141
 390 0019 00000000 		.4byte	.Ldebug_ranges0+0
 391 001d 00000000 		.4byte	0
 392 0021 00000000 		.4byte	.Ldebug_line0
 393 0025 02       		.uleb128 0x2
 394 0026 01       		.byte	0x1
 395 0027 06       		.byte	0x6
 396 0028 E7050000 		.4byte	.LASF0
 397 002c 03       		.uleb128 0x3
 398 002d FF040000 		.4byte	.LASF4
 399 0031 02       		.byte	0x2
 400 0032 1D       		.byte	0x1d
 401 0033 37000000 		.4byte	0x37
 402 0037 02       		.uleb128 0x2
 403 0038 01       		.byte	0x1
 404 0039 08       		.byte	0x8
 405 003a A7050000 		.4byte	.LASF1
 406 003e 02       		.uleb128 0x2
 407 003f 02       		.byte	0x2
 408 0040 05       		.byte	0x5
 409 0041 8C040000 		.4byte	.LASF2
 410 0045 02       		.uleb128 0x2
 411 0046 02       		.byte	0x2
 412 0047 07       		.byte	0x7
 413 0048 F3050000 		.4byte	.LASF3
 414 004c 03       		.uleb128 0x3
 415 004d 80000000 		.4byte	.LASF5
 416 0051 02       		.byte	0x2
 417 0052 3F       		.byte	0x3f
 418 0053 57000000 		.4byte	0x57
 419 0057 02       		.uleb128 0x2
 420 0058 04       		.byte	0x4
 421 0059 05       		.byte	0x5
 422 005a A1040000 		.4byte	.LASF6
 423 005e 02       		.uleb128 0x2
 424 005f 04       		.byte	0x4
 425 0060 07       		.byte	0x7
 426 0061 70050000 		.4byte	.LASF7
 427 0065 02       		.uleb128 0x2
 428 0066 08       		.byte	0x8
 429 0067 05       		.byte	0x5
 430 0068 80030000 		.4byte	.LASF8
 431 006c 02       		.uleb128 0x2
 432 006d 08       		.byte	0x8
 433 006e 07       		.byte	0x7
 434 006f 54010000 		.4byte	.LASF9
ARM GAS  C:\Users\dr\AppData\Local\Temp\ccwid8mG.s 			page 10


 435 0073 04       		.uleb128 0x4
 436 0074 04       		.byte	0x4
 437 0075 05       		.byte	0x5
 438 0076 696E7400 		.ascii	"int\000"
 439 007a 02       		.uleb128 0x2
 440 007b 04       		.byte	0x4
 441 007c 07       		.byte	0x7
 442 007d 57000000 		.4byte	.LASF10
 443 0081 03       		.uleb128 0x3
 444 0082 1B030000 		.4byte	.LASF11
 445 0086 03       		.byte	0x3
 446 0087 18       		.byte	0x18
 447 0088 2C000000 		.4byte	0x2c
 448 008c 03       		.uleb128 0x3
 449 008d 82050000 		.4byte	.LASF12
 450 0091 03       		.byte	0x3
 451 0092 2C       		.byte	0x2c
 452 0093 4C000000 		.4byte	0x4c
 453 0097 05       		.uleb128 0x5
 454 0098 25060000 		.4byte	.LASF13
 455 009c 04       		.byte	0x4
 456 009d 9201     		.2byte	0x192
 457 009f 37000000 		.4byte	0x37
 458 00a3 05       		.uleb128 0x5
 459 00a4 F8020000 		.4byte	.LASF14
 460 00a8 04       		.byte	0x4
 461 00a9 9301     		.2byte	0x193
 462 00ab 45000000 		.4byte	0x45
 463 00af 05       		.uleb128 0x5
 464 00b0 D4030000 		.4byte	.LASF15
 465 00b4 04       		.byte	0x4
 466 00b5 9401     		.2byte	0x194
 467 00b7 5E000000 		.4byte	0x5e
 468 00bb 05       		.uleb128 0x5
 469 00bc FF020000 		.4byte	.LASF16
 470 00c0 04       		.byte	0x4
 471 00c1 9501     		.2byte	0x195
 472 00c3 25000000 		.4byte	0x25
 473 00c7 05       		.uleb128 0x5
 474 00c8 8A000000 		.4byte	.LASF17
 475 00cc 04       		.byte	0x4
 476 00cd 9601     		.2byte	0x196
 477 00cf 3E000000 		.4byte	0x3e
 478 00d3 02       		.uleb128 0x2
 479 00d4 04       		.byte	0x4
 480 00d5 04       		.byte	0x4
 481 00d6 23010000 		.4byte	.LASF18
 482 00da 02       		.uleb128 0x2
 483 00db 08       		.byte	0x8
 484 00dc 04       		.byte	0x4
 485 00dd 2B060000 		.4byte	.LASF19
 486 00e1 02       		.uleb128 0x2
 487 00e2 01       		.byte	0x1
 488 00e3 08       		.byte	0x8
 489 00e4 A5020000 		.4byte	.LASF20
 490 00e8 02       		.uleb128 0x2
 491 00e9 08       		.byte	0x8
ARM GAS  C:\Users\dr\AppData\Local\Temp\ccwid8mG.s 			page 11


 492 00ea 04       		.byte	0x4
 493 00eb 4F040000 		.4byte	.LASF21
 494 00ef 02       		.uleb128 0x2
 495 00f0 04       		.byte	0x4
 496 00f1 07       		.byte	0x7
 497 00f2 44050000 		.4byte	.LASF22
 498 00f6 06       		.uleb128 0x6
 499 00f7 03       		.byte	0x3
 500 00f8 05       		.byte	0x5
 501 00f9 2A       		.byte	0x2a
 502 00fa 23010000 		.4byte	0x123
 503 00fe 07       		.uleb128 0x7
 504 00ff E2040000 		.4byte	.LASF23
 505 0103 05       		.byte	0x5
 506 0104 2B       		.byte	0x2b
 507 0105 97000000 		.4byte	0x97
 508 0109 00       		.byte	0
 509 010a 07       		.uleb128 0x7
 510 010b 32060000 		.4byte	.LASF24
 511 010f 05       		.byte	0x5
 512 0110 2C       		.byte	0x2c
 513 0111 97000000 		.4byte	0x97
 514 0115 01       		.byte	0x1
 515 0116 07       		.uleb128 0x7
 516 0117 13050000 		.4byte	.LASF25
 517 011b 05       		.byte	0x5
 518 011c 2D       		.byte	0x2d
 519 011d 97000000 		.4byte	0x97
 520 0121 02       		.byte	0x2
 521 0122 00       		.byte	0
 522 0123 03       		.uleb128 0x3
 523 0124 7F020000 		.4byte	.LASF26
 524 0128 05       		.byte	0x5
 525 0129 2E       		.byte	0x2e
 526 012a F6000000 		.4byte	0xf6
 527 012e 06       		.uleb128 0x6
 528 012f 0A       		.byte	0xa
 529 0130 05       		.byte	0x5
 530 0131 30       		.byte	0x30
 531 0132 4F010000 		.4byte	0x14f
 532 0136 07       		.uleb128 0x7
 533 0137 6D040000 		.4byte	.LASF27
 534 013b 05       		.byte	0x5
 535 013c 31       		.byte	0x31
 536 013d 4F010000 		.4byte	0x14f
 537 0141 00       		.byte	0
 538 0142 07       		.uleb128 0x7
 539 0143 32060000 		.4byte	.LASF24
 540 0147 05       		.byte	0x5
 541 0148 32       		.byte	0x32
 542 0149 97000000 		.4byte	0x97
 543 014d 09       		.byte	0x9
 544 014e 00       		.byte	0
 545 014f 08       		.uleb128 0x8
 546 0150 23010000 		.4byte	0x123
 547 0154 5F010000 		.4byte	0x15f
 548 0158 09       		.uleb128 0x9
ARM GAS  C:\Users\dr\AppData\Local\Temp\ccwid8mG.s 			page 12


 549 0159 EF000000 		.4byte	0xef
 550 015d 02       		.byte	0x2
 551 015e 00       		.byte	0
 552 015f 03       		.uleb128 0x3
 553 0160 55020000 		.4byte	.LASF28
 554 0164 05       		.byte	0x5
 555 0165 33       		.byte	0x33
 556 0166 2E010000 		.4byte	0x12e
 557 016a 08       		.uleb128 0x8
 558 016b 97000000 		.4byte	0x97
 559 016f 7A010000 		.4byte	0x17a
 560 0173 09       		.uleb128 0x9
 561 0174 EF000000 		.4byte	0xef
 562 0178 03       		.byte	0x3
 563 0179 00       		.byte	0
 564 017a 02       		.uleb128 0x2
 565 017b 01       		.byte	0x1
 566 017c 02       		.byte	0x2
 567 017d 4F020000 		.4byte	.LASF29
 568 0181 06       		.uleb128 0x6
 569 0182 0D       		.byte	0xd
 570 0183 06       		.byte	0x6
 571 0184 32       		.byte	0x32
 572 0185 BA010000 		.4byte	0x1ba
 573 0189 07       		.uleb128 0x7
 574 018a 6C000000 		.4byte	.LASF30
 575 018e 06       		.byte	0x6
 576 018f 33       		.byte	0x33
 577 0190 6A010000 		.4byte	0x16a
 578 0194 00       		.byte	0
 579 0195 07       		.uleb128 0x7
 580 0196 14040000 		.4byte	.LASF31
 581 019a 06       		.byte	0x6
 582 019b 34       		.byte	0x34
 583 019c 6A010000 		.4byte	0x16a
 584 01a0 04       		.byte	0x4
 585 01a1 07       		.uleb128 0x7
 586 01a2 35020000 		.4byte	.LASF32
 587 01a6 06       		.byte	0x6
 588 01a7 35       		.byte	0x35
 589 01a8 6A010000 		.4byte	0x16a
 590 01ac 08       		.byte	0x8
 591 01ad 07       		.uleb128 0x7
 592 01ae E7000000 		.4byte	.LASF33
 593 01b2 06       		.byte	0x6
 594 01b3 36       		.byte	0x36
 595 01b4 7A010000 		.4byte	0x17a
 596 01b8 0C       		.byte	0xc
 597 01b9 00       		.byte	0
 598 01ba 03       		.uleb128 0x3
 599 01bb 8A050000 		.4byte	.LASF34
 600 01bf 06       		.byte	0x6
 601 01c0 37       		.byte	0x37
 602 01c1 81010000 		.4byte	0x181
 603 01c5 0A       		.uleb128 0xa
 604 01c6 10060000 		.4byte	.LASF142
 605 01ca 01       		.byte	0x1
ARM GAS  C:\Users\dr\AppData\Local\Temp\ccwid8mG.s 			page 13


 606 01cb 0E       		.byte	0xe
 607 01cc 73000000 		.4byte	0x73
 608 01d0 00000000 		.4byte	.LFB63
 609 01d4 E0000000 		.4byte	.LFE63-.LFB63
 610 01d8 01       		.uleb128 0x1
 611 01d9 9C       		.byte	0x9c
 612 01da FA020000 		.4byte	0x2fa
 613 01de 0B       		.uleb128 0xb
 614 01df 2E000000 		.4byte	.LBB2
 615 01e3 38000000 		.4byte	.LBE2-.LBB2
 616 01e7 84020000 		.4byte	0x284
 617 01eb 0C       		.uleb128 0xc
 618 01ec C1030000 		.4byte	.LASF128
 619 01f0 01       		.byte	0x1
 620 01f1 27       		.byte	0x27
 621 01f2 73000000 		.4byte	0x73
 622 01f6 FC010000 		.4byte	0x1fc
 623 01fa 0D       		.uleb128 0xd
 624 01fb 00       		.byte	0
 625 01fc 0E       		.uleb128 0xe
 626 01fd 36000000 		.4byte	.LVL7
 627 0201 2F0B0000 		.4byte	0xb2f
 628 0205 18020000 		.4byte	0x218
 629 0209 0F       		.uleb128 0xf
 630 020a 01       		.uleb128 0x1
 631 020b 50       		.byte	0x50
 632 020c 05       		.uleb128 0x5
 633 020d 03       		.byte	0x3
 634 020e 08000000 		.4byte	packets4+8
 635 0212 0F       		.uleb128 0xf
 636 0213 01       		.uleb128 0x1
 637 0214 51       		.byte	0x51
 638 0215 01       		.uleb128 0x1
 639 0216 31       		.byte	0x31
 640 0217 00       		.byte	0
 641 0218 0E       		.uleb128 0xe
 642 0219 3C000000 		.4byte	.LVL8
 643 021d 3A0B0000 		.4byte	0xb3a
 644 0221 2B020000 		.4byte	0x22b
 645 0225 0F       		.uleb128 0xf
 646 0226 01       		.uleb128 0x1
 647 0227 50       		.byte	0x50
 648 0228 01       		.uleb128 0x1
 649 0229 32       		.byte	0x32
 650 022a 00       		.byte	0
 651 022b 0E       		.uleb128 0xe
 652 022c 4C000000 		.4byte	.LVL9
 653 0230 450B0000 		.4byte	0xb45
 654 0234 3E020000 		.4byte	0x23e
 655 0238 0F       		.uleb128 0xf
 656 0239 01       		.uleb128 0x1
 657 023a 50       		.byte	0x50
 658 023b 01       		.uleb128 0x1
 659 023c 31       		.byte	0x31
 660 023d 00       		.byte	0
 661 023e 0E       		.uleb128 0xe
 662 023f 52000000 		.4byte	.LVL10
ARM GAS  C:\Users\dr\AppData\Local\Temp\ccwid8mG.s 			page 14


 663 0243 500B0000 		.4byte	0xb50
 664 0247 51020000 		.4byte	0x251
 665 024b 0F       		.uleb128 0xf
 666 024c 01       		.uleb128 0x1
 667 024d 50       		.byte	0x50
 668 024e 01       		.uleb128 0x1
 669 024f 3A       		.byte	0x3a
 670 0250 00       		.byte	0
 671 0251 0E       		.uleb128 0xe
 672 0252 58000000 		.4byte	.LVL11
 673 0256 450B0000 		.4byte	0xb45
 674 025a 65020000 		.4byte	0x265
 675 025e 0F       		.uleb128 0xf
 676 025f 01       		.uleb128 0x1
 677 0260 50       		.byte	0x50
 678 0261 02       		.uleb128 0x2
 679 0262 74       		.byte	0x74
 680 0263 00       		.sleb128 0
 681 0264 00       		.byte	0
 682 0265 10       		.uleb128 0x10
 683 0266 62000000 		.4byte	.LVL12
 684 026a 5B0B0000 		.4byte	0xb5b
 685 026e 0F       		.uleb128 0xf
 686 026f 01       		.uleb128 0x1
 687 0270 50       		.byte	0x50
 688 0271 05       		.uleb128 0x5
 689 0272 03       		.byte	0x3
 690 0273 00000000 		.4byte	symTx
 691 0277 0F       		.uleb128 0xf
 692 0278 01       		.uleb128 0x1
 693 0279 51       		.byte	0x51
 694 027a 01       		.uleb128 0x1
 695 027b 31       		.byte	0x31
 696 027c 0F       		.uleb128 0xf
 697 027d 01       		.uleb128 0x1
 698 027e 52       		.byte	0x52
 699 027f 02       		.uleb128 0x2
 700 0280 09       		.byte	0x9
 701 0281 9A       		.byte	0x9a
 702 0282 00       		.byte	0
 703 0283 00       		.byte	0
 704 0284 11       		.uleb128 0x11
 705 0285 08000000 		.4byte	.LVL0
 706 0289 660B0000 		.4byte	0xb66
 707 028d 11       		.uleb128 0x11
 708 028e 0C000000 		.4byte	.LVL1
 709 0292 710B0000 		.4byte	0xb71
 710 0296 11       		.uleb128 0x11
 711 0297 10000000 		.4byte	.LVL2
 712 029b 7C0B0000 		.4byte	0xb7c
 713 029f 11       		.uleb128 0x11
 714 02a0 14000000 		.4byte	.LVL3
 715 02a4 870B0000 		.4byte	0xb87
 716 02a8 11       		.uleb128 0x11
 717 02a9 18000000 		.4byte	.LVL4
 718 02ad 920B0000 		.4byte	0xb92
 719 02b1 0E       		.uleb128 0xe
ARM GAS  C:\Users\dr\AppData\Local\Temp\ccwid8mG.s 			page 15


 720 02b2 1E000000 		.4byte	.LVL5
 721 02b6 9D0B0000 		.4byte	0xb9d
 722 02ba C5020000 		.4byte	0x2c5
 723 02be 0F       		.uleb128 0xf
 724 02bf 01       		.uleb128 0x1
 725 02c0 50       		.byte	0x50
 726 02c1 02       		.uleb128 0x2
 727 02c2 08       		.byte	0x8
 728 02c3 32       		.byte	0x32
 729 02c4 00       		.byte	0
 730 02c5 11       		.uleb128 0x11
 731 02c6 22000000 		.4byte	.LVL6
 732 02ca A80B0000 		.4byte	0xba8
 733 02ce 0E       		.uleb128 0xe
 734 02cf 82000000 		.4byte	.LVL13
 735 02d3 5B0B0000 		.4byte	0xb5b
 736 02d7 F0020000 		.4byte	0x2f0
 737 02db 0F       		.uleb128 0xf
 738 02dc 01       		.uleb128 0x1
 739 02dd 50       		.byte	0x50
 740 02de 05       		.uleb128 0x5
 741 02df 03       		.byte	0x3
 742 02e0 00000000 		.4byte	symTx
 743 02e4 0F       		.uleb128 0xf
 744 02e5 01       		.uleb128 0x1
 745 02e6 51       		.byte	0x51
 746 02e7 01       		.uleb128 0x1
 747 02e8 34       		.byte	0x34
 748 02e9 0F       		.uleb128 0xf
 749 02ea 01       		.uleb128 0x1
 750 02eb 52       		.byte	0x52
 751 02ec 02       		.uleb128 0x2
 752 02ed 09       		.byte	0x9
 753 02ee 99       		.byte	0x99
 754 02ef 00       		.byte	0
 755 02f0 11       		.uleb128 0x11
 756 02f1 A8000000 		.4byte	.LVL14
 757 02f5 B30B0000 		.4byte	0xbb3
 758 02f9 00       		.byte	0
 759 02fa 12       		.uleb128 0x12
 760 02fb FF000000 		.4byte	.LASF143
 761 02ff 01       		.byte	0x1
 762 0300 4E       		.byte	0x4e
 763 0301 00000000 		.4byte	.LFB64
 764 0305 02000000 		.4byte	.LFE64-.LFB64
 765 0309 01       		.uleb128 0x1
 766 030a 9C       		.byte	0x9c
 767 030b 13       		.uleb128 0x13
 768 030c B6040000 		.4byte	.LASF35
 769 0310 07       		.byte	0x7
 770 0311 1207     		.2byte	0x712
 771 0313 17030000 		.4byte	0x317
 772 0317 14       		.uleb128 0x14
 773 0318 8C000000 		.4byte	0x8c
 774 031c 08       		.uleb128 0x8
 775 031d 97000000 		.4byte	0x97
 776 0321 2C030000 		.4byte	0x32c
ARM GAS  C:\Users\dr\AppData\Local\Temp\ccwid8mG.s 			page 16


 777 0325 09       		.uleb128 0x9
 778 0326 EF000000 		.4byte	0xef
 779 032a 3F       		.byte	0x3f
 780 032b 00       		.byte	0
 781 032c 15       		.uleb128 0x15
 782 032d ED000000 		.4byte	.LASF36
 783 0331 08       		.byte	0x8
 784 0332 79       		.byte	0x79
 785 0333 1C030000 		.4byte	0x31c
 786 0337 05       		.uleb128 0x5
 787 0338 03       		.byte	0x3
 788 0339 00000000 		.4byte	bufferUart
 789 033d 15       		.uleb128 0x15
 790 033e 2E000000 		.4byte	.LASF37
 791 0342 08       		.byte	0x8
 792 0343 7B       		.byte	0x7b
 793 0344 7A010000 		.4byte	0x17a
 794 0348 05       		.uleb128 0x5
 795 0349 03       		.byte	0x3
 796 034a 00000000 		.4byte	FLAG_SER_EVENT
 797 034e 15       		.uleb128 0x15
 798 034f 12010000 		.4byte	.LASF38
 799 0353 08       		.byte	0x8
 800 0354 7C       		.byte	0x7c
 801 0355 7A010000 		.4byte	0x17a
 802 0359 05       		.uleb128 0x5
 803 035a 03       		.byte	0x3
 804 035b 00000000 		.4byte	FLAG_SER_TX_INIT
 805 035f 16       		.uleb128 0x16
 806 0360 6900     		.ascii	"i\000"
 807 0362 08       		.byte	0x8
 808 0363 7F       		.byte	0x7f
 809 0364 73000000 		.4byte	0x73
 810 0368 05       		.uleb128 0x5
 811 0369 03       		.byte	0x3
 812 036a 00000000 		.4byte	i
 813 036e 08       		.uleb128 0x8
 814 036f 97000000 		.4byte	0x97
 815 0373 7E030000 		.4byte	0x37e
 816 0377 09       		.uleb128 0x9
 817 0378 EF000000 		.4byte	0xef
 818 037c 0F       		.byte	0xf
 819 037d 00       		.byte	0
 820 037e 15       		.uleb128 0x15
 821 037f 11030000 		.4byte	.LASF39
 822 0383 08       		.byte	0x8
 823 0384 81       		.byte	0x81
 824 0385 6E030000 		.4byte	0x36e
 825 0389 05       		.uleb128 0x5
 826 038a 03       		.byte	0x3
 827 038b 00000000 		.4byte	levels_48
 828 038f 15       		.uleb128 0x15
 829 0390 6B010000 		.4byte	.LASF40
 830 0394 08       		.byte	0x8
 831 0395 82       		.byte	0x82
 832 0396 6A010000 		.4byte	0x16a
 833 039a 05       		.uleb128 0x5
ARM GAS  C:\Users\dr\AppData\Local\Temp\ccwid8mG.s 			page 17


 834 039b 03       		.byte	0x3
 835 039c 00000000 		.4byte	levels_15
 836 03a0 15       		.uleb128 0x15
 837 03a1 D1040000 		.4byte	.LASF41
 838 03a5 08       		.byte	0x8
 839 03a6 83       		.byte	0x83
 840 03a7 6A010000 		.4byte	0x16a
 841 03ab 05       		.uleb128 0x5
 842 03ac 03       		.byte	0x3
 843 03ad 00000000 		.4byte	levels_82
 844 03b1 08       		.uleb128 0x8
 845 03b2 97000000 		.4byte	0x97
 846 03b6 C1030000 		.4byte	0x3c1
 847 03ba 09       		.uleb128 0x9
 848 03bb EF000000 		.4byte	0xef
 849 03bf 01       		.byte	0x1
 850 03c0 00       		.byte	0
 851 03c1 15       		.uleb128 0x15
 852 03c2 96040000 		.4byte	.LASF42
 853 03c6 08       		.byte	0x8
 854 03c7 85       		.byte	0x85
 855 03c8 B1030000 		.4byte	0x3b1
 856 03cc 05       		.uleb128 0x5
 857 03cd 03       		.byte	0x3
 858 03ce 00000000 		.4byte	serialTest
 859 03d2 15       		.uleb128 0x15
 860 03d3 44060000 		.4byte	.LASF43
 861 03d7 08       		.byte	0x8
 862 03d8 86       		.byte	0x86
 863 03d9 97000000 		.4byte	0x97
 864 03dd 05       		.uleb128 0x5
 865 03de 03       		.byte	0x3
 866 03df 00000000 		.4byte	test8
 867 03e3 15       		.uleb128 0x15
 868 03e4 F8000000 		.4byte	.LASF44
 869 03e8 08       		.byte	0x8
 870 03e9 87       		.byte	0x87
 871 03ea A3000000 		.4byte	0xa3
 872 03ee 05       		.uleb128 0x5
 873 03ef 03       		.byte	0x3
 874 03f0 00000000 		.4byte	test16
 875 03f4 15       		.uleb128 0x15
 876 03f5 78040000 		.4byte	.LASF45
 877 03f9 08       		.byte	0x8
 878 03fa 89       		.byte	0x89
 879 03fb 1C030000 		.4byte	0x31c
 880 03ff 05       		.uleb128 0x5
 881 0400 03       		.byte	0x3
 882 0401 00000000 		.4byte	buffer_uart
 883 0405 16       		.uleb128 0x16
 884 0406 64656C00 		.ascii	"del\000"
 885 040a 08       		.byte	0x8
 886 040b 8B       		.byte	0x8b
 887 040c 97000000 		.4byte	0x97
 888 0410 05       		.uleb128 0x5
 889 0411 03       		.byte	0x3
 890 0412 00000000 		.4byte	del
ARM GAS  C:\Users\dr\AppData\Local\Temp\ccwid8mG.s 			page 18


 891 0416 16       		.uleb128 0x16
 892 0417 70726500 		.ascii	"pre\000"
 893 041b 08       		.byte	0x8
 894 041c 8C       		.byte	0x8c
 895 041d 97000000 		.4byte	0x97
 896 0421 05       		.uleb128 0x5
 897 0422 03       		.byte	0x3
 898 0423 00000000 		.4byte	pre
 899 0427 15       		.uleb128 0x15
 900 0428 B5050000 		.4byte	.LASF46
 901 042c 08       		.byte	0x8
 902 042d 8E       		.byte	0x8e
 903 042e 97000000 		.4byte	0x97
 904 0432 05       		.uleb128 0x5
 905 0433 03       		.byte	0x3
 906 0434 00000000 		.4byte	uart_type
 907 0438 15       		.uleb128 0x15
 908 0439 64040000 		.4byte	.LASF47
 909 043d 08       		.byte	0x8
 910 043e 90       		.byte	0x90
 911 043f 97000000 		.4byte	0x97
 912 0443 05       		.uleb128 0x5
 913 0444 03       		.byte	0x3
 914 0445 00000000 		.4byte	stepSize
 915 0449 15       		.uleb128 0x15
 916 044a 9A020000 		.4byte	.LASF48
 917 044e 08       		.byte	0x8
 918 044f 92       		.byte	0x92
 919 0450 7A010000 		.4byte	0x17a
 920 0454 05       		.uleb128 0x5
 921 0455 03       		.byte	0x3
 922 0456 00000000 		.4byte	send15Cont
 923 045a 15       		.uleb128 0x15
 924 045b 8F020000 		.4byte	.LASF49
 925 045f 08       		.byte	0x8
 926 0460 94       		.byte	0x94
 927 0461 A3000000 		.4byte	0xa3
 928 0465 05       		.uleb128 0x5
 929 0466 03       		.byte	0x3
 930 0467 00000000 		.4byte	signalMean
 931 046b 16       		.uleb128 0x16
 932 046c 73756D00 		.ascii	"sum\000"
 933 0470 08       		.byte	0x8
 934 0471 95       		.byte	0x95
 935 0472 AF000000 		.4byte	0xaf
 936 0476 05       		.uleb128 0x5
 937 0477 03       		.byte	0x3
 938 0478 00000000 		.4byte	sum
 939 047c 15       		.uleb128 0x15
 940 047d 62030000 		.4byte	.LASF50
 941 0481 08       		.byte	0x8
 942 0482 97       		.byte	0x97
 943 0483 97000000 		.4byte	0x97
 944 0487 05       		.uleb128 0x5
 945 0488 03       		.byte	0x3
 946 0489 00000000 		.4byte	i2cStart
 947 048d 15       		.uleb128 0x15
ARM GAS  C:\Users\dr\AppData\Local\Temp\ccwid8mG.s 			page 19


 948 048e AD030000 		.4byte	.LASF51
 949 0492 08       		.byte	0x8
 950 0493 98       		.byte	0x98
 951 0494 97000000 		.4byte	0x97
 952 0498 05       		.uleb128 0x5
 953 0499 03       		.byte	0x3
 954 049a 00000000 		.4byte	i2cClk
 955 049e 15       		.uleb128 0x15
 956 049f 48020000 		.4byte	.LASF52
 957 04a3 08       		.byte	0x8
 958 04a4 99       		.byte	0x99
 959 04a5 97000000 		.4byte	0x97
 960 04a9 05       		.uleb128 0x5
 961 04aa 03       		.byte	0x3
 962 04ab 00000000 		.4byte	i2cSda
 963 04af 16       		.uleb128 0x16
 964 04b0 6300     		.ascii	"c\000"
 965 04b2 08       		.byte	0x8
 966 04b3 9A       		.byte	0x9a
 967 04b4 97000000 		.4byte	0x97
 968 04b8 05       		.uleb128 0x5
 969 04b9 03       		.byte	0x3
 970 04ba 00000000 		.4byte	c
 971 04be 08       		.uleb128 0x8
 972 04bf 97000000 		.4byte	0x97
 973 04c3 CE040000 		.4byte	0x4ce
 974 04c7 09       		.uleb128 0x9
 975 04c8 EF000000 		.4byte	0xef
 976 04cc 1A       		.byte	0x1a
 977 04cd 00       		.byte	0
 978 04ce 15       		.uleb128 0x15
 979 04cf DB040000 		.4byte	.LASF53
 980 04d3 08       		.byte	0x8
 981 04d4 9B       		.byte	0x9b
 982 04d5 BE040000 		.4byte	0x4be
 983 04d9 05       		.uleb128 0x5
 984 04da 03       		.byte	0x3
 985 04db 00000000 		.4byte	i2cBuf
 986 04df 15       		.uleb128 0x15
 987 04e0 84040000 		.4byte	.LASF54
 988 04e4 08       		.byte	0x8
 989 04e5 9D       		.byte	0x9d
 990 04e6 97000000 		.4byte	0x97
 991 04ea 05       		.uleb128 0x5
 992 04eb 03       		.byte	0x3
 993 04ec 00000000 		.4byte	i2cAddr
 994 04f0 15       		.uleb128 0x15
 995 04f1 3B050000 		.4byte	.LASF55
 996 04f5 08       		.byte	0x8
 997 04f6 9E       		.byte	0x9e
 998 04f7 97000000 		.4byte	0x97
 999 04fb 05       		.uleb128 0x5
 1000 04fc 03       		.byte	0x3
 1001 04fd 00000000 		.4byte	i2cInstr
 1002 0501 15       		.uleb128 0x15
 1003 0502 3B010000 		.4byte	.LASF56
 1004 0506 08       		.byte	0x8
ARM GAS  C:\Users\dr\AppData\Local\Temp\ccwid8mG.s 			page 20


 1005 0507 9F       		.byte	0x9f
 1006 0508 97000000 		.4byte	0x97
 1007 050c 05       		.uleb128 0x5
 1008 050d 03       		.byte	0x3
 1009 050e 00000000 		.4byte	i2cData
 1010 0512 15       		.uleb128 0x15
 1011 0513 47000000 		.4byte	.LASF57
 1012 0517 08       		.byte	0x8
 1013 0518 A0       		.byte	0xa0
 1014 0519 97000000 		.4byte	0x97
 1015 051d 05       		.uleb128 0x5
 1016 051e 03       		.byte	0x3
 1017 051f 00000000 		.4byte	i2cRun
 1018 0523 15       		.uleb128 0x15
 1019 0524 47040000 		.4byte	.LASF58
 1020 0528 08       		.byte	0x8
 1021 0529 A2       		.byte	0xa2
 1022 052a BE040000 		.4byte	0x4be
 1023 052e 05       		.uleb128 0x5
 1024 052f 03       		.byte	0x3
 1025 0530 00000000 		.4byte	i2cWord
 1026 0534 08       		.uleb128 0x8
 1027 0535 AF000000 		.4byte	0xaf
 1028 0539 44050000 		.4byte	0x544
 1029 053d 09       		.uleb128 0x9
 1030 053e EF000000 		.4byte	0xef
 1031 0542 01       		.byte	0x1
 1032 0543 00       		.byte	0
 1033 0544 15       		.uleb128 0x15
 1034 0545 1C060000 		.4byte	.LASF59
 1035 0549 05       		.byte	0x5
 1036 054a 37       		.byte	0x37
 1037 054b 34050000 		.4byte	0x534
 1038 054f 05       		.uleb128 0x5
 1039 0550 03       		.byte	0x3
 1040 0551 00000000 		.4byte	deviceID
 1041 0555 15       		.uleb128 0x15
 1042 0556 CD000000 		.4byte	.LASF60
 1043 055a 05       		.byte	0x5
 1044 055b 38       		.byte	0x38
 1045 055c 97000000 		.4byte	0x97
 1046 0560 05       		.uleb128 0x5
 1047 0561 03       		.byte	0x3
 1048 0562 00000000 		.4byte	deviceAddress
 1049 0566 08       		.uleb128 0x8
 1050 0567 5F010000 		.4byte	0x15f
 1051 056b 76050000 		.4byte	0x576
 1052 056f 09       		.uleb128 0x9
 1053 0570 EF000000 		.4byte	0xef
 1054 0574 02       		.byte	0x2
 1055 0575 00       		.byte	0
 1056 0576 15       		.uleb128 0x15
 1057 0577 B4030000 		.4byte	.LASF61
 1058 057b 05       		.byte	0x5
 1059 057c 39       		.byte	0x39
 1060 057d 66050000 		.4byte	0x566
 1061 0581 05       		.uleb128 0x5
ARM GAS  C:\Users\dr\AppData\Local\Temp\ccwid8mG.s 			page 21


 1062 0582 03       		.byte	0x3
 1063 0583 00000000 		.4byte	routingTable
 1064 0587 15       		.uleb128 0x15
 1065 0588 6E020000 		.4byte	.LASF62
 1066 058c 09       		.byte	0x9
 1067 058d 19       		.byte	0x19
 1068 058e 97000000 		.4byte	0x97
 1069 0592 05       		.uleb128 0x5
 1070 0593 03       		.byte	0x3
 1071 0594 00000000 		.4byte	DMA_HAM2SER_Chan
 1072 0598 08       		.uleb128 0x8
 1073 0599 97000000 		.4byte	0x97
 1074 059d A8050000 		.4byte	0x5a8
 1075 05a1 09       		.uleb128 0x9
 1076 05a2 EF000000 		.4byte	0xef
 1077 05a6 00       		.byte	0
 1078 05a7 00       		.byte	0
 1079 05a8 15       		.uleb128 0x15
 1080 05a9 CB050000 		.4byte	.LASF63
 1081 05ad 09       		.byte	0x9
 1082 05ae 1A       		.byte	0x1a
 1083 05af 98050000 		.4byte	0x598
 1084 05b3 05       		.uleb128 0x5
 1085 05b4 03       		.byte	0x3
 1086 05b5 00000000 		.4byte	DMA_HAM2SER_TD
 1087 05b9 15       		.uleb128 0x15
 1088 05ba C3040000 		.4byte	.LASF64
 1089 05be 09       		.byte	0x9
 1090 05bf 2C       		.byte	0x2c
 1091 05c0 7A010000 		.4byte	0x17a
 1092 05c4 05       		.uleb128 0x5
 1093 05c5 03       		.byte	0x3
 1094 05c6 00000000 		.4byte	FLAG_TX_EVENT
 1095 05ca 15       		.uleb128 0x15
 1096 05cb 73030000 		.4byte	.LASF65
 1097 05cf 09       		.byte	0x9
 1098 05d0 2D       		.byte	0x2d
 1099 05d1 7A010000 		.4byte	0x17a
 1100 05d5 05       		.uleb128 0x5
 1101 05d6 03       		.byte	0x3
 1102 05d7 00000000 		.4byte	FLAG_TX_DONE
 1103 05db 15       		.uleb128 0x15
 1104 05dc 13050000 		.4byte	.LASF25
 1105 05e0 09       		.byte	0x9
 1106 05e1 30       		.byte	0x30
 1107 05e2 97000000 		.4byte	0x97
 1108 05e6 05       		.uleb128 0x5
 1109 05e7 03       		.byte	0x3
 1110 05e8 00000000 		.4byte	modLevel
 1111 05ec 16       		.uleb128 0x16
 1112 05ed 6D3200   		.ascii	"m2\000"
 1113 05f0 09       		.byte	0x9
 1114 05f1 31       		.byte	0x31
 1115 05f2 B1030000 		.4byte	0x3b1
 1116 05f6 05       		.uleb128 0x5
 1117 05f7 03       		.byte	0x3
 1118 05f8 00000000 		.4byte	m2
ARM GAS  C:\Users\dr\AppData\Local\Temp\ccwid8mG.s 			page 22


 1119 05fc 16       		.uleb128 0x16
 1120 05fd 6D3400   		.ascii	"m4\000"
 1121 0600 09       		.byte	0x9
 1122 0601 32       		.byte	0x32
 1123 0602 6A010000 		.4byte	0x16a
 1124 0606 05       		.uleb128 0x5
 1125 0607 03       		.byte	0x3
 1126 0608 00000000 		.4byte	m4
 1127 060c 08       		.uleb128 0x8
 1128 060d 97000000 		.4byte	0x97
 1129 0611 1C060000 		.4byte	0x61c
 1130 0615 09       		.uleb128 0x9
 1131 0616 EF000000 		.4byte	0xef
 1132 061a 07       		.byte	0x7
 1133 061b 00       		.byte	0
 1134 061c 16       		.uleb128 0x16
 1135 061d 6D3800   		.ascii	"m8\000"
 1136 0620 09       		.byte	0x9
 1137 0621 33       		.byte	0x33
 1138 0622 0C060000 		.4byte	0x60c
 1139 0626 05       		.uleb128 0x5
 1140 0627 03       		.byte	0x3
 1141 0628 00000000 		.4byte	m8
 1142 062c 16       		.uleb128 0x16
 1143 062d 6D313600 		.ascii	"m16\000"
 1144 0631 09       		.byte	0x9
 1145 0632 34       		.byte	0x34
 1146 0633 6E030000 		.4byte	0x36e
 1147 0637 05       		.uleb128 0x5
 1148 0638 03       		.byte	0x3
 1149 0639 00000000 		.4byte	m16
 1150 063d 08       		.uleb128 0x8
 1151 063e 97000000 		.4byte	0x97
 1152 0642 4D060000 		.4byte	0x64d
 1153 0646 09       		.uleb128 0x9
 1154 0647 EF000000 		.4byte	0xef
 1155 064b 1F       		.byte	0x1f
 1156 064c 00       		.byte	0
 1157 064d 16       		.uleb128 0x16
 1158 064e 6D333200 		.ascii	"m32\000"
 1159 0652 09       		.byte	0x9
 1160 0653 35       		.byte	0x35
 1161 0654 3D060000 		.4byte	0x63d
 1162 0658 05       		.uleb128 0x5
 1163 0659 03       		.byte	0x3
 1164 065a 00000000 		.4byte	m32
 1165 065e 08       		.uleb128 0x8
 1166 065f BB000000 		.4byte	0xbb
 1167 0663 6E060000 		.4byte	0x66e
 1168 0667 09       		.uleb128 0x9
 1169 0668 EF000000 		.4byte	0xef
 1170 066c 01       		.byte	0x1
 1171 066d 00       		.byte	0
 1172 066e 15       		.uleb128 0x15
 1173 066f B8000000 		.4byte	.LASF66
 1174 0673 09       		.byte	0x9
 1175 0674 36       		.byte	0x36
ARM GAS  C:\Users\dr\AppData\Local\Temp\ccwid8mG.s 			page 23


 1176 0675 5E060000 		.4byte	0x65e
 1177 0679 05       		.uleb128 0x5
 1178 067a 03       		.byte	0x3
 1179 067b 00000000 		.4byte	m2Track
 1180 067f 08       		.uleb128 0x8
 1181 0680 BB000000 		.4byte	0xbb
 1182 0684 8F060000 		.4byte	0x68f
 1183 0688 09       		.uleb128 0x9
 1184 0689 EF000000 		.4byte	0xef
 1185 068d 03       		.byte	0x3
 1186 068e 00       		.byte	0
 1187 068f 15       		.uleb128 0x15
 1188 0690 2D020000 		.4byte	.LASF67
 1189 0694 09       		.byte	0x9
 1190 0695 37       		.byte	0x37
 1191 0696 7F060000 		.4byte	0x67f
 1192 069a 05       		.uleb128 0x5
 1193 069b 03       		.byte	0x3
 1194 069c 00000000 		.4byte	m4Track
 1195 06a0 08       		.uleb128 0x8
 1196 06a1 BB000000 		.4byte	0xbb
 1197 06a5 B0060000 		.4byte	0x6b0
 1198 06a9 09       		.uleb128 0x9
 1199 06aa EF000000 		.4byte	0xef
 1200 06ae 07       		.byte	0x7
 1201 06af 00       		.byte	0
 1202 06b0 15       		.uleb128 0x15
 1203 06b1 1C050000 		.4byte	.LASF68
 1204 06b5 09       		.byte	0x9
 1205 06b6 38       		.byte	0x38
 1206 06b7 A0060000 		.4byte	0x6a0
 1207 06bb 05       		.uleb128 0x5
 1208 06bc 03       		.byte	0x3
 1209 06bd 00000000 		.4byte	m8Track
 1210 06c1 08       		.uleb128 0x8
 1211 06c2 BB000000 		.4byte	0xbb
 1212 06c6 D1060000 		.4byte	0x6d1
 1213 06ca 09       		.uleb128 0x9
 1214 06cb EF000000 		.4byte	0xef
 1215 06cf 0F       		.byte	0xf
 1216 06d0 00       		.byte	0
 1217 06d1 15       		.uleb128 0x15
 1218 06d2 4E000000 		.4byte	.LASF69
 1219 06d6 09       		.byte	0x9
 1220 06d7 39       		.byte	0x39
 1221 06d8 C1060000 		.4byte	0x6c1
 1222 06dc 05       		.uleb128 0x5
 1223 06dd 03       		.byte	0x3
 1224 06de 00000000 		.4byte	m16Track
 1225 06e2 08       		.uleb128 0x8
 1226 06e3 BB000000 		.4byte	0xbb
 1227 06e7 F2060000 		.4byte	0x6f2
 1228 06eb 09       		.uleb128 0x9
 1229 06ec EF000000 		.4byte	0xef
 1230 06f0 1F       		.byte	0x1f
 1231 06f1 00       		.byte	0
 1232 06f2 15       		.uleb128 0x15
ARM GAS  C:\Users\dr\AppData\Local\Temp\ccwid8mG.s 			page 24


 1233 06f3 65020000 		.4byte	.LASF70
 1234 06f7 09       		.byte	0x9
 1235 06f8 3A       		.byte	0x3a
 1236 06f9 E2060000 		.4byte	0x6e2
 1237 06fd 05       		.uleb128 0x5
 1238 06fe 03       		.byte	0x3
 1239 06ff 00000000 		.4byte	m32Track
 1240 0703 15       		.uleb128 0x15
 1241 0704 24050000 		.4byte	.LASF71
 1242 0708 09       		.byte	0x9
 1243 0709 3C       		.byte	0x3c
 1244 070a C7000000 		.4byte	0xc7
 1245 070e 05       		.uleb128 0x5
 1246 070f 03       		.byte	0x3
 1247 0710 00000000 		.4byte	trackSum
 1248 0714 15       		.uleb128 0x15
 1249 0715 5A020000 		.4byte	.LASF72
 1250 0719 09       		.byte	0x9
 1251 071a 3E       		.byte	0x3e
 1252 071b 97000000 		.4byte	0x97
 1253 071f 05       		.uleb128 0x5
 1254 0720 03       		.byte	0x3
 1255 0721 00000000 		.4byte	symbolNext
 1256 0725 15       		.uleb128 0x15
 1257 0726 C5050000 		.4byte	.LASF73
 1258 072a 09       		.byte	0x9
 1259 072b 3F       		.byte	0x3f
 1260 072c 97000000 		.4byte	0x97
 1261 0730 05       		.uleb128 0x5
 1262 0731 03       		.byte	0x3
 1263 0732 00000000 		.4byte	lMask
 1264 0736 08       		.uleb128 0x8
 1265 0737 81000000 		.4byte	0x81
 1266 073b 46070000 		.4byte	0x746
 1267 073f 09       		.uleb128 0x9
 1268 0740 EF000000 		.4byte	0xef
 1269 0744 1E       		.byte	0x1e
 1270 0745 00       		.byte	0
 1271 0746 15       		.uleb128 0x15
 1272 0747 F2020000 		.4byte	.LASF74
 1273 074b 09       		.byte	0x9
 1274 074c 42       		.byte	0x42
 1275 074d 36070000 		.4byte	0x736
 1276 0751 05       		.uleb128 0x5
 1277 0752 03       		.byte	0x3
 1278 0753 00000000 		.4byte	symTx
 1279 0757 15       		.uleb128 0x15
 1280 0758 F8040000 		.4byte	.LASF75
 1281 075c 09       		.byte	0x9
 1282 075d 43       		.byte	0x43
 1283 075e 81000000 		.4byte	0x81
 1284 0762 05       		.uleb128 0x5
 1285 0763 03       		.byte	0x3
 1286 0764 00000000 		.4byte	symCnt
 1287 0768 15       		.uleb128 0x15
 1288 0769 5B040000 		.4byte	.LASF76
 1289 076d 0A       		.byte	0xa
ARM GAS  C:\Users\dr\AppData\Local\Temp\ccwid8mG.s 			page 25


 1290 076e 16       		.byte	0x16
 1291 076f 97000000 		.4byte	0x97
 1292 0773 05       		.uleb128 0x5
 1293 0774 03       		.byte	0x3
 1294 0775 00000000 		.4byte	dimLevel
 1295 0779 15       		.uleb128 0x15
 1296 077a DA050000 		.4byte	.LASF77
 1297 077e 06       		.byte	0x6
 1298 077f 1C       		.byte	0x1c
 1299 0780 97000000 		.4byte	0x97
 1300 0784 05       		.uleb128 0x5
 1301 0785 03       		.byte	0x3
 1302 0786 00000000 		.4byte	DMA_PAY_Chan
 1303 078a 15       		.uleb128 0x15
 1304 078b 8E030000 		.4byte	.LASF78
 1305 078f 06       		.byte	0x6
 1306 0790 1D       		.byte	0x1d
 1307 0791 98050000 		.4byte	0x598
 1308 0795 05       		.uleb128 0x5
 1309 0796 03       		.byte	0x3
 1310 0797 00000000 		.4byte	DMA_PAY_TD
 1311 079b 08       		.uleb128 0x8
 1312 079c BA010000 		.4byte	0x1ba
 1313 07a0 AB070000 		.4byte	0x7ab
 1314 07a4 09       		.uleb128 0x9
 1315 07a5 EF000000 		.4byte	0xef
 1316 07a9 04       		.byte	0x4
 1317 07aa 00       		.byte	0
 1318 07ab 15       		.uleb128 0x15
 1319 07ac E7040000 		.4byte	.LASF79
 1320 07b0 06       		.byte	0x6
 1321 07b1 3D       		.byte	0x3d
 1322 07b2 9B070000 		.4byte	0x79b
 1323 07b6 05       		.uleb128 0x5
 1324 07b7 03       		.byte	0x3
 1325 07b8 00000000 		.4byte	packets4
 1326 07bc 08       		.uleb128 0x8
 1327 07bd 97000000 		.4byte	0x97
 1328 07c1 D2070000 		.4byte	0x7d2
 1329 07c5 09       		.uleb128 0x9
 1330 07c6 EF000000 		.4byte	0xef
 1331 07ca 02       		.byte	0x2
 1332 07cb 09       		.uleb128 0x9
 1333 07cc EF000000 		.4byte	0xef
 1334 07d0 06       		.byte	0x6
 1335 07d1 00       		.byte	0
 1336 07d2 16       		.uleb128 0x16
 1337 07d3 4800     		.ascii	"H\000"
 1338 07d5 0B       		.byte	0xb
 1339 07d6 2D       		.byte	0x2d
 1340 07d7 BC070000 		.4byte	0x7bc
 1341 07db 05       		.uleb128 0x5
 1342 07dc 03       		.byte	0x3
 1343 07dd 00000000 		.4byte	H
 1344 07e1 08       		.uleb128 0x8
 1345 07e2 97000000 		.4byte	0x97
 1346 07e6 F1070000 		.4byte	0x7f1
ARM GAS  C:\Users\dr\AppData\Local\Temp\ccwid8mG.s 			page 26


 1347 07ea 09       		.uleb128 0x9
 1348 07eb EF000000 		.4byte	0xef
 1349 07ef 06       		.byte	0x6
 1350 07f0 00       		.byte	0
 1351 07f1 15       		.uleb128 0x15
 1352 07f2 6B030000 		.4byte	.LASF80
 1353 07f6 0B       		.byte	0xb
 1354 07f7 33       		.byte	0x33
 1355 07f8 E1070000 		.4byte	0x7e1
 1356 07fc 05       		.uleb128 0x5
 1357 07fd 03       		.byte	0x3
 1358 07fe 00000000 		.4byte	colValH
 1359 0802 15       		.uleb128 0x15
 1360 0803 04030000 		.4byte	.LASF81
 1361 0807 0C       		.byte	0xc
 1362 0808 25       		.byte	0x25
 1363 0809 6E030000 		.4byte	0x36e
 1364 080d 05       		.uleb128 0x5
 1365 080e 03       		.byte	0x3
 1366 080f 00000000 		.4byte	hamWordCheck
 1367 0813 08       		.uleb128 0x8
 1368 0814 A3000000 		.4byte	0xa3
 1369 0818 23080000 		.4byte	0x823
 1370 081c 09       		.uleb128 0x9
 1371 081d EF000000 		.4byte	0xef
 1372 0821 02       		.byte	0x2
 1373 0822 00       		.byte	0
 1374 0823 15       		.uleb128 0x15
 1375 0824 25000000 		.4byte	.LASF82
 1376 0828 0C       		.byte	0xc
 1377 0829 2B       		.byte	0x2b
 1378 082a 13080000 		.4byte	0x813
 1379 082e 05       		.uleb128 0x5
 1380 082f 03       		.byte	0x3
 1381 0830 00000000 		.4byte	adcValue
 1382 0834 15       		.uleb128 0x15
 1383 0835 34010000 		.4byte	.LASF83
 1384 0839 0C       		.byte	0xc
 1385 083a 2C       		.byte	0x2c
 1386 083b A3000000 		.4byte	0xa3
 1387 083f 05       		.uleb128 0x5
 1388 0840 03       		.byte	0x3
 1389 0841 00000000 		.4byte	adcSum
 1390 0845 15       		.uleb128 0x15
 1391 0846 3F040000 		.4byte	.LASF84
 1392 084a 0C       		.byte	0xc
 1393 084b 2D       		.byte	0x2d
 1394 084c A3000000 		.4byte	0xa3
 1395 0850 05       		.uleb128 0x5
 1396 0851 03       		.byte	0x3
 1397 0852 00000000 		.4byte	adcMean
 1398 0856 15       		.uleb128 0x15
 1399 0857 73040000 		.4byte	.LASF85
 1400 085b 0C       		.byte	0xc
 1401 085c 2F       		.byte	0x2f
 1402 085d 97000000 		.4byte	0x97
 1403 0861 05       		.uleb128 0x5
ARM GAS  C:\Users\dr\AppData\Local\Temp\ccwid8mG.s 			page 27


 1404 0862 03       		.byte	0x3
 1405 0863 00000000 		.4byte	rxHi
 1406 0867 15       		.uleb128 0x15
 1407 0868 5D030000 		.4byte	.LASF86
 1408 086c 0C       		.byte	0xc
 1409 086d 2F       		.byte	0x2f
 1410 086e 97000000 		.4byte	0x97
 1411 0872 05       		.uleb128 0x5
 1412 0873 03       		.byte	0x3
 1413 0874 00000000 		.4byte	rxLo
 1414 0878 15       		.uleb128 0x15
 1415 0879 C2020000 		.4byte	.LASF87
 1416 087d 0C       		.byte	0xc
 1417 087e 30       		.byte	0x30
 1418 087f 97000000 		.4byte	0x97
 1419 0883 05       		.uleb128 0x5
 1420 0884 03       		.byte	0x3
 1421 0885 00000000 		.4byte	rxModLevel
 1422 0889 15       		.uleb128 0x15
 1423 088a 92010000 		.4byte	.LASF88
 1424 088e 0C       		.byte	0xc
 1425 088f 31       		.byte	0x31
 1426 0890 A3000000 		.4byte	0xa3
 1427 0894 05       		.uleb128 0x5
 1428 0895 03       		.byte	0x3
 1429 0896 00000000 		.4byte	rxSize
 1430 089a 15       		.uleb128 0x15
 1431 089b 84020000 		.4byte	.LASF89
 1432 089f 0C       		.byte	0xc
 1433 08a0 32       		.byte	0x32
 1434 08a1 C7000000 		.4byte	0xc7
 1435 08a5 05       		.uleb128 0x5
 1436 08a6 03       		.byte	0x3
 1437 08a7 00000000 		.4byte	rxTrackSum
 1438 08ab 15       		.uleb128 0x15
 1439 08ac BF050000 		.4byte	.LASF90
 1440 08b0 0C       		.byte	0xc
 1441 08b1 33       		.byte	0x33
 1442 08b2 97000000 		.4byte	0x97
 1443 08b6 05       		.uleb128 0x5
 1444 08b7 03       		.byte	0x3
 1445 08b8 00000000 		.4byte	rxSrc
 1446 08bc 15       		.uleb128 0x15
 1447 08bd 4A060000 		.4byte	.LASF91
 1448 08c1 0C       		.byte	0xc
 1449 08c2 33       		.byte	0x33
 1450 08c3 97000000 		.4byte	0x97
 1451 08c7 05       		.uleb128 0x5
 1452 08c8 03       		.byte	0x3
 1453 08c9 00000000 		.4byte	rxDst
 1454 08cd 15       		.uleb128 0x15
 1455 08ce CD020000 		.4byte	.LASF92
 1456 08d2 0C       		.byte	0xc
 1457 08d3 35       		.byte	0x35
 1458 08d4 97000000 		.4byte	0x97
 1459 08d8 05       		.uleb128 0x5
 1460 08d9 03       		.byte	0x3
ARM GAS  C:\Users\dr\AppData\Local\Temp\ccwid8mG.s 			page 28


 1461 08da 00000000 		.4byte	headCnt
 1462 08de 15       		.uleb128 0x15
 1463 08df AA000000 		.4byte	.LASF93
 1464 08e3 0D       		.byte	0xd
 1465 08e4 17       		.byte	0x17
 1466 08e5 7A010000 		.4byte	0x17a
 1467 08e9 05       		.uleb128 0x5
 1468 08ea 03       		.byte	0x3
 1469 08eb 00000000 		.4byte	FLAG_IC_EVENT
 1470 08ef 15       		.uleb128 0x15
 1471 08f0 08000000 		.4byte	.LASF94
 1472 08f4 0D       		.byte	0xd
 1473 08f5 18       		.byte	0x18
 1474 08f6 97000000 		.4byte	0x97
 1475 08fa 05       		.uleb128 0x5
 1476 08fb 03       		.byte	0x3
 1477 08fc 00000000 		.4byte	IC_EVENT
 1478 0900 15       		.uleb128 0x15
 1479 0901 DB000000 		.4byte	.LASF95
 1480 0905 0D       		.byte	0xd
 1481 0906 2E       		.byte	0x2e
 1482 0907 97000000 		.4byte	0x97
 1483 090b 05       		.uleb128 0x5
 1484 090c 03       		.byte	0x3
 1485 090d 00000000 		.4byte	DMA_TH_Chan
 1486 0911 15       		.uleb128 0x15
 1487 0912 09050000 		.4byte	.LASF96
 1488 0916 0D       		.byte	0xd
 1489 0917 2F       		.byte	0x2f
 1490 0918 98050000 		.4byte	0x598
 1491 091c 05       		.uleb128 0x5
 1492 091d 03       		.byte	0x3
 1493 091e 00000000 		.4byte	DMA_TH_TD
 1494 0922 15       		.uleb128 0x15
 1495 0923 4D050000 		.4byte	.LASF97
 1496 0927 0D       		.byte	0xd
 1497 0928 3D       		.byte	0x3d
 1498 0929 97000000 		.4byte	0x97
 1499 092d 05       		.uleb128 0x5
 1500 092e 03       		.byte	0x3
 1501 092f 00000000 		.4byte	digipotTargetVal
 1502 0933 15       		.uleb128 0x15
 1503 0934 E2020000 		.4byte	.LASF98
 1504 0938 0D       		.byte	0xd
 1505 0939 3D       		.byte	0x3d
 1506 093a 97000000 		.4byte	0x97
 1507 093e 05       		.uleb128 0x5
 1508 093f 03       		.byte	0x3
 1509 0940 00000000 		.4byte	digipotCheckVal
 1510 0944 15       		.uleb128 0x15
 1511 0945 7F010000 		.4byte	.LASF99
 1512 0949 0D       		.byte	0xd
 1513 094a 3E       		.byte	0x3e
 1514 094b A3000000 		.4byte	0xa3
 1515 094f 05       		.uleb128 0x5
 1516 0950 03       		.byte	0x3
 1517 0951 00000000 		.4byte	avgCurrSample
ARM GAS  C:\Users\dr\AppData\Local\Temp\ccwid8mG.s 			page 29


 1518 0955 08       		.uleb128 0x8
 1519 0956 A3000000 		.4byte	0xa3
 1520 095a 65090000 		.4byte	0x965
 1521 095e 09       		.uleb128 0x9
 1522 095f EF000000 		.4byte	0xef
 1523 0963 1F       		.byte	0x1f
 1524 0964 00       		.byte	0
 1525 0965 15       		.uleb128 0x15
 1526 0966 D5020000 		.4byte	.LASF100
 1527 096a 0D       		.byte	0xd
 1528 096b 40       		.byte	0x40
 1529 096c 55090000 		.4byte	0x955
 1530 0970 05       		.uleb128 0x5
 1531 0971 03       		.byte	0x3
 1532 0972 00000000 		.4byte	thSlowBuffer
 1533 0976 15       		.uleb128 0x15
 1534 0977 8D010000 		.4byte	.LASF101
 1535 097b 0D       		.byte	0xd
 1536 097c 41       		.byte	0x41
 1537 097d 97000000 		.4byte	0x97
 1538 0981 05       		.uleb128 0x5
 1539 0982 03       		.byte	0x3
 1540 0983 00000000 		.4byte	thsi
 1541 0987 15       		.uleb128 0x15
 1542 0988 AA020000 		.4byte	.LASF102
 1543 098c 0D       		.byte	0xd
 1544 098d 42       		.byte	0x42
 1545 098e AF000000 		.4byte	0xaf
 1546 0992 05       		.uleb128 0x5
 1547 0993 03       		.byte	0x3
 1548 0994 00000000 		.4byte	thSlowSum
 1549 0998 15       		.uleb128 0x15
 1550 0999 2F040000 		.4byte	.LASF103
 1551 099d 0D       		.byte	0xd
 1552 099e 43       		.byte	0x43
 1553 099f A3000000 		.4byte	0xa3
 1554 09a3 05       		.uleb128 0x5
 1555 09a4 03       		.byte	0x3
 1556 09a5 00000000 		.4byte	thSlowMean
 1557 09a9 15       		.uleb128 0x15
 1558 09aa 90000000 		.4byte	.LASF104
 1559 09ae 0D       		.byte	0xd
 1560 09af 44       		.byte	0x44
 1561 09b0 55090000 		.4byte	0x955
 1562 09b4 05       		.uleb128 0x5
 1563 09b5 03       		.byte	0x3
 1564 09b6 00000000 		.4byte	thSlowStdBuffer
 1565 09ba 15       		.uleb128 0x15
 1566 09bb 2D050000 		.4byte	.LASF105
 1567 09bf 0D       		.byte	0xd
 1568 09c0 45       		.byte	0x45
 1569 09c1 A3000000 		.4byte	0xa3
 1570 09c5 05       		.uleb128 0x5
 1571 09c6 03       		.byte	0x3
 1572 09c7 00000000 		.4byte	thSlowStdCurr
 1573 09cb 15       		.uleb128 0x15
 1574 09cc 31030000 		.4byte	.LASF106
ARM GAS  C:\Users\dr\AppData\Local\Temp\ccwid8mG.s 			page 30


 1575 09d0 0D       		.byte	0xd
 1576 09d1 46       		.byte	0x46
 1577 09d2 AF000000 		.4byte	0xaf
 1578 09d6 05       		.uleb128 0x5
 1579 09d7 03       		.byte	0x3
 1580 09d8 00000000 		.4byte	thSlowStdSum
 1581 09dc 15       		.uleb128 0x15
 1582 09dd 06060000 		.4byte	.LASF107
 1583 09e1 0D       		.byte	0xd
 1584 09e2 47       		.byte	0x47
 1585 09e3 A3000000 		.4byte	0xa3
 1586 09e7 05       		.uleb128 0x5
 1587 09e8 03       		.byte	0x3
 1588 09e9 00000000 		.4byte	thSlowStd
 1589 09ed 15       		.uleb128 0x15
 1590 09ee 0A040000 		.4byte	.LASF108
 1591 09f2 0D       		.byte	0xd
 1592 09f3 55       		.byte	0x55
 1593 09f4 C7000000 		.4byte	0xc7
 1594 09f8 05       		.uleb128 0x5
 1595 09f9 03       		.byte	0x3
 1596 09fa 00000000 		.4byte	thStdTemp
 1597 09fe 15       		.uleb128 0x15
 1598 09ff 59060000 		.4byte	.LASF109
 1599 0a03 0D       		.byte	0xd
 1600 0a04 49       		.byte	0x49
 1601 0a05 A3000000 		.4byte	0xa3
 1602 0a09 05       		.uleb128 0x5
 1603 0a0a 03       		.byte	0x3
 1604 0a0b 00000000 		.4byte	thSlowValue
 1605 0a0f 15       		.uleb128 0x15
 1606 0a10 0B010000 		.4byte	.LASF110
 1607 0a14 0D       		.byte	0xd
 1608 0a15 4A       		.byte	0x4a
 1609 0a16 7A010000 		.4byte	0x17a
 1610 0a1a 05       		.uleb128 0x5
 1611 0a1b 03       		.byte	0x3
 1612 0a1c 00000000 		.4byte	thFlag
 1613 0a20 15       		.uleb128 0x15
 1614 0a21 27020000 		.4byte	.LASF111
 1615 0a25 0D       		.byte	0xd
 1616 0a26 4B       		.byte	0x4b
 1617 0a27 A3000000 		.4byte	0xa3
 1618 0a2b 05       		.uleb128 0x5
 1619 0a2c 03       		.byte	0x3
 1620 0a2d 00000000 		.4byte	thCnt
 1621 0a31 08       		.uleb128 0x8
 1622 0a32 A3000000 		.4byte	0xa3
 1623 0a36 410A0000 		.4byte	0xa41
 1624 0a3a 09       		.uleb128 0x9
 1625 0a3b EF000000 		.4byte	0xef
 1626 0a3f 07       		.byte	0x7
 1627 0a40 00       		.byte	0
 1628 0a41 15       		.uleb128 0x15
 1629 0a42 11000000 		.4byte	.LASF112
 1630 0a46 0D       		.byte	0xd
 1631 0a47 4D       		.byte	0x4d
ARM GAS  C:\Users\dr\AppData\Local\Temp\ccwid8mG.s 			page 31


 1632 0a48 310A0000 		.4byte	0xa31
 1633 0a4c 05       		.uleb128 0x5
 1634 0a4d 03       		.byte	0x3
 1635 0a4e 00000000 		.4byte	thFastBuffer
 1636 0a52 15       		.uleb128 0x15
 1637 0a53 3A040000 		.4byte	.LASF113
 1638 0a57 0D       		.byte	0xd
 1639 0a58 4E       		.byte	0x4e
 1640 0a59 97000000 		.4byte	0x97
 1641 0a5d 05       		.uleb128 0x5
 1642 0a5e 03       		.byte	0x3
 1643 0a5f 00000000 		.4byte	thfi
 1644 0a63 15       		.uleb128 0x15
 1645 0a64 A0000000 		.4byte	.LASF114
 1646 0a68 0D       		.byte	0xd
 1647 0a69 4F       		.byte	0x4f
 1648 0a6a AF000000 		.4byte	0xaf
 1649 0a6e 05       		.uleb128 0x5
 1650 0a6f 03       		.byte	0x3
 1651 0a70 00000000 		.4byte	thFastSum
 1652 0a74 15       		.uleb128 0x15
 1653 0a75 29010000 		.4byte	.LASF115
 1654 0a79 0D       		.byte	0xd
 1655 0a7a 50       		.byte	0x50
 1656 0a7b A3000000 		.4byte	0xa3
 1657 0a7f 05       		.uleb128 0x5
 1658 0a80 03       		.byte	0x3
 1659 0a81 00000000 		.4byte	thFastMean
 1660 0a85 15       		.uleb128 0x15
 1661 0a86 4D030000 		.4byte	.LASF116
 1662 0a8a 0D       		.byte	0xd
 1663 0a8b 51       		.byte	0x51
 1664 0a8c 310A0000 		.4byte	0xa31
 1665 0a90 05       		.uleb128 0x5
 1666 0a91 03       		.byte	0x3
 1667 0a92 00000000 		.4byte	thFastStdBuffer
 1668 0a96 15       		.uleb128 0x15
 1669 0a97 23030000 		.4byte	.LASF117
 1670 0a9b 0D       		.byte	0xd
 1671 0a9c 52       		.byte	0x52
 1672 0a9d A3000000 		.4byte	0xa3
 1673 0aa1 05       		.uleb128 0x5
 1674 0aa2 03       		.byte	0x3
 1675 0aa3 00000000 		.4byte	thFastStdCurr
 1676 0aa7 15       		.uleb128 0x15
 1677 0aa8 C0000000 		.4byte	.LASF118
 1678 0aac 0D       		.byte	0xd
 1679 0aad 53       		.byte	0x53
 1680 0aae AF000000 		.4byte	0xaf
 1681 0ab2 05       		.uleb128 0x5
 1682 0ab3 03       		.byte	0x3
 1683 0ab4 00000000 		.4byte	thFastStdSum
 1684 0ab8 15       		.uleb128 0x15
 1685 0ab9 75010000 		.4byte	.LASF119
 1686 0abd 0D       		.byte	0xd
 1687 0abe 54       		.byte	0x54
 1688 0abf A3000000 		.4byte	0xa3
ARM GAS  C:\Users\dr\AppData\Local\Temp\ccwid8mG.s 			page 32


 1689 0ac3 05       		.uleb128 0x5
 1690 0ac4 03       		.byte	0x3
 1691 0ac5 00000000 		.4byte	thFastStd
 1692 0ac9 15       		.uleb128 0x15
 1693 0aca AA040000 		.4byte	.LASF120
 1694 0ace 0D       		.byte	0xd
 1695 0acf 56       		.byte	0x56
 1696 0ad0 A3000000 		.4byte	0xa3
 1697 0ad4 05       		.uleb128 0x5
 1698 0ad5 03       		.byte	0x3
 1699 0ad6 00000000 		.4byte	thFastValue
 1700 0ada 15       		.uleb128 0x15
 1701 0adb 50060000 		.4byte	.LASF121
 1702 0adf 0D       		.byte	0xd
 1703 0ae0 59       		.byte	0x59
 1704 0ae1 97000000 		.4byte	0x97
 1705 0ae5 05       		.uleb128 0x5
 1706 0ae6 03       		.byte	0x3
 1707 0ae7 00000000 		.4byte	rxSlotTh
 1708 0aeb 15       		.uleb128 0x15
 1709 0aec 3D000000 		.4byte	.LASF122
 1710 0af0 0D       		.byte	0xd
 1711 0af1 5A       		.byte	0x5a
 1712 0af2 A3000000 		.4byte	0xa3
 1713 0af6 05       		.uleb128 0x5
 1714 0af7 03       		.byte	0x3
 1715 0af8 00000000 		.4byte	rxCompVal
 1716 0afc 15       		.uleb128 0x15
 1717 0afd 64000000 		.4byte	.LASF123
 1718 0b01 0B       		.byte	0xb
 1719 0b02 38       		.byte	0x38
 1720 0b03 97000000 		.4byte	0x97
 1721 0b07 05       		.uleb128 0x5
 1722 0b08 03       		.byte	0x3
 1723 0b09 00000000 		.4byte	sh_test
 1724 0b0d 15       		.uleb128 0x15
 1725 0b0e 43010000 		.4byte	.LASF124
 1726 0b12 0B       		.byte	0xb
 1727 0b13 39       		.byte	0x39
 1728 0b14 97000000 		.4byte	0x97
 1729 0b18 05       		.uleb128 0x5
 1730 0b19 03       		.byte	0x3
 1731 0b1a 00000000 		.4byte	sh_load
 1732 0b1e 15       		.uleb128 0x15
 1733 0b1f F0040000 		.4byte	.LASF125
 1734 0b23 0B       		.byte	0xb
 1735 0b24 3A       		.byte	0x3a
 1736 0b25 97000000 		.4byte	0x97
 1737 0b29 05       		.uleb128 0x5
 1738 0b2a 03       		.byte	0x3
 1739 0b2b 00000000 		.4byte	sh_fifo
 1740 0b2f 17       		.uleb128 0x17
 1741 0b30 15060000 		.4byte	.LASF126
 1742 0b34 15060000 		.4byte	.LASF126
 1743 0b38 06       		.byte	0x6
 1744 0b39 3A       		.byte	0x3a
 1745 0b3a 17       		.uleb128 0x17
ARM GAS  C:\Users\dr\AppData\Local\Temp\ccwid8mG.s 			page 33


 1746 0b3b 99030000 		.4byte	.LASF127
 1747 0b3f 99030000 		.4byte	.LASF127
 1748 0b43 0E       		.byte	0xe
 1749 0b44 2F       		.byte	0x2f
 1750 0b45 17       		.uleb128 0x17
 1751 0b46 C1030000 		.4byte	.LASF128
 1752 0b4a C1030000 		.4byte	.LASF128
 1753 0b4e 01       		.byte	0x1
 1754 0b4f 27       		.byte	0x27
 1755 0b50 17       		.uleb128 0x17
 1756 0b51 B4020000 		.4byte	.LASF129
 1757 0b55 B4020000 		.4byte	.LASF129
 1758 0b59 0F       		.byte	0xf
 1759 0b5a 79       		.byte	0x79
 1760 0b5b 17       		.uleb128 0x17
 1761 0b5c 3E030000 		.4byte	.LASF130
 1762 0b60 3E030000 		.4byte	.LASF130
 1763 0b64 08       		.byte	0x8
 1764 0b65 71       		.byte	0x71
 1765 0b66 17       		.uleb128 0x17
 1766 0b67 38060000 		.4byte	.LASF131
 1767 0b6b 38060000 		.4byte	.LASF131
 1768 0b6f 08       		.byte	0x8
 1769 0b70 6E       		.byte	0x6e
 1770 0b71 17       		.uleb128 0x17
 1771 0b72 4B010000 		.4byte	.LASF132
 1772 0b76 4B010000 		.4byte	.LASF132
 1773 0b7a 05       		.byte	0x5
 1774 0b7b 1F       		.byte	0x1f
 1775 0b7c 17       		.uleb128 0x17
 1776 0b7d 92050000 		.4byte	.LASF133
 1777 0b81 92050000 		.4byte	.LASF133
 1778 0b85 0A       		.byte	0xa
 1779 0b86 11       		.byte	0x11
 1780 0b87 17       		.uleb128 0x17
 1781 0b88 1B040000 		.4byte	.LASF134
 1782 0b8c 1B040000 		.4byte	.LASF134
 1783 0b90 06       		.byte	0x6
 1784 0b91 39       		.byte	0x39
 1785 0b92 17       		.uleb128 0x17
 1786 0b93 5E050000 		.4byte	.LASF135
 1787 0b97 5E050000 		.4byte	.LASF135
 1788 0b9b 09       		.byte	0x9
 1789 0b9c 26       		.byte	0x26
 1790 0b9d 17       		.uleb128 0x17
 1791 0b9e 00000000 		.4byte	.LASF136
 1792 0ba2 00000000 		.4byte	.LASF136
 1793 0ba6 0F       		.byte	0xf
 1794 0ba7 76       		.byte	0x76
 1795 0ba8 17       		.uleb128 0x17
 1796 0ba9 3D020000 		.4byte	.LASF137
 1797 0bad 3D020000 		.4byte	.LASF137
 1798 0bb1 08       		.byte	0x8
 1799 0bb2 70       		.byte	0x70
 1800 0bb3 17       		.uleb128 0x17
 1801 0bb4 74000000 		.4byte	.LASF138
 1802 0bb8 74000000 		.4byte	.LASF138
ARM GAS  C:\Users\dr\AppData\Local\Temp\ccwid8mG.s 			page 34


 1803 0bbc 0D       		.byte	0xd
 1804 0bbd 39       		.byte	0x39
 1805 0bbe 00       		.byte	0
 1806              		.section	.debug_abbrev,"",%progbits
 1807              	.Ldebug_abbrev0:
 1808 0000 01       		.uleb128 0x1
 1809 0001 11       		.uleb128 0x11
 1810 0002 01       		.byte	0x1
 1811 0003 25       		.uleb128 0x25
 1812 0004 0E       		.uleb128 0xe
 1813 0005 13       		.uleb128 0x13
 1814 0006 0B       		.uleb128 0xb
 1815 0007 03       		.uleb128 0x3
 1816 0008 0E       		.uleb128 0xe
 1817 0009 1B       		.uleb128 0x1b
 1818 000a 0E       		.uleb128 0xe
 1819 000b 55       		.uleb128 0x55
 1820 000c 17       		.uleb128 0x17
 1821 000d 11       		.uleb128 0x11
 1822 000e 01       		.uleb128 0x1
 1823 000f 10       		.uleb128 0x10
 1824 0010 17       		.uleb128 0x17
 1825 0011 00       		.byte	0
 1826 0012 00       		.byte	0
 1827 0013 02       		.uleb128 0x2
 1828 0014 24       		.uleb128 0x24
 1829 0015 00       		.byte	0
 1830 0016 0B       		.uleb128 0xb
 1831 0017 0B       		.uleb128 0xb
 1832 0018 3E       		.uleb128 0x3e
 1833 0019 0B       		.uleb128 0xb
 1834 001a 03       		.uleb128 0x3
 1835 001b 0E       		.uleb128 0xe
 1836 001c 00       		.byte	0
 1837 001d 00       		.byte	0
 1838 001e 03       		.uleb128 0x3
 1839 001f 16       		.uleb128 0x16
 1840 0020 00       		.byte	0
 1841 0021 03       		.uleb128 0x3
 1842 0022 0E       		.uleb128 0xe
 1843 0023 3A       		.uleb128 0x3a
 1844 0024 0B       		.uleb128 0xb
 1845 0025 3B       		.uleb128 0x3b
 1846 0026 0B       		.uleb128 0xb
 1847 0027 49       		.uleb128 0x49
 1848 0028 13       		.uleb128 0x13
 1849 0029 00       		.byte	0
 1850 002a 00       		.byte	0
 1851 002b 04       		.uleb128 0x4
 1852 002c 24       		.uleb128 0x24
 1853 002d 00       		.byte	0
 1854 002e 0B       		.uleb128 0xb
 1855 002f 0B       		.uleb128 0xb
 1856 0030 3E       		.uleb128 0x3e
 1857 0031 0B       		.uleb128 0xb
 1858 0032 03       		.uleb128 0x3
 1859 0033 08       		.uleb128 0x8
ARM GAS  C:\Users\dr\AppData\Local\Temp\ccwid8mG.s 			page 35


 1860 0034 00       		.byte	0
 1861 0035 00       		.byte	0
 1862 0036 05       		.uleb128 0x5
 1863 0037 16       		.uleb128 0x16
 1864 0038 00       		.byte	0
 1865 0039 03       		.uleb128 0x3
 1866 003a 0E       		.uleb128 0xe
 1867 003b 3A       		.uleb128 0x3a
 1868 003c 0B       		.uleb128 0xb
 1869 003d 3B       		.uleb128 0x3b
 1870 003e 05       		.uleb128 0x5
 1871 003f 49       		.uleb128 0x49
 1872 0040 13       		.uleb128 0x13
 1873 0041 00       		.byte	0
 1874 0042 00       		.byte	0
 1875 0043 06       		.uleb128 0x6
 1876 0044 13       		.uleb128 0x13
 1877 0045 01       		.byte	0x1
 1878 0046 0B       		.uleb128 0xb
 1879 0047 0B       		.uleb128 0xb
 1880 0048 3A       		.uleb128 0x3a
 1881 0049 0B       		.uleb128 0xb
 1882 004a 3B       		.uleb128 0x3b
 1883 004b 0B       		.uleb128 0xb
 1884 004c 01       		.uleb128 0x1
 1885 004d 13       		.uleb128 0x13
 1886 004e 00       		.byte	0
 1887 004f 00       		.byte	0
 1888 0050 07       		.uleb128 0x7
 1889 0051 0D       		.uleb128 0xd
 1890 0052 00       		.byte	0
 1891 0053 03       		.uleb128 0x3
 1892 0054 0E       		.uleb128 0xe
 1893 0055 3A       		.uleb128 0x3a
 1894 0056 0B       		.uleb128 0xb
 1895 0057 3B       		.uleb128 0x3b
 1896 0058 0B       		.uleb128 0xb
 1897 0059 49       		.uleb128 0x49
 1898 005a 13       		.uleb128 0x13
 1899 005b 38       		.uleb128 0x38
 1900 005c 0B       		.uleb128 0xb
 1901 005d 00       		.byte	0
 1902 005e 00       		.byte	0
 1903 005f 08       		.uleb128 0x8
 1904 0060 01       		.uleb128 0x1
 1905 0061 01       		.byte	0x1
 1906 0062 49       		.uleb128 0x49
 1907 0063 13       		.uleb128 0x13
 1908 0064 01       		.uleb128 0x1
 1909 0065 13       		.uleb128 0x13
 1910 0066 00       		.byte	0
 1911 0067 00       		.byte	0
 1912 0068 09       		.uleb128 0x9
 1913 0069 21       		.uleb128 0x21
 1914 006a 00       		.byte	0
 1915 006b 49       		.uleb128 0x49
 1916 006c 13       		.uleb128 0x13
ARM GAS  C:\Users\dr\AppData\Local\Temp\ccwid8mG.s 			page 36


 1917 006d 2F       		.uleb128 0x2f
 1918 006e 0B       		.uleb128 0xb
 1919 006f 00       		.byte	0
 1920 0070 00       		.byte	0
 1921 0071 0A       		.uleb128 0xa
 1922 0072 2E       		.uleb128 0x2e
 1923 0073 01       		.byte	0x1
 1924 0074 3F       		.uleb128 0x3f
 1925 0075 19       		.uleb128 0x19
 1926 0076 03       		.uleb128 0x3
 1927 0077 0E       		.uleb128 0xe
 1928 0078 3A       		.uleb128 0x3a
 1929 0079 0B       		.uleb128 0xb
 1930 007a 3B       		.uleb128 0x3b
 1931 007b 0B       		.uleb128 0xb
 1932 007c 27       		.uleb128 0x27
 1933 007d 19       		.uleb128 0x19
 1934 007e 49       		.uleb128 0x49
 1935 007f 13       		.uleb128 0x13
 1936 0080 8701     		.uleb128 0x87
 1937 0082 19       		.uleb128 0x19
 1938 0083 11       		.uleb128 0x11
 1939 0084 01       		.uleb128 0x1
 1940 0085 12       		.uleb128 0x12
 1941 0086 06       		.uleb128 0x6
 1942 0087 40       		.uleb128 0x40
 1943 0088 18       		.uleb128 0x18
 1944 0089 9742     		.uleb128 0x2117
 1945 008b 19       		.uleb128 0x19
 1946 008c 01       		.uleb128 0x1
 1947 008d 13       		.uleb128 0x13
 1948 008e 00       		.byte	0
 1949 008f 00       		.byte	0
 1950 0090 0B       		.uleb128 0xb
 1951 0091 0B       		.uleb128 0xb
 1952 0092 01       		.byte	0x1
 1953 0093 11       		.uleb128 0x11
 1954 0094 01       		.uleb128 0x1
 1955 0095 12       		.uleb128 0x12
 1956 0096 06       		.uleb128 0x6
 1957 0097 01       		.uleb128 0x1
 1958 0098 13       		.uleb128 0x13
 1959 0099 00       		.byte	0
 1960 009a 00       		.byte	0
 1961 009b 0C       		.uleb128 0xc
 1962 009c 2E       		.uleb128 0x2e
 1963 009d 01       		.byte	0x1
 1964 009e 3F       		.uleb128 0x3f
 1965 009f 19       		.uleb128 0x19
 1966 00a0 03       		.uleb128 0x3
 1967 00a1 0E       		.uleb128 0xe
 1968 00a2 3A       		.uleb128 0x3a
 1969 00a3 0B       		.uleb128 0xb
 1970 00a4 3B       		.uleb128 0x3b
 1971 00a5 0B       		.uleb128 0xb
 1972 00a6 49       		.uleb128 0x49
 1973 00a7 13       		.uleb128 0x13
ARM GAS  C:\Users\dr\AppData\Local\Temp\ccwid8mG.s 			page 37


 1974 00a8 3C       		.uleb128 0x3c
 1975 00a9 19       		.uleb128 0x19
 1976 00aa 01       		.uleb128 0x1
 1977 00ab 13       		.uleb128 0x13
 1978 00ac 00       		.byte	0
 1979 00ad 00       		.byte	0
 1980 00ae 0D       		.uleb128 0xd
 1981 00af 18       		.uleb128 0x18
 1982 00b0 00       		.byte	0
 1983 00b1 00       		.byte	0
 1984 00b2 00       		.byte	0
 1985 00b3 0E       		.uleb128 0xe
 1986 00b4 898201   		.uleb128 0x4109
 1987 00b7 01       		.byte	0x1
 1988 00b8 11       		.uleb128 0x11
 1989 00b9 01       		.uleb128 0x1
 1990 00ba 31       		.uleb128 0x31
 1991 00bb 13       		.uleb128 0x13
 1992 00bc 01       		.uleb128 0x1
 1993 00bd 13       		.uleb128 0x13
 1994 00be 00       		.byte	0
 1995 00bf 00       		.byte	0
 1996 00c0 0F       		.uleb128 0xf
 1997 00c1 8A8201   		.uleb128 0x410a
 1998 00c4 00       		.byte	0
 1999 00c5 02       		.uleb128 0x2
 2000 00c6 18       		.uleb128 0x18
 2001 00c7 9142     		.uleb128 0x2111
 2002 00c9 18       		.uleb128 0x18
 2003 00ca 00       		.byte	0
 2004 00cb 00       		.byte	0
 2005 00cc 10       		.uleb128 0x10
 2006 00cd 898201   		.uleb128 0x4109
 2007 00d0 01       		.byte	0x1
 2008 00d1 11       		.uleb128 0x11
 2009 00d2 01       		.uleb128 0x1
 2010 00d3 31       		.uleb128 0x31
 2011 00d4 13       		.uleb128 0x13
 2012 00d5 00       		.byte	0
 2013 00d6 00       		.byte	0
 2014 00d7 11       		.uleb128 0x11
 2015 00d8 898201   		.uleb128 0x4109
 2016 00db 00       		.byte	0
 2017 00dc 11       		.uleb128 0x11
 2018 00dd 01       		.uleb128 0x1
 2019 00de 31       		.uleb128 0x31
 2020 00df 13       		.uleb128 0x13
 2021 00e0 00       		.byte	0
 2022 00e1 00       		.byte	0
 2023 00e2 12       		.uleb128 0x12
 2024 00e3 2E       		.uleb128 0x2e
 2025 00e4 00       		.byte	0
 2026 00e5 3F       		.uleb128 0x3f
 2027 00e6 19       		.uleb128 0x19
 2028 00e7 03       		.uleb128 0x3
 2029 00e8 0E       		.uleb128 0xe
 2030 00e9 3A       		.uleb128 0x3a
ARM GAS  C:\Users\dr\AppData\Local\Temp\ccwid8mG.s 			page 38


 2031 00ea 0B       		.uleb128 0xb
 2032 00eb 3B       		.uleb128 0x3b
 2033 00ec 0B       		.uleb128 0xb
 2034 00ed 27       		.uleb128 0x27
 2035 00ee 19       		.uleb128 0x19
 2036 00ef 11       		.uleb128 0x11
 2037 00f0 01       		.uleb128 0x1
 2038 00f1 12       		.uleb128 0x12
 2039 00f2 06       		.uleb128 0x6
 2040 00f3 40       		.uleb128 0x40
 2041 00f4 18       		.uleb128 0x18
 2042 00f5 9742     		.uleb128 0x2117
 2043 00f7 19       		.uleb128 0x19
 2044 00f8 00       		.byte	0
 2045 00f9 00       		.byte	0
 2046 00fa 13       		.uleb128 0x13
 2047 00fb 34       		.uleb128 0x34
 2048 00fc 00       		.byte	0
 2049 00fd 03       		.uleb128 0x3
 2050 00fe 0E       		.uleb128 0xe
 2051 00ff 3A       		.uleb128 0x3a
 2052 0100 0B       		.uleb128 0xb
 2053 0101 3B       		.uleb128 0x3b
 2054 0102 05       		.uleb128 0x5
 2055 0103 49       		.uleb128 0x49
 2056 0104 13       		.uleb128 0x13
 2057 0105 3F       		.uleb128 0x3f
 2058 0106 19       		.uleb128 0x19
 2059 0107 3C       		.uleb128 0x3c
 2060 0108 19       		.uleb128 0x19
 2061 0109 00       		.byte	0
 2062 010a 00       		.byte	0
 2063 010b 14       		.uleb128 0x14
 2064 010c 35       		.uleb128 0x35
 2065 010d 00       		.byte	0
 2066 010e 49       		.uleb128 0x49
 2067 010f 13       		.uleb128 0x13
 2068 0110 00       		.byte	0
 2069 0111 00       		.byte	0
 2070 0112 15       		.uleb128 0x15
 2071 0113 34       		.uleb128 0x34
 2072 0114 00       		.byte	0
 2073 0115 03       		.uleb128 0x3
 2074 0116 0E       		.uleb128 0xe
 2075 0117 3A       		.uleb128 0x3a
 2076 0118 0B       		.uleb128 0xb
 2077 0119 3B       		.uleb128 0x3b
 2078 011a 0B       		.uleb128 0xb
 2079 011b 49       		.uleb128 0x49
 2080 011c 13       		.uleb128 0x13
 2081 011d 3F       		.uleb128 0x3f
 2082 011e 19       		.uleb128 0x19
 2083 011f 02       		.uleb128 0x2
 2084 0120 18       		.uleb128 0x18
 2085 0121 00       		.byte	0
 2086 0122 00       		.byte	0
 2087 0123 16       		.uleb128 0x16
ARM GAS  C:\Users\dr\AppData\Local\Temp\ccwid8mG.s 			page 39


 2088 0124 34       		.uleb128 0x34
 2089 0125 00       		.byte	0
 2090 0126 03       		.uleb128 0x3
 2091 0127 08       		.uleb128 0x8
 2092 0128 3A       		.uleb128 0x3a
 2093 0129 0B       		.uleb128 0xb
 2094 012a 3B       		.uleb128 0x3b
 2095 012b 0B       		.uleb128 0xb
 2096 012c 49       		.uleb128 0x49
 2097 012d 13       		.uleb128 0x13
 2098 012e 3F       		.uleb128 0x3f
 2099 012f 19       		.uleb128 0x19
 2100 0130 02       		.uleb128 0x2
 2101 0131 18       		.uleb128 0x18
 2102 0132 00       		.byte	0
 2103 0133 00       		.byte	0
 2104 0134 17       		.uleb128 0x17
 2105 0135 2E       		.uleb128 0x2e
 2106 0136 00       		.byte	0
 2107 0137 3F       		.uleb128 0x3f
 2108 0138 19       		.uleb128 0x19
 2109 0139 3C       		.uleb128 0x3c
 2110 013a 19       		.uleb128 0x19
 2111 013b 6E       		.uleb128 0x6e
 2112 013c 0E       		.uleb128 0xe
 2113 013d 03       		.uleb128 0x3
 2114 013e 0E       		.uleb128 0xe
 2115 013f 3A       		.uleb128 0x3a
 2116 0140 0B       		.uleb128 0xb
 2117 0141 3B       		.uleb128 0x3b
 2118 0142 0B       		.uleb128 0xb
 2119 0143 00       		.byte	0
 2120 0144 00       		.byte	0
 2121 0145 00       		.byte	0
 2122              		.section	.debug_aranges,"",%progbits
 2123 0000 24000000 		.4byte	0x24
 2124 0004 0200     		.2byte	0x2
 2125 0006 00000000 		.4byte	.Ldebug_info0
 2126 000a 04       		.byte	0x4
 2127 000b 00       		.byte	0
 2128 000c 0000     		.2byte	0
 2129 000e 0000     		.2byte	0
 2130 0010 00000000 		.4byte	.LFB63
 2131 0014 E0000000 		.4byte	.LFE63-.LFB63
 2132 0018 00000000 		.4byte	.LFB64
 2133 001c 02000000 		.4byte	.LFE64-.LFB64
 2134 0020 00000000 		.4byte	0
 2135 0024 00000000 		.4byte	0
 2136              		.section	.debug_ranges,"",%progbits
 2137              	.Ldebug_ranges0:
 2138 0000 00000000 		.4byte	.LFB63
 2139 0004 E0000000 		.4byte	.LFE63
 2140 0008 00000000 		.4byte	.LFB64
 2141 000c 02000000 		.4byte	.LFE64
 2142 0010 00000000 		.4byte	0
 2143 0014 00000000 		.4byte	0
 2144              		.section	.debug_line,"",%progbits
ARM GAS  C:\Users\dr\AppData\Local\Temp\ccwid8mG.s 			page 40


 2145              	.Ldebug_line0:
 2146 0000 24020000 		.section	.debug_str,"MS",%progbits,1
 2146      0200E001 
 2146      00000201 
 2146      FB0E0D00 
 2146      01010101 
 2147              	.LASF136:
 2148 0000 43794465 		.ascii	"CyDelay\000"
 2148      6C617900 
 2149              	.LASF94:
 2150 0008 49435F45 		.ascii	"IC_EVENT\000"
 2150      56454E54 
 2150      00
 2151              	.LASF112:
 2152 0011 74684661 		.ascii	"thFastBuffer\000"
 2152      73744275 
 2152      66666572 
 2152      00
 2153              	.LASF140:
 2154 001e 6D61696E 		.ascii	"main.c\000"
 2154      2E6300
 2155              	.LASF82:
 2156 0025 61646356 		.ascii	"adcValue\000"
 2156      616C7565 
 2156      00
 2157              	.LASF37:
 2158 002e 464C4147 		.ascii	"FLAG_SER_EVENT\000"
 2158      5F534552 
 2158      5F455645 
 2158      4E5400
 2159              	.LASF122:
 2160 003d 7278436F 		.ascii	"rxCompVal\000"
 2160      6D705661 
 2160      6C00
 2161              	.LASF57:
 2162 0047 69326352 		.ascii	"i2cRun\000"
 2162      756E00
 2163              	.LASF69:
 2164 004e 6D313654 		.ascii	"m16Track\000"
 2164      7261636B 
 2164      00
 2165              	.LASF10:
 2166 0057 756E7369 		.ascii	"unsigned int\000"
 2166      676E6564 
 2166      20696E74 
 2166      00
 2167              	.LASF123:
 2168 0064 73685F74 		.ascii	"sh_test\000"
 2168      65737400 
 2169              	.LASF30:
 2170 006c 68466965 		.ascii	"hFields\000"
 2170      6C647300 
 2171              	.LASF138:
 2172 0074 63616C63 		.ascii	"calculateTh\000"
 2172      756C6174 
 2172      65546800 
 2173              	.LASF5:
ARM GAS  C:\Users\dr\AppData\Local\Temp\ccwid8mG.s 			page 41


 2174 0080 5F5F696E 		.ascii	"__int32_t\000"
 2174      7433325F 
 2174      7400
 2175              	.LASF17:
 2176 008a 696E7431 		.ascii	"int16\000"
 2176      3600
 2177              	.LASF104:
 2178 0090 7468536C 		.ascii	"thSlowStdBuffer\000"
 2178      6F775374 
 2178      64427566 
 2178      66657200 
 2179              	.LASF114:
 2180 00a0 74684661 		.ascii	"thFastSum\000"
 2180      73745375 
 2180      6D00
 2181              	.LASF93:
 2182 00aa 464C4147 		.ascii	"FLAG_IC_EVENT\000"
 2182      5F49435F 
 2182      4556454E 
 2182      5400
 2183              	.LASF66:
 2184 00b8 6D325472 		.ascii	"m2Track\000"
 2184      61636B00 
 2185              	.LASF118:
 2186 00c0 74684661 		.ascii	"thFastStdSum\000"
 2186      73745374 
 2186      6453756D 
 2186      00
 2187              	.LASF60:
 2188 00cd 64657669 		.ascii	"deviceAddress\000"
 2188      63654164 
 2188      64726573 
 2188      7300
 2189              	.LASF95:
 2190 00db 444D415F 		.ascii	"DMA_TH_Chan\000"
 2190      54485F43 
 2190      68616E00 
 2191              	.LASF33:
 2192 00e7 696E5573 		.ascii	"inUse\000"
 2192      6500
 2193              	.LASF36:
 2194 00ed 62756666 		.ascii	"bufferUart\000"
 2194      65725561 
 2194      727400
 2195              	.LASF44:
 2196 00f8 74657374 		.ascii	"test16\000"
 2196      313600
 2197              	.LASF143:
 2198 00ff 494E4954 		.ascii	"INIT_SYSTEM\000"
 2198      5F535953 
 2198      54454D00 
 2199              	.LASF110:
 2200 010b 7468466C 		.ascii	"thFlag\000"
 2200      616700
 2201              	.LASF38:
 2202 0112 464C4147 		.ascii	"FLAG_SER_TX_INIT\000"
 2202      5F534552 
ARM GAS  C:\Users\dr\AppData\Local\Temp\ccwid8mG.s 			page 42


 2202      5F54585F 
 2202      494E4954 
 2202      00
 2203              	.LASF18:
 2204 0123 666C6F61 		.ascii	"float\000"
 2204      7400
 2205              	.LASF115:
 2206 0129 74684661 		.ascii	"thFastMean\000"
 2206      73744D65 
 2206      616E00
 2207              	.LASF83:
 2208 0134 61646353 		.ascii	"adcSum\000"
 2208      756D00
 2209              	.LASF56:
 2210 013b 69326344 		.ascii	"i2cData\000"
 2210      61746100 
 2211              	.LASF124:
 2212 0143 73685F6C 		.ascii	"sh_load\000"
 2212      6F616400 
 2213              	.LASF132:
 2214 014b 494E4954 		.ascii	"INIT_DLM\000"
 2214      5F444C4D 
 2214      00
 2215              	.LASF9:
 2216 0154 6C6F6E67 		.ascii	"long long unsigned int\000"
 2216      206C6F6E 
 2216      6720756E 
 2216      7369676E 
 2216      65642069 
 2217              	.LASF40:
 2218 016b 6C657665 		.ascii	"levels_15\000"
 2218      6C735F31 
 2218      3500
 2219              	.LASF119:
 2220 0175 74684661 		.ascii	"thFastStd\000"
 2220      73745374 
 2220      6400
 2221              	.LASF99:
 2222 017f 61766743 		.ascii	"avgCurrSample\000"
 2222      75727253 
 2222      616D706C 
 2222      6500
 2223              	.LASF101:
 2224 018d 74687369 		.ascii	"thsi\000"
 2224      00
 2225              	.LASF88:
 2226 0192 72785369 		.ascii	"rxSize\000"
 2226      7A6500
 2227              	.LASF139:
 2228 0199 474E5520 		.ascii	"GNU C11 5.4.1 20160609 (release) [ARM/embedded-5-br"
 2228      43313120 
 2228      352E342E 
 2228      31203230 
 2228      31363036 
 2229 01cc 616E6368 		.ascii	"anch revision 237715] -mcpu=cortex-m3 -mthumb -g -O"
 2229      20726576 
 2229      6973696F 
ARM GAS  C:\Users\dr\AppData\Local\Temp\ccwid8mG.s 			page 43


 2229      6E203233 
 2229      37373135 
 2230 01ff 67202D66 		.ascii	"g -ffunction-sections -ffat-lto-objects\000"
 2230      66756E63 
 2230      74696F6E 
 2230      2D736563 
 2230      74696F6E 
 2231              	.LASF111:
 2232 0227 7468436E 		.ascii	"thCnt\000"
 2232      7400
 2233              	.LASF67:
 2234 022d 6D345472 		.ascii	"m4Track\000"
 2234      61636B00 
 2235              	.LASF32:
 2236 0235 7061796C 		.ascii	"payload\000"
 2236      6F616400 
 2237              	.LASF137:
 2238 023d 73657269 		.ascii	"serialRead\000"
 2238      616C5265 
 2238      616400
 2239              	.LASF52:
 2240 0248 69326353 		.ascii	"i2cSda\000"
 2240      646100
 2241              	.LASF29:
 2242 024f 5F426F6F 		.ascii	"_Bool\000"
 2242      6C00
 2243              	.LASF28:
 2244 0255 506F7274 		.ascii	"Port\000"
 2244      00
 2245              	.LASF72:
 2246 025a 73796D62 		.ascii	"symbolNext\000"
 2246      6F6C4E65 
 2246      787400
 2247              	.LASF70:
 2248 0265 6D333254 		.ascii	"m32Track\000"
 2248      7261636B 
 2248      00
 2249              	.LASF62:
 2250 026e 444D415F 		.ascii	"DMA_HAM2SER_Chan\000"
 2250      48414D32 
 2250      5345525F 
 2250      4368616E 
 2250      00
 2251              	.LASF26:
 2252 027f 4C696E6B 		.ascii	"Link\000"
 2252      00
 2253              	.LASF89:
 2254 0284 72785472 		.ascii	"rxTrackSum\000"
 2254      61636B53 
 2254      756D00
 2255              	.LASF49:
 2256 028f 7369676E 		.ascii	"signalMean\000"
 2256      616C4D65 
 2256      616E00
 2257              	.LASF48:
 2258 029a 73656E64 		.ascii	"send15Cont\000"
 2258      3135436F 
ARM GAS  C:\Users\dr\AppData\Local\Temp\ccwid8mG.s 			page 44


 2258      6E7400
 2259              	.LASF20:
 2260 02a5 63686172 		.ascii	"char\000"
 2260      00
 2261              	.LASF102:
 2262 02aa 7468536C 		.ascii	"thSlowSum\000"
 2262      6F775375 
 2262      6D00
 2263              	.LASF129:
 2264 02b4 43794465 		.ascii	"CyDelayCycles\000"
 2264      6C617943 
 2264      79636C65 
 2264      7300
 2265              	.LASF87:
 2266 02c2 72784D6F 		.ascii	"rxModLevel\000"
 2266      644C6576 
 2266      656C00
 2267              	.LASF92:
 2268 02cd 68656164 		.ascii	"headCnt\000"
 2268      436E7400 
 2269              	.LASF100:
 2270 02d5 7468536C 		.ascii	"thSlowBuffer\000"
 2270      6F774275 
 2270      66666572 
 2270      00
 2271              	.LASF98:
 2272 02e2 64696769 		.ascii	"digipotCheckVal\000"
 2272      706F7443 
 2272      6865636B 
 2272      56616C00 
 2273              	.LASF74:
 2274 02f2 73796D54 		.ascii	"symTx\000"
 2274      7800
 2275              	.LASF14:
 2276 02f8 75696E74 		.ascii	"uint16\000"
 2276      313600
 2277              	.LASF16:
 2278 02ff 696E7438 		.ascii	"int8\000"
 2278      00
 2279              	.LASF81:
 2280 0304 68616D57 		.ascii	"hamWordCheck\000"
 2280      6F726443 
 2280      6865636B 
 2280      00
 2281              	.LASF39:
 2282 0311 6C657665 		.ascii	"levels_48\000"
 2282      6C735F34 
 2282      3800
 2283              	.LASF11:
 2284 031b 75696E74 		.ascii	"uint8_t\000"
 2284      385F7400 
 2285              	.LASF117:
 2286 0323 74684661 		.ascii	"thFastStdCurr\000"
 2286      73745374 
 2286      64437572 
 2286      7200
 2287              	.LASF106:
ARM GAS  C:\Users\dr\AppData\Local\Temp\ccwid8mG.s 			page 45


 2288 0331 7468536C 		.ascii	"thSlowStdSum\000"
 2288      6F775374 
 2288      6453756D 
 2288      00
 2289              	.LASF130:
 2290 033e 73657269 		.ascii	"serialSend8bit\000"
 2290      616C5365 
 2290      6E643862 
 2290      697400
 2291              	.LASF116:
 2292 034d 74684661 		.ascii	"thFastStdBuffer\000"
 2292      73745374 
 2292      64427566 
 2292      66657200 
 2293              	.LASF86:
 2294 035d 72784C6F 		.ascii	"rxLo\000"
 2294      00
 2295              	.LASF50:
 2296 0362 69326353 		.ascii	"i2cStart\000"
 2296      74617274 
 2296      00
 2297              	.LASF80:
 2298 036b 636F6C56 		.ascii	"colValH\000"
 2298      616C4800 
 2299              	.LASF65:
 2300 0373 464C4147 		.ascii	"FLAG_TX_DONE\000"
 2300      5F54585F 
 2300      444F4E45 
 2300      00
 2301              	.LASF8:
 2302 0380 6C6F6E67 		.ascii	"long long int\000"
 2302      206C6F6E 
 2302      6720696E 
 2302      7400
 2303              	.LASF78:
 2304 038e 444D415F 		.ascii	"DMA_PAY_TD\000"
 2304      5041595F 
 2304      544400
 2305              	.LASF127:
 2306 0399 43524547 		.ascii	"CREG_PAY_SIZE_Write\000"
 2306      5F504159 
 2306      5F53495A 
 2306      455F5772 
 2306      69746500 
 2307              	.LASF51:
 2308 03ad 69326343 		.ascii	"i2cClk\000"
 2308      6C6B00
 2309              	.LASF61:
 2310 03b4 726F7574 		.ascii	"routingTable\000"
 2310      696E6754 
 2310      61626C65 
 2310      00
 2311              	.LASF128:
 2312 03c1 43524547 		.ascii	"CREG_INIT_TX_Write\000"
 2312      5F494E49 
 2312      545F5458 
 2312      5F577269 
ARM GAS  C:\Users\dr\AppData\Local\Temp\ccwid8mG.s 			page 46


 2312      746500
 2313              	.LASF15:
 2314 03d4 75696E74 		.ascii	"uint32\000"
 2314      333200
 2315              	.LASF141:
 2316 03db 433A5C55 		.ascii	"C:\\Users\\dr\\Documents\\GitHub\\SHW\\SHW_OOK.cyds"
 2316      73657273 
 2316      5C64725C 
 2316      446F6375 
 2316      6D656E74 
 2317 0408 6E00     		.ascii	"n\000"
 2318              	.LASF108:
 2319 040a 74685374 		.ascii	"thStdTemp\000"
 2319      6454656D 
 2319      7000
 2320              	.LASF31:
 2321 0414 68656164 		.ascii	"header\000"
 2321      657200
 2322              	.LASF134:
 2323 041b 494E4954 		.ascii	"INIT_PACKET_MANAGER\000"
 2323      5F504143 
 2323      4B45545F 
 2323      4D414E41 
 2323      47455200 
 2324              	.LASF103:
 2325 042f 7468536C 		.ascii	"thSlowMean\000"
 2325      6F774D65 
 2325      616E00
 2326              	.LASF113:
 2327 043a 74686669 		.ascii	"thfi\000"
 2327      00
 2328              	.LASF84:
 2329 043f 6164634D 		.ascii	"adcMean\000"
 2329      65616E00 
 2330              	.LASF58:
 2331 0447 69326357 		.ascii	"i2cWord\000"
 2331      6F726400 
 2332              	.LASF21:
 2333 044f 6C6F6E67 		.ascii	"long double\000"
 2333      20646F75 
 2333      626C6500 
 2334              	.LASF76:
 2335 045b 64696D4C 		.ascii	"dimLevel\000"
 2335      6576656C 
 2335      00
 2336              	.LASF47:
 2337 0464 73746570 		.ascii	"stepSize\000"
 2337      53697A65 
 2337      00
 2338              	.LASF27:
 2339 046d 6C696E6B 		.ascii	"links\000"
 2339      7300
 2340              	.LASF85:
 2341 0473 72784869 		.ascii	"rxHi\000"
 2341      00
 2342              	.LASF45:
 2343 0478 62756666 		.ascii	"buffer_uart\000"
ARM GAS  C:\Users\dr\AppData\Local\Temp\ccwid8mG.s 			page 47


 2343      65725F75 
 2343      61727400 
 2344              	.LASF54:
 2345 0484 69326341 		.ascii	"i2cAddr\000"
 2345      64647200 
 2346              	.LASF2:
 2347 048c 73686F72 		.ascii	"short int\000"
 2347      7420696E 
 2347      7400
 2348              	.LASF42:
 2349 0496 73657269 		.ascii	"serialTest\000"
 2349      616C5465 
 2349      737400
 2350              	.LASF6:
 2351 04a1 6C6F6E67 		.ascii	"long int\000"
 2351      20696E74 
 2351      00
 2352              	.LASF120:
 2353 04aa 74684661 		.ascii	"thFastValue\000"
 2353      73745661 
 2353      6C756500 
 2354              	.LASF35:
 2355 04b6 49544D5F 		.ascii	"ITM_RxBuffer\000"
 2355      52784275 
 2355      66666572 
 2355      00
 2356              	.LASF64:
 2357 04c3 464C4147 		.ascii	"FLAG_TX_EVENT\000"
 2357      5F54585F 
 2357      4556454E 
 2357      5400
 2358              	.LASF41:
 2359 04d1 6C657665 		.ascii	"levels_82\000"
 2359      6C735F38 
 2359      3200
 2360              	.LASF53:
 2361 04db 69326342 		.ascii	"i2cBuf\000"
 2361      756600
 2362              	.LASF23:
 2363 04e2 6E6F6465 		.ascii	"node\000"
 2363      00
 2364              	.LASF79:
 2365 04e7 7061636B 		.ascii	"packets4\000"
 2365      65747334 
 2365      00
 2366              	.LASF125:
 2367 04f0 73685F66 		.ascii	"sh_fifo\000"
 2367      69666F00 
 2368              	.LASF75:
 2369 04f8 73796D43 		.ascii	"symCnt\000"
 2369      6E7400
 2370              	.LASF4:
 2371 04ff 5F5F7569 		.ascii	"__uint8_t\000"
 2371      6E74385F 
 2371      7400
 2372              	.LASF96:
 2373 0509 444D415F 		.ascii	"DMA_TH_TD\000"
ARM GAS  C:\Users\dr\AppData\Local\Temp\ccwid8mG.s 			page 48


 2373      54485F54 
 2373      4400
 2374              	.LASF25:
 2375 0513 6D6F644C 		.ascii	"modLevel\000"
 2375      6576656C 
 2375      00
 2376              	.LASF68:
 2377 051c 6D385472 		.ascii	"m8Track\000"
 2377      61636B00 
 2378              	.LASF71:
 2379 0524 74726163 		.ascii	"trackSum\000"
 2379      6B53756D 
 2379      00
 2380              	.LASF105:
 2381 052d 7468536C 		.ascii	"thSlowStdCurr\000"
 2381      6F775374 
 2381      64437572 
 2381      7200
 2382              	.LASF55:
 2383 053b 69326349 		.ascii	"i2cInstr\000"
 2383      6E737472 
 2383      00
 2384              	.LASF22:
 2385 0544 73697A65 		.ascii	"sizetype\000"
 2385      74797065 
 2385      00
 2386              	.LASF97:
 2387 054d 64696769 		.ascii	"digipotTargetVal\000"
 2387      706F7454 
 2387      61726765 
 2387      7456616C 
 2387      00
 2388              	.LASF135:
 2389 055e 494E4954 		.ascii	"INIT_TX_SUBSYSTEM\000"
 2389      5F54585F 
 2389      53554253 
 2389      59535445 
 2389      4D00
 2390              	.LASF7:
 2391 0570 6C6F6E67 		.ascii	"long unsigned int\000"
 2391      20756E73 
 2391      69676E65 
 2391      6420696E 
 2391      7400
 2392              	.LASF12:
 2393 0582 696E7433 		.ascii	"int32_t\000"
 2393      325F7400 
 2394              	.LASF34:
 2395 058a 5061636B 		.ascii	"Packet4\000"
 2395      65743400 
 2396              	.LASF133:
 2397 0592 494E4954 		.ascii	"INIT_DIMMING_CONTROL\000"
 2397      5F44494D 
 2397      4D494E47 
 2397      5F434F4E 
 2397      54524F4C 
 2398              	.LASF1:
ARM GAS  C:\Users\dr\AppData\Local\Temp\ccwid8mG.s 			page 49


 2399 05a7 756E7369 		.ascii	"unsigned char\000"
 2399      676E6564 
 2399      20636861 
 2399      7200
 2400              	.LASF46:
 2401 05b5 75617274 		.ascii	"uart_type\000"
 2401      5F747970 
 2401      6500
 2402              	.LASF90:
 2403 05bf 72785372 		.ascii	"rxSrc\000"
 2403      6300
 2404              	.LASF73:
 2405 05c5 6C4D6173 		.ascii	"lMask\000"
 2405      6B00
 2406              	.LASF63:
 2407 05cb 444D415F 		.ascii	"DMA_HAM2SER_TD\000"
 2407      48414D32 
 2407      5345525F 
 2407      544400
 2408              	.LASF77:
 2409 05da 444D415F 		.ascii	"DMA_PAY_Chan\000"
 2409      5041595F 
 2409      4368616E 
 2409      00
 2410              	.LASF0:
 2411 05e7 7369676E 		.ascii	"signed char\000"
 2411      65642063 
 2411      68617200 
 2412              	.LASF3:
 2413 05f3 73686F72 		.ascii	"short unsigned int\000"
 2413      7420756E 
 2413      7369676E 
 2413      65642069 
 2413      6E7400
 2414              	.LASF107:
 2415 0606 7468536C 		.ascii	"thSlowStd\000"
 2415      6F775374 
 2415      6400
 2416              	.LASF142:
 2417 0610 6D61696E 		.ascii	"main\000"
 2417      00
 2418              	.LASF126:
 2419 0615 73657444 		.ascii	"setDMA\000"
 2419      4D4100
 2420              	.LASF59:
 2421 061c 64657669 		.ascii	"deviceID\000"
 2421      63654944 
 2421      00
 2422              	.LASF13:
 2423 0625 75696E74 		.ascii	"uint8\000"
 2423      3800
 2424              	.LASF19:
 2425 062b 646F7562 		.ascii	"double\000"
 2425      6C6500
 2426              	.LASF24:
 2427 0632 6E6F6973 		.ascii	"noise\000"
 2427      6500
ARM GAS  C:\Users\dr\AppData\Local\Temp\ccwid8mG.s 			page 50


 2428              	.LASF131:
 2429 0638 494E4954 		.ascii	"INIT_SERIAL\000"
 2429      5F534552 
 2429      49414C00 
 2430              	.LASF43:
 2431 0644 74657374 		.ascii	"test8\000"
 2431      3800
 2432              	.LASF91:
 2433 064a 72784473 		.ascii	"rxDst\000"
 2433      7400
 2434              	.LASF121:
 2435 0650 7278536C 		.ascii	"rxSlotTh\000"
 2435      6F745468 
 2435      00
 2436              	.LASF109:
 2437 0659 7468536C 		.ascii	"thSlowValue\000"
 2437      6F775661 
 2437      6C756500 
 2438              		.ident	"GCC: (GNU Tools for ARM Embedded Processors) 5.4.1 20160609 (release) [ARM/embedded-5-bran
