ARM GAS  C:\Users\dr\AppData\Local\Temp\ccCb1bsq.s 			page 1


   1              		.syntax unified
   2              		.cpu cortex-m3
   3              		.fpu softvfp
   4              		.eabi_attribute 20, 1
   5              		.eabi_attribute 21, 1
   6              		.eabi_attribute 23, 3
   7              		.eabi_attribute 24, 1
   8              		.eabi_attribute 25, 1
   9              		.eabi_attribute 26, 1
  10              		.eabi_attribute 30, 1
  11              		.eabi_attribute 34, 1
  12              		.eabi_attribute 18, 4
  13              		.thumb
  14              		.syntax unified
  15              		.file	"cymetadata.c"
  16              		.text
  17              	.Ltext0:
  18              		.cfi_sections	.debug_frame
  19              		.global	cy_metadata
  20              		.global	cy_meta_flashprotect
  21              		.global	cy_meta_wonvl
  22              		.global	cy_meta_custnvl
  23              		.global	cy_meta_configecc
  24              		.section	.cyconfigecc,"a",%progbits
  25              		.align	2
  26              		.type	cy_meta_configecc, %object
  27              		.size	cy_meta_configecc, 2368
  28              	cy_meta_configecc:
  29 0000 03       		.byte	3
  30 0001 52       		.byte	82
  31 0002 00       		.byte	0
  32 0003 40       		.byte	64
  33 0004 02       		.byte	2
  34 0005 5A       		.byte	90
  35 0006 00       		.byte	0
  36 0007 40       		.byte	64
  37 0008 02       		.byte	2
  38 0009 64       		.byte	100
  39 000a 00       		.byte	0
  40 000b 40       		.byte	64
  41 000c 02       		.byte	2
  42 000d 65       		.byte	101
  43 000e 00       		.byte	0
  44 000f 40       		.byte	64
  45 0010 45       		.byte	69
  46 0011 00       		.byte	0
  47 0012 01       		.byte	1
  48 0013 40       		.byte	64
  49 0014 33       		.byte	51
  50 0015 01       		.byte	1
  51 0016 01       		.byte	1
  52 0017 40       		.byte	64
  53 0018 4E       		.byte	78
  54 0019 02       		.byte	2
  55 001a 01       		.byte	1
  56 001b 40       		.byte	64
  57 001c 3F       		.byte	63
ARM GAS  C:\Users\dr\AppData\Local\Temp\ccCb1bsq.s 			page 2


  58 001d 03       		.byte	3
  59 001e 01       		.byte	1
  60 001f 40       		.byte	64
  61 0020 49       		.byte	73
  62 0021 04       		.byte	4
  63 0022 01       		.byte	1
  64 0023 40       		.byte	64
  65 0024 42       		.byte	66
  66 0025 05       		.byte	5
  67 0026 01       		.byte	1
  68 0027 40       		.byte	64
  69 0028 44       		.byte	68
  70 0029 06       		.byte	6
  71 002a 01       		.byte	1
  72 002b 40       		.byte	64
  73 002c 47       		.byte	71
  74 002d 07       		.byte	7
  75 002e 01       		.byte	1
  76 002f 40       		.byte	64
  77 0030 05       		.byte	5
  78 0031 09       		.byte	9
  79 0032 01       		.byte	1
  80 0033 40       		.byte	64
  81 0034 01       		.byte	1
  82 0035 0B       		.byte	11
  83 0036 01       		.byte	1
  84 0037 40       		.byte	64
  85 0038 01       		.byte	1
  86 0039 0D       		.byte	13
  87 003a 01       		.byte	1
  88 003b 40       		.byte	64
  89 003c 32       		.byte	50
  90 003d 14       		.byte	20
  91 003e 01       		.byte	1
  92 003f 40       		.byte	64
  93 0040 3E       		.byte	62
  94 0041 15       		.byte	21
  95 0042 01       		.byte	1
  96 0043 40       		.byte	64
  97 0044 59       		.byte	89
  98 0045 16       		.byte	22
  99 0046 01       		.byte	1
 100 0047 40       		.byte	64
 101 0048 4A       		.byte	74
 102 0049 17       		.byte	23
 103 004a 01       		.byte	1
 104 004b 40       		.byte	64
 105 004c 52       		.byte	82
 106 004d 18       		.byte	24
 107 004e 01       		.byte	1
 108 004f 40       		.byte	64
 109 0050 40       		.byte	64
 110 0051 19       		.byte	25
 111 0052 01       		.byte	1
 112 0053 40       		.byte	64
 113 0054 04       		.byte	4
 114 0055 1B       		.byte	27
ARM GAS  C:\Users\dr\AppData\Local\Temp\ccCb1bsq.s 			page 3


 115 0056 01       		.byte	1
 116 0057 40       		.byte	64
 117 0058 0E       		.byte	14
 118 0059 40       		.byte	64
 119 005a 01       		.byte	1
 120 005b 40       		.byte	64
 121 005c 15       		.byte	21
 122 005d 41       		.byte	65
 123 005e 01       		.byte	1
 124 005f 40       		.byte	64
 125 0060 09       		.byte	9
 126 0061 42       		.byte	66
 127 0062 01       		.byte	1
 128 0063 40       		.byte	64
 129 0064 09       		.byte	9
 130 0065 43       		.byte	67
 131 0066 01       		.byte	1
 132 0067 40       		.byte	64
 133 0068 02       		.byte	2
 134 0069 44       		.byte	68
 135 006a 01       		.byte	1
 136 006b 40       		.byte	64
 137 006c 05       		.byte	5
 138 006d 45       		.byte	69
 139 006e 01       		.byte	1
 140 006f 40       		.byte	64
 141 0070 07       		.byte	7
 142 0071 46       		.byte	70
 143 0072 01       		.byte	1
 144 0073 40       		.byte	64
 145 0074 07       		.byte	7
 146 0075 47       		.byte	71
 147 0076 01       		.byte	1
 148 0077 40       		.byte	64
 149 0078 0C       		.byte	12
 150 0079 48       		.byte	72
 151 007a 01       		.byte	1
 152 007b 40       		.byte	64
 153 007c 05       		.byte	5
 154 007d 49       		.byte	73
 155 007e 01       		.byte	1
 156 007f 40       		.byte	64
 157 0080 05       		.byte	5
 158 0081 4C       		.byte	76
 159 0082 01       		.byte	1
 160 0083 40       		.byte	64
 161 0084 0C       		.byte	12
 162 0085 50       		.byte	80
 163 0086 01       		.byte	1
 164 0087 40       		.byte	64
 165 0088 03       		.byte	3
 166 0089 51       		.byte	81
 167 008a 01       		.byte	1
 168 008b 40       		.byte	64
 169 008c 00       		.byte	0
 170 008d 04       		.byte	4
 171 008e 61       		.byte	97
ARM GAS  C:\Users\dr\AppData\Local\Temp\ccCb1bsq.s 			page 4


 172 008f 08       		.byte	8
 173 0090 7C       		.byte	124
 174 0091 01       		.byte	1
 175 0092 8F       		.byte	-113
 176 0093 01       		.byte	1
 177 0094 9F       		.byte	-97
 178 0095 01       		.byte	1
 179 0096 83       		.byte	-125
 180 0097 09       		.byte	9
 181 0098 85       		.byte	-123
 182 0099 38       		.byte	56
 183 009a 86       		.byte	-122
 184 009b 72       		.byte	114
 185 009c 89       		.byte	-119
 186 009d 0F       		.byte	15
 187 009e 00       		.byte	0
 188 009f 04       		.byte	4
 189 00a0 02       		.byte	2
 190 00a1 49       		.byte	73
 191 00a2 05       		.byte	5
 192 00a3 0D       		.byte	13
 193 00a4 06       		.byte	6
 194 00a5 29       		.byte	41
 195 00a6 07       		.byte	7
 196 00a7 02       		.byte	2
 197 00a8 0E       		.byte	14
 198 00a9 2D       		.byte	45
 199 00aa 0F       		.byte	15
 200 00ab 02       		.byte	2
 201 00ac 15       		.byte	21
 202 00ad 08       		.byte	8
 203 00ae 16       		.byte	22
 204 00af 06       		.byte	6
 205 00b0 17       		.byte	23
 206 00b1 05       		.byte	5
 207 00b2 1B       		.byte	27
 208 00b3 20       		.byte	32
 209 00b4 20       		.byte	32
 210 00b5 04       		.byte	4
 211 00b6 22       		.byte	34
 212 00b7 11       		.byte	17
 213 00b8 24       		.byte	36
 214 00b9 29       		.byte	41
 215 00ba 25       		.byte	37
 216 00bb 04       		.byte	4
 217 00bc 26       		.byte	38
 218 00bd 52       		.byte	82
 219 00be 27       		.byte	39
 220 00bf 19       		.byte	25
 221 00c0 2A       		.byte	42
 222 00c1 2D       		.byte	45
 223 00c2 2F       		.byte	47
 224 00c3 30       		.byte	48
 225 00c4 30       		.byte	48
 226 00c5 60       		.byte	96
 227 00c6 31       		.byte	49
 228 00c7 03       		.byte	3
ARM GAS  C:\Users\dr\AppData\Local\Temp\ccCb1bsq.s 			page 5


 229 00c8 32       		.byte	50
 230 00c9 03       		.byte	3
 231 00ca 33       		.byte	51
 232 00cb 0C       		.byte	12
 233 00cc 34       		.byte	52
 234 00cd 04       		.byte	4
 235 00ce 35       		.byte	53
 236 00cf 20       		.byte	32
 237 00d0 36       		.byte	54
 238 00d1 18       		.byte	24
 239 00d2 37       		.byte	55
 240 00d3 10       		.byte	16
 241 00d4 3A       		.byte	58
 242 00d5 8A       		.byte	-118
 243 00d6 3B       		.byte	59
 244 00d7 02       		.byte	2
 245 00d8 3E       		.byte	62
 246 00d9 10       		.byte	16
 247 00da 3F       		.byte	63
 248 00db 50       		.byte	80
 249 00dc 58       		.byte	88
 250 00dd 04       		.byte	4
 251 00de 59       		.byte	89
 252 00df 04       		.byte	4
 253 00e0 5C       		.byte	92
 254 00e1 88       		.byte	-120
 255 00e2 5F       		.byte	95
 256 00e3 11       		.byte	17
 257 00e4 80       		.byte	-128
 258 00e5 10       		.byte	16
 259 00e6 84       		.byte	-124
 260 00e7 02       		.byte	2
 261 00e8 87       		.byte	-121
 262 00e9 03       		.byte	3
 263 00ea 88       		.byte	-120
 264 00eb 10       		.byte	16
 265 00ec 8C       		.byte	-116
 266 00ed 02       		.byte	2
 267 00ee 90       		.byte	-112
 268 00ef 0C       		.byte	12
 269 00f0 91       		.byte	-111
 270 00f1 08       		.byte	8
 271 00f2 92       		.byte	-110
 272 00f3 01       		.byte	1
 273 00f4 96       		.byte	-106
 274 00f5 20       		.byte	32
 275 00f6 97       		.byte	-105
 276 00f7 01       		.byte	1
 277 00f8 98       		.byte	-104
 278 00f9 03       		.byte	3
 279 00fa 9A       		.byte	-102
 280 00fb 04       		.byte	4
 281 00fc 9C       		.byte	-100
 282 00fd 02       		.byte	2
 283 00fe A0       		.byte	-96
 284 00ff 02       		.byte	2
 285 0100 A4       		.byte	-92
ARM GAS  C:\Users\dr\AppData\Local\Temp\ccCb1bsq.s 			page 6


 286 0101 02       		.byte	2
 287 0102 A8       		.byte	-88
 288 0103 30       		.byte	48
 289 0104 AD       		.byte	-83
 290 0105 08       		.byte	8
 291 0106 AE       		.byte	-82
 292 0107 08       		.byte	8
 293 0108 AF       		.byte	-81
 294 0109 04       		.byte	4
 295 010a B0       		.byte	-80
 296 010b 03       		.byte	3
 297 010c B1       		.byte	-79
 298 010d 04       		.byte	4
 299 010e B2       		.byte	-78
 300 010f 30       		.byte	48
 301 0110 B3       		.byte	-77
 302 0111 08       		.byte	8
 303 0112 B4       		.byte	-76
 304 0113 0C       		.byte	12
 305 0114 B5       		.byte	-75
 306 0115 02       		.byte	2
 307 0116 B7       		.byte	-73
 308 0117 01       		.byte	1
 309 0118 B9       		.byte	-71
 310 0119 08       		.byte	8
 311 011a BB       		.byte	-69
 312 011b A0       		.byte	-96
 313 011c BF       		.byte	-65
 314 011d 04       		.byte	4
 315 011e D8       		.byte	-40
 316 011f 04       		.byte	4
 317 0120 D9       		.byte	-39
 318 0121 04       		.byte	4
 319 0122 DB       		.byte	-37
 320 0123 04       		.byte	4
 321 0124 DC       		.byte	-36
 322 0125 89       		.byte	-119
 323 0126 DF       		.byte	-33
 324 0127 21       		.byte	33
 325 0128 00       		.byte	0
 326 0129 40       		.byte	64
 327 012a 01       		.byte	1
 328 012b 02       		.byte	2
 329 012c 03       		.byte	3
 330 012d 20       		.byte	32
 331 012e 04       		.byte	4
 332 012f 82       		.byte	-126
 333 0130 05       		.byte	5
 334 0131 08       		.byte	8
 335 0132 07       		.byte	7
 336 0133 08       		.byte	8
 337 0134 0A       		.byte	10
 338 0135 10       		.byte	16
 339 0136 0C       		.byte	12
 340 0137 80       		.byte	-128
 341 0138 0D       		.byte	13
 342 0139 02       		.byte	2
ARM GAS  C:\Users\dr\AppData\Local\Temp\ccCb1bsq.s 			page 7


 343 013a 0E       		.byte	14
 344 013b 29       		.byte	41
 345 013c 10       		.byte	16
 346 013d 80       		.byte	-128
 347 013e 11       		.byte	17
 348 013f 04       		.byte	4
 349 0140 12       		.byte	18
 350 0141 08       		.byte	8
 351 0142 15       		.byte	21
 352 0143 4A       		.byte	74
 353 0144 16       		.byte	22
 354 0145 08       		.byte	8
 355 0146 18       		.byte	24
 356 0147 88       		.byte	-120
 357 0148 19       		.byte	25
 358 0149 0A       		.byte	10
 359 014a 1A       		.byte	26
 360 014b 11       		.byte	17
 361 014c 1C       		.byte	28
 362 014d 01       		.byte	1
 363 014e 1D       		.byte	29
 364 014f 02       		.byte	2
 365 0150 1E       		.byte	30
 366 0151 28       		.byte	40
 367 0152 20       		.byte	32
 368 0153 40       		.byte	64
 369 0154 21       		.byte	33
 370 0155 15       		.byte	21
 371 0156 22       		.byte	34
 372 0157 98       		.byte	-104
 373 0158 24       		.byte	36
 374 0159 02       		.byte	2
 375 015a 26       		.byte	38
 376 015b 01       		.byte	1
 377 015c 27       		.byte	39
 378 015d 28       		.byte	40
 379 015e 29       		.byte	41
 380 015f 04       		.byte	4
 381 0160 2A       		.byte	42
 382 0161 80       		.byte	-128
 383 0162 2B       		.byte	43
 384 0163 20       		.byte	32
 385 0164 2E       		.byte	46
 386 0165 40       		.byte	64
 387 0166 30       		.byte	48
 388 0167 10       		.byte	16
 389 0168 32       		.byte	50
 390 0169 08       		.byte	8
 391 016a 36       		.byte	54
 392 016b 01       		.byte	1
 393 016c 37       		.byte	55
 394 016d 08       		.byte	8
 395 016e 38       		.byte	56
 396 016f 48       		.byte	72
 397 0170 39       		.byte	57
 398 0171 04       		.byte	4
 399 0172 3E       		.byte	62
ARM GAS  C:\Users\dr\AppData\Local\Temp\ccCb1bsq.s 			page 8


 400 0173 04       		.byte	4
 401 0174 5F       		.byte	95
 402 0175 20       		.byte	32
 403 0176 78       		.byte	120
 404 0177 20       		.byte	32
 405 0178 7E       		.byte	126
 406 0179 10       		.byte	16
 407 017a 88       		.byte	-120
 408 017b 20       		.byte	32
 409 017c C0       		.byte	-64
 410 017d FD       		.byte	-3
 411 017e C2       		.byte	-62
 412 017f F4       		.byte	-12
 413 0180 C4       		.byte	-60
 414 0181 FE       		.byte	-2
 415 0182 CA       		.byte	-54
 416 0183 1A       		.byte	26
 417 0184 CC       		.byte	-52
 418 0185 C6       		.byte	-58
 419 0186 CE       		.byte	-50
 420 0187 4A       		.byte	74
 421 0188 D6       		.byte	-42
 422 0189 20       		.byte	32
 423 018a DE       		.byte	-34
 424 018b 44       		.byte	68
 425 018c E0       		.byte	-32
 426 018d 80       		.byte	-128
 427 018e 05       		.byte	5
 428 018f 01       		.byte	1
 429 0190 0B       		.byte	11
 430 0191 01       		.byte	1
 431 0192 0C       		.byte	12
 432 0193 0C       		.byte	12
 433 0194 0D       		.byte	13
 434 0195 01       		.byte	1
 435 0196 0E       		.byte	14
 436 0197 02       		.byte	2
 437 0198 0F       		.byte	15
 438 0199 02       		.byte	2
 439 019a 11       		.byte	17
 440 019b 01       		.byte	1
 441 019c 14       		.byte	20
 442 019d 0C       		.byte	12
 443 019e 17       		.byte	23
 444 019f 07       		.byte	7
 445 01a0 1C       		.byte	28
 446 01a1 08       		.byte	8
 447 01a2 1E       		.byte	30
 448 01a3 07       		.byte	7
 449 01a4 20       		.byte	32
 450 01a5 0C       		.byte	12
 451 01a6 21       		.byte	33
 452 01a7 01       		.byte	1
 453 01a8 22       		.byte	34
 454 01a9 01       		.byte	1
 455 01aa 24       		.byte	36
 456 01ab 0C       		.byte	12
ARM GAS  C:\Users\dr\AppData\Local\Temp\ccCb1bsq.s 			page 9


 457 01ac 25       		.byte	37
 458 01ad 01       		.byte	1
 459 01ae 26       		.byte	38
 460 01af 03       		.byte	3
 461 01b0 2D       		.byte	45
 462 01b1 01       		.byte	1
 463 01b2 2F       		.byte	47
 464 01b3 02       		.byte	2
 465 01b4 30       		.byte	48
 466 01b5 03       		.byte	3
 467 01b6 31       		.byte	49
 468 01b7 04       		.byte	4
 469 01b8 32       		.byte	50
 470 01b9 04       		.byte	4
 471 01ba 33       		.byte	51
 472 01bb 01       		.byte	1
 473 01bc 34       		.byte	52
 474 01bd 08       		.byte	8
 475 01be 37       		.byte	55
 476 01bf 02       		.byte	2
 477 01c0 3A       		.byte	58
 478 01c1 02       		.byte	2
 479 01c2 3B       		.byte	59
 480 01c3 B2       		.byte	-78
 481 01c4 3E       		.byte	62
 482 01c5 14       		.byte	20
 483 01c6 3F       		.byte	63
 484 01c7 04       		.byte	4
 485 01c8 58       		.byte	88
 486 01c9 04       		.byte	4
 487 01ca 59       		.byte	89
 488 01cb 04       		.byte	4
 489 01cc 5B       		.byte	91
 490 01cd 04       		.byte	4
 491 01ce 5C       		.byte	92
 492 01cf 44       		.byte	68
 493 01d0 5F       		.byte	95
 494 01d1 01       		.byte	1
 495 01d2 80       		.byte	-128
 496 01d3 30       		.byte	48
 497 01d4 82       		.byte	-126
 498 01d5 80       		.byte	-128
 499 01d6 83       		.byte	-125
 500 01d7 09       		.byte	9
 501 01d8 87       		.byte	-121
 502 01d9 40       		.byte	64
 503 01da 88       		.byte	-120
 504 01db 06       		.byte	6
 505 01dc 89       		.byte	-119
 506 01dd 20       		.byte	32
 507 01de 8A       		.byte	-118
 508 01df 40       		.byte	64
 509 01e0 8B       		.byte	-117
 510 01e1 15       		.byte	21
 511 01e2 8C       		.byte	-116
 512 01e3 09       		.byte	9
 513 01e4 8F       		.byte	-113
ARM GAS  C:\Users\dr\AppData\Local\Temp\ccCb1bsq.s 			page 10


 514 01e5 40       		.byte	64
 515 01e6 90       		.byte	-112
 516 01e7 E4       		.byte	-28
 517 01e8 93       		.byte	-109
 518 01e9 02       		.byte	2
 519 01ea 94       		.byte	-108
 520 01eb 02       		.byte	2
 521 01ec 95       		.byte	-107
 522 01ed 90       		.byte	-112
 523 01ee 96       		.byte	-106
 524 01ef 40       		.byte	64
 525 01f0 97       		.byte	-105
 526 01f1 25       		.byte	37
 527 01f2 98       		.byte	-104
 528 01f3 10       		.byte	16
 529 01f4 99       		.byte	-103
 530 01f5 40       		.byte	64
 531 01f6 9A       		.byte	-102
 532 01f7 80       		.byte	-128
 533 01f8 A0       		.byte	-96
 534 01f9 09       		.byte	9
 535 01fa A4       		.byte	-92
 536 01fb 01       		.byte	1
 537 01fc A5       		.byte	-91
 538 01fd 35       		.byte	53
 539 01fe A6       		.byte	-90
 540 01ff 08       		.byte	8
 541 0200 A7       		.byte	-89
 542 0201 0A       		.byte	10
 543 0202 AC       		.byte	-84
 544 0203 08       		.byte	8
 545 0204 AE       		.byte	-82
 546 0205 01       		.byte	1
 547 0206 B0       		.byte	-80
 548 0207 80       		.byte	-128
 549 0208 B1       		.byte	-79
 550 0209 03       		.byte	3
 551 020a B2       		.byte	-78
 552 020b 40       		.byte	64
 553 020c B3       		.byte	-77
 554 020d 30       		.byte	48
 555 020e B4       		.byte	-76
 556 020f 07       		.byte	7
 557 0210 B5       		.byte	-75
 558 0211 C0       		.byte	-64
 559 0212 B6       		.byte	-74
 560 0213 38       		.byte	56
 561 0214 B7       		.byte	-73
 562 0215 0C       		.byte	12
 563 0216 B8       		.byte	-72
 564 0217 A0       		.byte	-96
 565 0218 BB       		.byte	-69
 566 0219 B2       		.byte	-78
 567 021a BE       		.byte	-66
 568 021b 05       		.byte	5
 569 021c D4       		.byte	-44
 570 021d 01       		.byte	1
ARM GAS  C:\Users\dr\AppData\Local\Temp\ccCb1bsq.s 			page 11


 571 021e D8       		.byte	-40
 572 021f 04       		.byte	4
 573 0220 D9       		.byte	-39
 574 0221 04       		.byte	4
 575 0222 DB       		.byte	-37
 576 0223 04       		.byte	4
 577 0224 DC       		.byte	-36
 578 0225 89       		.byte	-119
 579 0226 DD       		.byte	-35
 580 0227 90       		.byte	-112
 581 0228 DF       		.byte	-33
 582 0229 11       		.byte	17
 583 022a 00       		.byte	0
 584 022b 41       		.byte	65
 585 022c 01       		.byte	1
 586 022d 20       		.byte	32
 587 022e 04       		.byte	4
 588 022f 40       		.byte	64
 589 0230 08       		.byte	8
 590 0231 11       		.byte	17
 591 0232 09       		.byte	9
 592 0233 08       		.byte	8
 593 0234 0A       		.byte	10
 594 0235 04       		.byte	4
 595 0236 0E       		.byte	14
 596 0237 22       		.byte	34
 597 0238 0F       		.byte	15
 598 0239 20       		.byte	32
 599 023a 10       		.byte	16
 600 023b 02       		.byte	2
 601 023c 12       		.byte	18
 602 023d 02       		.byte	2
 603 023e 13       		.byte	19
 604 023f 0A       		.byte	10
 605 0240 17       		.byte	23
 606 0241 0A       		.byte	10
 607 0242 18       		.byte	24
 608 0243 01       		.byte	1
 609 0244 19       		.byte	25
 610 0245 20       		.byte	32
 611 0246 1B       		.byte	27
 612 0247 09       		.byte	9
 613 0248 1C       		.byte	28
 614 0249 40       		.byte	64
 615 024a 1D       		.byte	29
 616 024b 0C       		.byte	12
 617 024c 1E       		.byte	30
 618 024d 14       		.byte	20
 619 024e 20       		.byte	32
 620 024f 84       		.byte	-124
 621 0250 21       		.byte	33
 622 0251 04       		.byte	4
 623 0252 22       		.byte	34
 624 0253 11       		.byte	17
 625 0254 23       		.byte	35
 626 0255 11       		.byte	17
 627 0256 24       		.byte	36
ARM GAS  C:\Users\dr\AppData\Local\Temp\ccCb1bsq.s 			page 12


 628 0257 20       		.byte	32
 629 0258 26       		.byte	38
 630 0259 03       		.byte	3
 631 025a 27       		.byte	39
 632 025b 0A       		.byte	10
 633 025c 28       		.byte	40
 634 025d 01       		.byte	1
 635 025e 2A       		.byte	42
 636 025f 80       		.byte	-128
 637 0260 2B       		.byte	43
 638 0261 20       		.byte	32
 639 0262 2C       		.byte	44
 640 0263 22       		.byte	34
 641 0264 2F       		.byte	47
 642 0265 40       		.byte	64
 643 0266 30       		.byte	48
 644 0267 20       		.byte	32
 645 0268 31       		.byte	49
 646 0269 08       		.byte	8
 647 026a 32       		.byte	50
 648 026b 11       		.byte	17
 649 026c 37       		.byte	55
 650 026d 0A       		.byte	10
 651 026e 38       		.byte	56
 652 026f 88       		.byte	-120
 653 0270 3B       		.byte	59
 654 0271 95       		.byte	-107
 655 0272 3C       		.byte	60
 656 0273 40       		.byte	64
 657 0274 3F       		.byte	63
 658 0275 24       		.byte	36
 659 0276 59       		.byte	89
 660 0277 02       		.byte	2
 661 0278 5A       		.byte	90
 662 0279 80       		.byte	-128
 663 027a 6D       		.byte	109
 664 027b 40       		.byte	64
 665 027c 7B       		.byte	123
 666 027d 08       		.byte	8
 667 027e 80       		.byte	-128
 668 027f 10       		.byte	16
 669 0280 82       		.byte	-126
 670 0281 80       		.byte	-128
 671 0282 91       		.byte	-111
 672 0283 20       		.byte	32
 673 0284 95       		.byte	-107
 674 0285 40       		.byte	64
 675 0286 96       		.byte	-106
 676 0287 44       		.byte	68
 677 0288 9C       		.byte	-100
 678 0289 10       		.byte	16
 679 028a 9D       		.byte	-99
 680 028b 04       		.byte	4
 681 028c 9E       		.byte	-98
 682 028d 80       		.byte	-128
 683 028e A2       		.byte	-94
 684 028f 90       		.byte	-112
ARM GAS  C:\Users\dr\AppData\Local\Temp\ccCb1bsq.s 			page 13


 685 0290 A9       		.byte	-87
 686 0291 02       		.byte	2
 687 0292 AE       		.byte	-82
 688 0293 08       		.byte	8
 689 0294 B4       		.byte	-76
 690 0295 01       		.byte	1
 691 0296 C0       		.byte	-64
 692 0297 8B       		.byte	-117
 693 0298 C2       		.byte	-62
 694 0299 AE       		.byte	-82
 695 029a C4       		.byte	-60
 696 029b 3D       		.byte	61
 697 029c CA       		.byte	-54
 698 029d D2       		.byte	-46
 699 029e CC       		.byte	-52
 700 029f C7       		.byte	-57
 701 02a0 CE       		.byte	-50
 702 02a1 7F       		.byte	127
 703 02a2 D6       		.byte	-42
 704 02a3 09       		.byte	9
 705 02a4 DE       		.byte	-34
 706 02a5 04       		.byte	4
 707 02a6 EE       		.byte	-18
 708 02a7 11       		.byte	17
 709 02a8 00       		.byte	0
 710 02a9 CC       		.byte	-52
 711 02aa 02       		.byte	2
 712 02ab 33       		.byte	51
 713 02ac 04       		.byte	4
 714 02ad F0       		.byte	-16
 715 02ae 06       		.byte	6
 716 02af 0F       		.byte	15
 717 02b0 0A       		.byte	10
 718 02b1 02       		.byte	2
 719 02b2 0D       		.byte	13
 720 02b3 02       		.byte	2
 721 02b4 0E       		.byte	14
 722 02b5 01       		.byte	1
 723 02b6 11       		.byte	17
 724 02b7 01       		.byte	1
 725 02b8 14       		.byte	20
 726 02b9 AA       		.byte	-86
 727 02ba 16       		.byte	22
 728 02bb 55       		.byte	85
 729 02bc 1A       		.byte	26
 730 02bd 04       		.byte	4
 731 02be 1E       		.byte	30
 732 02bf 08       		.byte	8
 733 02c0 22       		.byte	34
 734 02c1 10       		.byte	16
 735 02c2 26       		.byte	38
 736 02c3 20       		.byte	32
 737 02c4 2A       		.byte	42
 738 02c5 40       		.byte	64
 739 02c6 2E       		.byte	46
 740 02c7 80       		.byte	-128
 741 02c8 2F       		.byte	47
ARM GAS  C:\Users\dr\AppData\Local\Temp\ccCb1bsq.s 			page 14


 742 02c9 05       		.byte	5
 743 02ca 30       		.byte	48
 744 02cb FF       		.byte	-1
 745 02cc 31       		.byte	49
 746 02cd 04       		.byte	4
 747 02ce 33       		.byte	51
 748 02cf 02       		.byte	2
 749 02d0 37       		.byte	55
 750 02d1 01       		.byte	1
 751 02d2 3F       		.byte	63
 752 02d3 04       		.byte	4
 753 02d4 58       		.byte	88
 754 02d5 04       		.byte	4
 755 02d6 59       		.byte	89
 756 02d7 04       		.byte	4
 757 02d8 5B       		.byte	91
 758 02d9 04       		.byte	4
 759 02da 5C       		.byte	92
 760 02db 98       		.byte	-104
 761 02dc 5F       		.byte	95
 762 02dd 11       		.byte	17
 763 02de 85       		.byte	-123
 764 02df 01       		.byte	1
 765 02e0 87       		.byte	-121
 766 02e1 06       		.byte	6
 767 02e2 8A       		.byte	-118
 768 02e3 01       		.byte	1
 769 02e4 8B       		.byte	-117
 770 02e5 06       		.byte	6
 771 02e6 8F       		.byte	-113
 772 02e7 08       		.byte	8
 773 02e8 93       		.byte	-109
 774 02e9 01       		.byte	1
 775 02ea 9A       		.byte	-102
 776 02eb 01       		.byte	1
 777 02ec 9B       		.byte	-101
 778 02ed 03       		.byte	3
 779 02ee 9F       		.byte	-97
 780 02ef 08       		.byte	8
 781 02f0 B0       		.byte	-80
 782 02f1 01       		.byte	1
 783 02f2 B1       		.byte	-79
 784 02f3 03       		.byte	3
 785 02f4 B3       		.byte	-77
 786 02f5 08       		.byte	8
 787 02f6 B5       		.byte	-75
 788 02f7 05       		.byte	5
 789 02f8 BB       		.byte	-69
 790 02f9 22       		.byte	34
 791 02fa BE       		.byte	-66
 792 02fb 01       		.byte	1
 793 02fc BF       		.byte	-65
 794 02fd 04       		.byte	4
 795 02fe C0       		.byte	-64
 796 02ff 25       		.byte	37
 797 0300 C1       		.byte	-63
 798 0301 04       		.byte	4
ARM GAS  C:\Users\dr\AppData\Local\Temp\ccCb1bsq.s 			page 15


 799 0302 C2       		.byte	-62
 800 0303 03       		.byte	3
 801 0304 C4       		.byte	-60
 802 0305 06       		.byte	6
 803 0306 C5       		.byte	-59
 804 0307 0C       		.byte	12
 805 0308 C6       		.byte	-58
 806 0309 0E       		.byte	14
 807 030a C8       		.byte	-56
 808 030b 05       		.byte	5
 809 030c C9       		.byte	-55
 810 030d FF       		.byte	-1
 811 030e CA       		.byte	-54
 812 030f FF       		.byte	-1
 813 0310 CB       		.byte	-53
 814 0311 FF       		.byte	-1
 815 0312 CC       		.byte	-52
 816 0313 62       		.byte	98
 817 0314 CD       		.byte	-51
 818 0315 A0       		.byte	-96
 819 0316 CE       		.byte	-50
 820 0317 F0       		.byte	-16
 821 0318 CF       		.byte	-49
 822 0319 41       		.byte	65
 823 031a D0       		.byte	-48
 824 031b 0C       		.byte	12
 825 031c D4       		.byte	-44
 826 031d 18       		.byte	24
 827 031e D8       		.byte	-40
 828 031f 04       		.byte	4
 829 0320 D9       		.byte	-39
 830 0321 04       		.byte	4
 831 0322 DA       		.byte	-38
 832 0323 04       		.byte	4
 833 0324 DB       		.byte	-37
 834 0325 04       		.byte	4
 835 0326 DC       		.byte	-36
 836 0327 80       		.byte	-128
 837 0328 DF       		.byte	-33
 838 0329 11       		.byte	17
 839 032a E6       		.byte	-26
 840 032b 40       		.byte	64
 841 032c E7       		.byte	-25
 842 032d 02       		.byte	2
 843 032e E9       		.byte	-23
 844 032f 10       		.byte	16
 845 0330 EA       		.byte	-22
 846 0331 30       		.byte	48
 847 0332 EB       		.byte	-21
 848 0333 10       		.byte	16
 849 0334 ED       		.byte	-19
 850 0335 10       		.byte	16
 851 0336 EE       		.byte	-18
 852 0337 10       		.byte	16
 853 0338 EF       		.byte	-17
 854 0339 12       		.byte	18
 855 033a 00       		.byte	0
ARM GAS  C:\Users\dr\AppData\Local\Temp\ccCb1bsq.s 			page 16


 856 033b 0A       		.byte	10
 857 033c 01       		.byte	1
 858 033d 40       		.byte	64
 859 033e 03       		.byte	3
 860 033f 04       		.byte	4
 861 0340 04       		.byte	4
 862 0341 20       		.byte	32
 863 0342 07       		.byte	7
 864 0343 08       		.byte	8
 865 0344 0A       		.byte	10
 866 0345 05       		.byte	5
 867 0346 0B       		.byte	11
 868 0347 10       		.byte	16
 869 0348 0F       		.byte	15
 870 0349 04       		.byte	4
 871 034a 10       		.byte	16
 872 034b A2       		.byte	-94
 873 034c 13       		.byte	19
 874 034d 20       		.byte	32
 875 034e 1A       		.byte	26
 876 034f 40       		.byte	64
 877 0350 1F       		.byte	31
 878 0351 01       		.byte	1
 879 0352 20       		.byte	32
 880 0353 10       		.byte	16
 881 0354 21       		.byte	33
 882 0355 02       		.byte	2
 883 0356 22       		.byte	34
 884 0357 40       		.byte	64
 885 0358 24       		.byte	36
 886 0359 88       		.byte	-120
 887 035a 25       		.byte	37
 888 035b 05       		.byte	5
 889 035c 26       		.byte	38
 890 035d 21       		.byte	33
 891 035e 2B       		.byte	43
 892 035f 02       		.byte	2
 893 0360 31       		.byte	49
 894 0361 02       		.byte	2
 895 0362 36       		.byte	54
 896 0363 61       		.byte	97
 897 0364 38       		.byte	56
 898 0365 04       		.byte	4
 899 0366 3A       		.byte	58
 900 0367 44       		.byte	68
 901 0368 3C       		.byte	60
 902 0369 04       		.byte	4
 903 036a 3E       		.byte	62
 904 036b 10       		.byte	16
 905 036c 3F       		.byte	63
 906 036d 80       		.byte	-128
 907 036e 45       		.byte	69
 908 036f 10       		.byte	16
 909 0370 46       		.byte	70
 910 0371 80       		.byte	-128
 911 0372 47       		.byte	71
 912 0373 08       		.byte	8
ARM GAS  C:\Users\dr\AppData\Local\Temp\ccCb1bsq.s 			page 17


 913 0374 4E       		.byte	78
 914 0375 08       		.byte	8
 915 0376 4F       		.byte	79
 916 0377 44       		.byte	68
 917 0378 57       		.byte	87
 918 0379 40       		.byte	64
 919 037a 5F       		.byte	95
 920 037b 02       		.byte	2
 921 037c 66       		.byte	102
 922 037d 20       		.byte	32
 923 037e 67       		.byte	103
 924 037f 02       		.byte	2
 925 0380 69       		.byte	105
 926 0381 40       		.byte	64
 927 0382 6A       		.byte	106
 928 0383 05       		.byte	5
 929 0384 6B       		.byte	107
 930 0385 04       		.byte	4
 931 0386 70       		.byte	112
 932 0387 A2       		.byte	-94
 933 0388 73       		.byte	115
 934 0389 20       		.byte	32
 935 038a 79       		.byte	121
 936 038b 20       		.byte	32
 937 038c 7F       		.byte	127
 938 038d 08       		.byte	8
 939 038e 90       		.byte	-112
 940 038f 04       		.byte	4
 941 0390 91       		.byte	-111
 942 0391 28       		.byte	40
 943 0392 92       		.byte	-110
 944 0393 10       		.byte	16
 945 0394 93       		.byte	-109
 946 0395 01       		.byte	1
 947 0396 94       		.byte	-108
 948 0397 88       		.byte	-120
 949 0398 96       		.byte	-106
 950 0399 C0       		.byte	-64
 951 039a 98       		.byte	-104
 952 039b 10       		.byte	16
 953 039c 9D       		.byte	-99
 954 039d 02       		.byte	2
 955 039e A0       		.byte	-96
 956 039f 40       		.byte	64
 957 03a0 A2       		.byte	-94
 958 03a1 80       		.byte	-128
 959 03a2 A3       		.byte	-93
 960 03a3 09       		.byte	9
 961 03a4 A7       		.byte	-89
 962 03a5 20       		.byte	32
 963 03a6 C0       		.byte	-64
 964 03a7 4F       		.byte	79
 965 03a8 C2       		.byte	-62
 966 03a9 47       		.byte	71
 967 03aa C4       		.byte	-60
 968 03ab 0F       		.byte	15
 969 03ac CA       		.byte	-54
ARM GAS  C:\Users\dr\AppData\Local\Temp\ccCb1bsq.s 			page 18


 970 03ad 08       		.byte	8
 971 03ae CC       		.byte	-52
 972 03af B1       		.byte	-79
 973 03b0 CE       		.byte	-50
 974 03b1 78       		.byte	120
 975 03b2 D0       		.byte	-48
 976 03b3 E0       		.byte	-32
 977 03b4 D2       		.byte	-46
 978 03b5 30       		.byte	48
 979 03b6 D6       		.byte	-42
 980 03b7 80       		.byte	-128
 981 03b8 D8       		.byte	-40
 982 03b9 30       		.byte	48
 983 03ba DE       		.byte	-34
 984 03bb 24       		.byte	36
 985 03bc E8       		.byte	-24
 986 03bd 08       		.byte	8
 987 03be 01       		.byte	1
 988 03bf 80       		.byte	-128
 989 03c0 05       		.byte	5
 990 03c1 F0       		.byte	-16
 991 03c2 06       		.byte	6
 992 03c3 01       		.byte	1
 993 03c4 07       		.byte	7
 994 03c5 03       		.byte	3
 995 03c6 09       		.byte	9
 996 03c7 C0       		.byte	-64
 997 03c8 0A       		.byte	10
 998 03c9 08       		.byte	8
 999 03ca 0F       		.byte	15
 1000 03cb 33       		.byte	51
 1001 03cc 11       		.byte	17
 1002 03cd 33       		.byte	51
 1003 03ce 13       		.byte	19
 1004 03cf 04       		.byte	4
 1005 03d0 15       		.byte	21
 1006 03d1 11       		.byte	17
 1007 03d2 17       		.byte	23
 1008 03d3 08       		.byte	8
 1009 03d4 19       		.byte	25
 1010 03d5 33       		.byte	51
 1011 03d6 1A       		.byte	26
 1012 03d7 02       		.byte	2
 1013 03d8 1B       		.byte	27
 1014 03d9 C0       		.byte	-64
 1015 03da 1E       		.byte	30
 1016 03db 04       		.byte	4
 1017 03dc 21       		.byte	33
 1018 03dd C0       		.byte	-64
 1019 03de 23       		.byte	35
 1020 03df 33       		.byte	51
 1021 03e0 25       		.byte	37
 1022 03e1 40       		.byte	64
 1023 03e2 29       		.byte	41
 1024 03e3 22       		.byte	34
 1025 03e4 2B       		.byte	43
 1026 03e5 08       		.byte	8
ARM GAS  C:\Users\dr\AppData\Local\Temp\ccCb1bsq.s 			page 19


 1027 03e6 2D       		.byte	45
 1028 03e7 F3       		.byte	-13
 1029 03e8 30       		.byte	48
 1030 03e9 04       		.byte	4
 1031 03ea 32       		.byte	50
 1032 03eb 08       		.byte	8
 1033 03ec 33       		.byte	51
 1034 03ed 0C       		.byte	12
 1035 03ee 34       		.byte	52
 1036 03ef 01       		.byte	1
 1037 03f0 35       		.byte	53
 1038 03f1 F0       		.byte	-16
 1039 03f2 36       		.byte	54
 1040 03f3 02       		.byte	2
 1041 03f4 37       		.byte	55
 1042 03f5 03       		.byte	3
 1043 03f6 3B       		.byte	59
 1044 03f7 20       		.byte	32
 1045 03f8 3F       		.byte	63
 1046 03f9 04       		.byte	4
 1047 03fa 58       		.byte	88
 1048 03fb 04       		.byte	4
 1049 03fc 59       		.byte	89
 1050 03fd 04       		.byte	4
 1051 03fe 5B       		.byte	91
 1052 03ff 04       		.byte	4
 1053 0400 5C       		.byte	92
 1054 0401 08       		.byte	8
 1055 0402 5F       		.byte	95
 1056 0403 31       		.byte	49
 1057 0404 80       		.byte	-128
 1058 0405 80       		.byte	-128
 1059 0406 84       		.byte	-124
 1060 0407 80       		.byte	-128
 1061 0408 88       		.byte	-120
 1062 0409 01       		.byte	1
 1063 040a 8A       		.byte	-118
 1064 040b 02       		.byte	2
 1065 040c 8B       		.byte	-117
 1066 040d 0D       		.byte	13
 1067 040e 8C       		.byte	-116
 1068 040f 42       		.byte	66
 1069 0410 8E       		.byte	-114
 1070 0411 01       		.byte	1
 1071 0412 90       		.byte	-112
 1072 0413 60       		.byte	96
 1073 0414 92       		.byte	-110
 1074 0415 10       		.byte	16
 1075 0416 94       		.byte	-108
 1076 0417 80       		.byte	-128
 1077 0418 9B       		.byte	-101
 1078 0419 01       		.byte	1
 1079 041a 9C       		.byte	-100
 1080 041b 48       		.byte	72
 1081 041c 9E       		.byte	-98
 1082 041d 04       		.byte	4
 1083 041e 9F       		.byte	-97
ARM GAS  C:\Users\dr\AppData\Local\Temp\ccCb1bsq.s 			page 20


 1084 041f 05       		.byte	5
 1085 0420 A7       		.byte	-89
 1086 0421 0E       		.byte	14
 1087 0422 A8       		.byte	-88
 1088 0423 04       		.byte	4
 1089 0424 AA       		.byte	-86
 1090 0425 08       		.byte	8
 1091 0426 AC       		.byte	-84
 1092 0427 10       		.byte	16
 1093 0428 AE       		.byte	-82
 1094 0429 20       		.byte	32
 1095 042a B2       		.byte	-78
 1096 042b 40       		.byte	64
 1097 042c B3       		.byte	-77
 1098 042d 03       		.byte	3
 1099 042e B4       		.byte	-76
 1100 042f 3F       		.byte	63
 1101 0430 B5       		.byte	-75
 1102 0431 05       		.byte	5
 1103 0432 B6       		.byte	-74
 1104 0433 80       		.byte	-128
 1105 0434 B7       		.byte	-73
 1106 0435 09       		.byte	9
 1107 0436 B8       		.byte	-72
 1108 0437 20       		.byte	32
 1109 0438 BB       		.byte	-69
 1110 0439 A8       		.byte	-88
 1111 043a BE       		.byte	-66
 1112 043b 54       		.byte	84
 1113 043c D8       		.byte	-40
 1114 043d 04       		.byte	4
 1115 043e D9       		.byte	-39
 1116 043f 04       		.byte	4
 1117 0440 DB       		.byte	-37
 1118 0441 04       		.byte	4
 1119 0442 DC       		.byte	-36
 1120 0443 80       		.byte	-128
 1121 0444 DF       		.byte	-33
 1122 0445 01       		.byte	1
 1123 0446 00       		.byte	0
 1124 0447 AA       		.byte	-86
 1125 0448 04       		.byte	4
 1126 0449 10       		.byte	16
 1127 044a 05       		.byte	5
 1128 044b 14       		.byte	20
 1129 044c 07       		.byte	7
 1130 044d 20       		.byte	32
 1131 044e 0B       		.byte	11
 1132 044f 91       		.byte	-111
 1133 0450 0E       		.byte	14
 1134 0451 05       		.byte	5
 1135 0452 10       		.byte	16
 1136 0453 0A       		.byte	10
 1137 0454 19       		.byte	25
 1138 0455 08       		.byte	8
 1139 0456 1A       		.byte	26
 1140 0457 02       		.byte	2
ARM GAS  C:\Users\dr\AppData\Local\Temp\ccCb1bsq.s 			page 21


 1141 0458 1B       		.byte	27
 1142 0459 20       		.byte	32
 1143 045a 1D       		.byte	29
 1144 045b 04       		.byte	4
 1145 045c 1E       		.byte	30
 1146 045d 05       		.byte	5
 1147 045e 1F       		.byte	31
 1148 045f 01       		.byte	1
 1149 0460 20       		.byte	32
 1150 0461 0A       		.byte	10
 1151 0462 22       		.byte	34
 1152 0463 50       		.byte	80
 1153 0464 23       		.byte	35
 1154 0465 10       		.byte	16
 1155 0466 25       		.byte	37
 1156 0467 10       		.byte	16
 1157 0468 26       		.byte	38
 1158 0469 18       		.byte	24
 1159 046a 27       		.byte	39
 1160 046b 02       		.byte	2
 1161 046c 28       		.byte	40
 1162 046d 10       		.byte	16
 1163 046e 2C       		.byte	44
 1164 046f 40       		.byte	64
 1165 0470 2E       		.byte	46
 1166 0471 88       		.byte	-120
 1167 0472 2F       		.byte	47
 1168 0473 04       		.byte	4
 1169 0474 32       		.byte	50
 1170 0475 50       		.byte	80
 1171 0476 35       		.byte	53
 1172 0477 01       		.byte	1
 1173 0478 36       		.byte	54
 1174 0479 10       		.byte	16
 1175 047a 37       		.byte	55
 1176 047b 08       		.byte	8
 1177 047c 3B       		.byte	59
 1178 047d 10       		.byte	16
 1179 047e 3C       		.byte	60
 1180 047f 04       		.byte	4
 1181 0480 3E       		.byte	62
 1182 0481 22       		.byte	34
 1183 0482 3F       		.byte	63
 1184 0483 40       		.byte	64
 1185 0484 5C       		.byte	92
 1186 0485 40       		.byte	64
 1187 0486 5E       		.byte	94
 1188 0487 05       		.byte	5
 1189 0488 5F       		.byte	95
 1190 0489 20       		.byte	32
 1191 048a 67       		.byte	103
 1192 048b 02       		.byte	2
 1193 048c 68       		.byte	104
 1194 048d 1A       		.byte	26
 1195 048e 7B       		.byte	123
 1196 048f 01       		.byte	1
 1197 0490 7E       		.byte	126
ARM GAS  C:\Users\dr\AppData\Local\Temp\ccCb1bsq.s 			page 22


 1198 0491 80       		.byte	-128
 1199 0492 8A       		.byte	-118
 1200 0493 40       		.byte	64
 1201 0494 91       		.byte	-111
 1202 0495 08       		.byte	8
 1203 0496 93       		.byte	-109
 1204 0497 01       		.byte	1
 1205 0498 94       		.byte	-108
 1206 0499 20       		.byte	32
 1207 049a 97       		.byte	-105
 1208 049b 50       		.byte	80
 1209 049c 98       		.byte	-104
 1210 049d 10       		.byte	16
 1211 049e 9A       		.byte	-102
 1212 049f 04       		.byte	4
 1213 04a0 9D       		.byte	-99
 1214 04a1 02       		.byte	2
 1215 04a2 9E       		.byte	-98
 1216 04a3 C0       		.byte	-64
 1217 04a4 9F       		.byte	-97
 1218 04a5 02       		.byte	2
 1219 04a6 A0       		.byte	-96
 1220 04a7 40       		.byte	64
 1221 04a8 A1       		.byte	-95
 1222 04a9 01       		.byte	1
 1223 04aa A2       		.byte	-94
 1224 04ab A0       		.byte	-96
 1225 04ac A3       		.byte	-93
 1226 04ad 01       		.byte	1
 1227 04ae A4       		.byte	-92
 1228 04af 05       		.byte	5
 1229 04b0 A5       		.byte	-91
 1230 04b1 10       		.byte	16
 1231 04b2 A6       		.byte	-90
 1232 04b3 48       		.byte	72
 1233 04b4 A7       		.byte	-89
 1234 04b5 22       		.byte	34
 1235 04b6 A9       		.byte	-87
 1236 04b7 04       		.byte	4
 1237 04b8 AA       		.byte	-86
 1238 04b9 20       		.byte	32
 1239 04ba B4       		.byte	-76
 1240 04bb 10       		.byte	16
 1241 04bc C0       		.byte	-64
 1242 04bd 6F       		.byte	111
 1243 04be C2       		.byte	-62
 1244 04bf CD       		.byte	-51
 1245 04c0 C4       		.byte	-60
 1246 04c1 03       		.byte	3
 1247 04c2 CA       		.byte	-54
 1248 04c3 F2       		.byte	-14
 1249 04c4 CC       		.byte	-52
 1250 04c5 EC       		.byte	-20
 1251 04c6 CE       		.byte	-50
 1252 04c7 F4       		.byte	-12
 1253 04c8 D6       		.byte	-42
 1254 04c9 F0       		.byte	-16
ARM GAS  C:\Users\dr\AppData\Local\Temp\ccCb1bsq.s 			page 23


 1255 04ca D8       		.byte	-40
 1256 04cb 10       		.byte	16
 1257 04cc DE       		.byte	-34
 1258 04cd 88       		.byte	-120
 1259 04ce E4       		.byte	-28
 1260 04cf 01       		.byte	1
 1261 04d0 EA       		.byte	-22
 1262 04d1 10       		.byte	16
 1263 04d2 EE       		.byte	-18
 1264 04d3 02       		.byte	2
 1265 04d4 8B       		.byte	-117
 1266 04d5 08       		.byte	8
 1267 04d6 96       		.byte	-106
 1268 04d7 02       		.byte	2
 1269 04d8 AE       		.byte	-82
 1270 04d9 01       		.byte	1
 1271 04da E4       		.byte	-28
 1272 04db 01       		.byte	1
 1273 04dc E6       		.byte	-26
 1274 04dd 80       		.byte	-128
 1275 04de E8       		.byte	-24
 1276 04df 08       		.byte	8
 1277 04e0 EE       		.byte	-18
 1278 04e1 01       		.byte	1
 1279 04e2 02       		.byte	2
 1280 04e3 08       		.byte	8
 1281 04e4 03       		.byte	3
 1282 04e5 01       		.byte	1
 1283 04e6 04       		.byte	4
 1284 04e7 CC       		.byte	-52
 1285 04e8 06       		.byte	6
 1286 04e9 33       		.byte	51
 1287 04ea 0A       		.byte	10
 1288 04eb 02       		.byte	2
 1289 04ec 0E       		.byte	14
 1290 04ed 01       		.byte	1
 1291 04ee 10       		.byte	16
 1292 04ef F0       		.byte	-16
 1293 04f0 12       		.byte	18
 1294 04f1 0F       		.byte	15
 1295 04f2 16       		.byte	22
 1296 04f3 40       		.byte	64
 1297 04f4 17       		.byte	23
 1298 04f5 02       		.byte	2
 1299 04f6 1A       		.byte	26
 1300 04f7 04       		.byte	4
 1301 04f8 1B       		.byte	27
 1302 04f9 04       		.byte	4
 1303 04fa 22       		.byte	34
 1304 04fb 10       		.byte	16
 1305 04fc 26       		.byte	38
 1306 04fd 20       		.byte	32
 1307 04fe 28       		.byte	40
 1308 04ff AA       		.byte	-86
 1309 0500 2A       		.byte	42
 1310 0501 55       		.byte	85
 1311 0502 2E       		.byte	46
ARM GAS  C:\Users\dr\AppData\Local\Temp\ccCb1bsq.s 			page 24


 1312 0503 80       		.byte	-128
 1313 0504 32       		.byte	50
 1314 0505 FF       		.byte	-1
 1315 0506 33       		.byte	51
 1316 0507 04       		.byte	4
 1317 0508 35       		.byte	53
 1318 0509 01       		.byte	1
 1319 050a 37       		.byte	55
 1320 050b 02       		.byte	2
 1321 050c 58       		.byte	88
 1322 050d 04       		.byte	4
 1323 050e 59       		.byte	89
 1324 050f 09       		.byte	9
 1325 0510 5B       		.byte	91
 1326 0511 04       		.byte	4
 1327 0512 5C       		.byte	92
 1328 0513 98       		.byte	-104
 1329 0514 5F       		.byte	95
 1330 0515 31       		.byte	49
 1331 0516 81       		.byte	-127
 1332 0517 10       		.byte	16
 1333 0518 85       		.byte	-123
 1334 0519 08       		.byte	8
 1335 051a 8B       		.byte	-117
 1336 051b 04       		.byte	4
 1337 051c 8D       		.byte	-115
 1338 051d 1C       		.byte	28
 1339 051e 8F       		.byte	-113
 1340 051f 02       		.byte	2
 1341 0520 95       		.byte	-107
 1342 0521 04       		.byte	4
 1343 0522 96       		.byte	-106
 1344 0523 01       		.byte	1
 1345 0524 97       		.byte	-105
 1346 0525 20       		.byte	32
 1347 0526 99       		.byte	-103
 1348 0527 07       		.byte	7
 1349 0528 9B       		.byte	-101
 1350 0529 18       		.byte	24
 1351 052a 9E       		.byte	-98
 1352 052b 01       		.byte	1
 1353 052c A3       		.byte	-93
 1354 052d 03       		.byte	3
 1355 052e A5       		.byte	-91
 1356 052f 1C       		.byte	28
 1357 0530 A7       		.byte	-89
 1358 0531 01       		.byte	1
 1359 0532 A9       		.byte	-87
 1360 0533 18       		.byte	24
 1361 0534 AD       		.byte	-83
 1362 0535 1F       		.byte	31
 1363 0536 B2       		.byte	-78
 1364 0537 01       		.byte	1
 1365 0538 B5       		.byte	-75
 1366 0539 20       		.byte	32
 1367 053a B7       		.byte	-73
 1368 053b 1F       		.byte	31
ARM GAS  C:\Users\dr\AppData\Local\Temp\ccCb1bsq.s 			page 25


 1369 053c BB       		.byte	-69
 1370 053d 80       		.byte	-128
 1371 053e D8       		.byte	-40
 1372 053f 09       		.byte	9
 1373 0540 D9       		.byte	-39
 1374 0541 04       		.byte	4
 1375 0542 DC       		.byte	-36
 1376 0543 09       		.byte	9
 1377 0544 DF       		.byte	-33
 1378 0545 01       		.byte	1
 1379 0546 01       		.byte	1
 1380 0547 41       		.byte	65
 1381 0548 02       		.byte	2
 1382 0549 20       		.byte	32
 1383 054a 03       		.byte	3
 1384 054b 04       		.byte	4
 1385 054c 09       		.byte	9
 1386 054d 01       		.byte	1
 1387 054e 0A       		.byte	10
 1388 054f 04       		.byte	4
 1389 0550 0B       		.byte	11
 1390 0551 10       		.byte	16
 1391 0552 0E       		.byte	14
 1392 0553 10       		.byte	16
 1393 0554 0F       		.byte	15
 1394 0555 02       		.byte	2
 1395 0556 10       		.byte	16
 1396 0557 80       		.byte	-128
 1397 0558 12       		.byte	18
 1398 0559 04       		.byte	4
 1399 055a 13       		.byte	19
 1400 055b 44       		.byte	68
 1401 055c 18       		.byte	24
 1402 055d 10       		.byte	16
 1403 055e 1D       		.byte	29
 1404 055f 08       		.byte	8
 1405 0560 22       		.byte	34
 1406 0561 14       		.byte	20
 1407 0562 23       		.byte	35
 1408 0563 02       		.byte	2
 1409 0564 25       		.byte	37
 1410 0565 D0       		.byte	-48
 1411 0566 2D       		.byte	45
 1412 0567 08       		.byte	8
 1413 0568 2E       		.byte	46
 1414 0569 A0       		.byte	-96
 1415 056a 2F       		.byte	47
 1416 056b 40       		.byte	64
 1417 056c 32       		.byte	50
 1418 056d 14       		.byte	20
 1419 056e 36       		.byte	54
 1420 056f 10       		.byte	16
 1421 0570 37       		.byte	55
 1422 0571 08       		.byte	8
 1423 0572 38       		.byte	56
 1424 0573 02       		.byte	2
 1425 0574 3D       		.byte	61
ARM GAS  C:\Users\dr\AppData\Local\Temp\ccCb1bsq.s 			page 26


 1426 0575 A0       		.byte	-96
 1427 0576 3E       		.byte	62
 1428 0577 0A       		.byte	10
 1429 0578 59       		.byte	89
 1430 0579 40       		.byte	64
 1431 057a 5A       		.byte	90
 1432 057b 28       		.byte	40
 1433 057c 5B       		.byte	91
 1434 057d 02       		.byte	2
 1435 057e 69       		.byte	105
 1436 057f 41       		.byte	65
 1437 0580 6A       		.byte	106
 1438 0581 04       		.byte	4
 1439 0582 6B       		.byte	107
 1440 0583 04       		.byte	4
 1441 0584 70       		.byte	112
 1442 0585 80       		.byte	-128
 1443 0586 73       		.byte	115
 1444 0587 54       		.byte	84
 1445 0588 78       		.byte	120
 1446 0589 20       		.byte	32
 1447 058a 7A       		.byte	122
 1448 058b 80       		.byte	-128
 1449 058c 7C       		.byte	124
 1450 058d 20       		.byte	32
 1451 058e 90       		.byte	-112
 1452 058f 02       		.byte	2
 1453 0590 92       		.byte	-110
 1454 0591 10       		.byte	16
 1455 0592 93       		.byte	-109
 1456 0593 80       		.byte	-128
 1457 0594 94       		.byte	-108
 1458 0595 10       		.byte	16
 1459 0596 98       		.byte	-104
 1460 0597 20       		.byte	32
 1461 0598 99       		.byte	-103
 1462 0599 48       		.byte	72
 1463 059a 9A       		.byte	-102
 1464 059b AE       		.byte	-82
 1465 059c 9B       		.byte	-101
 1466 059d 08       		.byte	8
 1467 059e A1       		.byte	-95
 1468 059f 01       		.byte	1
 1469 05a0 A2       		.byte	-94
 1470 05a1 B0       		.byte	-80
 1471 05a2 A3       		.byte	-93
 1472 05a3 01       		.byte	1
 1473 05a4 A5       		.byte	-91
 1474 05a5 88       		.byte	-120
 1475 05a6 A8       		.byte	-88
 1476 05a7 20       		.byte	32
 1477 05a8 AE       		.byte	-82
 1478 05a9 80       		.byte	-128
 1479 05aa AF       		.byte	-81
 1480 05ab 08       		.byte	8
 1481 05ac B5       		.byte	-75
 1482 05ad 04       		.byte	4
ARM GAS  C:\Users\dr\AppData\Local\Temp\ccCb1bsq.s 			page 27


 1483 05ae C0       		.byte	-64
 1484 05af 0F       		.byte	15
 1485 05b0 C2       		.byte	-62
 1486 05b1 AE       		.byte	-82
 1487 05b2 C4       		.byte	-60
 1488 05b3 0F       		.byte	15
 1489 05b4 CA       		.byte	-54
 1490 05b5 F0       		.byte	-16
 1491 05b6 CC       		.byte	-52
 1492 05b7 66       		.byte	102
 1493 05b8 CE       		.byte	-50
 1494 05b9 F1       		.byte	-15
 1495 05ba D6       		.byte	-42
 1496 05bb 0F       		.byte	15
 1497 05bc DE       		.byte	-34
 1498 05bd 25       		.byte	37
 1499 05be EA       		.byte	-22
 1500 05bf 02       		.byte	2
 1501 05c0 EE       		.byte	-18
 1502 05c1 04       		.byte	4
 1503 05c2 00       		.byte	0
 1504 05c3 01       		.byte	1
 1505 05c4 01       		.byte	1
 1506 05c5 04       		.byte	4
 1507 05c6 04       		.byte	4
 1508 05c7 01       		.byte	1
 1509 05c8 05       		.byte	5
 1510 05c9 02       		.byte	2
 1511 05ca 08       		.byte	8
 1512 05cb 14       		.byte	20
 1513 05cc 09       		.byte	9
 1514 05cd 06       		.byte	6
 1515 05ce 0A       		.byte	10
 1516 05cf 22       		.byte	34
 1517 05d0 0C       		.byte	12
 1518 05d1 40       		.byte	64
 1519 05d2 10       		.byte	16
 1520 05d3 02       		.byte	2
 1521 05d4 12       		.byte	18
 1522 05d5 0C       		.byte	12
 1523 05d6 14       		.byte	20
 1524 05d7 01       		.byte	1
 1525 05d8 18       		.byte	24
 1526 05d9 28       		.byte	40
 1527 05da 19       		.byte	25
 1528 05db 19       		.byte	25
 1529 05dc 1A       		.byte	26
 1530 05dd 12       		.byte	18
 1531 05de 1B       		.byte	27
 1532 05df 06       		.byte	6
 1533 05e0 1C       		.byte	28
 1534 05e1 01       		.byte	1
 1535 05e2 1D       		.byte	29
 1536 05e3 07       		.byte	7
 1537 05e4 1F       		.byte	31
 1538 05e5 18       		.byte	24
 1539 05e6 23       		.byte	35
ARM GAS  C:\Users\dr\AppData\Local\Temp\ccCb1bsq.s 			page 28


 1540 05e7 09       		.byte	9
 1541 05e8 24       		.byte	36
 1542 05e9 7E       		.byte	126
 1543 05ea 25       		.byte	37
 1544 05eb 06       		.byte	6
 1545 05ec 27       		.byte	39
 1546 05ed 19       		.byte	25
 1547 05ee 28       		.byte	40
 1548 05ef 7E       		.byte	126
 1549 05f0 2D       		.byte	45
 1550 05f1 1F       		.byte	31
 1551 05f2 30       		.byte	48
 1552 05f3 0E       		.byte	14
 1553 05f4 32       		.byte	50
 1554 05f5 30       		.byte	48
 1555 05f6 33       		.byte	51
 1556 05f7 07       		.byte	7
 1557 05f8 34       		.byte	52
 1558 05f9 01       		.byte	1
 1559 05fa 35       		.byte	53
 1560 05fb 0E       		.byte	14
 1561 05fc 36       		.byte	54
 1562 05fd 40       		.byte	64
 1563 05fe 37       		.byte	55
 1564 05ff 10       		.byte	16
 1565 0600 39       		.byte	57
 1566 0601 80       		.byte	-128
 1567 0602 3B       		.byte	59
 1568 0603 20       		.byte	32
 1569 0604 3E       		.byte	62
 1570 0605 10       		.byte	16
 1571 0606 41       		.byte	65
 1572 0607 06       		.byte	6
 1573 0608 45       		.byte	69
 1574 0609 D0       		.byte	-48
 1575 060a 46       		.byte	70
 1576 060b 20       		.byte	32
 1577 060c 47       		.byte	71
 1578 060d 10       		.byte	16
 1579 060e 48       		.byte	72
 1580 060f 2A       		.byte	42
 1581 0610 49       		.byte	73
 1582 0611 FF       		.byte	-1
 1583 0612 4A       		.byte	74
 1584 0613 FF       		.byte	-1
 1585 0614 4B       		.byte	75
 1586 0615 FF       		.byte	-1
 1587 0616 4D       		.byte	77
 1588 0617 A0       		.byte	-96
 1589 0618 4F       		.byte	79
 1590 0619 04       		.byte	4
 1591 061a 50       		.byte	80
 1592 061b 18       		.byte	24
 1593 061c 56       		.byte	86
 1594 061d 02       		.byte	2
 1595 061e 57       		.byte	87
 1596 061f 12       		.byte	18
ARM GAS  C:\Users\dr\AppData\Local\Temp\ccCb1bsq.s 			page 29


 1597 0620 58       		.byte	88
 1598 0621 04       		.byte	4
 1599 0622 59       		.byte	89
 1600 0623 04       		.byte	4
 1601 0624 5A       		.byte	90
 1602 0625 04       		.byte	4
 1603 0626 5B       		.byte	91
 1604 0627 04       		.byte	4
 1605 0628 5D       		.byte	93
 1606 0629 09       		.byte	9
 1607 062a 5F       		.byte	95
 1608 062b 01       		.byte	1
 1609 062c 60       		.byte	96
 1610 062d 40       		.byte	64
 1611 062e 62       		.byte	98
 1612 062f C0       		.byte	-64
 1613 0630 64       		.byte	100
 1614 0631 40       		.byte	64
 1615 0632 65       		.byte	101
 1616 0633 40       		.byte	64
 1617 0634 66       		.byte	102
 1618 0635 C0       		.byte	-64
 1619 0636 68       		.byte	104
 1620 0637 C0       		.byte	-64
 1621 0638 6A       		.byte	106
 1622 0639 C0       		.byte	-64
 1623 063a 6C       		.byte	108
 1624 063b C0       		.byte	-64
 1625 063c 6E       		.byte	110
 1626 063d C0       		.byte	-64
 1627 063e 8E       		.byte	-114
 1628 063f 01       		.byte	1
 1629 0640 96       		.byte	-106
 1630 0641 04       		.byte	4
 1631 0642 9B       		.byte	-101
 1632 0643 01       		.byte	1
 1633 0644 9E       		.byte	-98
 1634 0645 02       		.byte	2
 1635 0646 B0       		.byte	-80
 1636 0647 02       		.byte	2
 1637 0648 B1       		.byte	-79
 1638 0649 01       		.byte	1
 1639 064a B4       		.byte	-76
 1640 064b 04       		.byte	4
 1641 064c B6       		.byte	-74
 1642 064d 01       		.byte	1
 1643 064e C0       		.byte	-64
 1644 064f 05       		.byte	5
 1645 0650 C5       		.byte	-59
 1646 0651 04       		.byte	4
 1647 0652 C9       		.byte	-55
 1648 0653 FF       		.byte	-1
 1649 0654 CA       		.byte	-54
 1650 0655 07       		.byte	7
 1651 0656 CB       		.byte	-53
 1652 0657 FF       		.byte	-1
 1653 0658 CC       		.byte	-52
ARM GAS  C:\Users\dr\AppData\Local\Temp\ccCb1bsq.s 			page 30


 1654 0659 40       		.byte	64
 1655 065a CD       		.byte	-51
 1656 065b 20       		.byte	32
 1657 065c CE       		.byte	-50
 1658 065d F0       		.byte	-16
 1659 065e CF       		.byte	-49
 1660 065f 05       		.byte	5
 1661 0660 D0       		.byte	-48
 1662 0661 08       		.byte	8
 1663 0662 D8       		.byte	-40
 1664 0663 09       		.byte	9
 1665 0664 D9       		.byte	-39
 1666 0665 09       		.byte	9
 1667 0666 DA       		.byte	-38
 1668 0667 04       		.byte	4
 1669 0668 DC       		.byte	-36
 1670 0669 99       		.byte	-103
 1671 066a DF       		.byte	-33
 1672 066b 01       		.byte	1
 1673 066c E0       		.byte	-32
 1674 066d 40       		.byte	64
 1675 066e E1       		.byte	-31
 1676 066f A8       		.byte	-88
 1677 0670 E2       		.byte	-30
 1678 0671 40       		.byte	64
 1679 0672 E3       		.byte	-29
 1680 0673 20       		.byte	32
 1681 0674 00       		.byte	0
 1682 0675 40       		.byte	64
 1683 0676 04       		.byte	4
 1684 0677 04       		.byte	4
 1685 0678 05       		.byte	5
 1686 0679 08       		.byte	8
 1687 067a 06       		.byte	6
 1688 067b 80       		.byte	-128
 1689 067c 07       		.byte	7
 1690 067d 09       		.byte	9
 1691 067e 09       		.byte	9
 1692 067f 08       		.byte	8
 1693 0680 0A       		.byte	10
 1694 0681 02       		.byte	2
 1695 0682 0B       		.byte	11
 1696 0683 0C       		.byte	12
 1697 0684 0C       		.byte	12
 1698 0685 40       		.byte	64
 1699 0686 0D       		.byte	13
 1700 0687 80       		.byte	-128
 1701 0688 0E       		.byte	14
 1702 0689 60       		.byte	96
 1703 068a 0F       		.byte	15
 1704 068b 04       		.byte	4
 1705 068c 17       		.byte	23
 1706 068d 14       		.byte	20
 1707 068e 18       		.byte	24
 1708 068f 42       		.byte	66
 1709 0690 19       		.byte	25
 1710 0691 50       		.byte	80
ARM GAS  C:\Users\dr\AppData\Local\Temp\ccCb1bsq.s 			page 31


 1711 0692 1D       		.byte	29
 1712 0693 01       		.byte	1
 1713 0694 1E       		.byte	30
 1714 0695 44       		.byte	68
 1715 0696 1F       		.byte	31
 1716 0697 44       		.byte	68
 1717 0698 22       		.byte	34
 1718 0699 01       		.byte	1
 1719 069a 24       		.byte	36
 1720 069b 24       		.byte	36
 1721 069c 26       		.byte	38
 1722 069d 40       		.byte	64
 1723 069e 2D       		.byte	45
 1724 069f 08       		.byte	8
 1725 06a0 2E       		.byte	46
 1726 06a1 80       		.byte	-128
 1727 06a2 2F       		.byte	47
 1728 06a3 40       		.byte	64
 1729 06a4 31       		.byte	49
 1730 06a5 10       		.byte	16
 1731 06a6 34       		.byte	52
 1732 06a7 40       		.byte	64
 1733 06a8 36       		.byte	54
 1734 06a9 10       		.byte	16
 1735 06aa 3E       		.byte	62
 1736 06ab 2A       		.byte	42
 1737 06ac 49       		.byte	73
 1738 06ad 04       		.byte	4
 1739 06ae 4A       		.byte	74
 1740 06af 02       		.byte	2
 1741 06b0 4D       		.byte	77
 1742 06b1 02       		.byte	2
 1743 06b2 4F       		.byte	79
 1744 06b3 20       		.byte	32
 1745 06b4 51       		.byte	81
 1746 06b5 40       		.byte	64
 1747 06b6 57       		.byte	87
 1748 06b7 12       		.byte	18
 1749 06b8 5E       		.byte	94
 1750 06b9 04       		.byte	4
 1751 06ba 67       		.byte	103
 1752 06bb C0       		.byte	-64
 1753 06bc 6F       		.byte	111
 1754 06bd 15       		.byte	21
 1755 06be 76       		.byte	118
 1756 06bf 2A       		.byte	42
 1757 06c0 78       		.byte	120
 1758 06c1 20       		.byte	32
 1759 06c2 81       		.byte	-127
 1760 06c3 40       		.byte	64
 1761 06c4 86       		.byte	-122
 1762 06c5 02       		.byte	2
 1763 06c6 87       		.byte	-121
 1764 06c7 01       		.byte	1
 1765 06c8 92       		.byte	-110
 1766 06c9 10       		.byte	16
 1767 06ca 94       		.byte	-108
ARM GAS  C:\Users\dr\AppData\Local\Temp\ccCb1bsq.s 			page 32


 1768 06cb 34       		.byte	52
 1769 06cc 97       		.byte	-105
 1770 06cd 48       		.byte	72
 1771 06ce 9A       		.byte	-102
 1772 06cf 04       		.byte	4
 1773 06d0 9C       		.byte	-100
 1774 06d1 40       		.byte	64
 1775 06d2 9D       		.byte	-99
 1776 06d3 03       		.byte	3
 1777 06d4 9E       		.byte	-98
 1778 06d5 AA       		.byte	-86
 1779 06d6 9F       		.byte	-97
 1780 06d7 08       		.byte	8
 1781 06d8 A1       		.byte	-95
 1782 06d9 01       		.byte	1
 1783 06da A2       		.byte	-94
 1784 06db B0       		.byte	-80
 1785 06dc A6       		.byte	-90
 1786 06dd 40       		.byte	64
 1787 06de A7       		.byte	-89
 1788 06df 02       		.byte	2
 1789 06e0 A8       		.byte	-88
 1790 06e1 40       		.byte	64
 1791 06e2 A9       		.byte	-87
 1792 06e3 10       		.byte	16
 1793 06e4 AA       		.byte	-86
 1794 06e5 10       		.byte	16
 1795 06e6 AE       		.byte	-82
 1796 06e7 01       		.byte	1
 1797 06e8 B1       		.byte	-79
 1798 06e9 0C       		.byte	12
 1799 06ea B3       		.byte	-77
 1800 06eb 40       		.byte	64
 1801 06ec C0       		.byte	-64
 1802 06ed F1       		.byte	-15
 1803 06ee C2       		.byte	-62
 1804 06ef F5       		.byte	-11
 1805 06f0 C4       		.byte	-60
 1806 06f1 60       		.byte	96
 1807 06f2 CA       		.byte	-54
 1808 06f3 D0       		.byte	-48
 1809 06f4 CC       		.byte	-52
 1810 06f5 34       		.byte	52
 1811 06f6 CE       		.byte	-50
 1812 06f7 E0       		.byte	-32
 1813 06f8 D2       		.byte	-46
 1814 06f9 28       		.byte	40
 1815 06fa D6       		.byte	-42
 1816 06fb 40       		.byte	64
 1817 06fc DE       		.byte	-34
 1818 06fd 04       		.byte	4
 1819 06fe E0       		.byte	-32
 1820 06ff 01       		.byte	1
 1821 0700 E2       		.byte	-30
 1822 0701 02       		.byte	2
 1823 0702 E6       		.byte	-26
 1824 0703 08       		.byte	8
ARM GAS  C:\Users\dr\AppData\Local\Temp\ccCb1bsq.s 			page 33


 1825 0704 EA       		.byte	-22
 1826 0705 81       		.byte	-127
 1827 0706 EC       		.byte	-20
 1828 0707 20       		.byte	32
 1829 0708 00       		.byte	0
 1830 0709 AC       		.byte	-84
 1831 070a 02       		.byte	2
 1832 070b 03       		.byte	3
 1833 070c 04       		.byte	4
 1834 070d 31       		.byte	49
 1835 070e 05       		.byte	5
 1836 070f 10       		.byte	16
 1837 0710 06       		.byte	6
 1838 0711 86       		.byte	-122
 1839 0712 07       		.byte	7
 1840 0713 0C       		.byte	12
 1841 0714 0C       		.byte	12
 1842 0715 40       		.byte	64
 1843 0716 0D       		.byte	13
 1844 0717 09       		.byte	9
 1845 0718 0F       		.byte	15
 1846 0719 10       		.byte	16
 1847 071a 11       		.byte	17
 1848 071b 10       		.byte	16
 1849 071c 12       		.byte	18
 1850 071d 8C       		.byte	-116
 1851 071e 14       		.byte	20
 1852 071f 31       		.byte	49
 1853 0720 16       		.byte	22
 1854 0721 0E       		.byte	14
 1855 0722 17       		.byte	23
 1856 0723 03       		.byte	3
 1857 0724 18       		.byte	24
 1858 0725 40       		.byte	64
 1859 0726 1C       		.byte	28
 1860 0727 40       		.byte	64
 1861 0728 22       		.byte	34
 1862 0729 08       		.byte	8
 1863 072a 24       		.byte	36
 1864 072b 40       		.byte	64
 1865 072c 25       		.byte	37
 1866 072d 14       		.byte	20
 1867 072e 29       		.byte	41
 1868 072f 0C       		.byte	12
 1869 0730 2A       		.byte	42
 1870 0731 13       		.byte	19
 1871 0732 2B       		.byte	43
 1872 0733 11       		.byte	17
 1873 0734 2D       		.byte	45
 1874 0735 1C       		.byte	28
 1875 0736 2F       		.byte	47
 1876 0737 02       		.byte	2
 1877 0738 30       		.byte	48
 1878 0739 30       		.byte	48
 1879 073a 32       		.byte	50
 1880 073b 8A       		.byte	-118
 1881 073c 34       		.byte	52
ARM GAS  C:\Users\dr\AppData\Local\Temp\ccCb1bsq.s 			page 34


 1882 073d 40       		.byte	64
 1883 073e 35       		.byte	53
 1884 073f 1F       		.byte	31
 1885 0740 36       		.byte	54
 1886 0741 0F       		.byte	15
 1887 0742 38       		.byte	56
 1888 0743 02       		.byte	2
 1889 0744 3A       		.byte	58
 1890 0745 88       		.byte	-120
 1891 0746 3B       		.byte	59
 1892 0747 80       		.byte	-128
 1893 0748 3E       		.byte	62
 1894 0749 11       		.byte	17
 1895 074a 58       		.byte	88
 1896 074b 04       		.byte	4
 1897 074c 59       		.byte	89
 1898 074d 04       		.byte	4
 1899 074e 5B       		.byte	91
 1900 074f 04       		.byte	4
 1901 0750 5F       		.byte	95
 1902 0751 01       		.byte	1
 1903 0752 83       		.byte	-125
 1904 0753 08       		.byte	8
 1905 0754 85       		.byte	-123
 1906 0755 53       		.byte	83
 1907 0756 87       		.byte	-121
 1908 0757 0C       		.byte	12
 1909 0758 89       		.byte	-119
 1910 0759 03       		.byte	3
 1911 075a 8B       		.byte	-117
 1912 075b 44       		.byte	68
 1913 075c 98       		.byte	-104
 1914 075d 02       		.byte	2
 1915 075e 9D       		.byte	-99
 1916 075f 0A       		.byte	10
 1917 0760 9F       		.byte	-97
 1918 0761 54       		.byte	84
 1919 0762 A5       		.byte	-91
 1920 0763 20       		.byte	32
 1921 0764 A7       		.byte	-89
 1922 0765 45       		.byte	69
 1923 0766 A8       		.byte	-88
 1924 0767 01       		.byte	1
 1925 0768 A9       		.byte	-87
 1926 0769 53       		.byte	83
 1927 076a AB       		.byte	-85
 1928 076b 04       		.byte	4
 1929 076c B1       		.byte	-79
 1930 076d 30       		.byte	48
 1931 076e B2       		.byte	-78
 1932 076f 01       		.byte	1
 1933 0770 B5       		.byte	-75
 1934 0771 0F       		.byte	15
 1935 0772 B6       		.byte	-74
 1936 0773 02       		.byte	2
 1937 0774 B7       		.byte	-73
 1938 0775 40       		.byte	64
ARM GAS  C:\Users\dr\AppData\Local\Temp\ccCb1bsq.s 			page 35


 1939 0776 B9       		.byte	-71
 1940 0777 02       		.byte	2
 1941 0778 BA       		.byte	-70
 1942 0779 20       		.byte	32
 1943 077a BB       		.byte	-69
 1944 077b 20       		.byte	32
 1945 077c BE       		.byte	-66
 1946 077d 44       		.byte	68
 1947 077e BF       		.byte	-65
 1948 077f 40       		.byte	64
 1949 0780 C0       		.byte	-64
 1950 0781 26       		.byte	38
 1951 0782 C1       		.byte	-63
 1952 0783 03       		.byte	3
 1953 0784 C5       		.byte	-59
 1954 0785 0B       		.byte	11
 1955 0786 C6       		.byte	-58
 1956 0787 C0       		.byte	-64
 1957 0788 C7       		.byte	-57
 1958 0789 0E       		.byte	14
 1959 078a C8       		.byte	-56
 1960 078b 19       		.byte	25
 1961 078c C9       		.byte	-55
 1962 078d FF       		.byte	-1
 1963 078e CA       		.byte	-54
 1964 078f FF       		.byte	-1
 1965 0790 CB       		.byte	-53
 1966 0791 FF       		.byte	-1
 1967 0792 CE       		.byte	-50
 1968 0793 F0       		.byte	-16
 1969 0794 CF       		.byte	-49
 1970 0795 44       		.byte	68
 1971 0796 D0       		.byte	-48
 1972 0797 0C       		.byte	12
 1973 0798 D4       		.byte	-44
 1974 0799 01       		.byte	1
 1975 079a D8       		.byte	-40
 1976 079b 0A       		.byte	10
 1977 079c D9       		.byte	-39
 1978 079d 04       		.byte	4
 1979 079e DA       		.byte	-38
 1980 079f 04       		.byte	4
 1981 07a0 DB       		.byte	-37
 1982 07a1 04       		.byte	4
 1983 07a2 DC       		.byte	-36
 1984 07a3 09       		.byte	9
 1985 07a4 DF       		.byte	-33
 1986 07a5 01       		.byte	1
 1987 07a6 E6       		.byte	-26
 1988 07a7 C0       		.byte	-64
 1989 07a8 EA       		.byte	-22
 1990 07a9 40       		.byte	64
 1991 07aa EB       		.byte	-21
 1992 07ab 02       		.byte	2
 1993 07ac 04       		.byte	4
 1994 07ad 25       		.byte	37
 1995 07ae 05       		.byte	5
ARM GAS  C:\Users\dr\AppData\Local\Temp\ccCb1bsq.s 			page 36


 1996 07af 20       		.byte	32
 1997 07b0 06       		.byte	6
 1998 07b1 80       		.byte	-128
 1999 07b2 07       		.byte	7
 2000 07b3 01       		.byte	1
 2001 07b4 0A       		.byte	10
 2002 07b5 08       		.byte	8
 2003 07b6 0E       		.byte	14
 2004 07b7 19       		.byte	25
 2005 07b8 0F       		.byte	15
 2006 07b9 40       		.byte	64
 2007 07ba 12       		.byte	18
 2008 07bb 08       		.byte	8
 2009 07bc 16       		.byte	22
 2010 07bd 04       		.byte	4
 2011 07be 17       		.byte	23
 2012 07bf 06       		.byte	6
 2013 07c0 19       		.byte	25
 2014 07c1 04       		.byte	4
 2015 07c2 1A       		.byte	26
 2016 07c3 0A       		.byte	10
 2017 07c4 1C       		.byte	28
 2018 07c5 81       		.byte	-127
 2019 07c6 1D       		.byte	29
 2020 07c7 80       		.byte	-128
 2021 07c8 1E       		.byte	30
 2022 07c9 10       		.byte	16
 2023 07ca 1F       		.byte	31
 2024 07cb 28       		.byte	40
 2025 07cc 20       		.byte	32
 2026 07cd 04       		.byte	4
 2027 07ce 21       		.byte	33
 2028 07cf 01       		.byte	1
 2029 07d0 22       		.byte	34
 2030 07d1 40       		.byte	64
 2031 07d2 23       		.byte	35
 2032 07d3 40       		.byte	64
 2033 07d4 25       		.byte	37
 2034 07d5 40       		.byte	64
 2035 07d6 27       		.byte	39
 2036 07d7 08       		.byte	8
 2037 07d8 2A       		.byte	42
 2038 07d9 04       		.byte	4
 2039 07da 2B       		.byte	43
 2040 07db 08       		.byte	8
 2041 07dc 2D       		.byte	45
 2042 07dd 08       		.byte	8
 2043 07de 2E       		.byte	46
 2044 07df 80       		.byte	-128
 2045 07e0 2F       		.byte	47
 2046 07e1 08       		.byte	8
 2047 07e2 31       		.byte	49
 2048 07e3 80       		.byte	-128
 2049 07e4 37       		.byte	55
 2050 07e5 0A       		.byte	10
 2051 07e6 38       		.byte	56
 2052 07e7 24       		.byte	36
ARM GAS  C:\Users\dr\AppData\Local\Temp\ccCb1bsq.s 			page 37


 2053 07e8 39       		.byte	57
 2054 07e9 02       		.byte	2
 2055 07ea 3C       		.byte	60
 2056 07eb 04       		.byte	4
 2057 07ec 3F       		.byte	63
 2058 07ed 40       		.byte	64
 2059 07ee 40       		.byte	64
 2060 07ef 04       		.byte	4
 2061 07f0 42       		.byte	66
 2062 07f1 10       		.byte	16
 2063 07f2 48       		.byte	72
 2064 07f3 08       		.byte	8
 2065 07f4 49       		.byte	73
 2066 07f5 08       		.byte	8
 2067 07f6 50       		.byte	80
 2068 07f7 10       		.byte	16
 2069 07f8 52       		.byte	82
 2070 07f9 08       		.byte	8
 2071 07fa 59       		.byte	89
 2072 07fb 25       		.byte	37
 2073 07fc 5A       		.byte	90
 2074 07fd 80       		.byte	-128
 2075 07fe 6E       		.byte	110
 2076 07ff 09       		.byte	9
 2077 0800 6F       		.byte	111
 2078 0801 05       		.byte	5
 2079 0802 7B       		.byte	123
 2080 0803 20       		.byte	32
 2081 0804 80       		.byte	-128
 2082 0805 08       		.byte	8
 2083 0806 82       		.byte	-126
 2084 0807 04       		.byte	4
 2085 0808 84       		.byte	-124
 2086 0809 40       		.byte	64
 2087 080a 8D       		.byte	-115
 2088 080b 01       		.byte	1
 2089 080c 8E       		.byte	-114
 2090 080d 08       		.byte	8
 2091 080e 96       		.byte	-106
 2092 080f 02       		.byte	2
 2093 0810 9F       		.byte	-97
 2094 0811 08       		.byte	8
 2095 0812 C0       		.byte	-64
 2096 0813 B0       		.byte	-80
 2097 0814 C2       		.byte	-62
 2098 0815 F2       		.byte	-14
 2099 0816 C4       		.byte	-60
 2100 0817 72       		.byte	114
 2101 0818 CA       		.byte	-54
 2102 0819 76       		.byte	118
 2103 081a CC       		.byte	-52
 2104 081b C8       		.byte	-56
 2105 081c CE       		.byte	-50
 2106 081d 57       		.byte	87
 2107 081e D0       		.byte	-48
 2108 081f 06       		.byte	6
 2109 0820 D2       		.byte	-46
ARM GAS  C:\Users\dr\AppData\Local\Temp\ccCb1bsq.s 			page 38


 2110 0821 04       		.byte	4
 2111 0822 D6       		.byte	-42
 2112 0823 0F       		.byte	15
 2113 0824 DE       		.byte	-34
 2114 0825 02       		.byte	2
 2115 0826 E6       		.byte	-26
 2116 0827 08       		.byte	8
 2117 0828 EA       		.byte	-22
 2118 0829 01       		.byte	1
 2119 082a EC       		.byte	-20
 2120 082b 20       		.byte	32
 2121 082c AB       		.byte	-85
 2122 082d 20       		.byte	32
 2123 082e AD       		.byte	-83
 2124 082f 40       		.byte	64
 2125 0830 B7       		.byte	-73
 2126 0831 02       		.byte	2
 2127 0832 E8       		.byte	-24
 2128 0833 10       		.byte	16
 2129 0834 15       		.byte	21
 2130 0835 04       		.byte	4
 2131 0836 30       		.byte	48
 2132 0837 10       		.byte	16
 2133 0838 32       		.byte	50
 2134 0839 04       		.byte	4
 2135 083a 36       		.byte	54
 2136 083b 01       		.byte	1
 2137 083c 37       		.byte	55
 2138 083d 80       		.byte	-128
 2139 083e 38       		.byte	56
 2140 083f 04       		.byte	4
 2141 0840 3C       		.byte	60
 2142 0841 10       		.byte	16
 2143 0842 3E       		.byte	62
 2144 0843 08       		.byte	8
 2145 0844 42       		.byte	66
 2146 0845 01       		.byte	1
 2147 0846 8A       		.byte	-118
 2148 0847 04       		.byte	4
 2149 0848 C4       		.byte	-60
 2150 0849 20       		.byte	32
 2151 084a CC       		.byte	-52
 2152 084b F0       		.byte	-16
 2153 084c CE       		.byte	-50
 2154 084d E0       		.byte	-32
 2155 084e D0       		.byte	-48
 2156 084f 10       		.byte	16
 2157 0850 3C       		.byte	60
 2158 0851 10       		.byte	16
 2159 0852 56       		.byte	86
 2160 0853 04       		.byte	4
 2161 0854 80       		.byte	-128
 2162 0855 04       		.byte	4
 2163 0856 83       		.byte	-125
 2164 0857 80       		.byte	-128
 2165 0858 94       		.byte	-108
 2166 0859 04       		.byte	4
ARM GAS  C:\Users\dr\AppData\Local\Temp\ccCb1bsq.s 			page 39


 2167 085a 96       		.byte	-106
 2168 085b 09       		.byte	9
 2169 085c 9A       		.byte	-102
 2170 085d 04       		.byte	4
 2171 085e 9C       		.byte	-100
 2172 085f 10       		.byte	16
 2173 0860 9E       		.byte	-98
 2174 0861 08       		.byte	8
 2175 0862 A8       		.byte	-88
 2176 0863 10       		.byte	16
 2177 0864 AA       		.byte	-86
 2178 0865 01       		.byte	1
 2179 0866 AB       		.byte	-85
 2180 0867 80       		.byte	-128
 2181 0868 AD       		.byte	-83
 2182 0869 04       		.byte	4
 2183 086a B6       		.byte	-74
 2184 086b 04       		.byte	4
 2185 086c CE       		.byte	-50
 2186 086d 20       		.byte	32
 2187 086e D4       		.byte	-44
 2188 086f 40       		.byte	64
 2189 0870 E0       		.byte	-32
 2190 0871 80       		.byte	-128
 2191 0872 E2       		.byte	-30
 2192 0873 20       		.byte	32
 2193 0874 EA       		.byte	-22
 2194 0875 80       		.byte	-128
 2195 0876 EC       		.byte	-20
 2196 0877 40       		.byte	64
 2197 0878 EE       		.byte	-18
 2198 0879 80       		.byte	-128
 2199 087a 50       		.byte	80
 2200 087b 04       		.byte	4
 2201 087c 94       		.byte	-108
 2202 087d 10       		.byte	16
 2203 087e 96       		.byte	-106
 2204 087f 09       		.byte	9
 2205 0880 9C       		.byte	-100
 2206 0881 10       		.byte	16
 2207 0882 9E       		.byte	-98
 2208 0883 08       		.byte	8
 2209 0884 9F       		.byte	-97
 2210 0885 80       		.byte	-128
 2211 0886 AE       		.byte	-82
 2212 0887 01       		.byte	1
 2213 0888 D4       		.byte	-44
 2214 0889 20       		.byte	32
 2215 088a E8       		.byte	-24
 2216 088b 10       		.byte	16
 2217 088c 80       		.byte	-128
 2218 088d 10       		.byte	16
 2219 088e 94       		.byte	-108
 2220 088f 10       		.byte	16
 2221 0890 96       		.byte	-106
 2222 0891 09       		.byte	9
 2223 0892 9E       		.byte	-98
ARM GAS  C:\Users\dr\AppData\Local\Temp\ccCb1bsq.s 			page 40


 2224 0893 08       		.byte	8
 2225 0894 9F       		.byte	-97
 2226 0895 80       		.byte	-128
 2227 0896 AC       		.byte	-84
 2228 0897 10       		.byte	16
 2229 0898 B4       		.byte	-76
 2230 0899 04       		.byte	4
 2231 089a E4       		.byte	-28
 2232 089b 80       		.byte	-128
 2233 089c EE       		.byte	-18
 2234 089d 40       		.byte	64
 2235 089e 2B       		.byte	43
 2236 089f 01       		.byte	1
 2237 08a0 CA       		.byte	-54
 2238 08a1 08       		.byte	8
 2239 08a2 30       		.byte	48
 2240 08a3 80       		.byte	-128
 2241 08a4 96       		.byte	-106
 2242 08a5 80       		.byte	-128
 2243 08a6 A3       		.byte	-93
 2244 08a7 01       		.byte	1
 2245 08a8 AA       		.byte	-86
 2246 08a9 40       		.byte	64
 2247 08aa CC       		.byte	-52
 2248 08ab 08       		.byte	8
 2249 08ac 02       		.byte	2
 2250 08ad 02       		.byte	2
 2251 08ae 1A       		.byte	26
 2252 08af 80       		.byte	-128
 2253 08b0 96       		.byte	-106
 2254 08b1 80       		.byte	-128
 2255 08b2 A3       		.byte	-93
 2256 08b3 01       		.byte	1
 2257 08b4 AC       		.byte	-84
 2258 08b5 80       		.byte	-128
 2259 08b6 C0       		.byte	-64
 2260 08b7 02       		.byte	2
 2261 08b8 C6       		.byte	-58
 2262 08b9 08       		.byte	8
 2263 08ba 32       		.byte	50
 2264 08bb 40       		.byte	64
 2265 08bc 41       		.byte	65
 2266 08bd 02       		.byte	2
 2267 08be 82       		.byte	-126
 2268 08bf 40       		.byte	64
 2269 08c0 A2       		.byte	-94
 2270 08c1 02       		.byte	2
 2271 08c2 A3       		.byte	-93
 2272 08c3 01       		.byte	1
 2273 08c4 CC       		.byte	-52
 2274 08c5 08       		.byte	8
 2275 08c6 D0       		.byte	-48
 2276 08c7 02       		.byte	2
 2277 08c8 02       		.byte	2
 2278 08c9 40       		.byte	64
 2279 08ca 23       		.byte	35
 2280 08cb 80       		.byte	-128
ARM GAS  C:\Users\dr\AppData\Local\Temp\ccCb1bsq.s 			page 41


 2281 08cc 24       		.byte	36
 2282 08cd 10       		.byte	16
 2283 08ce 94       		.byte	-108
 2284 08cf 10       		.byte	16
 2285 08d0 96       		.byte	-106
 2286 08d1 01       		.byte	1
 2287 08d2 9F       		.byte	-97
 2288 08d3 80       		.byte	-128
 2289 08d4 AE       		.byte	-82
 2290 08d5 08       		.byte	8
 2291 08d6 B2       		.byte	-78
 2292 08d7 04       		.byte	4
 2293 08d8 B3       		.byte	-77
 2294 08d9 80       		.byte	-128
 2295 08da C0       		.byte	-64
 2296 08db 10       		.byte	16
 2297 08dc C8       		.byte	-56
 2298 08dd C0       		.byte	-64
 2299 08de EE       		.byte	-18
 2300 08df 40       		.byte	64
 2301 08e0 1A       		.byte	26
 2302 08e1 01       		.byte	1
 2303 08e2 96       		.byte	-106
 2304 08e3 01       		.byte	1
 2305 08e4 AE       		.byte	-82
 2306 08e5 40       		.byte	64
 2307 08e6 C6       		.byte	-58
 2308 08e7 40       		.byte	64
 2309 08e8 E8       		.byte	-24
 2310 08e9 10       		.byte	16
 2311 08ea 87       		.byte	-121
 2312 08eb 01       		.byte	1
 2313 08ec A3       		.byte	-93
 2314 08ed 01       		.byte	1
 2315 08ee AA       		.byte	-86
 2316 08ef 02       		.byte	2
 2317 08f0 B1       		.byte	-79
 2318 08f1 02       		.byte	2
 2319 08f2 EC       		.byte	-20
 2320 08f3 04       		.byte	4
 2321 08f4 00       		.byte	0
 2322 08f5 11       		.byte	17
 2323 08f6 01       		.byte	1
 2324 08f7 01       		.byte	1
 2325 08f8 08       		.byte	8
 2326 08f9 10       		.byte	16
 2327 08fa 09       		.byte	9
 2328 08fb 01       		.byte	1
 2329 08fc 0A       		.byte	10
 2330 08fd 01       		.byte	1
 2331 08fe 0B       		.byte	11
 2332 08ff 01       		.byte	1
 2333 0900 10       		.byte	16
 2334 0901 01       		.byte	1
 2335 0902 11       		.byte	17
 2336 0903 01       		.byte	1
 2337 0904 1A       		.byte	26
ARM GAS  C:\Users\dr\AppData\Local\Temp\ccCb1bsq.s 			page 42


 2338 0905 01       		.byte	1
 2339 0906 1B       		.byte	27
 2340 0907 01       		.byte	1
 2341 0908 1C       		.byte	28
 2342 0909 01       		.byte	1
 2343 090a 1D       		.byte	29
 2344 090b 01       		.byte	1
 2345 090c 00       		.byte	0
 2346 090d FF       		.byte	-1
 2347 090e 10       		.byte	16
 2348 090f AA       		.byte	-86
 2349 0910 11       		.byte	17
 2350 0911 02       		.byte	2
 2351 0912 00       		.byte	0
 2352 0913 00       		.byte	0
 2353 0914 00       		.byte	0
 2354 0915 04       		.byte	4
 2355 0916 04       		.byte	4
 2356 0917 00       		.byte	0
 2357 0918 04       		.byte	4
 2358 0919 00       		.byte	0
 2359 091a 19       		.byte	25
 2360 091b 00       		.byte	0
 2361 091c 08       		.byte	8
 2362 091d 00       		.byte	0
 2363 091e 00       		.byte	0
 2364 091f 08       		.byte	8
 2365 0920 08       		.byte	8
 2366 0921 00       		.byte	0
 2367 0922 08       		.byte	8
 2368 0923 00       		.byte	0
 2369 0924 00       		.byte	0
 2370 0925 00       		.byte	0
 2371 0926 00       		.byte	0
 2372 0927 00       		.byte	0
 2373 0928 01       		.byte	1
 2374 0929 00       		.byte	0
 2375 092a 00       		.byte	0
 2376 092b 00       		.byte	0
 2377 092c 00       		.byte	0
 2378 092d 00       		.byte	0
 2379 092e 02       		.byte	2
 2380 092f 00       		.byte	0
 2381 0930 00       		.byte	0
 2382 0931 0B       		.byte	11
 2383 0932 0B       		.byte	11
 2384 0933 00       		.byte	0
 2385 0934 00       		.byte	0
 2386 0935 00       		.byte	0
 2387 0936 20       		.byte	32
 2388 0937 00       		.byte	0
 2389 0938 01       		.byte	1
 2390 0939 00       		.byte	0
 2391 093a 18       		.byte	24
 2392 093b 01       		.byte	1
 2393 093c 00       		.byte	0
 2394 093d 01       		.byte	1
ARM GAS  C:\Users\dr\AppData\Local\Temp\ccCb1bsq.s 			page 43


 2395 093e 00       		.byte	0
 2396 093f 00       		.byte	0
 2397              		.section	.cywolatch,"a",%progbits
 2398              		.align	2
 2399              		.type	cy_meta_wonvl, %object
 2400              		.size	cy_meta_wonvl, 4
 2401              	cy_meta_wonvl:
 2402 0000 BC       		.byte	-68
 2403 0001 90       		.byte	-112
 2404 0002 AC       		.byte	-84
 2405 0003 AF       		.byte	-81
 2406              		.section	.cycustnvl,"a",%progbits
 2407              		.align	2
 2408              		.type	cy_meta_custnvl, %object
 2409              		.size	cy_meta_custnvl, 4
 2410              	cy_meta_custnvl:
 2411 0000 00       		.byte	0
 2412 0001 00       		.byte	0
 2413 0002 40       		.byte	64
 2414 0003 05       		.byte	5
 2415              		.section	.cymeta,"a",%progbits
 2416              		.align	2
 2417              		.type	cy_metadata, %object
 2418              		.size	cy_metadata, 12
 2419              	cy_metadata:
 2420 0000 00       		.byte	0
 2421 0001 01       		.byte	1
 2422 0002 2E       		.byte	46
 2423 0003 16       		.byte	22
 2424 0004 10       		.byte	16
 2425 0005 69       		.byte	105
 2426 0006 00       		.byte	0
 2427 0007 01       		.byte	1
 2428 0008 00       		.byte	0
 2429 0009 00       		.byte	0
 2430 000a 00       		.byte	0
 2431 000b 00       		.byte	0
 2432              		.section	.cyflashprotect,"a",%progbits
 2433              		.align	2
 2434              		.type	cy_meta_flashprotect, %object
 2435              		.size	cy_meta_flashprotect, 256
 2436              	cy_meta_flashprotect:
 2437 0000 00000000 		.space	256
 2437      00000000 
 2437      00000000 
 2437      00000000 
 2437      00000000 
 2438              		.text
 2439              	.Letext0:
 2440              		.file 1 "c:\\program files (x86)\\cypress\\psoc creator\\4.1\\psoc creator\\import\\gnu\\arm\\5.4.
 2441              		.file 2 "c:\\program files (x86)\\cypress\\psoc creator\\4.1\\psoc creator\\import\\gnu\\arm\\5.4.
 2442              		.file 3 "Generated_Source\\PSoC5\\cymetadata.c"
 2443              		.section	.debug_info,"",%progbits
 2444              	.Ldebug_info0:
 2445 0000 35010000 		.4byte	0x135
 2446 0004 0400     		.2byte	0x4
 2447 0006 00000000 		.4byte	.Ldebug_abbrev0
ARM GAS  C:\Users\dr\AppData\Local\Temp\ccCb1bsq.s 			page 44


 2448 000a 04       		.byte	0x4
 2449 000b 01       		.uleb128 0x1
 2450 000c 24000000 		.4byte	.LASF17
 2451 0010 0C       		.byte	0xc
 2452 0011 B7010000 		.4byte	.LASF18
 2453 0015 D7000000 		.4byte	.LASF19
 2454 0019 00000000 		.4byte	.Ldebug_line0
 2455 001d 02       		.uleb128 0x2
 2456 001e 01       		.byte	0x1
 2457 001f 06       		.byte	0x6
 2458 0020 AB010000 		.4byte	.LASF0
 2459 0024 03       		.uleb128 0x3
 2460 0025 00000000 		.4byte	.LASF9
 2461 0029 01       		.byte	0x1
 2462 002a 1D       		.byte	0x1d
 2463 002b 2F000000 		.4byte	0x2f
 2464 002f 02       		.uleb128 0x2
 2465 0030 01       		.byte	0x1
 2466 0031 08       		.byte	0x8
 2467 0032 16000000 		.4byte	.LASF1
 2468 0036 02       		.uleb128 0x2
 2469 0037 02       		.byte	0x2
 2470 0038 05       		.byte	0x5
 2471 0039 98010000 		.4byte	.LASF2
 2472 003d 02       		.uleb128 0x2
 2473 003e 02       		.byte	0x2
 2474 003f 07       		.byte	0x7
 2475 0040 C4000000 		.4byte	.LASF3
 2476 0044 02       		.uleb128 0x2
 2477 0045 04       		.byte	0x4
 2478 0046 05       		.byte	0x5
 2479 0047 A2010000 		.4byte	.LASF4
 2480 004b 02       		.uleb128 0x2
 2481 004c 04       		.byte	0x4
 2482 004d 07       		.byte	0x7
 2483 004e B2000000 		.4byte	.LASF5
 2484 0052 02       		.uleb128 0x2
 2485 0053 08       		.byte	0x8
 2486 0054 05       		.byte	0x5
 2487 0055 8A010000 		.4byte	.LASF6
 2488 0059 02       		.uleb128 0x2
 2489 005a 08       		.byte	0x8
 2490 005b 07       		.byte	0x7
 2491 005c 3F010000 		.4byte	.LASF7
 2492 0060 04       		.uleb128 0x4
 2493 0061 04       		.byte	0x4
 2494 0062 05       		.byte	0x5
 2495 0063 696E7400 		.ascii	"int\000"
 2496 0067 02       		.uleb128 0x2
 2497 0068 04       		.byte	0x4
 2498 0069 07       		.byte	0x7
 2499 006a 32010000 		.4byte	.LASF8
 2500 006e 03       		.uleb128 0x3
 2501 006f 56010000 		.4byte	.LASF10
 2502 0073 02       		.byte	0x2
 2503 0074 18       		.byte	0x18
 2504 0075 24000000 		.4byte	0x24
ARM GAS  C:\Users\dr\AppData\Local\Temp\ccCb1bsq.s 			page 45


 2505 0079 05       		.uleb128 0x5
 2506 007a 91000000 		.4byte	0x91
 2507 007e 8A000000 		.4byte	0x8a
 2508 0082 06       		.uleb128 0x6
 2509 0083 8A000000 		.4byte	0x8a
 2510 0087 3F09     		.2byte	0x93f
 2511 0089 00       		.byte	0
 2512 008a 02       		.uleb128 0x2
 2513 008b 04       		.byte	0x4
 2514 008c 07       		.byte	0x7
 2515 008d 81010000 		.4byte	.LASF11
 2516 0091 07       		.uleb128 0x7
 2517 0092 6E000000 		.4byte	0x6e
 2518 0096 08       		.uleb128 0x8
 2519 0097 20010000 		.4byte	.LASF12
 2520 009b 03       		.byte	0x3
 2521 009c 1F       		.byte	0x1f
 2522 009d A7000000 		.4byte	0xa7
 2523 00a1 05       		.uleb128 0x5
 2524 00a2 03       		.byte	0x3
 2525 00a3 00000000 		.4byte	cy_meta_configecc
 2526 00a7 07       		.uleb128 0x7
 2527 00a8 79000000 		.4byte	0x79
 2528 00ac 05       		.uleb128 0x5
 2529 00ad 91000000 		.4byte	0x91
 2530 00b1 BC000000 		.4byte	0xbc
 2531 00b5 09       		.uleb128 0x9
 2532 00b6 8A000000 		.4byte	0x8a
 2533 00ba 03       		.byte	0x3
 2534 00bb 00       		.byte	0
 2535 00bc 0A       		.uleb128 0xa
 2536 00bd 10010000 		.4byte	.LASF13
 2537 00c1 03       		.byte	0x3
 2538 00c2 5401     		.2byte	0x154
 2539 00c4 CE000000 		.4byte	0xce
 2540 00c8 05       		.uleb128 0x5
 2541 00c9 03       		.byte	0x3
 2542 00ca 00000000 		.4byte	cy_meta_custnvl
 2543 00ce 07       		.uleb128 0x7
 2544 00cf AC000000 		.4byte	0xac
 2545 00d3 0A       		.uleb128 0xa
 2546 00d4 73010000 		.4byte	.LASF14
 2547 00d8 03       		.byte	0x3
 2548 00d9 6201     		.2byte	0x162
 2549 00db E5000000 		.4byte	0xe5
 2550 00df 05       		.uleb128 0x5
 2551 00e0 03       		.byte	0x3
 2552 00e1 00000000 		.4byte	cy_meta_wonvl
 2553 00e5 07       		.uleb128 0x7
 2554 00e6 AC000000 		.4byte	0xac
 2555 00ea 05       		.uleb128 0x5
 2556 00eb 91000000 		.4byte	0x91
 2557 00ef FA000000 		.4byte	0xfa
 2558 00f3 09       		.uleb128 0x9
 2559 00f4 8A000000 		.4byte	0x8a
 2560 00f8 FF       		.byte	0xff
 2561 00f9 00       		.byte	0
ARM GAS  C:\Users\dr\AppData\Local\Temp\ccCb1bsq.s 			page 46


 2562 00fa 0A       		.uleb128 0xa
 2563 00fb 5E010000 		.4byte	.LASF15
 2564 00ff 03       		.byte	0x3
 2565 0100 7001     		.2byte	0x170
 2566 0102 0C010000 		.4byte	0x10c
 2567 0106 05       		.uleb128 0x5
 2568 0107 03       		.byte	0x3
 2569 0108 00000000 		.4byte	cy_meta_flashprotect
 2570 010c 07       		.uleb128 0x7
 2571 010d EA000000 		.4byte	0xea
 2572 0111 05       		.uleb128 0x5
 2573 0112 91000000 		.4byte	0x91
 2574 0116 21010000 		.4byte	0x121
 2575 011a 09       		.uleb128 0x9
 2576 011b 8A000000 		.4byte	0x8a
 2577 011f 0B       		.byte	0xb
 2578 0120 00       		.byte	0
 2579 0121 0A       		.uleb128 0xa
 2580 0122 0A000000 		.4byte	.LASF16
 2581 0126 03       		.byte	0x3
 2582 0127 9D01     		.2byte	0x19d
 2583 0129 33010000 		.4byte	0x133
 2584 012d 05       		.uleb128 0x5
 2585 012e 03       		.byte	0x3
 2586 012f 00000000 		.4byte	cy_metadata
 2587 0133 07       		.uleb128 0x7
 2588 0134 11010000 		.4byte	0x111
 2589 0138 00       		.byte	0
 2590              		.section	.debug_abbrev,"",%progbits
 2591              	.Ldebug_abbrev0:
 2592 0000 01       		.uleb128 0x1
 2593 0001 11       		.uleb128 0x11
 2594 0002 01       		.byte	0x1
 2595 0003 25       		.uleb128 0x25
 2596 0004 0E       		.uleb128 0xe
 2597 0005 13       		.uleb128 0x13
 2598 0006 0B       		.uleb128 0xb
 2599 0007 03       		.uleb128 0x3
 2600 0008 0E       		.uleb128 0xe
 2601 0009 1B       		.uleb128 0x1b
 2602 000a 0E       		.uleb128 0xe
 2603 000b 10       		.uleb128 0x10
 2604 000c 17       		.uleb128 0x17
 2605 000d 00       		.byte	0
 2606 000e 00       		.byte	0
 2607 000f 02       		.uleb128 0x2
 2608 0010 24       		.uleb128 0x24
 2609 0011 00       		.byte	0
 2610 0012 0B       		.uleb128 0xb
 2611 0013 0B       		.uleb128 0xb
 2612 0014 3E       		.uleb128 0x3e
 2613 0015 0B       		.uleb128 0xb
 2614 0016 03       		.uleb128 0x3
 2615 0017 0E       		.uleb128 0xe
 2616 0018 00       		.byte	0
 2617 0019 00       		.byte	0
 2618 001a 03       		.uleb128 0x3
ARM GAS  C:\Users\dr\AppData\Local\Temp\ccCb1bsq.s 			page 47


 2619 001b 16       		.uleb128 0x16
 2620 001c 00       		.byte	0
 2621 001d 03       		.uleb128 0x3
 2622 001e 0E       		.uleb128 0xe
 2623 001f 3A       		.uleb128 0x3a
 2624 0020 0B       		.uleb128 0xb
 2625 0021 3B       		.uleb128 0x3b
 2626 0022 0B       		.uleb128 0xb
 2627 0023 49       		.uleb128 0x49
 2628 0024 13       		.uleb128 0x13
 2629 0025 00       		.byte	0
 2630 0026 00       		.byte	0
 2631 0027 04       		.uleb128 0x4
 2632 0028 24       		.uleb128 0x24
 2633 0029 00       		.byte	0
 2634 002a 0B       		.uleb128 0xb
 2635 002b 0B       		.uleb128 0xb
 2636 002c 3E       		.uleb128 0x3e
 2637 002d 0B       		.uleb128 0xb
 2638 002e 03       		.uleb128 0x3
 2639 002f 08       		.uleb128 0x8
 2640 0030 00       		.byte	0
 2641 0031 00       		.byte	0
 2642 0032 05       		.uleb128 0x5
 2643 0033 01       		.uleb128 0x1
 2644 0034 01       		.byte	0x1
 2645 0035 49       		.uleb128 0x49
 2646 0036 13       		.uleb128 0x13
 2647 0037 01       		.uleb128 0x1
 2648 0038 13       		.uleb128 0x13
 2649 0039 00       		.byte	0
 2650 003a 00       		.byte	0
 2651 003b 06       		.uleb128 0x6
 2652 003c 21       		.uleb128 0x21
 2653 003d 00       		.byte	0
 2654 003e 49       		.uleb128 0x49
 2655 003f 13       		.uleb128 0x13
 2656 0040 2F       		.uleb128 0x2f
 2657 0041 05       		.uleb128 0x5
 2658 0042 00       		.byte	0
 2659 0043 00       		.byte	0
 2660 0044 07       		.uleb128 0x7
 2661 0045 26       		.uleb128 0x26
 2662 0046 00       		.byte	0
 2663 0047 49       		.uleb128 0x49
 2664 0048 13       		.uleb128 0x13
 2665 0049 00       		.byte	0
 2666 004a 00       		.byte	0
 2667 004b 08       		.uleb128 0x8
 2668 004c 34       		.uleb128 0x34
 2669 004d 00       		.byte	0
 2670 004e 03       		.uleb128 0x3
 2671 004f 0E       		.uleb128 0xe
 2672 0050 3A       		.uleb128 0x3a
 2673 0051 0B       		.uleb128 0xb
 2674 0052 3B       		.uleb128 0x3b
 2675 0053 0B       		.uleb128 0xb
ARM GAS  C:\Users\dr\AppData\Local\Temp\ccCb1bsq.s 			page 48


 2676 0054 49       		.uleb128 0x49
 2677 0055 13       		.uleb128 0x13
 2678 0056 3F       		.uleb128 0x3f
 2679 0057 19       		.uleb128 0x19
 2680 0058 02       		.uleb128 0x2
 2681 0059 18       		.uleb128 0x18
 2682 005a 00       		.byte	0
 2683 005b 00       		.byte	0
 2684 005c 09       		.uleb128 0x9
 2685 005d 21       		.uleb128 0x21
 2686 005e 00       		.byte	0
 2687 005f 49       		.uleb128 0x49
 2688 0060 13       		.uleb128 0x13
 2689 0061 2F       		.uleb128 0x2f
 2690 0062 0B       		.uleb128 0xb
 2691 0063 00       		.byte	0
 2692 0064 00       		.byte	0
 2693 0065 0A       		.uleb128 0xa
 2694 0066 34       		.uleb128 0x34
 2695 0067 00       		.byte	0
 2696 0068 03       		.uleb128 0x3
 2697 0069 0E       		.uleb128 0xe
 2698 006a 3A       		.uleb128 0x3a
 2699 006b 0B       		.uleb128 0xb
 2700 006c 3B       		.uleb128 0x3b
 2701 006d 05       		.uleb128 0x5
 2702 006e 49       		.uleb128 0x49
 2703 006f 13       		.uleb128 0x13
 2704 0070 3F       		.uleb128 0x3f
 2705 0071 19       		.uleb128 0x19
 2706 0072 02       		.uleb128 0x2
 2707 0073 18       		.uleb128 0x18
 2708 0074 00       		.byte	0
 2709 0075 00       		.byte	0
 2710 0076 00       		.byte	0
 2711              		.section	.debug_aranges,"",%progbits
 2712 0000 14000000 		.4byte	0x14
 2713 0004 0200     		.2byte	0x2
 2714 0006 00000000 		.4byte	.Ldebug_info0
 2715 000a 04       		.byte	0x4
 2716 000b 00       		.byte	0
 2717 000c 0000     		.2byte	0
 2718 000e 0000     		.2byte	0
 2719 0010 00000000 		.4byte	0
 2720 0014 00000000 		.4byte	0
 2721              		.section	.debug_line,"",%progbits
 2722              	.Ldebug_line0:
 2723 0000 3D010000 		.section	.debug_str,"MS",%progbits,1
 2723      02003701 
 2723      00000201 
 2723      FB0E0D00 
 2723      01010101 
 2724              	.LASF9:
 2725 0000 5F5F7569 		.ascii	"__uint8_t\000"
 2725      6E74385F 
 2725      7400
 2726              	.LASF16:
ARM GAS  C:\Users\dr\AppData\Local\Temp\ccCb1bsq.s 			page 49


 2727 000a 63795F6D 		.ascii	"cy_metadata\000"
 2727      65746164 
 2727      61746100 
 2728              	.LASF1:
 2729 0016 756E7369 		.ascii	"unsigned char\000"
 2729      676E6564 
 2729      20636861 
 2729      7200
 2730              	.LASF17:
 2731 0024 474E5520 		.ascii	"GNU C11 5.4.1 20160609 (release) [ARM/embedded-5-br"
 2731      43313120 
 2731      352E342E 
 2731      31203230 
 2731      31363036 
 2732 0057 616E6368 		.ascii	"anch revision 237715] -mcpu=cortex-m3 -mthumb -g -O"
 2732      20726576 
 2732      6973696F 
 2732      6E203233 
 2732      37373135 
 2733 008a 67202D66 		.ascii	"g -ffunction-sections -ffat-lto-objects\000"
 2733      66756E63 
 2733      74696F6E 
 2733      2D736563 
 2733      74696F6E 
 2734              	.LASF5:
 2735 00b2 6C6F6E67 		.ascii	"long unsigned int\000"
 2735      20756E73 
 2735      69676E65 
 2735      6420696E 
 2735      7400
 2736              	.LASF3:
 2737 00c4 73686F72 		.ascii	"short unsigned int\000"
 2737      7420756E 
 2737      7369676E 
 2737      65642069 
 2737      6E7400
 2738              	.LASF19:
 2739 00d7 433A5C55 		.ascii	"C:\\Users\\dr\\Documents\\GitHub\\SHW\\SHW_full\\SH"
 2739      73657273 
 2739      5C64725C 
 2739      446F6375 
 2739      6D656E74 
 2740 0103 575F6675 		.ascii	"W_full.cydsn\000"
 2740      6C6C2E63 
 2740      7964736E 
 2740      00
 2741              	.LASF13:
 2742 0110 63795F6D 		.ascii	"cy_meta_custnvl\000"
 2742      6574615F 
 2742      63757374 
 2742      6E766C00 
 2743              	.LASF12:
 2744 0120 63795F6D 		.ascii	"cy_meta_configecc\000"
 2744      6574615F 
 2744      636F6E66 
 2744      69676563 
 2744      6300
ARM GAS  C:\Users\dr\AppData\Local\Temp\ccCb1bsq.s 			page 50


 2745              	.LASF8:
 2746 0132 756E7369 		.ascii	"unsigned int\000"
 2746      676E6564 
 2746      20696E74 
 2746      00
 2747              	.LASF7:
 2748 013f 6C6F6E67 		.ascii	"long long unsigned int\000"
 2748      206C6F6E 
 2748      6720756E 
 2748      7369676E 
 2748      65642069 
 2749              	.LASF10:
 2750 0156 75696E74 		.ascii	"uint8_t\000"
 2750      385F7400 
 2751              	.LASF15:
 2752 015e 63795F6D 		.ascii	"cy_meta_flashprotect\000"
 2752      6574615F 
 2752      666C6173 
 2752      6870726F 
 2752      74656374 
 2753              	.LASF14:
 2754 0173 63795F6D 		.ascii	"cy_meta_wonvl\000"
 2754      6574615F 
 2754      776F6E76 
 2754      6C00
 2755              	.LASF11:
 2756 0181 73697A65 		.ascii	"sizetype\000"
 2756      74797065 
 2756      00
 2757              	.LASF6:
 2758 018a 6C6F6E67 		.ascii	"long long int\000"
 2758      206C6F6E 
 2758      6720696E 
 2758      7400
 2759              	.LASF2:
 2760 0198 73686F72 		.ascii	"short int\000"
 2760      7420696E 
 2760      7400
 2761              	.LASF4:
 2762 01a2 6C6F6E67 		.ascii	"long int\000"
 2762      20696E74 
 2762      00
 2763              	.LASF0:
 2764 01ab 7369676E 		.ascii	"signed char\000"
 2764      65642063 
 2764      68617200 
 2765              	.LASF18:
 2766 01b7 47656E65 		.ascii	"Generated_Source\\PSoC5\\cymetadata.c\000"
 2766      72617465 
 2766      645F536F 
 2766      75726365 
 2766      5C50536F 
 2767              		.ident	"GCC: (GNU Tools for ARM Embedded Processors) 5.4.1 20160609 (release) [ARM/embedded-5-bran
