ARM GAS  C:\Users\dr\AppData\Local\Temp\cc2T2l75.s 			page 1


   1              		.syntax unified
   2              		.cpu cortex-m3
   3              		.fpu softvfp
   4              		.eabi_attribute 20, 1
   5              		.eabi_attribute 21, 1
   6              		.eabi_attribute 23, 3
   7              		.eabi_attribute 24, 1
   8              		.eabi_attribute 25, 1
   9              		.eabi_attribute 26, 1
  10              		.eabi_attribute 30, 1
  11              		.eabi_attribute 34, 1
  12              		.eabi_attribute 18, 4
  13              		.thumb
  14              		.syntax unified
  15              		.file	"DAC_FAST_VDAC8.c"
  16              		.text
  17              	.Ltext0:
  18              		.cfi_sections	.debug_frame
  19              		.section	.text.DAC_FAST_VDAC8_Enable,"ax",%progbits
  20              		.align	2
  21              		.global	DAC_FAST_VDAC8_Enable
  22              		.thumb
  23              		.thumb_func
  24              		.type	DAC_FAST_VDAC8_Enable, %function
  25              	DAC_FAST_VDAC8_Enable:
  26              	.LFB1:
  27              		.file 1 "Generated_Source\\PSoC5\\DAC_FAST_VDAC8.c"
   1:Generated_Source\PSoC5/DAC_FAST_VDAC8.c **** /*******************************************************************************
   2:Generated_Source\PSoC5/DAC_FAST_VDAC8.c **** * File Name: DAC_FAST_VDAC8.c  
   3:Generated_Source\PSoC5/DAC_FAST_VDAC8.c **** * Version 1.90
   4:Generated_Source\PSoC5/DAC_FAST_VDAC8.c **** *
   5:Generated_Source\PSoC5/DAC_FAST_VDAC8.c **** * Description:
   6:Generated_Source\PSoC5/DAC_FAST_VDAC8.c **** *  This file provides the source code to the API for the 8-bit Voltage DAC 
   7:Generated_Source\PSoC5/DAC_FAST_VDAC8.c **** *  (VDAC8) User Module.
   8:Generated_Source\PSoC5/DAC_FAST_VDAC8.c **** *
   9:Generated_Source\PSoC5/DAC_FAST_VDAC8.c **** * Note:
  10:Generated_Source\PSoC5/DAC_FAST_VDAC8.c **** *  Any unusual or non-standard behavior should be noted here. Other-
  11:Generated_Source\PSoC5/DAC_FAST_VDAC8.c **** *  wise, this section should remain blank.
  12:Generated_Source\PSoC5/DAC_FAST_VDAC8.c **** *
  13:Generated_Source\PSoC5/DAC_FAST_VDAC8.c **** ********************************************************************************
  14:Generated_Source\PSoC5/DAC_FAST_VDAC8.c **** * Copyright 2008-2012, Cypress Semiconductor Corporation.  All rights reserved.
  15:Generated_Source\PSoC5/DAC_FAST_VDAC8.c **** * You may use this file only in accordance with the license, terms, conditions, 
  16:Generated_Source\PSoC5/DAC_FAST_VDAC8.c **** * disclaimers, and limitations in the end user license agreement accompanying 
  17:Generated_Source\PSoC5/DAC_FAST_VDAC8.c **** * the software package with which this file was provided.
  18:Generated_Source\PSoC5/DAC_FAST_VDAC8.c **** *******************************************************************************/
  19:Generated_Source\PSoC5/DAC_FAST_VDAC8.c **** 
  20:Generated_Source\PSoC5/DAC_FAST_VDAC8.c **** #include "cytypes.h"
  21:Generated_Source\PSoC5/DAC_FAST_VDAC8.c **** #include "DAC_FAST_VDAC8.h"
  22:Generated_Source\PSoC5/DAC_FAST_VDAC8.c **** 
  23:Generated_Source\PSoC5/DAC_FAST_VDAC8.c **** #if (CY_PSOC5A)
  24:Generated_Source\PSoC5/DAC_FAST_VDAC8.c **** #include <CyLib.h>
  25:Generated_Source\PSoC5/DAC_FAST_VDAC8.c **** #endif /* CY_PSOC5A */
  26:Generated_Source\PSoC5/DAC_FAST_VDAC8.c **** 
  27:Generated_Source\PSoC5/DAC_FAST_VDAC8.c **** uint8 DAC_FAST_VDAC8_initVar = 0u;
  28:Generated_Source\PSoC5/DAC_FAST_VDAC8.c **** 
  29:Generated_Source\PSoC5/DAC_FAST_VDAC8.c **** #if (CY_PSOC5A)
  30:Generated_Source\PSoC5/DAC_FAST_VDAC8.c ****     static uint8 DAC_FAST_VDAC8_restoreVal = 0u;
ARM GAS  C:\Users\dr\AppData\Local\Temp\cc2T2l75.s 			page 2


  31:Generated_Source\PSoC5/DAC_FAST_VDAC8.c **** #endif /* CY_PSOC5A */
  32:Generated_Source\PSoC5/DAC_FAST_VDAC8.c **** 
  33:Generated_Source\PSoC5/DAC_FAST_VDAC8.c **** #if (CY_PSOC5A)
  34:Generated_Source\PSoC5/DAC_FAST_VDAC8.c ****     static DAC_FAST_VDAC8_backupStruct DAC_FAST_VDAC8_backup;
  35:Generated_Source\PSoC5/DAC_FAST_VDAC8.c **** #endif /* CY_PSOC5A */
  36:Generated_Source\PSoC5/DAC_FAST_VDAC8.c **** 
  37:Generated_Source\PSoC5/DAC_FAST_VDAC8.c **** 
  38:Generated_Source\PSoC5/DAC_FAST_VDAC8.c **** /*******************************************************************************
  39:Generated_Source\PSoC5/DAC_FAST_VDAC8.c **** * Function Name: DAC_FAST_VDAC8_Init
  40:Generated_Source\PSoC5/DAC_FAST_VDAC8.c **** ********************************************************************************
  41:Generated_Source\PSoC5/DAC_FAST_VDAC8.c **** * Summary:
  42:Generated_Source\PSoC5/DAC_FAST_VDAC8.c **** *  Initialize to the schematic state.
  43:Generated_Source\PSoC5/DAC_FAST_VDAC8.c **** * 
  44:Generated_Source\PSoC5/DAC_FAST_VDAC8.c **** * Parameters:
  45:Generated_Source\PSoC5/DAC_FAST_VDAC8.c **** *  void:
  46:Generated_Source\PSoC5/DAC_FAST_VDAC8.c **** *
  47:Generated_Source\PSoC5/DAC_FAST_VDAC8.c **** * Return:
  48:Generated_Source\PSoC5/DAC_FAST_VDAC8.c **** *  void
  49:Generated_Source\PSoC5/DAC_FAST_VDAC8.c **** *
  50:Generated_Source\PSoC5/DAC_FAST_VDAC8.c **** * Theory:
  51:Generated_Source\PSoC5/DAC_FAST_VDAC8.c **** *
  52:Generated_Source\PSoC5/DAC_FAST_VDAC8.c **** * Side Effects:
  53:Generated_Source\PSoC5/DAC_FAST_VDAC8.c **** *
  54:Generated_Source\PSoC5/DAC_FAST_VDAC8.c **** *******************************************************************************/
  55:Generated_Source\PSoC5/DAC_FAST_VDAC8.c **** void DAC_FAST_VDAC8_Init(void) 
  56:Generated_Source\PSoC5/DAC_FAST_VDAC8.c **** {
  57:Generated_Source\PSoC5/DAC_FAST_VDAC8.c ****     DAC_FAST_VDAC8_CR0 = (DAC_FAST_VDAC8_MODE_V );
  58:Generated_Source\PSoC5/DAC_FAST_VDAC8.c **** 
  59:Generated_Source\PSoC5/DAC_FAST_VDAC8.c ****     /* Set default data source */
  60:Generated_Source\PSoC5/DAC_FAST_VDAC8.c ****     #if(DAC_FAST_VDAC8_DEFAULT_DATA_SRC != 0 )
  61:Generated_Source\PSoC5/DAC_FAST_VDAC8.c ****         DAC_FAST_VDAC8_CR1 = (DAC_FAST_VDAC8_DEFAULT_CNTL | DAC_FAST_VDAC8_DACBUS_ENABLE) ;
  62:Generated_Source\PSoC5/DAC_FAST_VDAC8.c ****     #else
  63:Generated_Source\PSoC5/DAC_FAST_VDAC8.c ****         DAC_FAST_VDAC8_CR1 = (DAC_FAST_VDAC8_DEFAULT_CNTL | DAC_FAST_VDAC8_DACBUS_DISABLE) ;
  64:Generated_Source\PSoC5/DAC_FAST_VDAC8.c ****     #endif /* (DAC_FAST_VDAC8_DEFAULT_DATA_SRC != 0 ) */
  65:Generated_Source\PSoC5/DAC_FAST_VDAC8.c **** 
  66:Generated_Source\PSoC5/DAC_FAST_VDAC8.c ****     /* Set default strobe mode */
  67:Generated_Source\PSoC5/DAC_FAST_VDAC8.c ****     #if(DAC_FAST_VDAC8_DEFAULT_STRB != 0)
  68:Generated_Source\PSoC5/DAC_FAST_VDAC8.c ****         DAC_FAST_VDAC8_Strobe |= DAC_FAST_VDAC8_STRB_EN ;
  69:Generated_Source\PSoC5/DAC_FAST_VDAC8.c ****     #endif/* (DAC_FAST_VDAC8_DEFAULT_STRB != 0) */
  70:Generated_Source\PSoC5/DAC_FAST_VDAC8.c **** 
  71:Generated_Source\PSoC5/DAC_FAST_VDAC8.c ****     /* Set default range */
  72:Generated_Source\PSoC5/DAC_FAST_VDAC8.c ****     DAC_FAST_VDAC8_SetRange(DAC_FAST_VDAC8_DEFAULT_RANGE); 
  73:Generated_Source\PSoC5/DAC_FAST_VDAC8.c **** 
  74:Generated_Source\PSoC5/DAC_FAST_VDAC8.c ****     /* Set default speed */
  75:Generated_Source\PSoC5/DAC_FAST_VDAC8.c ****     DAC_FAST_VDAC8_SetSpeed(DAC_FAST_VDAC8_DEFAULT_SPEED);
  76:Generated_Source\PSoC5/DAC_FAST_VDAC8.c **** }
  77:Generated_Source\PSoC5/DAC_FAST_VDAC8.c **** 
  78:Generated_Source\PSoC5/DAC_FAST_VDAC8.c **** 
  79:Generated_Source\PSoC5/DAC_FAST_VDAC8.c **** /*******************************************************************************
  80:Generated_Source\PSoC5/DAC_FAST_VDAC8.c **** * Function Name: DAC_FAST_VDAC8_Enable
  81:Generated_Source\PSoC5/DAC_FAST_VDAC8.c **** ********************************************************************************
  82:Generated_Source\PSoC5/DAC_FAST_VDAC8.c **** * Summary:
  83:Generated_Source\PSoC5/DAC_FAST_VDAC8.c **** *  Enable the VDAC8
  84:Generated_Source\PSoC5/DAC_FAST_VDAC8.c **** * 
  85:Generated_Source\PSoC5/DAC_FAST_VDAC8.c **** * Parameters:
  86:Generated_Source\PSoC5/DAC_FAST_VDAC8.c **** *  void
  87:Generated_Source\PSoC5/DAC_FAST_VDAC8.c **** *
ARM GAS  C:\Users\dr\AppData\Local\Temp\cc2T2l75.s 			page 3


  88:Generated_Source\PSoC5/DAC_FAST_VDAC8.c **** * Return:
  89:Generated_Source\PSoC5/DAC_FAST_VDAC8.c **** *  void
  90:Generated_Source\PSoC5/DAC_FAST_VDAC8.c **** *
  91:Generated_Source\PSoC5/DAC_FAST_VDAC8.c **** * Theory:
  92:Generated_Source\PSoC5/DAC_FAST_VDAC8.c **** *
  93:Generated_Source\PSoC5/DAC_FAST_VDAC8.c **** * Side Effects:
  94:Generated_Source\PSoC5/DAC_FAST_VDAC8.c **** *
  95:Generated_Source\PSoC5/DAC_FAST_VDAC8.c **** *******************************************************************************/
  96:Generated_Source\PSoC5/DAC_FAST_VDAC8.c **** void DAC_FAST_VDAC8_Enable(void) 
  97:Generated_Source\PSoC5/DAC_FAST_VDAC8.c **** {
  28              		.loc 1 97 0
  29              		.cfi_startproc
  30              		@ args = 0, pretend = 0, frame = 0
  31              		@ frame_needed = 0, uses_anonymous_args = 0
  32              		@ link register save eliminated.
  98:Generated_Source\PSoC5/DAC_FAST_VDAC8.c ****     DAC_FAST_VDAC8_PWRMGR |= DAC_FAST_VDAC8_ACT_PWR_EN;
  33              		.loc 1 98 0
  34 0000 054A     		ldr	r2, .L2
  35 0002 1378     		ldrb	r3, [r2]	@ zero_extendqisi2
  36 0004 43F00203 		orr	r3, r3, #2
  37 0008 1370     		strb	r3, [r2]
  99:Generated_Source\PSoC5/DAC_FAST_VDAC8.c ****     DAC_FAST_VDAC8_STBY_PWRMGR |= DAC_FAST_VDAC8_STBY_PWR_EN;
  38              		.loc 1 99 0
  39 000a 1032     		adds	r2, r2, #16
  40 000c 1378     		ldrb	r3, [r2]	@ zero_extendqisi2
  41 000e 43F00203 		orr	r3, r3, #2
  42 0012 1370     		strb	r3, [r2]
  43 0014 7047     		bx	lr
  44              	.L3:
  45 0016 00BF     		.align	2
  46              	.L2:
  47 0018 A8430040 		.word	1073759144
  48              		.cfi_endproc
  49              	.LFE1:
  50              		.size	DAC_FAST_VDAC8_Enable, .-DAC_FAST_VDAC8_Enable
  51              		.section	.text.DAC_FAST_VDAC8_Stop,"ax",%progbits
  52              		.align	2
  53              		.global	DAC_FAST_VDAC8_Stop
  54              		.thumb
  55              		.thumb_func
  56              		.type	DAC_FAST_VDAC8_Stop, %function
  57              	DAC_FAST_VDAC8_Stop:
  58              	.LFB3:
 100:Generated_Source\PSoC5/DAC_FAST_VDAC8.c **** 
 101:Generated_Source\PSoC5/DAC_FAST_VDAC8.c ****     /*This is to restore the value of register CR0 ,
 102:Generated_Source\PSoC5/DAC_FAST_VDAC8.c ****     which is modified  in Stop API , this prevents misbehaviour of VDAC */
 103:Generated_Source\PSoC5/DAC_FAST_VDAC8.c ****     #if (CY_PSOC5A)
 104:Generated_Source\PSoC5/DAC_FAST_VDAC8.c ****         if(DAC_FAST_VDAC8_restoreVal == 1u) 
 105:Generated_Source\PSoC5/DAC_FAST_VDAC8.c ****         {
 106:Generated_Source\PSoC5/DAC_FAST_VDAC8.c ****              DAC_FAST_VDAC8_CR0 = DAC_FAST_VDAC8_backup.data_value;
 107:Generated_Source\PSoC5/DAC_FAST_VDAC8.c ****              DAC_FAST_VDAC8_restoreVal = 0u;
 108:Generated_Source\PSoC5/DAC_FAST_VDAC8.c ****         }
 109:Generated_Source\PSoC5/DAC_FAST_VDAC8.c ****     #endif /* CY_PSOC5A */
 110:Generated_Source\PSoC5/DAC_FAST_VDAC8.c **** }
 111:Generated_Source\PSoC5/DAC_FAST_VDAC8.c **** 
 112:Generated_Source\PSoC5/DAC_FAST_VDAC8.c **** 
 113:Generated_Source\PSoC5/DAC_FAST_VDAC8.c **** /*******************************************************************************
ARM GAS  C:\Users\dr\AppData\Local\Temp\cc2T2l75.s 			page 4


 114:Generated_Source\PSoC5/DAC_FAST_VDAC8.c **** * Function Name: DAC_FAST_VDAC8_Start
 115:Generated_Source\PSoC5/DAC_FAST_VDAC8.c **** ********************************************************************************
 116:Generated_Source\PSoC5/DAC_FAST_VDAC8.c **** *
 117:Generated_Source\PSoC5/DAC_FAST_VDAC8.c **** * Summary:
 118:Generated_Source\PSoC5/DAC_FAST_VDAC8.c **** *  The start function initializes the voltage DAC with the default values, 
 119:Generated_Source\PSoC5/DAC_FAST_VDAC8.c **** *  and sets the power to the given level.  A power level of 0, is the same as
 120:Generated_Source\PSoC5/DAC_FAST_VDAC8.c **** *  executing the stop function.
 121:Generated_Source\PSoC5/DAC_FAST_VDAC8.c **** *
 122:Generated_Source\PSoC5/DAC_FAST_VDAC8.c **** * Parameters:
 123:Generated_Source\PSoC5/DAC_FAST_VDAC8.c **** *  Power: Sets power level between off (0) and (3) high power
 124:Generated_Source\PSoC5/DAC_FAST_VDAC8.c **** *
 125:Generated_Source\PSoC5/DAC_FAST_VDAC8.c **** * Return:
 126:Generated_Source\PSoC5/DAC_FAST_VDAC8.c **** *  void 
 127:Generated_Source\PSoC5/DAC_FAST_VDAC8.c **** *
 128:Generated_Source\PSoC5/DAC_FAST_VDAC8.c **** * Global variables:
 129:Generated_Source\PSoC5/DAC_FAST_VDAC8.c **** *  DAC_FAST_VDAC8_initVar: Is modified when this function is called for the 
 130:Generated_Source\PSoC5/DAC_FAST_VDAC8.c **** *  first time. Is used to ensure that initialization happens only once.
 131:Generated_Source\PSoC5/DAC_FAST_VDAC8.c **** *
 132:Generated_Source\PSoC5/DAC_FAST_VDAC8.c **** *******************************************************************************/
 133:Generated_Source\PSoC5/DAC_FAST_VDAC8.c **** void DAC_FAST_VDAC8_Start(void)  
 134:Generated_Source\PSoC5/DAC_FAST_VDAC8.c **** {
 135:Generated_Source\PSoC5/DAC_FAST_VDAC8.c ****     /* Hardware initiazation only needs to occure the first time */
 136:Generated_Source\PSoC5/DAC_FAST_VDAC8.c ****     if(DAC_FAST_VDAC8_initVar == 0u)
 137:Generated_Source\PSoC5/DAC_FAST_VDAC8.c ****     { 
 138:Generated_Source\PSoC5/DAC_FAST_VDAC8.c ****         DAC_FAST_VDAC8_Init();
 139:Generated_Source\PSoC5/DAC_FAST_VDAC8.c ****         DAC_FAST_VDAC8_initVar = 1u;
 140:Generated_Source\PSoC5/DAC_FAST_VDAC8.c ****     }
 141:Generated_Source\PSoC5/DAC_FAST_VDAC8.c **** 
 142:Generated_Source\PSoC5/DAC_FAST_VDAC8.c ****     /* Enable power to DAC */
 143:Generated_Source\PSoC5/DAC_FAST_VDAC8.c ****     DAC_FAST_VDAC8_Enable();
 144:Generated_Source\PSoC5/DAC_FAST_VDAC8.c **** 
 145:Generated_Source\PSoC5/DAC_FAST_VDAC8.c ****     /* Set default value */
 146:Generated_Source\PSoC5/DAC_FAST_VDAC8.c ****     DAC_FAST_VDAC8_SetValue(DAC_FAST_VDAC8_DEFAULT_DATA); 
 147:Generated_Source\PSoC5/DAC_FAST_VDAC8.c **** }
 148:Generated_Source\PSoC5/DAC_FAST_VDAC8.c **** 
 149:Generated_Source\PSoC5/DAC_FAST_VDAC8.c **** 
 150:Generated_Source\PSoC5/DAC_FAST_VDAC8.c **** /*******************************************************************************
 151:Generated_Source\PSoC5/DAC_FAST_VDAC8.c **** * Function Name: DAC_FAST_VDAC8_Stop
 152:Generated_Source\PSoC5/DAC_FAST_VDAC8.c **** ********************************************************************************
 153:Generated_Source\PSoC5/DAC_FAST_VDAC8.c **** *
 154:Generated_Source\PSoC5/DAC_FAST_VDAC8.c **** * Summary:
 155:Generated_Source\PSoC5/DAC_FAST_VDAC8.c **** *  Powers down DAC to lowest power state.
 156:Generated_Source\PSoC5/DAC_FAST_VDAC8.c **** *
 157:Generated_Source\PSoC5/DAC_FAST_VDAC8.c **** * Parameters:
 158:Generated_Source\PSoC5/DAC_FAST_VDAC8.c **** *  void
 159:Generated_Source\PSoC5/DAC_FAST_VDAC8.c **** *
 160:Generated_Source\PSoC5/DAC_FAST_VDAC8.c **** * Return:
 161:Generated_Source\PSoC5/DAC_FAST_VDAC8.c **** *  void
 162:Generated_Source\PSoC5/DAC_FAST_VDAC8.c **** *
 163:Generated_Source\PSoC5/DAC_FAST_VDAC8.c **** * Theory:
 164:Generated_Source\PSoC5/DAC_FAST_VDAC8.c **** *
 165:Generated_Source\PSoC5/DAC_FAST_VDAC8.c **** * Side Effects:
 166:Generated_Source\PSoC5/DAC_FAST_VDAC8.c **** *
 167:Generated_Source\PSoC5/DAC_FAST_VDAC8.c **** *******************************************************************************/
 168:Generated_Source\PSoC5/DAC_FAST_VDAC8.c **** void DAC_FAST_VDAC8_Stop(void) 
 169:Generated_Source\PSoC5/DAC_FAST_VDAC8.c **** {
  59              		.loc 1 169 0
ARM GAS  C:\Users\dr\AppData\Local\Temp\cc2T2l75.s 			page 5


  60              		.cfi_startproc
  61              		@ args = 0, pretend = 0, frame = 0
  62              		@ frame_needed = 0, uses_anonymous_args = 0
  63              		@ link register save eliminated.
 170:Generated_Source\PSoC5/DAC_FAST_VDAC8.c ****     /* Disble power to DAC */
 171:Generated_Source\PSoC5/DAC_FAST_VDAC8.c ****     DAC_FAST_VDAC8_PWRMGR &= (uint8)(~DAC_FAST_VDAC8_ACT_PWR_EN);
  64              		.loc 1 171 0
  65 0000 054A     		ldr	r2, .L5
  66 0002 1378     		ldrb	r3, [r2]	@ zero_extendqisi2
  67 0004 03F0FD03 		and	r3, r3, #253
  68 0008 1370     		strb	r3, [r2]
 172:Generated_Source\PSoC5/DAC_FAST_VDAC8.c ****     DAC_FAST_VDAC8_STBY_PWRMGR &= (uint8)(~DAC_FAST_VDAC8_STBY_PWR_EN);
  69              		.loc 1 172 0
  70 000a 1032     		adds	r2, r2, #16
  71 000c 1378     		ldrb	r3, [r2]	@ zero_extendqisi2
  72 000e 03F0FD03 		and	r3, r3, #253
  73 0012 1370     		strb	r3, [r2]
  74 0014 7047     		bx	lr
  75              	.L6:
  76 0016 00BF     		.align	2
  77              	.L5:
  78 0018 A8430040 		.word	1073759144
  79              		.cfi_endproc
  80              	.LFE3:
  81              		.size	DAC_FAST_VDAC8_Stop, .-DAC_FAST_VDAC8_Stop
  82              		.section	.text.DAC_FAST_VDAC8_SetSpeed,"ax",%progbits
  83              		.align	2
  84              		.global	DAC_FAST_VDAC8_SetSpeed
  85              		.thumb
  86              		.thumb_func
  87              		.type	DAC_FAST_VDAC8_SetSpeed, %function
  88              	DAC_FAST_VDAC8_SetSpeed:
  89              	.LFB4:
 173:Generated_Source\PSoC5/DAC_FAST_VDAC8.c **** 
 174:Generated_Source\PSoC5/DAC_FAST_VDAC8.c ****     /* This is a work around for PSoC5A  ,
 175:Generated_Source\PSoC5/DAC_FAST_VDAC8.c ****     this sets VDAC to current mode with output off */
 176:Generated_Source\PSoC5/DAC_FAST_VDAC8.c ****     #if (CY_PSOC5A)
 177:Generated_Source\PSoC5/DAC_FAST_VDAC8.c ****         DAC_FAST_VDAC8_backup.data_value = DAC_FAST_VDAC8_CR0;
 178:Generated_Source\PSoC5/DAC_FAST_VDAC8.c ****         DAC_FAST_VDAC8_CR0 = DAC_FAST_VDAC8_CUR_MODE_OUT_OFF;
 179:Generated_Source\PSoC5/DAC_FAST_VDAC8.c ****         DAC_FAST_VDAC8_restoreVal = 1u;
 180:Generated_Source\PSoC5/DAC_FAST_VDAC8.c ****     #endif /* CY_PSOC5A */
 181:Generated_Source\PSoC5/DAC_FAST_VDAC8.c **** }
 182:Generated_Source\PSoC5/DAC_FAST_VDAC8.c **** 
 183:Generated_Source\PSoC5/DAC_FAST_VDAC8.c **** 
 184:Generated_Source\PSoC5/DAC_FAST_VDAC8.c **** /*******************************************************************************
 185:Generated_Source\PSoC5/DAC_FAST_VDAC8.c **** * Function Name: DAC_FAST_VDAC8_SetSpeed
 186:Generated_Source\PSoC5/DAC_FAST_VDAC8.c **** ********************************************************************************
 187:Generated_Source\PSoC5/DAC_FAST_VDAC8.c **** *
 188:Generated_Source\PSoC5/DAC_FAST_VDAC8.c **** * Summary:
 189:Generated_Source\PSoC5/DAC_FAST_VDAC8.c **** *  Set DAC speed
 190:Generated_Source\PSoC5/DAC_FAST_VDAC8.c **** *
 191:Generated_Source\PSoC5/DAC_FAST_VDAC8.c **** * Parameters:
 192:Generated_Source\PSoC5/DAC_FAST_VDAC8.c **** *  power: Sets speed value
 193:Generated_Source\PSoC5/DAC_FAST_VDAC8.c **** *
 194:Generated_Source\PSoC5/DAC_FAST_VDAC8.c **** * Return:
 195:Generated_Source\PSoC5/DAC_FAST_VDAC8.c **** *  void
 196:Generated_Source\PSoC5/DAC_FAST_VDAC8.c **** *
ARM GAS  C:\Users\dr\AppData\Local\Temp\cc2T2l75.s 			page 6


 197:Generated_Source\PSoC5/DAC_FAST_VDAC8.c **** * Theory:
 198:Generated_Source\PSoC5/DAC_FAST_VDAC8.c **** *
 199:Generated_Source\PSoC5/DAC_FAST_VDAC8.c **** * Side Effects:
 200:Generated_Source\PSoC5/DAC_FAST_VDAC8.c **** *
 201:Generated_Source\PSoC5/DAC_FAST_VDAC8.c **** *******************************************************************************/
 202:Generated_Source\PSoC5/DAC_FAST_VDAC8.c **** void DAC_FAST_VDAC8_SetSpeed(uint8 speed) 
 203:Generated_Source\PSoC5/DAC_FAST_VDAC8.c **** {
  90              		.loc 1 203 0
  91              		.cfi_startproc
  92              		@ args = 0, pretend = 0, frame = 0
  93              		@ frame_needed = 0, uses_anonymous_args = 0
  94              		@ link register save eliminated.
  95              	.LVL0:
 204:Generated_Source\PSoC5/DAC_FAST_VDAC8.c ****     /* Clear power mask then write in new value */
 205:Generated_Source\PSoC5/DAC_FAST_VDAC8.c ****     DAC_FAST_VDAC8_CR0 &= (uint8)(~DAC_FAST_VDAC8_HS_MASK);
  96              		.loc 1 205 0
  97 0000 054B     		ldr	r3, .L8
  98 0002 1A78     		ldrb	r2, [r3]	@ zero_extendqisi2
  99 0004 02F0FD02 		and	r2, r2, #253
 100 0008 1A70     		strb	r2, [r3]
 206:Generated_Source\PSoC5/DAC_FAST_VDAC8.c ****     DAC_FAST_VDAC8_CR0 |=  (speed & DAC_FAST_VDAC8_HS_MASK);
 101              		.loc 1 206 0
 102 000a 1A78     		ldrb	r2, [r3]	@ zero_extendqisi2
 103 000c 00F00200 		and	r0, r0, #2
 104              	.LVL1:
 105 0010 1043     		orrs	r0, r0, r2
 106 0012 1870     		strb	r0, [r3]
 107 0014 7047     		bx	lr
 108              	.L9:
 109 0016 00BF     		.align	2
 110              	.L8:
 111 0018 24580040 		.word	1073764388
 112              		.cfi_endproc
 113              	.LFE4:
 114              		.size	DAC_FAST_VDAC8_SetSpeed, .-DAC_FAST_VDAC8_SetSpeed
 115              		.section	.text.DAC_FAST_VDAC8_SetValue,"ax",%progbits
 116              		.align	2
 117              		.global	DAC_FAST_VDAC8_SetValue
 118              		.thumb
 119              		.thumb_func
 120              		.type	DAC_FAST_VDAC8_SetValue, %function
 121              	DAC_FAST_VDAC8_SetValue:
 122              	.LFB6:
 207:Generated_Source\PSoC5/DAC_FAST_VDAC8.c **** }
 208:Generated_Source\PSoC5/DAC_FAST_VDAC8.c **** 
 209:Generated_Source\PSoC5/DAC_FAST_VDAC8.c **** 
 210:Generated_Source\PSoC5/DAC_FAST_VDAC8.c **** /*******************************************************************************
 211:Generated_Source\PSoC5/DAC_FAST_VDAC8.c **** * Function Name: DAC_FAST_VDAC8_SetRange
 212:Generated_Source\PSoC5/DAC_FAST_VDAC8.c **** ********************************************************************************
 213:Generated_Source\PSoC5/DAC_FAST_VDAC8.c **** *
 214:Generated_Source\PSoC5/DAC_FAST_VDAC8.c **** * Summary:
 215:Generated_Source\PSoC5/DAC_FAST_VDAC8.c **** *  Set one of three current ranges.
 216:Generated_Source\PSoC5/DAC_FAST_VDAC8.c **** *
 217:Generated_Source\PSoC5/DAC_FAST_VDAC8.c **** * Parameters:
 218:Generated_Source\PSoC5/DAC_FAST_VDAC8.c **** *  Range: Sets one of Three valid ranges.
 219:Generated_Source\PSoC5/DAC_FAST_VDAC8.c **** *
 220:Generated_Source\PSoC5/DAC_FAST_VDAC8.c **** * Return:
ARM GAS  C:\Users\dr\AppData\Local\Temp\cc2T2l75.s 			page 7


 221:Generated_Source\PSoC5/DAC_FAST_VDAC8.c **** *  void 
 222:Generated_Source\PSoC5/DAC_FAST_VDAC8.c **** *
 223:Generated_Source\PSoC5/DAC_FAST_VDAC8.c **** * Theory:
 224:Generated_Source\PSoC5/DAC_FAST_VDAC8.c **** *
 225:Generated_Source\PSoC5/DAC_FAST_VDAC8.c **** * Side Effects:
 226:Generated_Source\PSoC5/DAC_FAST_VDAC8.c **** *
 227:Generated_Source\PSoC5/DAC_FAST_VDAC8.c **** *******************************************************************************/
 228:Generated_Source\PSoC5/DAC_FAST_VDAC8.c **** void DAC_FAST_VDAC8_SetRange(uint8 range) 
 229:Generated_Source\PSoC5/DAC_FAST_VDAC8.c **** {
 230:Generated_Source\PSoC5/DAC_FAST_VDAC8.c ****     DAC_FAST_VDAC8_CR0 &= (uint8)(~DAC_FAST_VDAC8_RANGE_MASK);      /* Clear existing mode */
 231:Generated_Source\PSoC5/DAC_FAST_VDAC8.c ****     DAC_FAST_VDAC8_CR0 |= (range & DAC_FAST_VDAC8_RANGE_MASK);      /*  Set Range  */
 232:Generated_Source\PSoC5/DAC_FAST_VDAC8.c ****     DAC_FAST_VDAC8_DacTrim();
 233:Generated_Source\PSoC5/DAC_FAST_VDAC8.c **** }
 234:Generated_Source\PSoC5/DAC_FAST_VDAC8.c **** 
 235:Generated_Source\PSoC5/DAC_FAST_VDAC8.c **** 
 236:Generated_Source\PSoC5/DAC_FAST_VDAC8.c **** /*******************************************************************************
 237:Generated_Source\PSoC5/DAC_FAST_VDAC8.c **** * Function Name: DAC_FAST_VDAC8_SetValue
 238:Generated_Source\PSoC5/DAC_FAST_VDAC8.c **** ********************************************************************************
 239:Generated_Source\PSoC5/DAC_FAST_VDAC8.c **** *
 240:Generated_Source\PSoC5/DAC_FAST_VDAC8.c **** * Summary:
 241:Generated_Source\PSoC5/DAC_FAST_VDAC8.c **** *  Set 8-bit DAC value
 242:Generated_Source\PSoC5/DAC_FAST_VDAC8.c **** *
 243:Generated_Source\PSoC5/DAC_FAST_VDAC8.c **** * Parameters:  
 244:Generated_Source\PSoC5/DAC_FAST_VDAC8.c **** *  value:  Sets DAC value between 0 and 255.
 245:Generated_Source\PSoC5/DAC_FAST_VDAC8.c **** *
 246:Generated_Source\PSoC5/DAC_FAST_VDAC8.c **** * Return: 
 247:Generated_Source\PSoC5/DAC_FAST_VDAC8.c **** *  void 
 248:Generated_Source\PSoC5/DAC_FAST_VDAC8.c **** *
 249:Generated_Source\PSoC5/DAC_FAST_VDAC8.c **** * Theory: 
 250:Generated_Source\PSoC5/DAC_FAST_VDAC8.c **** *
 251:Generated_Source\PSoC5/DAC_FAST_VDAC8.c **** * Side Effects:
 252:Generated_Source\PSoC5/DAC_FAST_VDAC8.c **** *
 253:Generated_Source\PSoC5/DAC_FAST_VDAC8.c **** *******************************************************************************/
 254:Generated_Source\PSoC5/DAC_FAST_VDAC8.c **** void DAC_FAST_VDAC8_SetValue(uint8 value) 
 255:Generated_Source\PSoC5/DAC_FAST_VDAC8.c **** {
 123              		.loc 1 255 0
 124              		.cfi_startproc
 125              		@ args = 0, pretend = 0, frame = 0
 126              		@ frame_needed = 0, uses_anonymous_args = 0
 127              		@ link register save eliminated.
 128              	.LVL2:
 256:Generated_Source\PSoC5/DAC_FAST_VDAC8.c ****     #if (CY_PSOC5A)
 257:Generated_Source\PSoC5/DAC_FAST_VDAC8.c ****         uint8 DAC_FAST_VDAC8_intrStatus = CyEnterCriticalSection();
 258:Generated_Source\PSoC5/DAC_FAST_VDAC8.c ****     #endif /* CY_PSOC5A */
 259:Generated_Source\PSoC5/DAC_FAST_VDAC8.c **** 
 260:Generated_Source\PSoC5/DAC_FAST_VDAC8.c ****     DAC_FAST_VDAC8_Data = value;                /*  Set Value  */
 129              		.loc 1 260 0
 130 0000 014B     		ldr	r3, .L11
 131 0002 1870     		strb	r0, [r3]
 132 0004 7047     		bx	lr
 133              	.L12:
 134 0006 00BF     		.align	2
 135              	.L11:
 136 0008 815B0040 		.word	1073765249
 137              		.cfi_endproc
 138              	.LFE6:
 139              		.size	DAC_FAST_VDAC8_SetValue, .-DAC_FAST_VDAC8_SetValue
ARM GAS  C:\Users\dr\AppData\Local\Temp\cc2T2l75.s 			page 8


 140              		.section	.text.DAC_FAST_VDAC8_DacTrim,"ax",%progbits
 141              		.align	2
 142              		.global	DAC_FAST_VDAC8_DacTrim
 143              		.thumb
 144              		.thumb_func
 145              		.type	DAC_FAST_VDAC8_DacTrim, %function
 146              	DAC_FAST_VDAC8_DacTrim:
 147              	.LFB7:
 261:Generated_Source\PSoC5/DAC_FAST_VDAC8.c **** 
 262:Generated_Source\PSoC5/DAC_FAST_VDAC8.c ****     /* PSOC5A requires a double write */
 263:Generated_Source\PSoC5/DAC_FAST_VDAC8.c ****     /* Exit Critical Section */
 264:Generated_Source\PSoC5/DAC_FAST_VDAC8.c ****     #if (CY_PSOC5A)
 265:Generated_Source\PSoC5/DAC_FAST_VDAC8.c ****         DAC_FAST_VDAC8_Data = value;
 266:Generated_Source\PSoC5/DAC_FAST_VDAC8.c ****         CyExitCriticalSection(DAC_FAST_VDAC8_intrStatus);
 267:Generated_Source\PSoC5/DAC_FAST_VDAC8.c ****     #endif /* CY_PSOC5A */
 268:Generated_Source\PSoC5/DAC_FAST_VDAC8.c **** }
 269:Generated_Source\PSoC5/DAC_FAST_VDAC8.c **** 
 270:Generated_Source\PSoC5/DAC_FAST_VDAC8.c **** 
 271:Generated_Source\PSoC5/DAC_FAST_VDAC8.c **** /*******************************************************************************
 272:Generated_Source\PSoC5/DAC_FAST_VDAC8.c **** * Function Name: DAC_FAST_VDAC8_DacTrim
 273:Generated_Source\PSoC5/DAC_FAST_VDAC8.c **** ********************************************************************************
 274:Generated_Source\PSoC5/DAC_FAST_VDAC8.c **** *
 275:Generated_Source\PSoC5/DAC_FAST_VDAC8.c **** * Summary:
 276:Generated_Source\PSoC5/DAC_FAST_VDAC8.c **** *  Set the trim value for the given range.
 277:Generated_Source\PSoC5/DAC_FAST_VDAC8.c **** *
 278:Generated_Source\PSoC5/DAC_FAST_VDAC8.c **** * Parameters:
 279:Generated_Source\PSoC5/DAC_FAST_VDAC8.c **** *  range:  1V or 4V range.  See constants.
 280:Generated_Source\PSoC5/DAC_FAST_VDAC8.c **** *
 281:Generated_Source\PSoC5/DAC_FAST_VDAC8.c **** * Return:
 282:Generated_Source\PSoC5/DAC_FAST_VDAC8.c **** *  void
 283:Generated_Source\PSoC5/DAC_FAST_VDAC8.c **** *
 284:Generated_Source\PSoC5/DAC_FAST_VDAC8.c **** * Theory: 
 285:Generated_Source\PSoC5/DAC_FAST_VDAC8.c **** *
 286:Generated_Source\PSoC5/DAC_FAST_VDAC8.c **** * Side Effects:
 287:Generated_Source\PSoC5/DAC_FAST_VDAC8.c **** *
 288:Generated_Source\PSoC5/DAC_FAST_VDAC8.c **** *******************************************************************************/
 289:Generated_Source\PSoC5/DAC_FAST_VDAC8.c **** void DAC_FAST_VDAC8_DacTrim(void) 
 290:Generated_Source\PSoC5/DAC_FAST_VDAC8.c **** {
 148              		.loc 1 290 0
 149              		.cfi_startproc
 150              		@ args = 0, pretend = 0, frame = 0
 151              		@ frame_needed = 0, uses_anonymous_args = 0
 152              		@ link register save eliminated.
 291:Generated_Source\PSoC5/DAC_FAST_VDAC8.c ****     uint8 mode;
 292:Generated_Source\PSoC5/DAC_FAST_VDAC8.c **** 
 293:Generated_Source\PSoC5/DAC_FAST_VDAC8.c ****     mode = (uint8)((DAC_FAST_VDAC8_CR0 & DAC_FAST_VDAC8_RANGE_MASK) >> 2) + DAC_FAST_VDAC8_TRIM_M7_
 153              		.loc 1 293 0
 154 0000 064B     		ldr	r3, .L14
 155 0002 1B78     		ldrb	r3, [r3]	@ zero_extendqisi2
 156 0004 C3F38103 		ubfx	r3, r3, #2, #2
 157              	.LVL3:
 294:Generated_Source\PSoC5/DAC_FAST_VDAC8.c ****     DAC_FAST_VDAC8_TR = CY_GET_XTND_REG8((uint8 *)(DAC_FAST_VDAC8_DAC_TRIM_BASE + mode));
 158              		.loc 1 294 0
 159 0008 03F19243 		add	r3, r3, #1224736768
 160              	.LVL4:
 161 000c 0633     		adds	r3, r3, #6
 162              	.LVL5:
ARM GAS  C:\Users\dr\AppData\Local\Temp\cc2T2l75.s 			page 9


 163 000e 93F83031 		ldrb	r3, [r3, #304]	@ zero_extendqisi2
 164              	.LVL6:
 165 0012 DBB2     		uxtb	r3, r3
 166 0014 024A     		ldr	r2, .L14+4
 167 0016 1370     		strb	r3, [r2]
 168 0018 7047     		bx	lr
 169              	.L15:
 170 001a 00BF     		.align	2
 171              	.L14:
 172 001c 24580040 		.word	1073764388
 173 0020 09460040 		.word	1073759753
 174              		.cfi_endproc
 175              	.LFE7:
 176              		.size	DAC_FAST_VDAC8_DacTrim, .-DAC_FAST_VDAC8_DacTrim
 177              		.section	.text.DAC_FAST_VDAC8_SetRange,"ax",%progbits
 178              		.align	2
 179              		.global	DAC_FAST_VDAC8_SetRange
 180              		.thumb
 181              		.thumb_func
 182              		.type	DAC_FAST_VDAC8_SetRange, %function
 183              	DAC_FAST_VDAC8_SetRange:
 184              	.LFB5:
 229:Generated_Source\PSoC5/DAC_FAST_VDAC8.c ****     DAC_FAST_VDAC8_CR0 &= (uint8)(~DAC_FAST_VDAC8_RANGE_MASK);      /* Clear existing mode */
 185              		.loc 1 229 0
 186              		.cfi_startproc
 187              		@ args = 0, pretend = 0, frame = 0
 188              		@ frame_needed = 0, uses_anonymous_args = 0
 189              	.LVL7:
 190 0000 08B5     		push	{r3, lr}
 191              		.cfi_def_cfa_offset 8
 192              		.cfi_offset 3, -8
 193              		.cfi_offset 14, -4
 230:Generated_Source\PSoC5/DAC_FAST_VDAC8.c ****     DAC_FAST_VDAC8_CR0 |= (range & DAC_FAST_VDAC8_RANGE_MASK);      /*  Set Range  */
 194              		.loc 1 230 0
 195 0002 064B     		ldr	r3, .L18
 196 0004 1A78     		ldrb	r2, [r3]	@ zero_extendqisi2
 197 0006 02F0F302 		and	r2, r2, #243
 198 000a 1A70     		strb	r2, [r3]
 231:Generated_Source\PSoC5/DAC_FAST_VDAC8.c ****     DAC_FAST_VDAC8_DacTrim();
 199              		.loc 1 231 0
 200 000c 1A78     		ldrb	r2, [r3]	@ zero_extendqisi2
 201 000e 00F00C00 		and	r0, r0, #12
 202              	.LVL8:
 203 0012 1043     		orrs	r0, r0, r2
 204 0014 1870     		strb	r0, [r3]
 232:Generated_Source\PSoC5/DAC_FAST_VDAC8.c **** }
 205              		.loc 1 232 0
 206 0016 FFF7FEFF 		bl	DAC_FAST_VDAC8_DacTrim
 207              	.LVL9:
 208 001a 08BD     		pop	{r3, pc}
 209              	.L19:
 210              		.align	2
 211              	.L18:
 212 001c 24580040 		.word	1073764388
 213              		.cfi_endproc
 214              	.LFE5:
 215              		.size	DAC_FAST_VDAC8_SetRange, .-DAC_FAST_VDAC8_SetRange
ARM GAS  C:\Users\dr\AppData\Local\Temp\cc2T2l75.s 			page 10


 216              		.section	.text.DAC_FAST_VDAC8_Init,"ax",%progbits
 217              		.align	2
 218              		.global	DAC_FAST_VDAC8_Init
 219              		.thumb
 220              		.thumb_func
 221              		.type	DAC_FAST_VDAC8_Init, %function
 222              	DAC_FAST_VDAC8_Init:
 223              	.LFB0:
  56:Generated_Source\PSoC5/DAC_FAST_VDAC8.c ****     DAC_FAST_VDAC8_CR0 = (DAC_FAST_VDAC8_MODE_V );
 224              		.loc 1 56 0
 225              		.cfi_startproc
 226              		@ args = 0, pretend = 0, frame = 0
 227              		@ frame_needed = 0, uses_anonymous_args = 0
 228 0000 08B5     		push	{r3, lr}
 229              		.cfi_def_cfa_offset 8
 230              		.cfi_offset 3, -8
 231              		.cfi_offset 14, -4
  57:Generated_Source\PSoC5/DAC_FAST_VDAC8.c **** 
 232              		.loc 1 57 0
 233 0002 0023     		movs	r3, #0
 234 0004 084A     		ldr	r2, .L22
 235 0006 1370     		strb	r3, [r2]
  63:Generated_Source\PSoC5/DAC_FAST_VDAC8.c ****     #endif /* (DAC_FAST_VDAC8_DEFAULT_DATA_SRC != 0 ) */
 236              		.loc 1 63 0
 237 0008 0132     		adds	r2, r2, #1
 238 000a 1370     		strb	r3, [r2]
  68:Generated_Source\PSoC5/DAC_FAST_VDAC8.c ****     #endif/* (DAC_FAST_VDAC8_DEFAULT_STRB != 0) */
 239              		.loc 1 68 0
 240 000c 02F26A22 		addw	r2, r2, #618
 241 0010 1378     		ldrb	r3, [r2]	@ zero_extendqisi2
 242 0012 43F00803 		orr	r3, r3, #8
 243 0016 1370     		strb	r3, [r2]
  72:Generated_Source\PSoC5/DAC_FAST_VDAC8.c **** 
 244              		.loc 1 72 0
 245 0018 0420     		movs	r0, #4
 246 001a FFF7FEFF 		bl	DAC_FAST_VDAC8_SetRange
 247              	.LVL10:
  75:Generated_Source\PSoC5/DAC_FAST_VDAC8.c **** }
 248              		.loc 1 75 0
 249 001e 0220     		movs	r0, #2
 250 0020 FFF7FEFF 		bl	DAC_FAST_VDAC8_SetSpeed
 251              	.LVL11:
 252 0024 08BD     		pop	{r3, pc}
 253              	.L23:
 254 0026 00BF     		.align	2
 255              	.L22:
 256 0028 24580040 		.word	1073764388
 257              		.cfi_endproc
 258              	.LFE0:
 259              		.size	DAC_FAST_VDAC8_Init, .-DAC_FAST_VDAC8_Init
 260              		.section	.text.DAC_FAST_VDAC8_Start,"ax",%progbits
 261              		.align	2
 262              		.global	DAC_FAST_VDAC8_Start
 263              		.thumb
 264              		.thumb_func
 265              		.type	DAC_FAST_VDAC8_Start, %function
 266              	DAC_FAST_VDAC8_Start:
ARM GAS  C:\Users\dr\AppData\Local\Temp\cc2T2l75.s 			page 11


 267              	.LFB2:
 134:Generated_Source\PSoC5/DAC_FAST_VDAC8.c ****     /* Hardware initiazation only needs to occure the first time */
 268              		.loc 1 134 0
 269              		.cfi_startproc
 270              		@ args = 0, pretend = 0, frame = 0
 271              		@ frame_needed = 0, uses_anonymous_args = 0
 272 0000 08B5     		push	{r3, lr}
 273              		.cfi_def_cfa_offset 8
 274              		.cfi_offset 3, -8
 275              		.cfi_offset 14, -4
 136:Generated_Source\PSoC5/DAC_FAST_VDAC8.c ****     { 
 276              		.loc 1 136 0
 277 0002 074B     		ldr	r3, .L27
 278 0004 1B78     		ldrb	r3, [r3]	@ zero_extendqisi2
 279 0006 23B9     		cbnz	r3, .L25
 138:Generated_Source\PSoC5/DAC_FAST_VDAC8.c ****         DAC_FAST_VDAC8_initVar = 1u;
 280              		.loc 1 138 0
 281 0008 FFF7FEFF 		bl	DAC_FAST_VDAC8_Init
 282              	.LVL12:
 139:Generated_Source\PSoC5/DAC_FAST_VDAC8.c ****     }
 283              		.loc 1 139 0
 284 000c 0122     		movs	r2, #1
 285 000e 044B     		ldr	r3, .L27
 286 0010 1A70     		strb	r2, [r3]
 287              	.L25:
 143:Generated_Source\PSoC5/DAC_FAST_VDAC8.c **** 
 288              		.loc 1 143 0
 289 0012 FFF7FEFF 		bl	DAC_FAST_VDAC8_Enable
 290              	.LVL13:
 146:Generated_Source\PSoC5/DAC_FAST_VDAC8.c **** }
 291              		.loc 1 146 0
 292 0016 1920     		movs	r0, #25
 293 0018 FFF7FEFF 		bl	DAC_FAST_VDAC8_SetValue
 294              	.LVL14:
 295 001c 08BD     		pop	{r3, pc}
 296              	.L28:
 297 001e 00BF     		.align	2
 298              	.L27:
 299 0020 00000000 		.word	.LANCHOR0
 300              		.cfi_endproc
 301              	.LFE2:
 302              		.size	DAC_FAST_VDAC8_Start, .-DAC_FAST_VDAC8_Start
 303              		.global	DAC_FAST_VDAC8_initVar
 304              		.bss
 305              		.set	.LANCHOR0,. + 0
 306              		.type	DAC_FAST_VDAC8_initVar, %object
 307              		.size	DAC_FAST_VDAC8_initVar, 1
 308              	DAC_FAST_VDAC8_initVar:
 309 0000 00       		.space	1
 310              		.text
 311              	.Letext0:
 312              		.file 2 "Generated_Source\\PSoC5\\cytypes.h"
 313              		.section	.debug_info,"",%progbits
 314              	.Ldebug_info0:
 315 0000 D9010000 		.4byte	0x1d9
 316 0004 0400     		.2byte	0x4
 317 0006 00000000 		.4byte	.Ldebug_abbrev0
ARM GAS  C:\Users\dr\AppData\Local\Temp\cc2T2l75.s 			page 12


 318 000a 04       		.byte	0x4
 319 000b 01       		.uleb128 0x1
 320 000c 8A000000 		.4byte	.LASF25
 321 0010 0C       		.byte	0xc
 322 0011 00000000 		.4byte	.LASF26
 323 0015 48010000 		.4byte	.LASF27
 324 0019 00000000 		.4byte	.Ldebug_ranges0+0
 325 001d 00000000 		.4byte	0
 326 0021 00000000 		.4byte	.Ldebug_line0
 327 0025 02       		.uleb128 0x2
 328 0026 01       		.byte	0x1
 329 0027 06       		.byte	0x6
 330 0028 64020000 		.4byte	.LASF0
 331 002c 02       		.uleb128 0x2
 332 002d 01       		.byte	0x1
 333 002e 08       		.byte	0x8
 334 002f 7C000000 		.4byte	.LASF1
 335 0033 02       		.uleb128 0x2
 336 0034 02       		.byte	0x2
 337 0035 05       		.byte	0x5
 338 0036 1F020000 		.4byte	.LASF2
 339 003a 02       		.uleb128 0x2
 340 003b 02       		.byte	0x2
 341 003c 07       		.byte	0x7
 342 003d 2F010000 		.4byte	.LASF3
 343 0041 02       		.uleb128 0x2
 344 0042 04       		.byte	0x4
 345 0043 05       		.byte	0x5
 346 0044 5B020000 		.4byte	.LASF4
 347 0048 02       		.uleb128 0x2
 348 0049 04       		.byte	0x4
 349 004a 07       		.byte	0x7
 350 004b 1D010000 		.4byte	.LASF5
 351 004f 02       		.uleb128 0x2
 352 0050 08       		.byte	0x8
 353 0051 05       		.byte	0x5
 354 0052 F6010000 		.4byte	.LASF6
 355 0056 02       		.uleb128 0x2
 356 0057 08       		.byte	0x8
 357 0058 07       		.byte	0x7
 358 0059 D4010000 		.4byte	.LASF7
 359 005d 03       		.uleb128 0x3
 360 005e 04       		.byte	0x4
 361 005f 05       		.byte	0x5
 362 0060 696E7400 		.ascii	"int\000"
 363 0064 02       		.uleb128 0x2
 364 0065 04       		.byte	0x4
 365 0066 07       		.byte	0x7
 366 0067 C7010000 		.4byte	.LASF8
 367 006b 04       		.uleb128 0x4
 368 006c 29020000 		.4byte	.LASF12
 369 0070 02       		.byte	0x2
 370 0071 9201     		.2byte	0x192
 371 0073 2C000000 		.4byte	0x2c
 372 0077 02       		.uleb128 0x2
 373 0078 04       		.byte	0x4
 374 0079 04       		.byte	0x4
ARM GAS  C:\Users\dr\AppData\Local\Temp\cc2T2l75.s 			page 13


 375 007a 76000000 		.4byte	.LASF9
 376 007e 02       		.uleb128 0x2
 377 007f 08       		.byte	0x8
 378 0080 04       		.byte	0x4
 379 0081 42000000 		.4byte	.LASF10
 380 0085 02       		.uleb128 0x2
 381 0086 01       		.byte	0x1
 382 0087 08       		.byte	0x8
 383 0088 04020000 		.4byte	.LASF11
 384 008c 04       		.uleb128 0x4
 385 008d 18010000 		.4byte	.LASF13
 386 0091 02       		.byte	0x2
 387 0092 3C02     		.2byte	0x23c
 388 0094 98000000 		.4byte	0x98
 389 0098 05       		.uleb128 0x5
 390 0099 6B000000 		.4byte	0x6b
 391 009d 06       		.uleb128 0x6
 392 009e 09020000 		.4byte	.LASF14
 393 00a2 01       		.byte	0x1
 394 00a3 60       		.byte	0x60
 395 00a4 00000000 		.4byte	.LFB1
 396 00a8 1C000000 		.4byte	.LFE1-.LFB1
 397 00ac 01       		.uleb128 0x1
 398 00ad 9C       		.byte	0x9c
 399 00ae 06       		.uleb128 0x6
 400 00af 2E000000 		.4byte	.LASF15
 401 00b3 01       		.byte	0x1
 402 00b4 A8       		.byte	0xa8
 403 00b5 00000000 		.4byte	.LFB3
 404 00b9 1C000000 		.4byte	.LFE3-.LFB3
 405 00bd 01       		.uleb128 0x1
 406 00be 9C       		.byte	0x9c
 407 00bf 07       		.uleb128 0x7
 408 00c0 98010000 		.4byte	.LASF16
 409 00c4 01       		.byte	0x1
 410 00c5 CA       		.byte	0xca
 411 00c6 00000000 		.4byte	.LFB4
 412 00ca 1C000000 		.4byte	.LFE4-.LFB4
 413 00ce 01       		.uleb128 0x1
 414 00cf 9C       		.byte	0x9c
 415 00d0 E4000000 		.4byte	0xe4
 416 00d4 08       		.uleb128 0x8
 417 00d5 F0010000 		.4byte	.LASF18
 418 00d9 01       		.byte	0x1
 419 00da CA       		.byte	0xca
 420 00db 6B000000 		.4byte	0x6b
 421 00df 00000000 		.4byte	.LLST0
 422 00e3 00       		.byte	0
 423 00e4 07       		.uleb128 0x7
 424 00e5 43020000 		.4byte	.LASF17
 425 00e9 01       		.byte	0x1
 426 00ea FE       		.byte	0xfe
 427 00eb 00000000 		.4byte	.LFB6
 428 00ef 0C000000 		.4byte	.LFE6-.LFB6
 429 00f3 01       		.uleb128 0x1
 430 00f4 9C       		.byte	0x9c
 431 00f5 07010000 		.4byte	0x107
ARM GAS  C:\Users\dr\AppData\Local\Temp\cc2T2l75.s 			page 14


 432 00f9 09       		.uleb128 0x9
 433 00fa 28000000 		.4byte	.LASF19
 434 00fe 01       		.byte	0x1
 435 00ff FE       		.byte	0xfe
 436 0100 6B000000 		.4byte	0x6b
 437 0104 01       		.uleb128 0x1
 438 0105 50       		.byte	0x50
 439 0106 00       		.byte	0
 440 0107 0A       		.uleb128 0xa
 441 0108 B0010000 		.4byte	.LASF20
 442 010c 01       		.byte	0x1
 443 010d 2101     		.2byte	0x121
 444 010f 00000000 		.4byte	.LFB7
 445 0113 24000000 		.4byte	.LFE7-.LFB7
 446 0117 01       		.uleb128 0x1
 447 0118 9C       		.byte	0x9c
 448 0119 2E010000 		.4byte	0x12e
 449 011d 0B       		.uleb128 0xb
 450 011e EB010000 		.4byte	.LASF28
 451 0122 01       		.byte	0x1
 452 0123 2301     		.2byte	0x123
 453 0125 6B000000 		.4byte	0x6b
 454 0129 21000000 		.4byte	.LLST1
 455 012d 00       		.byte	0
 456 012e 07       		.uleb128 0x7
 457 012f 5E000000 		.4byte	.LASF21
 458 0133 01       		.byte	0x1
 459 0134 E4       		.byte	0xe4
 460 0135 00000000 		.4byte	.LFB5
 461 0139 20000000 		.4byte	.LFE5-.LFB5
 462 013d 01       		.uleb128 0x1
 463 013e 9C       		.byte	0x9c
 464 013f 5C010000 		.4byte	0x15c
 465 0143 08       		.uleb128 0x8
 466 0144 42010000 		.4byte	.LASF22
 467 0148 01       		.byte	0x1
 468 0149 E4       		.byte	0xe4
 469 014a 6B000000 		.4byte	0x6b
 470 014e 58000000 		.4byte	.LLST2
 471 0152 0C       		.uleb128 0xc
 472 0153 1A000000 		.4byte	.LVL9
 473 0157 07010000 		.4byte	0x107
 474 015b 00       		.byte	0
 475 015c 07       		.uleb128 0x7
 476 015d 2F020000 		.4byte	.LASF23
 477 0161 01       		.byte	0x1
 478 0162 37       		.byte	0x37
 479 0163 00000000 		.4byte	.LFB0
 480 0167 2C000000 		.4byte	.LFE0-.LFB0
 481 016b 01       		.uleb128 0x1
 482 016c 9C       		.byte	0x9c
 483 016d 94010000 		.4byte	0x194
 484 0171 0D       		.uleb128 0xd
 485 0172 1E000000 		.4byte	.LVL10
 486 0176 2E010000 		.4byte	0x12e
 487 017a 84010000 		.4byte	0x184
 488 017e 0E       		.uleb128 0xe
ARM GAS  C:\Users\dr\AppData\Local\Temp\cc2T2l75.s 			page 15


 489 017f 01       		.uleb128 0x1
 490 0180 50       		.byte	0x50
 491 0181 01       		.uleb128 0x1
 492 0182 34       		.byte	0x34
 493 0183 00       		.byte	0
 494 0184 0F       		.uleb128 0xf
 495 0185 24000000 		.4byte	.LVL11
 496 0189 BF000000 		.4byte	0xbf
 497 018d 0E       		.uleb128 0xe
 498 018e 01       		.uleb128 0x1
 499 018f 50       		.byte	0x50
 500 0190 01       		.uleb128 0x1
 501 0191 32       		.byte	0x32
 502 0192 00       		.byte	0
 503 0193 00       		.byte	0
 504 0194 07       		.uleb128 0x7
 505 0195 49000000 		.4byte	.LASF24
 506 0199 01       		.byte	0x1
 507 019a 85       		.byte	0x85
 508 019b 00000000 		.4byte	.LFB2
 509 019f 24000000 		.4byte	.LFE2-.LFB2
 510 01a3 01       		.uleb128 0x1
 511 01a4 9C       		.byte	0x9c
 512 01a5 CB010000 		.4byte	0x1cb
 513 01a9 0C       		.uleb128 0xc
 514 01aa 0C000000 		.4byte	.LVL12
 515 01ae 5C010000 		.4byte	0x15c
 516 01b2 0C       		.uleb128 0xc
 517 01b3 16000000 		.4byte	.LVL13
 518 01b7 9D000000 		.4byte	0x9d
 519 01bb 0F       		.uleb128 0xf
 520 01bc 1C000000 		.4byte	.LVL14
 521 01c0 E4000000 		.4byte	0xe4
 522 01c4 0E       		.uleb128 0xe
 523 01c5 01       		.uleb128 0x1
 524 01c6 50       		.byte	0x50
 525 01c7 01       		.uleb128 0x1
 526 01c8 49       		.byte	0x49
 527 01c9 00       		.byte	0
 528 01ca 00       		.byte	0
 529 01cb 10       		.uleb128 0x10
 530 01cc 81010000 		.4byte	.LASF29
 531 01d0 01       		.byte	0x1
 532 01d1 1B       		.byte	0x1b
 533 01d2 6B000000 		.4byte	0x6b
 534 01d6 05       		.uleb128 0x5
 535 01d7 03       		.byte	0x3
 536 01d8 00000000 		.4byte	DAC_FAST_VDAC8_initVar
 537 01dc 00       		.byte	0
 538              		.section	.debug_abbrev,"",%progbits
 539              	.Ldebug_abbrev0:
 540 0000 01       		.uleb128 0x1
 541 0001 11       		.uleb128 0x11
 542 0002 01       		.byte	0x1
 543 0003 25       		.uleb128 0x25
 544 0004 0E       		.uleb128 0xe
 545 0005 13       		.uleb128 0x13
ARM GAS  C:\Users\dr\AppData\Local\Temp\cc2T2l75.s 			page 16


 546 0006 0B       		.uleb128 0xb
 547 0007 03       		.uleb128 0x3
 548 0008 0E       		.uleb128 0xe
 549 0009 1B       		.uleb128 0x1b
 550 000a 0E       		.uleb128 0xe
 551 000b 55       		.uleb128 0x55
 552 000c 17       		.uleb128 0x17
 553 000d 11       		.uleb128 0x11
 554 000e 01       		.uleb128 0x1
 555 000f 10       		.uleb128 0x10
 556 0010 17       		.uleb128 0x17
 557 0011 00       		.byte	0
 558 0012 00       		.byte	0
 559 0013 02       		.uleb128 0x2
 560 0014 24       		.uleb128 0x24
 561 0015 00       		.byte	0
 562 0016 0B       		.uleb128 0xb
 563 0017 0B       		.uleb128 0xb
 564 0018 3E       		.uleb128 0x3e
 565 0019 0B       		.uleb128 0xb
 566 001a 03       		.uleb128 0x3
 567 001b 0E       		.uleb128 0xe
 568 001c 00       		.byte	0
 569 001d 00       		.byte	0
 570 001e 03       		.uleb128 0x3
 571 001f 24       		.uleb128 0x24
 572 0020 00       		.byte	0
 573 0021 0B       		.uleb128 0xb
 574 0022 0B       		.uleb128 0xb
 575 0023 3E       		.uleb128 0x3e
 576 0024 0B       		.uleb128 0xb
 577 0025 03       		.uleb128 0x3
 578 0026 08       		.uleb128 0x8
 579 0027 00       		.byte	0
 580 0028 00       		.byte	0
 581 0029 04       		.uleb128 0x4
 582 002a 16       		.uleb128 0x16
 583 002b 00       		.byte	0
 584 002c 03       		.uleb128 0x3
 585 002d 0E       		.uleb128 0xe
 586 002e 3A       		.uleb128 0x3a
 587 002f 0B       		.uleb128 0xb
 588 0030 3B       		.uleb128 0x3b
 589 0031 05       		.uleb128 0x5
 590 0032 49       		.uleb128 0x49
 591 0033 13       		.uleb128 0x13
 592 0034 00       		.byte	0
 593 0035 00       		.byte	0
 594 0036 05       		.uleb128 0x5
 595 0037 35       		.uleb128 0x35
 596 0038 00       		.byte	0
 597 0039 49       		.uleb128 0x49
 598 003a 13       		.uleb128 0x13
 599 003b 00       		.byte	0
 600 003c 00       		.byte	0
 601 003d 06       		.uleb128 0x6
 602 003e 2E       		.uleb128 0x2e
ARM GAS  C:\Users\dr\AppData\Local\Temp\cc2T2l75.s 			page 17


 603 003f 00       		.byte	0
 604 0040 3F       		.uleb128 0x3f
 605 0041 19       		.uleb128 0x19
 606 0042 03       		.uleb128 0x3
 607 0043 0E       		.uleb128 0xe
 608 0044 3A       		.uleb128 0x3a
 609 0045 0B       		.uleb128 0xb
 610 0046 3B       		.uleb128 0x3b
 611 0047 0B       		.uleb128 0xb
 612 0048 27       		.uleb128 0x27
 613 0049 19       		.uleb128 0x19
 614 004a 11       		.uleb128 0x11
 615 004b 01       		.uleb128 0x1
 616 004c 12       		.uleb128 0x12
 617 004d 06       		.uleb128 0x6
 618 004e 40       		.uleb128 0x40
 619 004f 18       		.uleb128 0x18
 620 0050 9742     		.uleb128 0x2117
 621 0052 19       		.uleb128 0x19
 622 0053 00       		.byte	0
 623 0054 00       		.byte	0
 624 0055 07       		.uleb128 0x7
 625 0056 2E       		.uleb128 0x2e
 626 0057 01       		.byte	0x1
 627 0058 3F       		.uleb128 0x3f
 628 0059 19       		.uleb128 0x19
 629 005a 03       		.uleb128 0x3
 630 005b 0E       		.uleb128 0xe
 631 005c 3A       		.uleb128 0x3a
 632 005d 0B       		.uleb128 0xb
 633 005e 3B       		.uleb128 0x3b
 634 005f 0B       		.uleb128 0xb
 635 0060 27       		.uleb128 0x27
 636 0061 19       		.uleb128 0x19
 637 0062 11       		.uleb128 0x11
 638 0063 01       		.uleb128 0x1
 639 0064 12       		.uleb128 0x12
 640 0065 06       		.uleb128 0x6
 641 0066 40       		.uleb128 0x40
 642 0067 18       		.uleb128 0x18
 643 0068 9742     		.uleb128 0x2117
 644 006a 19       		.uleb128 0x19
 645 006b 01       		.uleb128 0x1
 646 006c 13       		.uleb128 0x13
 647 006d 00       		.byte	0
 648 006e 00       		.byte	0
 649 006f 08       		.uleb128 0x8
 650 0070 05       		.uleb128 0x5
 651 0071 00       		.byte	0
 652 0072 03       		.uleb128 0x3
 653 0073 0E       		.uleb128 0xe
 654 0074 3A       		.uleb128 0x3a
 655 0075 0B       		.uleb128 0xb
 656 0076 3B       		.uleb128 0x3b
 657 0077 0B       		.uleb128 0xb
 658 0078 49       		.uleb128 0x49
 659 0079 13       		.uleb128 0x13
ARM GAS  C:\Users\dr\AppData\Local\Temp\cc2T2l75.s 			page 18


 660 007a 02       		.uleb128 0x2
 661 007b 17       		.uleb128 0x17
 662 007c 00       		.byte	0
 663 007d 00       		.byte	0
 664 007e 09       		.uleb128 0x9
 665 007f 05       		.uleb128 0x5
 666 0080 00       		.byte	0
 667 0081 03       		.uleb128 0x3
 668 0082 0E       		.uleb128 0xe
 669 0083 3A       		.uleb128 0x3a
 670 0084 0B       		.uleb128 0xb
 671 0085 3B       		.uleb128 0x3b
 672 0086 0B       		.uleb128 0xb
 673 0087 49       		.uleb128 0x49
 674 0088 13       		.uleb128 0x13
 675 0089 02       		.uleb128 0x2
 676 008a 18       		.uleb128 0x18
 677 008b 00       		.byte	0
 678 008c 00       		.byte	0
 679 008d 0A       		.uleb128 0xa
 680 008e 2E       		.uleb128 0x2e
 681 008f 01       		.byte	0x1
 682 0090 3F       		.uleb128 0x3f
 683 0091 19       		.uleb128 0x19
 684 0092 03       		.uleb128 0x3
 685 0093 0E       		.uleb128 0xe
 686 0094 3A       		.uleb128 0x3a
 687 0095 0B       		.uleb128 0xb
 688 0096 3B       		.uleb128 0x3b
 689 0097 05       		.uleb128 0x5
 690 0098 27       		.uleb128 0x27
 691 0099 19       		.uleb128 0x19
 692 009a 11       		.uleb128 0x11
 693 009b 01       		.uleb128 0x1
 694 009c 12       		.uleb128 0x12
 695 009d 06       		.uleb128 0x6
 696 009e 40       		.uleb128 0x40
 697 009f 18       		.uleb128 0x18
 698 00a0 9742     		.uleb128 0x2117
 699 00a2 19       		.uleb128 0x19
 700 00a3 01       		.uleb128 0x1
 701 00a4 13       		.uleb128 0x13
 702 00a5 00       		.byte	0
 703 00a6 00       		.byte	0
 704 00a7 0B       		.uleb128 0xb
 705 00a8 34       		.uleb128 0x34
 706 00a9 00       		.byte	0
 707 00aa 03       		.uleb128 0x3
 708 00ab 0E       		.uleb128 0xe
 709 00ac 3A       		.uleb128 0x3a
 710 00ad 0B       		.uleb128 0xb
 711 00ae 3B       		.uleb128 0x3b
 712 00af 05       		.uleb128 0x5
 713 00b0 49       		.uleb128 0x49
 714 00b1 13       		.uleb128 0x13
 715 00b2 02       		.uleb128 0x2
 716 00b3 17       		.uleb128 0x17
ARM GAS  C:\Users\dr\AppData\Local\Temp\cc2T2l75.s 			page 19


 717 00b4 00       		.byte	0
 718 00b5 00       		.byte	0
 719 00b6 0C       		.uleb128 0xc
 720 00b7 898201   		.uleb128 0x4109
 721 00ba 00       		.byte	0
 722 00bb 11       		.uleb128 0x11
 723 00bc 01       		.uleb128 0x1
 724 00bd 31       		.uleb128 0x31
 725 00be 13       		.uleb128 0x13
 726 00bf 00       		.byte	0
 727 00c0 00       		.byte	0
 728 00c1 0D       		.uleb128 0xd
 729 00c2 898201   		.uleb128 0x4109
 730 00c5 01       		.byte	0x1
 731 00c6 11       		.uleb128 0x11
 732 00c7 01       		.uleb128 0x1
 733 00c8 31       		.uleb128 0x31
 734 00c9 13       		.uleb128 0x13
 735 00ca 01       		.uleb128 0x1
 736 00cb 13       		.uleb128 0x13
 737 00cc 00       		.byte	0
 738 00cd 00       		.byte	0
 739 00ce 0E       		.uleb128 0xe
 740 00cf 8A8201   		.uleb128 0x410a
 741 00d2 00       		.byte	0
 742 00d3 02       		.uleb128 0x2
 743 00d4 18       		.uleb128 0x18
 744 00d5 9142     		.uleb128 0x2111
 745 00d7 18       		.uleb128 0x18
 746 00d8 00       		.byte	0
 747 00d9 00       		.byte	0
 748 00da 0F       		.uleb128 0xf
 749 00db 898201   		.uleb128 0x4109
 750 00de 01       		.byte	0x1
 751 00df 11       		.uleb128 0x11
 752 00e0 01       		.uleb128 0x1
 753 00e1 31       		.uleb128 0x31
 754 00e2 13       		.uleb128 0x13
 755 00e3 00       		.byte	0
 756 00e4 00       		.byte	0
 757 00e5 10       		.uleb128 0x10
 758 00e6 34       		.uleb128 0x34
 759 00e7 00       		.byte	0
 760 00e8 03       		.uleb128 0x3
 761 00e9 0E       		.uleb128 0xe
 762 00ea 3A       		.uleb128 0x3a
 763 00eb 0B       		.uleb128 0xb
 764 00ec 3B       		.uleb128 0x3b
 765 00ed 0B       		.uleb128 0xb
 766 00ee 49       		.uleb128 0x49
 767 00ef 13       		.uleb128 0x13
 768 00f0 3F       		.uleb128 0x3f
 769 00f1 19       		.uleb128 0x19
 770 00f2 02       		.uleb128 0x2
 771 00f3 18       		.uleb128 0x18
 772 00f4 00       		.byte	0
 773 00f5 00       		.byte	0
ARM GAS  C:\Users\dr\AppData\Local\Temp\cc2T2l75.s 			page 20


 774 00f6 00       		.byte	0
 775              		.section	.debug_loc,"",%progbits
 776              	.Ldebug_loc0:
 777              	.LLST0:
 778 0000 00000000 		.4byte	.LVL0
 779 0004 10000000 		.4byte	.LVL1
 780 0008 0100     		.2byte	0x1
 781 000a 50       		.byte	0x50
 782 000b 10000000 		.4byte	.LVL1
 783 000f 1C000000 		.4byte	.LFE4
 784 0013 0400     		.2byte	0x4
 785 0015 F3       		.byte	0xf3
 786 0016 01       		.uleb128 0x1
 787 0017 50       		.byte	0x50
 788 0018 9F       		.byte	0x9f
 789 0019 00000000 		.4byte	0
 790 001d 00000000 		.4byte	0
 791              	.LLST1:
 792 0021 08000000 		.4byte	.LVL3
 793 0025 0C000000 		.4byte	.LVL4
 794 0029 0300     		.2byte	0x3
 795 002b 73       		.byte	0x73
 796 002c 06       		.sleb128 6
 797 002d 9F       		.byte	0x9f
 798 002e 0C000000 		.4byte	.LVL4
 799 0032 0E000000 		.4byte	.LVL5
 800 0036 0700     		.2byte	0x7
 801 0038 73       		.byte	0x73
 802 0039 868080B8 		.sleb128 -1224736762
 802      7B
 803 003e 9F       		.byte	0x9f
 804 003f 0E000000 		.4byte	.LVL5
 805 0043 12000000 		.4byte	.LVL6
 806 0047 0700     		.2byte	0x7
 807 0049 73       		.byte	0x73
 808 004a 808080B8 		.sleb128 -1224736768
 808      7B
 809 004f 9F       		.byte	0x9f
 810 0050 00000000 		.4byte	0
 811 0054 00000000 		.4byte	0
 812              	.LLST2:
 813 0058 00000000 		.4byte	.LVL7
 814 005c 12000000 		.4byte	.LVL8
 815 0060 0100     		.2byte	0x1
 816 0062 50       		.byte	0x50
 817 0063 12000000 		.4byte	.LVL8
 818 0067 20000000 		.4byte	.LFE5
 819 006b 0400     		.2byte	0x4
 820 006d F3       		.byte	0xf3
 821 006e 01       		.uleb128 0x1
 822 006f 50       		.byte	0x50
 823 0070 9F       		.byte	0x9f
 824 0071 00000000 		.4byte	0
 825 0075 00000000 		.4byte	0
 826              		.section	.debug_aranges,"",%progbits
 827 0000 54000000 		.4byte	0x54
 828 0004 0200     		.2byte	0x2
ARM GAS  C:\Users\dr\AppData\Local\Temp\cc2T2l75.s 			page 21


 829 0006 00000000 		.4byte	.Ldebug_info0
 830 000a 04       		.byte	0x4
 831 000b 00       		.byte	0
 832 000c 0000     		.2byte	0
 833 000e 0000     		.2byte	0
 834 0010 00000000 		.4byte	.LFB1
 835 0014 1C000000 		.4byte	.LFE1-.LFB1
 836 0018 00000000 		.4byte	.LFB3
 837 001c 1C000000 		.4byte	.LFE3-.LFB3
 838 0020 00000000 		.4byte	.LFB4
 839 0024 1C000000 		.4byte	.LFE4-.LFB4
 840 0028 00000000 		.4byte	.LFB6
 841 002c 0C000000 		.4byte	.LFE6-.LFB6
 842 0030 00000000 		.4byte	.LFB7
 843 0034 24000000 		.4byte	.LFE7-.LFB7
 844 0038 00000000 		.4byte	.LFB5
 845 003c 20000000 		.4byte	.LFE5-.LFB5
 846 0040 00000000 		.4byte	.LFB0
 847 0044 2C000000 		.4byte	.LFE0-.LFB0
 848 0048 00000000 		.4byte	.LFB2
 849 004c 24000000 		.4byte	.LFE2-.LFB2
 850 0050 00000000 		.4byte	0
 851 0054 00000000 		.4byte	0
 852              		.section	.debug_ranges,"",%progbits
 853              	.Ldebug_ranges0:
 854 0000 00000000 		.4byte	.LFB1
 855 0004 1C000000 		.4byte	.LFE1
 856 0008 00000000 		.4byte	.LFB3
 857 000c 1C000000 		.4byte	.LFE3
 858 0010 00000000 		.4byte	.LFB4
 859 0014 1C000000 		.4byte	.LFE4
 860 0018 00000000 		.4byte	.LFB6
 861 001c 0C000000 		.4byte	.LFE6
 862 0020 00000000 		.4byte	.LFB7
 863 0024 24000000 		.4byte	.LFE7
 864 0028 00000000 		.4byte	.LFB5
 865 002c 20000000 		.4byte	.LFE5
 866 0030 00000000 		.4byte	.LFB0
 867 0034 2C000000 		.4byte	.LFE0
 868 0038 00000000 		.4byte	.LFB2
 869 003c 24000000 		.4byte	.LFE2
 870 0040 00000000 		.4byte	0
 871 0044 00000000 		.4byte	0
 872              		.section	.debug_line,"",%progbits
 873              	.Ldebug_line0:
 874 0000 E6000000 		.section	.debug_str,"MS",%progbits,1
 874      02004B00 
 874      00000201 
 874      FB0E0D00 
 874      01010101 
 875              	.LASF26:
 876 0000 47656E65 		.ascii	"Generated_Source\\PSoC5\\DAC_FAST_VDAC8.c\000"
 876      72617465 
 876      645F536F 
 876      75726365 
 876      5C50536F 
 877              	.LASF19:
ARM GAS  C:\Users\dr\AppData\Local\Temp\cc2T2l75.s 			page 22


 878 0028 76616C75 		.ascii	"value\000"
 878      6500
 879              	.LASF15:
 880 002e 4441435F 		.ascii	"DAC_FAST_VDAC8_Stop\000"
 880      46415354 
 880      5F564441 
 880      43385F53 
 880      746F7000 
 881              	.LASF10:
 882 0042 646F7562 		.ascii	"double\000"
 882      6C6500
 883              	.LASF24:
 884 0049 4441435F 		.ascii	"DAC_FAST_VDAC8_Start\000"
 884      46415354 
 884      5F564441 
 884      43385F53 
 884      74617274 
 885              	.LASF21:
 886 005e 4441435F 		.ascii	"DAC_FAST_VDAC8_SetRange\000"
 886      46415354 
 886      5F564441 
 886      43385F53 
 886      65745261 
 887              	.LASF9:
 888 0076 666C6F61 		.ascii	"float\000"
 888      7400
 889              	.LASF1:
 890 007c 756E7369 		.ascii	"unsigned char\000"
 890      676E6564 
 890      20636861 
 890      7200
 891              	.LASF25:
 892 008a 474E5520 		.ascii	"GNU C11 5.4.1 20160609 (release) [ARM/embedded-5-br"
 892      43313120 
 892      352E342E 
 892      31203230 
 892      31363036 
 893 00bd 616E6368 		.ascii	"anch revision 237715] -mcpu=cortex-m3 -mthumb -g -O"
 893      20726576 
 893      6973696F 
 893      6E203233 
 893      37373135 
 894 00f0 67202D66 		.ascii	"g -ffunction-sections -ffat-lto-objects\000"
 894      66756E63 
 894      74696F6E 
 894      2D736563 
 894      74696F6E 
 895              	.LASF13:
 896 0118 72656738 		.ascii	"reg8\000"
 896      00
 897              	.LASF5:
 898 011d 6C6F6E67 		.ascii	"long unsigned int\000"
 898      20756E73 
 898      69676E65 
 898      6420696E 
 898      7400
 899              	.LASF3:
ARM GAS  C:\Users\dr\AppData\Local\Temp\cc2T2l75.s 			page 23


 900 012f 73686F72 		.ascii	"short unsigned int\000"
 900      7420756E 
 900      7369676E 
 900      65642069 
 900      6E7400
 901              	.LASF22:
 902 0142 72616E67 		.ascii	"range\000"
 902      6500
 903              	.LASF27:
 904 0148 433A5C55 		.ascii	"C:\\Users\\dr\\Documents\\GitHub\\SHW\\SHW_full\\SH"
 904      73657273 
 904      5C64725C 
 904      446F6375 
 904      6D656E74 
 905 0174 575F6675 		.ascii	"W_full.cydsn\000"
 905      6C6C2E63 
 905      7964736E 
 905      00
 906              	.LASF29:
 907 0181 4441435F 		.ascii	"DAC_FAST_VDAC8_initVar\000"
 907      46415354 
 907      5F564441 
 907      43385F69 
 907      6E697456 
 908              	.LASF16:
 909 0198 4441435F 		.ascii	"DAC_FAST_VDAC8_SetSpeed\000"
 909      46415354 
 909      5F564441 
 909      43385F53 
 909      65745370 
 910              	.LASF20:
 911 01b0 4441435F 		.ascii	"DAC_FAST_VDAC8_DacTrim\000"
 911      46415354 
 911      5F564441 
 911      43385F44 
 911      61635472 
 912              	.LASF8:
 913 01c7 756E7369 		.ascii	"unsigned int\000"
 913      676E6564 
 913      20696E74 
 913      00
 914              	.LASF7:
 915 01d4 6C6F6E67 		.ascii	"long long unsigned int\000"
 915      206C6F6E 
 915      6720756E 
 915      7369676E 
 915      65642069 
 916              	.LASF28:
 917 01eb 6D6F6465 		.ascii	"mode\000"
 917      00
 918              	.LASF18:
 919 01f0 73706565 		.ascii	"speed\000"
 919      6400
 920              	.LASF6:
 921 01f6 6C6F6E67 		.ascii	"long long int\000"
 921      206C6F6E 
 921      6720696E 
ARM GAS  C:\Users\dr\AppData\Local\Temp\cc2T2l75.s 			page 24


 921      7400
 922              	.LASF11:
 923 0204 63686172 		.ascii	"char\000"
 923      00
 924              	.LASF14:
 925 0209 4441435F 		.ascii	"DAC_FAST_VDAC8_Enable\000"
 925      46415354 
 925      5F564441 
 925      43385F45 
 925      6E61626C 
 926              	.LASF2:
 927 021f 73686F72 		.ascii	"short int\000"
 927      7420696E 
 927      7400
 928              	.LASF12:
 929 0229 75696E74 		.ascii	"uint8\000"
 929      3800
 930              	.LASF23:
 931 022f 4441435F 		.ascii	"DAC_FAST_VDAC8_Init\000"
 931      46415354 
 931      5F564441 
 931      43385F49 
 931      6E697400 
 932              	.LASF17:
 933 0243 4441435F 		.ascii	"DAC_FAST_VDAC8_SetValue\000"
 933      46415354 
 933      5F564441 
 933      43385F53 
 933      65745661 
 934              	.LASF4:
 935 025b 6C6F6E67 		.ascii	"long int\000"
 935      20696E74 
 935      00
 936              	.LASF0:
 937 0264 7369676E 		.ascii	"signed char\000"
 937      65642063 
 937      68617200 
 938              		.ident	"GCC: (GNU Tools for ARM Embedded Processors) 5.4.1 20160609 (release) [ARM/embedded-5-bran
