ARM GAS  C:\Users\dr\AppData\Local\Temp\ccza7Fxr.s 			page 1


   1              		.syntax unified
   2              		.cpu cortex-m3
   3              		.fpu softvfp
   4              		.eabi_attribute 20, 1
   5              		.eabi_attribute 21, 1
   6              		.eabi_attribute 23, 3
   7              		.eabi_attribute 24, 1
   8              		.eabi_attribute 25, 1
   9              		.eabi_attribute 26, 1
  10              		.eabi_attribute 30, 1
  11              		.eabi_attribute 34, 1
  12              		.eabi_attribute 18, 4
  13              		.thumb
  14              		.syntax unified
  15              		.file	"dimmingcontrol.c"
  16              		.text
  17              	.Ltext0:
  18              		.cfi_sections	.debug_frame
  19              		.global	__aeabi_i2d
  20              		.global	__aeabi_dmul
  21              		.global	__aeabi_dsub
  22              		.global	__aeabi_d2uiz
  23              		.section	.text.updateSymbols,"ax",%progbits
  24              		.align	2
  25              		.global	updateSymbols
  26              		.thumb
  27              		.thumb_func
  28              		.type	updateSymbols, %function
  29              	updateSymbols:
  30              	.LFB64:
  31              		.file 1 "dimmingcontrol.c"
   1:dimmingcontrol.c **** /* ========================================
   2:dimmingcontrol.c ****  *
   3:dimmingcontrol.c ****  * SHW - Visible light Communication Controller
   4:dimmingcontrol.c ****  * Bjarki Johannsson 2017
   5:dimmingcontrol.c ****  * Open Source
   6:dimmingcontrol.c ****  *
   7:dimmingcontrol.c ****  *
   8:dimmingcontrol.c ****  * ========================================
   9:dimmingcontrol.c **** */
  10:dimmingcontrol.c **** 
  11:dimmingcontrol.c **** #include "dimmingcontrol.h"
  12:dimmingcontrol.c **** 
  13:dimmingcontrol.c **** 
  14:dimmingcontrol.c **** void INIT_DIMMING_CONTROL(void) 
  15:dimmingcontrol.c **** {
  16:dimmingcontrol.c **** 	dimLevel = 60;
  17:dimmingcontrol.c ****     PWM_LED_Start();
  18:dimmingcontrol.c **** 	PWM_LED_WriteCompare(20);
  19:dimmingcontrol.c **** 	CyDelay(500);
  20:dimmingcontrol.c **** 	PWM_LED_WriteCompare(dimLevel);
  21:dimmingcontrol.c **** 	
  22:dimmingcontrol.c **** 	updateSymbols();
  23:dimmingcontrol.c **** 
  24:dimmingcontrol.c **** }
  25:dimmingcontrol.c **** 
  26:dimmingcontrol.c **** void updateSymbols()
ARM GAS  C:\Users\dr\AppData\Local\Temp\ccza7Fxr.s 			page 2


  27:dimmingcontrol.c **** {
  32              		.loc 1 27 0
  33              		.cfi_startproc
  34              		@ args = 0, pretend = 0, frame = 0
  35              		@ frame_needed = 0, uses_anonymous_args = 0
  36 0000 2DE9F041 		push	{r4, r5, r6, r7, r8, lr}
  37              		.cfi_def_cfa_offset 24
  38              		.cfi_offset 4, -24
  39              		.cfi_offset 5, -20
  40              		.cfi_offset 6, -16
  41              		.cfi_offset 7, -12
  42              		.cfi_offset 8, -8
  43              		.cfi_offset 14, -4
  28:dimmingcontrol.c **** 	uint8 hi, lo, modRange;
  29:dimmingcontrol.c **** 	
  30:dimmingcontrol.c **** 	// Set modulation bounds
  31:dimmingcontrol.c **** 	if (dimLevel <= 59) {
  44              		.loc 1 31 0
  45 0004 6C4B     		ldr	r3, .L20
  46 0006 1C78     		ldrb	r4, [r3]	@ zero_extendqisi2
  47 0008 3B2C     		cmp	r4, #59
  48 000a 04D8     		bhi	.L2
  49              	.LVL0:
  32:dimmingcontrol.c **** 		lo = 4;
  33:dimmingcontrol.c **** 		hi = dimLevel + (dimLevel-lo);
  50              		.loc 1 33 0
  51 000c 231F     		subs	r3, r4, #4
  52 000e 2344     		add	r3, r3, r4
  53 0010 DBB2     		uxtb	r3, r3
  54              	.LVL1:
  32:dimmingcontrol.c **** 		lo = 4;
  55              		.loc 1 32 0
  56 0012 0425     		movs	r5, #4
  57 0014 04E0     		b	.L3
  58              	.LVL2:
  59              	.L2:
  34:dimmingcontrol.c **** 	}
  35:dimmingcontrol.c **** 	else {
  36:dimmingcontrol.c **** 		hi = 115;
  37:dimmingcontrol.c **** 		lo = dimLevel - (hi-dimLevel);
  60              		.loc 1 37 0
  61 0016 A4F17305 		sub	r5, r4, #115
  62 001a 2544     		add	r5, r5, r4
  63 001c EDB2     		uxtb	r5, r5
  64              	.LVL3:
  36:dimmingcontrol.c **** 		lo = dimLevel - (hi-dimLevel);
  65              		.loc 1 36 0
  66 001e 7323     		movs	r3, #115
  67              	.LVL4:
  68              	.L3:
  38:dimmingcontrol.c **** 	}
  39:dimmingcontrol.c **** 	
  40:dimmingcontrol.c **** 	modRange = hi - lo;
  69              		.loc 1 40 0
  70 0020 5D1B     		subs	r5, r3, r5
  71              	.LVL5:
  72 0022 EDB2     		uxtb	r5, r5
ARM GAS  C:\Users\dr\AppData\Local\Temp\ccza7Fxr.s 			page 3


  73              	.LVL6:
  41:dimmingcontrol.c **** 	
  42:dimmingcontrol.c **** 	
  43:dimmingcontrol.c **** 	// Set Symbols
  44:dimmingcontrol.c **** 	int i;
  45:dimmingcontrol.c **** 
  46:dimmingcontrol.c **** 	uint8 step = modRange;
  47:dimmingcontrol.c **** 
  48:dimmingcontrol.c **** 	m2[0] = dimLevel - step/2;
  74              		.loc 1 48 0
  75 0024 6B08     		lsrs	r3, r5, #1
  76              	.LVL7:
  77 0026 654A     		ldr	r2, .L20+4
  78 0028 E11A     		subs	r1, r4, r3
  79 002a 1170     		strb	r1, [r2]
  49:dimmingcontrol.c **** 	m2[1] = dimLevel + step/2;
  80              		.loc 1 49 0
  81 002c 2344     		add	r3, r3, r4
  82 002e 5370     		strb	r3, [r2, #1]
  50:dimmingcontrol.c **** 
  51:dimmingcontrol.c **** 	
  52:dimmingcontrol.c **** 	step = modRange / 3;
  83              		.loc 1 52 0
  84 0030 634B     		ldr	r3, .L20+8
  85 0032 A3FB0538 		umull	r3, r8, r3, r5
  86 0036 4FEA5808 		lsr	r8, r8, #1
  87              	.LVL8:
  53:dimmingcontrol.c **** 	uint8 base = dimLevel - (step*1.5);
  88              		.loc 1 53 0
  89 003a 2046     		mov	r0, r4
  90 003c FFF7FEFF 		bl	__aeabi_i2d
  91              	.LVL9:
  92 0040 0646     		mov	r6, r0
  93 0042 0F46     		mov	r7, r1
  94 0044 4046     		mov	r0, r8
  95 0046 FFF7FEFF 		bl	__aeabi_i2d
  96              	.LVL10:
  97 004a 0022     		movs	r2, #0
  98 004c 5D4B     		ldr	r3, .L20+12
  99 004e FFF7FEFF 		bl	__aeabi_dmul
 100              	.LVL11:
 101 0052 0246     		mov	r2, r0
 102 0054 0B46     		mov	r3, r1
 103 0056 3046     		mov	r0, r6
 104 0058 3946     		mov	r1, r7
 105 005a FFF7FEFF 		bl	__aeabi_dsub
 106              	.LVL12:
 107 005e FFF7FEFF 		bl	__aeabi_d2uiz
 108              	.LVL13:
 109 0062 C0B2     		uxtb	r0, r0
 110              	.LVL14:
  54:dimmingcontrol.c **** 	for (i=0; i<4; i++) {
 111              		.loc 1 54 0
 112 0064 0023     		movs	r3, #0
 113 0066 04E0     		b	.L4
 114              	.LVL15:
 115              	.L5:
ARM GAS  C:\Users\dr\AppData\Local\Temp\ccza7Fxr.s 			page 4


  55:dimmingcontrol.c **** 		
  56:dimmingcontrol.c **** 		m4[i] = base + (i*step);
 116              		.loc 1 56 0 discriminator 3
 117 0068 03FB0801 		mla	r1, r3, r8, r0
 118 006c 564A     		ldr	r2, .L20+16
 119 006e D154     		strb	r1, [r2, r3]
  54:dimmingcontrol.c **** 	for (i=0; i<4; i++) {
 120              		.loc 1 54 0 discriminator 3
 121 0070 0133     		adds	r3, r3, #1
 122              	.LVL16:
 123              	.L4:
  54:dimmingcontrol.c **** 	for (i=0; i<4; i++) {
 124              		.loc 1 54 0 is_stmt 0 discriminator 1
 125 0072 032B     		cmp	r3, #3
 126 0074 F8DD     		ble	.L5
  57:dimmingcontrol.c **** 	}
  58:dimmingcontrol.c **** 	
  59:dimmingcontrol.c **** 	step = modRange / 7;
 127              		.loc 1 59 0 is_stmt 1
 128 0076 554B     		ldr	r3, .L20+20
 129              	.LVL17:
 130 0078 A3FB0523 		umull	r2, r3, r3, r5
 131 007c C3EB0508 		rsb	r8, r3, r5
 132              	.LVL18:
 133 0080 03EB5808 		add	r8, r3, r8, lsr #1
 134 0084 C8F38708 		ubfx	r8, r8, #2, #8
 135              	.LVL19:
  60:dimmingcontrol.c **** 	base = dimLevel - (step*3.5);
 136              		.loc 1 60 0
 137 0088 4046     		mov	r0, r8
 138              	.LVL20:
 139 008a FFF7FEFF 		bl	__aeabi_i2d
 140              	.LVL21:
 141 008e 0022     		movs	r2, #0
 142 0090 4F4B     		ldr	r3, .L20+24
 143 0092 FFF7FEFF 		bl	__aeabi_dmul
 144              	.LVL22:
 145 0096 0246     		mov	r2, r0
 146 0098 0B46     		mov	r3, r1
 147 009a 3046     		mov	r0, r6
 148 009c 3946     		mov	r1, r7
 149 009e FFF7FEFF 		bl	__aeabi_dsub
 150              	.LVL23:
 151 00a2 FFF7FEFF 		bl	__aeabi_d2uiz
 152              	.LVL24:
 153 00a6 C0B2     		uxtb	r0, r0
 154              	.LVL25:
  61:dimmingcontrol.c **** 	for (i=0; i<8; i++) {
 155              		.loc 1 61 0
 156 00a8 0023     		movs	r3, #0
 157 00aa 04E0     		b	.L6
 158              	.LVL26:
 159              	.L7:
  62:dimmingcontrol.c **** 		
  63:dimmingcontrol.c **** 		m8[i] = base + (i*step);
 160              		.loc 1 63 0 discriminator 3
 161 00ac 03FB0801 		mla	r1, r3, r8, r0
ARM GAS  C:\Users\dr\AppData\Local\Temp\ccza7Fxr.s 			page 5


 162 00b0 484A     		ldr	r2, .L20+28
 163 00b2 D154     		strb	r1, [r2, r3]
  61:dimmingcontrol.c **** 	for (i=0; i<8; i++) {
 164              		.loc 1 61 0 discriminator 3
 165 00b4 0133     		adds	r3, r3, #1
 166              	.LVL27:
 167              	.L6:
  61:dimmingcontrol.c **** 	for (i=0; i<8; i++) {
 168              		.loc 1 61 0 is_stmt 0 discriminator 1
 169 00b6 072B     		cmp	r3, #7
 170 00b8 F8DD     		ble	.L7
  64:dimmingcontrol.c **** 	}
  65:dimmingcontrol.c **** 
  66:dimmingcontrol.c **** 	step = modRange / 15;
 171              		.loc 1 66 0 is_stmt 1
 172 00ba 474B     		ldr	r3, .L20+32
 173              	.LVL28:
 174 00bc A3FB0538 		umull	r3, r8, r3, r5
 175              	.LVL29:
 176 00c0 4FEAD808 		lsr	r8, r8, #3
 177              	.LVL30:
  67:dimmingcontrol.c **** 	base = dimLevel - (step*7.5);
 178              		.loc 1 67 0
 179 00c4 4046     		mov	r0, r8
 180              	.LVL31:
 181 00c6 FFF7FEFF 		bl	__aeabi_i2d
 182              	.LVL32:
 183 00ca 0022     		movs	r2, #0
 184 00cc 434B     		ldr	r3, .L20+36
 185 00ce FFF7FEFF 		bl	__aeabi_dmul
 186              	.LVL33:
 187 00d2 0246     		mov	r2, r0
 188 00d4 0B46     		mov	r3, r1
 189 00d6 3046     		mov	r0, r6
 190 00d8 3946     		mov	r1, r7
 191 00da FFF7FEFF 		bl	__aeabi_dsub
 192              	.LVL34:
 193 00de FFF7FEFF 		bl	__aeabi_d2uiz
 194              	.LVL35:
 195 00e2 C0B2     		uxtb	r0, r0
 196              	.LVL36:
  68:dimmingcontrol.c **** 	for (i=0; i<16; i++) {
 197              		.loc 1 68 0
 198 00e4 0023     		movs	r3, #0
 199 00e6 04E0     		b	.L8
 200              	.LVL37:
 201              	.L9:
  69:dimmingcontrol.c **** 		
  70:dimmingcontrol.c **** 		m16[i] = base + (i*step);
 202              		.loc 1 70 0 discriminator 3
 203 00e8 03FB0801 		mla	r1, r3, r8, r0
 204 00ec 3C4A     		ldr	r2, .L20+40
 205 00ee D154     		strb	r1, [r2, r3]
  68:dimmingcontrol.c **** 	for (i=0; i<16; i++) {
 206              		.loc 1 68 0 discriminator 3
 207 00f0 0133     		adds	r3, r3, #1
 208              	.LVL38:
ARM GAS  C:\Users\dr\AppData\Local\Temp\ccza7Fxr.s 			page 6


 209              	.L8:
  68:dimmingcontrol.c **** 	for (i=0; i<16; i++) {
 210              		.loc 1 68 0 is_stmt 0 discriminator 1
 211 00f2 0F2B     		cmp	r3, #15
 212 00f4 F8DD     		ble	.L9
  71:dimmingcontrol.c **** 		
  72:dimmingcontrol.c **** 	}
  73:dimmingcontrol.c **** 	
  74:dimmingcontrol.c **** 	step = modRange / 31;
 213              		.loc 1 74 0 is_stmt 1
 214 00f6 3B4B     		ldr	r3, .L20+44
 215              	.LVL39:
 216 00f8 A3FB0523 		umull	r2, r3, r3, r5
 217 00fc ED1A     		subs	r5, r5, r3
 218              	.LVL40:
 219 00fe 03EB5505 		add	r5, r3, r5, lsr #1
 220 0102 C5F30715 		ubfx	r5, r5, #4, #8
 221              	.LVL41:
  75:dimmingcontrol.c **** 	base = dimLevel - (step*15.5);
 222              		.loc 1 75 0
 223 0106 2846     		mov	r0, r5
 224              	.LVL42:
 225 0108 FFF7FEFF 		bl	__aeabi_i2d
 226              	.LVL43:
 227 010c 0022     		movs	r2, #0
 228 010e 364B     		ldr	r3, .L20+48
 229 0110 FFF7FEFF 		bl	__aeabi_dmul
 230              	.LVL44:
 231 0114 0246     		mov	r2, r0
 232 0116 0B46     		mov	r3, r1
 233 0118 3046     		mov	r0, r6
 234 011a 3946     		mov	r1, r7
 235 011c FFF7FEFF 		bl	__aeabi_dsub
 236              	.LVL45:
 237 0120 FFF7FEFF 		bl	__aeabi_d2uiz
 238              	.LVL46:
 239 0124 C0B2     		uxtb	r0, r0
 240              	.LVL47:
  76:dimmingcontrol.c **** 	for (i=0; i<32; i++) {
 241              		.loc 1 76 0
 242 0126 0023     		movs	r3, #0
 243 0128 04E0     		b	.L10
 244              	.LVL48:
 245              	.L11:
  77:dimmingcontrol.c **** 		
  78:dimmingcontrol.c **** 		m32[i] = base + (i*step);
 246              		.loc 1 78 0 discriminator 3
 247 012a 03FB0501 		mla	r1, r3, r5, r0
 248 012e 2F4A     		ldr	r2, .L20+52
 249 0130 D154     		strb	r1, [r2, r3]
  76:dimmingcontrol.c **** 	for (i=0; i<32; i++) {
 250              		.loc 1 76 0 discriminator 3
 251 0132 0133     		adds	r3, r3, #1
 252              	.LVL49:
 253              	.L10:
  76:dimmingcontrol.c **** 	for (i=0; i<32; i++) {
 254              		.loc 1 76 0 is_stmt 0 discriminator 1
ARM GAS  C:\Users\dr\AppData\Local\Temp\ccza7Fxr.s 			page 7


 255 0134 1F2B     		cmp	r3, #31
 256 0136 F8DD     		ble	.L11
  79:dimmingcontrol.c **** 	}
  80:dimmingcontrol.c **** 	
  81:dimmingcontrol.c **** 	
  82:dimmingcontrol.c **** 	/* Set mod level M and lMask */
  83:dimmingcontrol.c **** 	if (dimLevel <= 6) {
 257              		.loc 1 83 0 is_stmt 1
 258 0138 062C     		cmp	r4, #6
 259 013a 05D8     		bhi	.L12
  84:dimmingcontrol.c **** 		
  85:dimmingcontrol.c **** 		modLevel = M2; // <=5%
 260              		.loc 1 85 0
 261 013c 0123     		movs	r3, #1
 262              	.LVL50:
 263 013e 2C4A     		ldr	r2, .L20+56
 264 0140 1370     		strb	r3, [r2]
  86:dimmingcontrol.c **** 		lMask = 0x01;
 265              		.loc 1 86 0
 266 0142 2C4A     		ldr	r2, .L20+60
 267 0144 1370     		strb	r3, [r2]
 268 0146 31E0     		b	.L13
 269              	.LVL51:
 270              	.L12:
  87:dimmingcontrol.c **** 	}
  88:dimmingcontrol.c **** 	else if (dimLevel <= 12) {
 271              		.loc 1 88 0
 272 0148 0C2C     		cmp	r4, #12
 273 014a 06D8     		bhi	.L14
  89:dimmingcontrol.c **** 		
  90:dimmingcontrol.c **** 		modLevel = M4; // 5-10%
 274              		.loc 1 90 0
 275 014c 0222     		movs	r2, #2
 276 014e 284B     		ldr	r3, .L20+56
 277              	.LVL52:
 278 0150 1A70     		strb	r2, [r3]
  91:dimmingcontrol.c **** 		lMask = 0x03;
 279              		.loc 1 91 0
 280 0152 0322     		movs	r2, #3
 281 0154 274B     		ldr	r3, .L20+60
 282 0156 1A70     		strb	r2, [r3]
 283 0158 28E0     		b	.L13
 284              	.LVL53:
 285              	.L14:
  92:dimmingcontrol.c **** 	}
  93:dimmingcontrol.c **** 	else if (dimLevel <= 36) {
 286              		.loc 1 93 0
 287 015a 242C     		cmp	r4, #36
 288 015c 06D8     		bhi	.L15
  94:dimmingcontrol.c **** 		
  95:dimmingcontrol.c **** 		modLevel = M8; // 10-30%
 289              		.loc 1 95 0
 290 015e 0322     		movs	r2, #3
 291 0160 234B     		ldr	r3, .L20+56
 292              	.LVL54:
 293 0162 1A70     		strb	r2, [r3]
  96:dimmingcontrol.c **** 		lMask = 0x07;
ARM GAS  C:\Users\dr\AppData\Local\Temp\ccza7Fxr.s 			page 8


 294              		.loc 1 96 0
 295 0164 0722     		movs	r2, #7
 296 0166 234B     		ldr	r3, .L20+60
 297 0168 1A70     		strb	r2, [r3]
 298 016a 1FE0     		b	.L13
 299              	.LVL55:
 300              	.L15:
  97:dimmingcontrol.c **** 	}
  98:dimmingcontrol.c **** 	else if (dimLevel <= 82) {
 301              		.loc 1 98 0
 302 016c 522C     		cmp	r4, #82
 303 016e 06D8     		bhi	.L16
  99:dimmingcontrol.c **** 		
 100:dimmingcontrol.c **** 		modLevel = M16; // 30-70%
 304              		.loc 1 100 0
 305 0170 0422     		movs	r2, #4
 306 0172 1F4B     		ldr	r3, .L20+56
 307              	.LVL56:
 308 0174 1A70     		strb	r2, [r3]
 101:dimmingcontrol.c **** 		lMask = 0x0F;
 309              		.loc 1 101 0
 310 0176 0F22     		movs	r2, #15
 311 0178 1E4B     		ldr	r3, .L20+60
 312 017a 1A70     		strb	r2, [r3]
 313 017c 16E0     		b	.L13
 314              	.LVL57:
 315              	.L16:
 102:dimmingcontrol.c **** 	}
 103:dimmingcontrol.c **** 	else if (dimLevel <= 106) {
 316              		.loc 1 103 0
 317 017e 6A2C     		cmp	r4, #106
 318 0180 06D8     		bhi	.L17
 104:dimmingcontrol.c **** 		
 105:dimmingcontrol.c **** 		modLevel = M8; // 70-90%
 319              		.loc 1 105 0
 320 0182 0322     		movs	r2, #3
 321 0184 1A4B     		ldr	r3, .L20+56
 322              	.LVL58:
 323 0186 1A70     		strb	r2, [r3]
 106:dimmingcontrol.c **** 		lMask = 0x07;
 324              		.loc 1 106 0
 325 0188 0722     		movs	r2, #7
 326 018a 1A4B     		ldr	r3, .L20+60
 327 018c 1A70     		strb	r2, [r3]
 328 018e 0DE0     		b	.L13
 329              	.LVL59:
 330              	.L17:
 107:dimmingcontrol.c **** 	}
 108:dimmingcontrol.c **** 	else if (dimLevel <= 112) {
 331              		.loc 1 108 0
 332 0190 702C     		cmp	r4, #112
 333 0192 06D8     		bhi	.L18
 109:dimmingcontrol.c **** 		
 110:dimmingcontrol.c **** 		modLevel = M4; // 90-95%
 334              		.loc 1 110 0
 335 0194 0222     		movs	r2, #2
 336 0196 164B     		ldr	r3, .L20+56
ARM GAS  C:\Users\dr\AppData\Local\Temp\ccza7Fxr.s 			page 9


 337              	.LVL60:
 338 0198 1A70     		strb	r2, [r3]
 111:dimmingcontrol.c **** 		lMask = 0x03;
 339              		.loc 1 111 0
 340 019a 0322     		movs	r2, #3
 341 019c 154B     		ldr	r3, .L20+60
 342 019e 1A70     		strb	r2, [r3]
 343 01a0 04E0     		b	.L13
 344              	.LVL61:
 345              	.L18:
 112:dimmingcontrol.c **** 	}
 113:dimmingcontrol.c **** 	else {
 114:dimmingcontrol.c **** 		
 115:dimmingcontrol.c **** 		modLevel = M2; // >95%
 346              		.loc 1 115 0
 347 01a2 0123     		movs	r3, #1
 348              	.LVL62:
 349 01a4 124A     		ldr	r2, .L20+56
 350 01a6 1370     		strb	r3, [r2]
 116:dimmingcontrol.c **** 		lMask = 0x01;
 351              		.loc 1 116 0
 352 01a8 124A     		ldr	r2, .L20+60
 353 01aa 1370     		strb	r3, [r2]
 354              	.L13:
 117:dimmingcontrol.c **** 	}
 118:dimmingcontrol.c **** 	
 119:dimmingcontrol.c **** 	CREG_L_Write(modLevel);
 355              		.loc 1 119 0
 356 01ac 104B     		ldr	r3, .L20+56
 357 01ae 1878     		ldrb	r0, [r3]	@ zero_extendqisi2
 358              	.LVL63:
 359 01b0 FFF7FEFF 		bl	CREG_L_Write
 360              	.LVL64:
 361 01b4 BDE8F081 		pop	{r4, r5, r6, r7, r8, pc}
 362              	.LVL65:
 363              	.L21:
 364              		.align	2
 365              	.L20:
 366 01b8 00000000 		.word	dimLevel
 367 01bc 00000000 		.word	m2
 368 01c0 ABAAAAAA 		.word	-1431655765
 369 01c4 0000F83F 		.word	1073217536
 370 01c8 00000000 		.word	m4
 371 01cc 25499224 		.word	613566757
 372 01d0 00000C40 		.word	1074528256
 373 01d4 00000000 		.word	m8
 374 01d8 89888888 		.word	-2004318071
 375 01dc 00001E40 		.word	1075707904
 376 01e0 00000000 		.word	m16
 377 01e4 85104208 		.word	138547333
 378 01e8 00002F40 		.word	1076822016
 379 01ec 00000000 		.word	m32
 380 01f0 00000000 		.word	modLevel
 381 01f4 00000000 		.word	lMask
 382              		.cfi_endproc
 383              	.LFE64:
 384              		.size	updateSymbols, .-updateSymbols
ARM GAS  C:\Users\dr\AppData\Local\Temp\ccza7Fxr.s 			page 10


 385              		.section	.text.INIT_DIMMING_CONTROL,"ax",%progbits
 386              		.align	2
 387              		.global	INIT_DIMMING_CONTROL
 388              		.thumb
 389              		.thumb_func
 390              		.type	INIT_DIMMING_CONTROL, %function
 391              	INIT_DIMMING_CONTROL:
 392              	.LFB63:
  15:dimmingcontrol.c **** 	dimLevel = 60;
 393              		.loc 1 15 0
 394              		.cfi_startproc
 395              		@ args = 0, pretend = 0, frame = 0
 396              		@ frame_needed = 0, uses_anonymous_args = 0
 397 0000 10B5     		push	{r4, lr}
 398              		.cfi_def_cfa_offset 8
 399              		.cfi_offset 4, -8
 400              		.cfi_offset 14, -4
  16:dimmingcontrol.c ****     PWM_LED_Start();
 401              		.loc 1 16 0
 402 0002 094C     		ldr	r4, .L24
 403 0004 3C23     		movs	r3, #60
 404 0006 2370     		strb	r3, [r4]
  17:dimmingcontrol.c **** 	PWM_LED_WriteCompare(20);
 405              		.loc 1 17 0
 406 0008 FFF7FEFF 		bl	PWM_LED_Start
 407              	.LVL66:
  18:dimmingcontrol.c **** 	CyDelay(500);
 408              		.loc 1 18 0
 409 000c 1420     		movs	r0, #20
 410 000e FFF7FEFF 		bl	PWM_LED_WriteCompare
 411              	.LVL67:
  19:dimmingcontrol.c **** 	PWM_LED_WriteCompare(dimLevel);
 412              		.loc 1 19 0
 413 0012 4FF4FA70 		mov	r0, #500
 414 0016 FFF7FEFF 		bl	CyDelay
 415              	.LVL68:
  20:dimmingcontrol.c **** 	
 416              		.loc 1 20 0
 417 001a 2078     		ldrb	r0, [r4]	@ zero_extendqisi2
 418 001c FFF7FEFF 		bl	PWM_LED_WriteCompare
 419              	.LVL69:
  22:dimmingcontrol.c **** 
 420              		.loc 1 22 0
 421 0020 FFF7FEFF 		bl	updateSymbols
 422              	.LVL70:
 423 0024 10BD     		pop	{r4, pc}
 424              	.L25:
 425 0026 00BF     		.align	2
 426              	.L24:
 427 0028 00000000 		.word	dimLevel
 428              		.cfi_endproc
 429              	.LFE63:
 430              		.size	INIT_DIMMING_CONTROL, .-INIT_DIMMING_CONTROL
 431              		.comm	dimLevel,1,1
 432              		.comm	symCnt,1,1
 433              		.comm	symTx,31,4
 434              		.comm	lMask,1,1
ARM GAS  C:\Users\dr\AppData\Local\Temp\ccza7Fxr.s 			page 11


 435              		.comm	symbolNext,1,1
 436              		.comm	trackSum,2,2
 437              		.comm	m32Track,32,4
 438              		.comm	m16Track,16,4
 439              		.comm	m8Track,8,4
 440              		.comm	m4Track,4,4
 441              		.comm	m2Track,2,4
 442              		.comm	m32,32,4
 443              		.comm	m16,16,4
 444              		.comm	m8,8,4
 445              		.comm	m4,4,4
 446              		.comm	m2,2,4
 447              		.comm	modLevel,1,1
 448              		.comm	FLAG_TX_DONE,1,1
 449              		.comm	FLAG_TX_EVENT,1,1
 450              		.comm	DMA_HAM2SER_TD,1,4
 451              		.comm	DMA_HAM2SER_Chan,1,1
 452              		.comm	sh_fifo,1,1
 453              		.comm	sh_load,1,1
 454              		.comm	sh_test,1,1
 455              		.global	colValH
 456              		.global	H
 457              		.comm	hamWordCheck,16,4
 458              		.comm	headCnt,1,1
 459              		.comm	rxDst,1,1
 460              		.comm	rxSrc,1,1
 461              		.comm	rxTrackSum,2,2
 462              		.comm	rxLength,2,2
 463              		.comm	rxModLevel,1,1
 464              		.comm	adcValue,2,2
 465              		.comm	packets4,65,4
 466              		.comm	DMA_PAY_TD,1,4
 467              		.comm	DMA_PAY_Chan,1,1
 468              		.comm	routingTable,30,4
 469              		.comm	deviceAddress,1,1
 470              		.comm	deviceID,8,4
 471              		.comm	i2cWord,27,4
 472              		.comm	i2cRun,1,1
 473              		.comm	i2cData,1,1
 474              		.comm	i2cInstr,1,1
 475              		.comm	i2cAddr,1,1
 476              		.comm	i2cBuf,27,4
 477              		.comm	c,1,1
 478              		.comm	i2cSda,1,1
 479              		.comm	i2cClk,1,1
 480              		.comm	i2cStart,1,1
 481              		.comm	sum,4,4
 482              		.comm	signalMean,2,2
 483              		.comm	send15Cont,1,1
 484              		.comm	stepSize,1,1
 485              		.comm	uart_type,1,1
 486              		.comm	pre,1,1
 487              		.comm	del,1,1
 488              		.comm	buffer_uart,64,4
 489              		.comm	test16,2,2
 490              		.comm	test8,1,1
 491              		.comm	serialTest,2,4
ARM GAS  C:\Users\dr\AppData\Local\Temp\ccza7Fxr.s 			page 12


 492              		.comm	levels_82,4,4
 493              		.comm	levels_15,4,4
 494              		.comm	levels_48,16,4
 495              		.comm	i,4,4
 496              		.comm	FLAG_SER_TX_INIT,1,1
 497              		.comm	FLAG_SER_EVENT,1,1
 498              		.comm	bufferUart,64,4
 499              		.data
 500              		.align	2
 501              		.type	colValH, %object
 502              		.size	colValH, 7
 503              	colValH:
 504 0000 07       		.byte	7
 505 0001 06       		.byte	6
 506 0002 05       		.byte	5
 507 0003 03       		.byte	3
 508 0004 04       		.byte	4
 509 0005 02       		.byte	2
 510 0006 01       		.byte	1
 511 0007 00       		.space	1
 512              		.type	H, %object
 513              		.size	H, 21
 514              	H:
 515 0008 01       		.byte	1
 516 0009 01       		.byte	1
 517 000a 01       		.byte	1
 518 000b 00       		.byte	0
 519 000c 01       		.byte	1
 520 000d 00       		.byte	0
 521 000e 00       		.byte	0
 522 000f 01       		.byte	1
 523 0010 01       		.byte	1
 524 0011 00       		.byte	0
 525 0012 01       		.byte	1
 526 0013 00       		.byte	0
 527 0014 01       		.byte	1
 528 0015 00       		.byte	0
 529 0016 01       		.byte	1
 530 0017 00       		.byte	0
 531 0018 01       		.byte	1
 532 0019 01       		.byte	1
 533 001a 00       		.byte	0
 534 001b 00       		.byte	0
 535 001c 01       		.byte	1
 536              		.text
 537              	.Letext0:
 538              		.file 2 "c:\\program files (x86)\\cypress\\psoc creator\\4.1\\psoc creator\\import\\gnu\\arm\\5.4.
 539              		.file 3 "c:\\program files (x86)\\cypress\\psoc creator\\4.1\\psoc creator\\import\\gnu\\arm\\5.4.
 540              		.file 4 "Generated_Source\\PSoC5/cytypes.h"
 541              		.file 5 "dlm.h"
 542              		.file 6 "packetman.h"
 543              		.file 7 "Generated_Source\\PSoC5/core_cm3.h"
 544              		.file 8 "serial.h"
 545              		.file 9 "main.h"
 546              		.file 10 "rxsubsystem.h"
 547              		.file 11 "txsubsystem.h"
 548              		.file 12 "dimmingcontrol.h"
ARM GAS  C:\Users\dr\AppData\Local\Temp\ccza7Fxr.s 			page 13


 549              		.file 13 "Generated_Source\\PSoC5/CREG_L.h"
 550              		.file 14 "Generated_Source\\PSoC5/PWM_LED.h"
 551              		.file 15 "Generated_Source\\PSoC5/CyLib.h"
 552              		.section	.debug_info,"",%progbits
 553              	.Ldebug_info0:
 554 0000 6E080000 		.4byte	0x86e
 555 0004 0400     		.2byte	0x4
 556 0006 00000000 		.4byte	.Ldebug_abbrev0
 557 000a 04       		.byte	0x4
 558 000b 01       		.uleb128 0x1
 559 000c D2030000 		.4byte	.LASF101
 560 0010 0C       		.byte	0xc
 561 0011 60040000 		.4byte	.LASF102
 562 0015 10010000 		.4byte	.LASF103
 563 0019 00000000 		.4byte	.Ldebug_ranges0+0
 564 001d 00000000 		.4byte	0
 565 0021 00000000 		.4byte	.Ldebug_line0
 566 0025 02       		.uleb128 0x2
 567 0026 08       		.byte	0x8
 568 0027 07       		.byte	0x7
 569 0028 53020000 		.4byte	.LASF0
 570 002c 02       		.uleb128 0x2
 571 002d 04       		.byte	0x4
 572 002e 07       		.byte	0x7
 573 002f 8C020000 		.4byte	.LASF1
 574 0033 02       		.uleb128 0x2
 575 0034 01       		.byte	0x1
 576 0035 06       		.byte	0x6
 577 0036 5F010000 		.4byte	.LASF2
 578 003a 03       		.uleb128 0x3
 579 003b C9010000 		.4byte	.LASF6
 580 003f 02       		.byte	0x2
 581 0040 1D       		.byte	0x1d
 582 0041 45000000 		.4byte	0x45
 583 0045 02       		.uleb128 0x2
 584 0046 01       		.byte	0x1
 585 0047 08       		.byte	0x8
 586 0048 D3010000 		.4byte	.LASF3
 587 004c 02       		.uleb128 0x2
 588 004d 02       		.byte	0x2
 589 004e 05       		.byte	0x5
 590 004f 75000000 		.4byte	.LASF4
 591 0053 02       		.uleb128 0x2
 592 0054 02       		.byte	0x2
 593 0055 07       		.byte	0x7
 594 0056 C1020000 		.4byte	.LASF5
 595 005a 03       		.uleb128 0x3
 596 005b 7F030000 		.4byte	.LASF7
 597 005f 02       		.byte	0x2
 598 0060 3F       		.byte	0x3f
 599 0061 65000000 		.4byte	0x65
 600 0065 02       		.uleb128 0x2
 601 0066 04       		.byte	0x4
 602 0067 05       		.byte	0x5
 603 0068 9B010000 		.4byte	.LASF8
 604 006c 02       		.uleb128 0x2
 605 006d 04       		.byte	0x4
ARM GAS  C:\Users\dr\AppData\Local\Temp\ccza7Fxr.s 			page 14


 606 006e 07       		.byte	0x7
 607 006f 22030000 		.4byte	.LASF9
 608 0073 02       		.uleb128 0x2
 609 0074 08       		.byte	0x8
 610 0075 05       		.byte	0x5
 611 0076 88010000 		.4byte	.LASF10
 612 007a 04       		.uleb128 0x4
 613 007b 04       		.byte	0x4
 614 007c 05       		.byte	0x5
 615 007d 696E7400 		.ascii	"int\000"
 616 0081 03       		.uleb128 0x3
 617 0082 F9000000 		.4byte	.LASF11
 618 0086 03       		.byte	0x3
 619 0087 18       		.byte	0x18
 620 0088 3A000000 		.4byte	0x3a
 621 008c 03       		.uleb128 0x3
 622 008d 4B020000 		.4byte	.LASF12
 623 0091 03       		.byte	0x3
 624 0092 2C       		.byte	0x2c
 625 0093 5A000000 		.4byte	0x5a
 626 0097 05       		.uleb128 0x5
 627 0098 34030000 		.4byte	.LASF13
 628 009c 04       		.byte	0x4
 629 009d 9201     		.2byte	0x192
 630 009f 45000000 		.4byte	0x45
 631 00a3 05       		.uleb128 0x5
 632 00a4 F2000000 		.4byte	.LASF14
 633 00a8 04       		.byte	0x4
 634 00a9 9301     		.2byte	0x193
 635 00ab 53000000 		.4byte	0x53
 636 00af 05       		.uleb128 0x5
 637 00b0 12030000 		.4byte	.LASF15
 638 00b4 04       		.byte	0x4
 639 00b5 9401     		.2byte	0x194
 640 00b7 6C000000 		.4byte	0x6c
 641 00bb 05       		.uleb128 0x5
 642 00bc 96010000 		.4byte	.LASF16
 643 00c0 04       		.byte	0x4
 644 00c1 9501     		.2byte	0x195
 645 00c3 33000000 		.4byte	0x33
 646 00c7 05       		.uleb128 0x5
 647 00c8 01010000 		.4byte	.LASF17
 648 00cc 04       		.byte	0x4
 649 00cd 9601     		.2byte	0x196
 650 00cf 4C000000 		.4byte	0x4c
 651 00d3 02       		.uleb128 0x2
 652 00d4 04       		.byte	0x4
 653 00d5 04       		.byte	0x4
 654 00d6 78010000 		.4byte	.LASF18
 655 00da 02       		.uleb128 0x2
 656 00db 08       		.byte	0x8
 657 00dc 04       		.byte	0x4
 658 00dd 3A030000 		.4byte	.LASF19
 659 00e1 02       		.uleb128 0x2
 660 00e2 01       		.byte	0x1
 661 00e3 08       		.byte	0x8
 662 00e4 DA020000 		.4byte	.LASF20
ARM GAS  C:\Users\dr\AppData\Local\Temp\ccza7Fxr.s 			page 15


 663 00e8 02       		.uleb128 0x2
 664 00e9 08       		.byte	0x8
 665 00ea 04       		.byte	0x4
 666 00eb 0E020000 		.4byte	.LASF21
 667 00ef 02       		.uleb128 0x2
 668 00f0 04       		.byte	0x4
 669 00f1 07       		.byte	0x7
 670 00f2 87000000 		.4byte	.LASF22
 671 00f6 06       		.uleb128 0x6
 672 00f7 03       		.byte	0x3
 673 00f8 05       		.byte	0x5
 674 00f9 2A       		.byte	0x2a
 675 00fa 23010000 		.4byte	0x123
 676 00fe 07       		.uleb128 0x7
 677 00ff E7010000 		.4byte	.LASF23
 678 0103 05       		.byte	0x5
 679 0104 2B       		.byte	0x2b
 680 0105 97000000 		.4byte	0x97
 681 0109 00       		.byte	0
 682 010a 07       		.uleb128 0x7
 683 010b 8F030000 		.4byte	.LASF24
 684 010f 05       		.byte	0x5
 685 0110 2C       		.byte	0x2c
 686 0111 97000000 		.4byte	0x97
 687 0115 01       		.byte	0x1
 688 0116 07       		.uleb128 0x7
 689 0117 19030000 		.4byte	.LASF25
 690 011b 05       		.byte	0x5
 691 011c 2D       		.byte	0x2d
 692 011d 97000000 		.4byte	0x97
 693 0121 02       		.byte	0x2
 694 0122 00       		.byte	0
 695 0123 03       		.uleb128 0x3
 696 0124 00000000 		.4byte	.LASF26
 697 0128 05       		.byte	0x5
 698 0129 2E       		.byte	0x2e
 699 012a F6000000 		.4byte	0xf6
 700 012e 06       		.uleb128 0x6
 701 012f 0A       		.byte	0xa
 702 0130 05       		.byte	0x5
 703 0131 30       		.byte	0x30
 704 0132 4F010000 		.4byte	0x14f
 705 0136 07       		.uleb128 0x7
 706 0137 E1010000 		.4byte	.LASF27
 707 013b 05       		.byte	0x5
 708 013c 31       		.byte	0x31
 709 013d 4F010000 		.4byte	0x14f
 710 0141 00       		.byte	0
 711 0142 07       		.uleb128 0x7
 712 0143 8F030000 		.4byte	.LASF24
 713 0147 05       		.byte	0x5
 714 0148 32       		.byte	0x32
 715 0149 97000000 		.4byte	0x97
 716 014d 09       		.byte	0x9
 717 014e 00       		.byte	0
 718 014f 08       		.uleb128 0x8
 719 0150 23010000 		.4byte	0x123
ARM GAS  C:\Users\dr\AppData\Local\Temp\ccza7Fxr.s 			page 16


 720 0154 5F010000 		.4byte	0x15f
 721 0158 09       		.uleb128 0x9
 722 0159 EF000000 		.4byte	0xef
 723 015d 02       		.byte	0x2
 724 015e 00       		.byte	0
 725 015f 03       		.uleb128 0x3
 726 0160 09020000 		.4byte	.LASF28
 727 0164 05       		.byte	0x5
 728 0165 33       		.byte	0x33
 729 0166 2E010000 		.4byte	0x12e
 730 016a 08       		.uleb128 0x8
 731 016b 97000000 		.4byte	0x97
 732 016f 7A010000 		.4byte	0x17a
 733 0173 09       		.uleb128 0x9
 734 0174 EF000000 		.4byte	0xef
 735 0178 03       		.byte	0x3
 736 0179 00       		.byte	0
 737 017a 02       		.uleb128 0x2
 738 017b 01       		.byte	0x1
 739 017c 02       		.byte	0x2
 740 017d 03030000 		.4byte	.LASF29
 741 0181 06       		.uleb128 0x6
 742 0182 0D       		.byte	0xd
 743 0183 06       		.byte	0x6
 744 0184 32       		.byte	0x32
 745 0185 BA010000 		.4byte	0x1ba
 746 0189 07       		.uleb128 0x7
 747 018a B9020000 		.4byte	.LASF30
 748 018e 06       		.byte	0x6
 749 018f 33       		.byte	0x33
 750 0190 6A010000 		.4byte	0x16a
 751 0194 00       		.byte	0
 752 0195 07       		.uleb128 0x7
 753 0196 05000000 		.4byte	.LASF31
 754 019a 06       		.byte	0x6
 755 019b 34       		.byte	0x34
 756 019c 6A010000 		.4byte	0x16a
 757 01a0 04       		.byte	0x4
 758 01a1 07       		.uleb128 0x7
 759 01a2 95040000 		.4byte	.LASF32
 760 01a6 06       		.byte	0x6
 761 01a7 35       		.byte	0x35
 762 01a8 6A010000 		.4byte	0x16a
 763 01ac 08       		.byte	0x8
 764 01ad 07       		.uleb128 0x7
 765 01ae D4020000 		.4byte	.LASF33
 766 01b2 06       		.byte	0x6
 767 01b3 36       		.byte	0x36
 768 01b4 7A010000 		.4byte	0x17a
 769 01b8 0C       		.byte	0xc
 770 01b9 00       		.byte	0
 771 01ba 03       		.uleb128 0x3
 772 01bb FB020000 		.4byte	.LASF34
 773 01bf 06       		.byte	0x6
 774 01c0 37       		.byte	0x37
 775 01c1 81010000 		.4byte	0x181
 776 01c5 0A       		.uleb128 0xa
ARM GAS  C:\Users\dr\AppData\Local\Temp\ccza7Fxr.s 			page 17


 777 01c6 AA000000 		.4byte	.LASF38
 778 01ca 01       		.byte	0x1
 779 01cb 1A       		.byte	0x1a
 780 01cc 00000000 		.4byte	.LFB64
 781 01d0 F8010000 		.4byte	.LFE64-.LFB64
 782 01d4 01       		.uleb128 0x1
 783 01d5 9C       		.byte	0x9c
 784 01d6 3A020000 		.4byte	0x23a
 785 01da 0B       		.uleb128 0xb
 786 01db 686900   		.ascii	"hi\000"
 787 01de 01       		.byte	0x1
 788 01df 1C       		.byte	0x1c
 789 01e0 97000000 		.4byte	0x97
 790 01e4 00000000 		.4byte	.LLST0
 791 01e8 0B       		.uleb128 0xb
 792 01e9 6C6F00   		.ascii	"lo\000"
 793 01ec 01       		.byte	0x1
 794 01ed 1C       		.byte	0x1c
 795 01ee 97000000 		.4byte	0x97
 796 01f2 2B000000 		.4byte	.LLST1
 797 01f6 0C       		.uleb128 0xc
 798 01f7 09030000 		.4byte	.LASF35
 799 01fb 01       		.byte	0x1
 800 01fc 1C       		.byte	0x1c
 801 01fd 97000000 		.4byte	0x97
 802 0201 4A000000 		.4byte	.LLST2
 803 0205 0B       		.uleb128 0xb
 804 0206 6900     		.ascii	"i\000"
 805 0208 01       		.byte	0x1
 806 0209 2C       		.byte	0x2c
 807 020a 7A000000 		.4byte	0x7a
 808 020e 5D000000 		.4byte	.LLST3
 809 0212 0C       		.uleb128 0xc
 810 0213 82040000 		.4byte	.LASF36
 811 0217 01       		.byte	0x1
 812 0218 2E       		.byte	0x2e
 813 0219 97000000 		.4byte	0x97
 814 021d 03010000 		.4byte	.LLST4
 815 0221 0C       		.uleb128 0xc
 816 0222 A4010000 		.4byte	.LASF37
 817 0226 01       		.byte	0x1
 818 0227 35       		.byte	0x35
 819 0228 97000000 		.4byte	0x97
 820 022c A9010000 		.4byte	.LLST5
 821 0230 0D       		.uleb128 0xd
 822 0231 B4010000 		.4byte	.LVL64
 823 0235 45080000 		.4byte	0x845
 824 0239 00       		.byte	0
 825 023a 0E       		.uleb128 0xe
 826 023b 39000000 		.4byte	.LASF39
 827 023f 01       		.byte	0x1
 828 0240 0E       		.byte	0xe
 829 0241 00000000 		.4byte	.LFB63
 830 0245 2C000000 		.4byte	.LFE63-.LFB63
 831 0249 01       		.uleb128 0x1
 832 024a 9C       		.byte	0x9c
 833 024b 93020000 		.4byte	0x293
ARM GAS  C:\Users\dr\AppData\Local\Temp\ccza7Fxr.s 			page 18


 834 024f 0D       		.uleb128 0xd
 835 0250 0C000000 		.4byte	.LVL66
 836 0254 50080000 		.4byte	0x850
 837 0258 0F       		.uleb128 0xf
 838 0259 12000000 		.4byte	.LVL67
 839 025d 5B080000 		.4byte	0x85b
 840 0261 6B020000 		.4byte	0x26b
 841 0265 10       		.uleb128 0x10
 842 0266 01       		.uleb128 0x1
 843 0267 50       		.byte	0x50
 844 0268 01       		.uleb128 0x1
 845 0269 44       		.byte	0x44
 846 026a 00       		.byte	0
 847 026b 0F       		.uleb128 0xf
 848 026c 1A000000 		.4byte	.LVL68
 849 0270 66080000 		.4byte	0x866
 850 0274 80020000 		.4byte	0x280
 851 0278 10       		.uleb128 0x10
 852 0279 01       		.uleb128 0x1
 853 027a 50       		.byte	0x50
 854 027b 03       		.uleb128 0x3
 855 027c 0A       		.byte	0xa
 856 027d F401     		.2byte	0x1f4
 857 027f 00       		.byte	0
 858 0280 0D       		.uleb128 0xd
 859 0281 20000000 		.4byte	.LVL69
 860 0285 5B080000 		.4byte	0x85b
 861 0289 0D       		.uleb128 0xd
 862 028a 24000000 		.4byte	.LVL70
 863 028e C5010000 		.4byte	0x1c5
 864 0292 00       		.byte	0
 865 0293 11       		.uleb128 0x11
 866 0294 C5030000 		.4byte	.LASF40
 867 0298 07       		.byte	0x7
 868 0299 1207     		.2byte	0x712
 869 029b 9F020000 		.4byte	0x29f
 870 029f 12       		.uleb128 0x12
 871 02a0 8C000000 		.4byte	0x8c
 872 02a4 08       		.uleb128 0x8
 873 02a5 97000000 		.4byte	0x97
 874 02a9 B4020000 		.4byte	0x2b4
 875 02ad 09       		.uleb128 0x9
 876 02ae EF000000 		.4byte	0xef
 877 02b2 3F       		.byte	0x3f
 878 02b3 00       		.byte	0
 879 02b4 13       		.uleb128 0x13
 880 02b5 B8000000 		.4byte	.LASF41
 881 02b9 08       		.byte	0x8
 882 02ba 79       		.byte	0x79
 883 02bb A4020000 		.4byte	0x2a4
 884 02bf 05       		.uleb128 0x5
 885 02c0 03       		.byte	0x3
 886 02c1 00000000 		.4byte	bufferUart
 887 02c5 13       		.uleb128 0x13
 888 02c6 A8030000 		.4byte	.LASF42
 889 02ca 08       		.byte	0x8
 890 02cb 7B       		.byte	0x7b
ARM GAS  C:\Users\dr\AppData\Local\Temp\ccza7Fxr.s 			page 19


 891 02cc 7A010000 		.4byte	0x17a
 892 02d0 05       		.uleb128 0x5
 893 02d1 03       		.byte	0x3
 894 02d2 00000000 		.4byte	FLAG_SER_EVENT
 895 02d6 13       		.uleb128 0x13
 896 02d7 6E030000 		.4byte	.LASF43
 897 02db 08       		.byte	0x8
 898 02dc 7C       		.byte	0x7c
 899 02dd 7A010000 		.4byte	0x17a
 900 02e1 05       		.uleb128 0x5
 901 02e2 03       		.byte	0x3
 902 02e3 00000000 		.4byte	FLAG_SER_TX_INIT
 903 02e7 14       		.uleb128 0x14
 904 02e8 6900     		.ascii	"i\000"
 905 02ea 08       		.byte	0x8
 906 02eb 7F       		.byte	0x7f
 907 02ec 7A000000 		.4byte	0x7a
 908 02f0 05       		.uleb128 0x5
 909 02f1 03       		.byte	0x3
 910 02f2 00000000 		.4byte	i
 911 02f6 08       		.uleb128 0x8
 912 02f7 97000000 		.4byte	0x97
 913 02fb 06030000 		.4byte	0x306
 914 02ff 09       		.uleb128 0x9
 915 0300 EF000000 		.4byte	0xef
 916 0304 0F       		.byte	0xf
 917 0305 00       		.byte	0
 918 0306 13       		.uleb128 0x13
 919 0307 7E010000 		.4byte	.LASF44
 920 030b 08       		.byte	0x8
 921 030c 81       		.byte	0x81
 922 030d F6020000 		.4byte	0x2f6
 923 0311 05       		.uleb128 0x5
 924 0312 03       		.byte	0x3
 925 0313 00000000 		.4byte	levels_48
 926 0317 13       		.uleb128 0x13
 927 0318 38020000 		.4byte	.LASF45
 928 031c 08       		.byte	0x8
 929 031d 82       		.byte	0x82
 930 031e 6A010000 		.4byte	0x16a
 931 0322 05       		.uleb128 0x5
 932 0323 03       		.byte	0x3
 933 0324 00000000 		.4byte	levels_15
 934 0328 13       		.uleb128 0x13
 935 0329 C3000000 		.4byte	.LASF46
 936 032d 08       		.byte	0x8
 937 032e 83       		.byte	0x83
 938 032f 6A010000 		.4byte	0x16a
 939 0333 05       		.uleb128 0x5
 940 0334 03       		.byte	0x3
 941 0335 00000000 		.4byte	levels_82
 942 0339 08       		.uleb128 0x8
 943 033a 97000000 		.4byte	0x97
 944 033e 49030000 		.4byte	0x349
 945 0342 09       		.uleb128 0x9
 946 0343 EF000000 		.4byte	0xef
 947 0347 01       		.byte	0x1
ARM GAS  C:\Users\dr\AppData\Local\Temp\ccza7Fxr.s 			page 20


 948 0348 00       		.byte	0
 949 0349 13       		.uleb128 0x13
 950 034a 9F000000 		.4byte	.LASF47
 951 034e 08       		.byte	0x8
 952 034f 85       		.byte	0x85
 953 0350 39030000 		.4byte	0x339
 954 0354 05       		.uleb128 0x5
 955 0355 03       		.byte	0x3
 956 0356 00000000 		.4byte	serialTest
 957 035a 13       		.uleb128 0x13
 958 035b 50010000 		.4byte	.LASF48
 959 035f 08       		.byte	0x8
 960 0360 86       		.byte	0x86
 961 0361 97000000 		.4byte	0x97
 962 0365 05       		.uleb128 0x5
 963 0366 03       		.byte	0x3
 964 0367 00000000 		.4byte	test8
 965 036b 13       		.uleb128 0x13
 966 036c 90000000 		.4byte	.LASF49
 967 0370 08       		.byte	0x8
 968 0371 87       		.byte	0x87
 969 0372 A3000000 		.4byte	0xa3
 970 0376 05       		.uleb128 0x5
 971 0377 03       		.byte	0x3
 972 0378 00000000 		.4byte	test16
 973 037c 13       		.uleb128 0x13
 974 037d D8000000 		.4byte	.LASF50
 975 0381 08       		.byte	0x8
 976 0382 89       		.byte	0x89
 977 0383 A4020000 		.4byte	0x2a4
 978 0387 05       		.uleb128 0x5
 979 0388 03       		.byte	0x3
 980 0389 00000000 		.4byte	buffer_uart
 981 038d 14       		.uleb128 0x14
 982 038e 64656C00 		.ascii	"del\000"
 983 0392 08       		.byte	0x8
 984 0393 8B       		.byte	0x8b
 985 0394 97000000 		.4byte	0x97
 986 0398 05       		.uleb128 0x5
 987 0399 03       		.byte	0x3
 988 039a 00000000 		.4byte	del
 989 039e 14       		.uleb128 0x14
 990 039f 70726500 		.ascii	"pre\000"
 991 03a3 08       		.byte	0x8
 992 03a4 8C       		.byte	0x8c
 993 03a5 97000000 		.4byte	0x97
 994 03a9 05       		.uleb128 0x5
 995 03aa 03       		.byte	0x3
 996 03ab 00000000 		.4byte	pre
 997 03af 13       		.uleb128 0x13
 998 03b0 64030000 		.4byte	.LASF51
 999 03b4 08       		.byte	0x8
 1000 03b5 8E       		.byte	0x8e
 1001 03b6 97000000 		.4byte	0x97
 1002 03ba 05       		.uleb128 0x5
 1003 03bb 03       		.byte	0x3
 1004 03bc 00000000 		.4byte	uart_type
ARM GAS  C:\Users\dr\AppData\Local\Temp\ccza7Fxr.s 			page 21


 1005 03c0 13       		.uleb128 0x13
 1006 03c1 07010000 		.4byte	.LASF52
 1007 03c5 08       		.byte	0x8
 1008 03c6 90       		.byte	0x90
 1009 03c7 97000000 		.4byte	0x97
 1010 03cb 05       		.uleb128 0x5
 1011 03cc 03       		.byte	0x3
 1012 03cd 00000000 		.4byte	stepSize
 1013 03d1 13       		.uleb128 0x13
 1014 03d2 41030000 		.4byte	.LASF53
 1015 03d6 08       		.byte	0x8
 1016 03d7 92       		.byte	0x92
 1017 03d8 7A010000 		.4byte	0x17a
 1018 03dc 05       		.uleb128 0x5
 1019 03dd 03       		.byte	0x3
 1020 03de 00000000 		.4byte	send15Cont
 1021 03e2 13       		.uleb128 0x13
 1022 03e3 6A000000 		.4byte	.LASF54
 1023 03e7 08       		.byte	0x8
 1024 03e8 94       		.byte	0x94
 1025 03e9 A3000000 		.4byte	0xa3
 1026 03ed 05       		.uleb128 0x5
 1027 03ee 03       		.byte	0x3
 1028 03ef 00000000 		.4byte	signalMean
 1029 03f3 14       		.uleb128 0x14
 1030 03f4 73756D00 		.ascii	"sum\000"
 1031 03f8 08       		.byte	0x8
 1032 03f9 95       		.byte	0x95
 1033 03fa AF000000 		.4byte	0xaf
 1034 03fe 05       		.uleb128 0x5
 1035 03ff 03       		.byte	0x3
 1036 0400 00000000 		.4byte	sum
 1037 0404 13       		.uleb128 0x13
 1038 0405 56010000 		.4byte	.LASF55
 1039 0409 08       		.byte	0x8
 1040 040a 97       		.byte	0x97
 1041 040b 97000000 		.4byte	0x97
 1042 040f 05       		.uleb128 0x5
 1043 0410 03       		.byte	0x3
 1044 0411 00000000 		.4byte	i2cStart
 1045 0415 13       		.uleb128 0x13
 1046 0416 54030000 		.4byte	.LASF56
 1047 041a 08       		.byte	0x8
 1048 041b 98       		.byte	0x98
 1049 041c 97000000 		.4byte	0x97
 1050 0420 05       		.uleb128 0x5
 1051 0421 03       		.byte	0x3
 1052 0422 00000000 		.4byte	i2cClk
 1053 0426 13       		.uleb128 0x13
 1054 0427 32000000 		.4byte	.LASF57
 1055 042b 08       		.byte	0x8
 1056 042c 99       		.byte	0x99
 1057 042d 97000000 		.4byte	0x97
 1058 0431 05       		.uleb128 0x5
 1059 0432 03       		.byte	0x3
 1060 0433 00000000 		.4byte	i2cSda
 1061 0437 14       		.uleb128 0x14
ARM GAS  C:\Users\dr\AppData\Local\Temp\ccza7Fxr.s 			page 22


 1062 0438 6300     		.ascii	"c\000"
 1063 043a 08       		.byte	0x8
 1064 043b 9A       		.byte	0x9a
 1065 043c 97000000 		.4byte	0x97
 1066 0440 05       		.uleb128 0x5
 1067 0441 03       		.byte	0x3
 1068 0442 00000000 		.4byte	c
 1069 0446 08       		.uleb128 0x8
 1070 0447 97000000 		.4byte	0x97
 1071 044b 56040000 		.4byte	0x456
 1072 044f 09       		.uleb128 0x9
 1073 0450 EF000000 		.4byte	0xef
 1074 0454 1A       		.byte	0x1a
 1075 0455 00       		.byte	0
 1076 0456 13       		.uleb128 0x13
 1077 0457 63000000 		.4byte	.LASF58
 1078 045b 08       		.byte	0x8
 1079 045c 9B       		.byte	0x9b
 1080 045d 46040000 		.4byte	0x446
 1081 0461 05       		.uleb128 0x5
 1082 0462 03       		.byte	0x3
 1083 0463 00000000 		.4byte	i2cBuf
 1084 0467 13       		.uleb128 0x13
 1085 0468 4C030000 		.4byte	.LASF59
 1086 046c 08       		.byte	0x8
 1087 046d 9D       		.byte	0x9d
 1088 046e 97000000 		.4byte	0x97
 1089 0472 05       		.uleb128 0x5
 1090 0473 03       		.byte	0x3
 1091 0474 00000000 		.4byte	i2cAddr
 1092 0478 13       		.uleb128 0x13
 1093 0479 2F020000 		.4byte	.LASF60
 1094 047d 08       		.byte	0x8
 1095 047e 9E       		.byte	0x9e
 1096 047f 97000000 		.4byte	0x97
 1097 0483 05       		.uleb128 0x5
 1098 0484 03       		.byte	0x3
 1099 0485 00000000 		.4byte	i2cInstr
 1100 0489 13       		.uleb128 0x13
 1101 048a 7F000000 		.4byte	.LASF61
 1102 048e 08       		.byte	0x8
 1103 048f 9F       		.byte	0x9f
 1104 0490 97000000 		.4byte	0x97
 1105 0494 05       		.uleb128 0x5
 1106 0495 03       		.byte	0x3
 1107 0496 00000000 		.4byte	i2cData
 1108 049a 13       		.uleb128 0x13
 1109 049b 1A020000 		.4byte	.LASF62
 1110 049f 08       		.byte	0x8
 1111 04a0 A0       		.byte	0xa0
 1112 04a1 97000000 		.4byte	0x97
 1113 04a5 05       		.uleb128 0x5
 1114 04a6 03       		.byte	0x3
 1115 04a7 00000000 		.4byte	i2cRun
 1116 04ab 13       		.uleb128 0x13
 1117 04ac A0030000 		.4byte	.LASF63
 1118 04b0 08       		.byte	0x8
ARM GAS  C:\Users\dr\AppData\Local\Temp\ccza7Fxr.s 			page 23


 1119 04b1 A2       		.byte	0xa2
 1120 04b2 46040000 		.4byte	0x446
 1121 04b6 05       		.uleb128 0x5
 1122 04b7 03       		.byte	0x3
 1123 04b8 00000000 		.4byte	i2cWord
 1124 04bc 08       		.uleb128 0x8
 1125 04bd AF000000 		.4byte	0xaf
 1126 04c1 CC040000 		.4byte	0x4cc
 1127 04c5 09       		.uleb128 0x9
 1128 04c6 EF000000 		.4byte	0xef
 1129 04ca 01       		.byte	0x1
 1130 04cb 00       		.byte	0
 1131 04cc 13       		.uleb128 0x13
 1132 04cd F2020000 		.4byte	.LASF64
 1133 04d1 05       		.byte	0x5
 1134 04d2 37       		.byte	0x37
 1135 04d3 BC040000 		.4byte	0x4bc
 1136 04d7 05       		.uleb128 0x5
 1137 04d8 03       		.byte	0x3
 1138 04d9 00000000 		.4byte	deviceID
 1139 04dd 13       		.uleb128 0x13
 1140 04de 21020000 		.4byte	.LASF65
 1141 04e2 05       		.byte	0x5
 1142 04e3 38       		.byte	0x38
 1143 04e4 97000000 		.4byte	0x97
 1144 04e8 05       		.uleb128 0x5
 1145 04e9 03       		.byte	0x3
 1146 04ea 00000000 		.4byte	deviceAddress
 1147 04ee 08       		.uleb128 0x8
 1148 04ef 5F010000 		.4byte	0x15f
 1149 04f3 FE040000 		.4byte	0x4fe
 1150 04f7 09       		.uleb128 0x9
 1151 04f8 EF000000 		.4byte	0xef
 1152 04fc 02       		.byte	0x2
 1153 04fd 00       		.byte	0
 1154 04fe 13       		.uleb128 0x13
 1155 04ff DF020000 		.4byte	.LASF66
 1156 0503 05       		.byte	0x5
 1157 0504 39       		.byte	0x39
 1158 0505 EE040000 		.4byte	0x4ee
 1159 0509 05       		.uleb128 0x5
 1160 050a 03       		.byte	0x3
 1161 050b 00000000 		.4byte	routingTable
 1162 050f 13       		.uleb128 0x13
 1163 0510 A9010000 		.4byte	.LASF67
 1164 0514 06       		.byte	0x6
 1165 0515 1C       		.byte	0x1c
 1166 0516 97000000 		.4byte	0x97
 1167 051a 05       		.uleb128 0x5
 1168 051b 03       		.byte	0x3
 1169 051c 00000000 		.4byte	DMA_PAY_Chan
 1170 0520 08       		.uleb128 0x8
 1171 0521 97000000 		.4byte	0x97
 1172 0525 30050000 		.4byte	0x530
 1173 0529 09       		.uleb128 0x9
 1174 052a EF000000 		.4byte	0xef
 1175 052e 00       		.byte	0
ARM GAS  C:\Users\dr\AppData\Local\Temp\ccza7Fxr.s 			page 24


 1176 052f 00       		.byte	0
 1177 0530 13       		.uleb128 0x13
 1178 0531 CD000000 		.4byte	.LASF68
 1179 0535 06       		.byte	0x6
 1180 0536 1D       		.byte	0x1d
 1181 0537 20050000 		.4byte	0x520
 1182 053b 05       		.uleb128 0x5
 1183 053c 03       		.byte	0x3
 1184 053d 00000000 		.4byte	DMA_PAY_TD
 1185 0541 08       		.uleb128 0x8
 1186 0542 BA010000 		.4byte	0x1ba
 1187 0546 51050000 		.4byte	0x551
 1188 054a 09       		.uleb128 0x9
 1189 054b EF000000 		.4byte	0xef
 1190 054f 04       		.byte	0x4
 1191 0550 00       		.byte	0
 1192 0551 13       		.uleb128 0x13
 1193 0552 5B030000 		.4byte	.LASF69
 1194 0556 06       		.byte	0x6
 1195 0557 3D       		.byte	0x3d
 1196 0558 41050000 		.4byte	0x541
 1197 055c 05       		.uleb128 0x5
 1198 055d 03       		.byte	0x3
 1199 055e 00000000 		.4byte	packets4
 1200 0562 08       		.uleb128 0x8
 1201 0563 97000000 		.4byte	0x97
 1202 0567 78050000 		.4byte	0x578
 1203 056b 09       		.uleb128 0x9
 1204 056c EF000000 		.4byte	0xef
 1205 0570 02       		.byte	0x2
 1206 0571 09       		.uleb128 0x9
 1207 0572 EF000000 		.4byte	0xef
 1208 0576 06       		.byte	0x6
 1209 0577 00       		.byte	0
 1210 0578 14       		.uleb128 0x14
 1211 0579 4800     		.ascii	"H\000"
 1212 057b 09       		.byte	0x9
 1213 057c 2C       		.byte	0x2c
 1214 057d 62050000 		.4byte	0x562
 1215 0581 05       		.uleb128 0x5
 1216 0582 03       		.byte	0x3
 1217 0583 00000000 		.4byte	H
 1218 0587 08       		.uleb128 0x8
 1219 0588 97000000 		.4byte	0x97
 1220 058c 97050000 		.4byte	0x597
 1221 0590 09       		.uleb128 0x9
 1222 0591 EF000000 		.4byte	0xef
 1223 0595 06       		.byte	0x6
 1224 0596 00       		.byte	0
 1225 0597 13       		.uleb128 0x13
 1226 0598 0C000000 		.4byte	.LASF70
 1227 059c 09       		.byte	0x9
 1228 059d 32       		.byte	0x32
 1229 059e 87050000 		.4byte	0x587
 1230 05a2 05       		.uleb128 0x5
 1231 05a3 03       		.byte	0x3
 1232 05a4 00000000 		.4byte	colValH
ARM GAS  C:\Users\dr\AppData\Local\Temp\ccza7Fxr.s 			page 25


 1233 05a8 13       		.uleb128 0x13
 1234 05a9 42020000 		.4byte	.LASF71
 1235 05ad 0A       		.byte	0xa
 1236 05ae 1B       		.byte	0x1b
 1237 05af A3000000 		.4byte	0xa3
 1238 05b3 05       		.uleb128 0x5
 1239 05b4 03       		.byte	0x3
 1240 05b5 00000000 		.4byte	adcValue
 1241 05b9 13       		.uleb128 0x13
 1242 05ba BE010000 		.4byte	.LASF72
 1243 05be 0A       		.byte	0xa
 1244 05bf 1D       		.byte	0x1d
 1245 05c0 97000000 		.4byte	0x97
 1246 05c4 05       		.uleb128 0x5
 1247 05c5 03       		.byte	0x3
 1248 05c6 00000000 		.4byte	rxModLevel
 1249 05ca 13       		.uleb128 0x13
 1250 05cb A6040000 		.4byte	.LASF73
 1251 05cf 0A       		.byte	0xa
 1252 05d0 1E       		.byte	0x1e
 1253 05d1 A3000000 		.4byte	0xa3
 1254 05d5 05       		.uleb128 0x5
 1255 05d6 03       		.byte	0x3
 1256 05d7 00000000 		.4byte	rxLength
 1257 05db 13       		.uleb128 0x13
 1258 05dc 95030000 		.4byte	.LASF74
 1259 05e0 0A       		.byte	0xa
 1260 05e1 1F       		.byte	0x1f
 1261 05e2 C7000000 		.4byte	0xc7
 1262 05e6 05       		.uleb128 0x5
 1263 05e7 03       		.byte	0x3
 1264 05e8 00000000 		.4byte	rxTrackSum
 1265 05ec 13       		.uleb128 0x13
 1266 05ed 89030000 		.4byte	.LASF75
 1267 05f1 0A       		.byte	0xa
 1268 05f2 20       		.byte	0x20
 1269 05f3 97000000 		.4byte	0x97
 1270 05f7 05       		.uleb128 0x5
 1271 05f8 03       		.byte	0x3
 1272 05f9 00000000 		.4byte	rxSrc
 1273 05fd 13       		.uleb128 0x13
 1274 05fe B7030000 		.4byte	.LASF76
 1275 0602 0A       		.byte	0xa
 1276 0603 20       		.byte	0x20
 1277 0604 97000000 		.4byte	0x97
 1278 0608 05       		.uleb128 0x5
 1279 0609 03       		.byte	0x3
 1280 060a 00000000 		.4byte	rxDst
 1281 060e 13       		.uleb128 0x13
 1282 060f 99020000 		.4byte	.LASF77
 1283 0613 0A       		.byte	0xa
 1284 0614 22       		.byte	0x22
 1285 0615 97000000 		.4byte	0x97
 1286 0619 05       		.uleb128 0x5
 1287 061a 03       		.byte	0x3
 1288 061b 00000000 		.4byte	headCnt
 1289 061f 13       		.uleb128 0x13
ARM GAS  C:\Users\dr\AppData\Local\Temp\ccza7Fxr.s 			page 26


 1290 0620 6B010000 		.4byte	.LASF78
 1291 0624 0A       		.byte	0xa
 1292 0625 24       		.byte	0x24
 1293 0626 F6020000 		.4byte	0x2f6
 1294 062a 05       		.uleb128 0x5
 1295 062b 03       		.byte	0x3
 1296 062c 00000000 		.4byte	hamWordCheck
 1297 0630 13       		.uleb128 0x13
 1298 0631 75020000 		.4byte	.LASF79
 1299 0635 09       		.byte	0x9
 1300 0636 37       		.byte	0x37
 1301 0637 97000000 		.4byte	0x97
 1302 063b 05       		.uleb128 0x5
 1303 063c 03       		.byte	0x3
 1304 063d 00000000 		.4byte	sh_test
 1305 0641 13       		.uleb128 0x13
 1306 0642 01020000 		.4byte	.LASF80
 1307 0646 09       		.byte	0x9
 1308 0647 38       		.byte	0x38
 1309 0648 97000000 		.4byte	0x97
 1310 064c 05       		.uleb128 0x5
 1311 064d 03       		.byte	0x3
 1312 064e 00000000 		.4byte	sh_load
 1313 0652 13       		.uleb128 0x13
 1314 0653 97000000 		.4byte	.LASF81
 1315 0657 09       		.byte	0x9
 1316 0658 39       		.byte	0x39
 1317 0659 97000000 		.4byte	0x97
 1318 065d 05       		.uleb128 0x5
 1319 065e 03       		.byte	0x3
 1320 065f 00000000 		.4byte	sh_fifo
 1321 0663 13       		.uleb128 0x13
 1322 0664 21000000 		.4byte	.LASF82
 1323 0668 0B       		.byte	0xb
 1324 0669 19       		.byte	0x19
 1325 066a 97000000 		.4byte	0x97
 1326 066e 05       		.uleb128 0x5
 1327 066f 03       		.byte	0x3
 1328 0670 00000000 		.4byte	DMA_HAM2SER_Chan
 1329 0674 13       		.uleb128 0x13
 1330 0675 7D020000 		.4byte	.LASF83
 1331 0679 0B       		.byte	0xb
 1332 067a 1A       		.byte	0x1a
 1333 067b 20050000 		.4byte	0x520
 1334 067f 05       		.uleb128 0x5
 1335 0680 03       		.byte	0x3
 1336 0681 00000000 		.4byte	DMA_HAM2SER_TD
 1337 0685 13       		.uleb128 0x13
 1338 0686 87040000 		.4byte	.LASF84
 1339 068a 0B       		.byte	0xb
 1340 068b 2C       		.byte	0x2c
 1341 068c 7A010000 		.4byte	0x17a
 1342 0690 05       		.uleb128 0x5
 1343 0691 03       		.byte	0x3
 1344 0692 00000000 		.4byte	FLAG_TX_EVENT
 1345 0696 13       		.uleb128 0x13
 1346 0697 14000000 		.4byte	.LASF85
ARM GAS  C:\Users\dr\AppData\Local\Temp\ccza7Fxr.s 			page 27


 1347 069b 0B       		.byte	0xb
 1348 069c 2D       		.byte	0x2d
 1349 069d 7A010000 		.4byte	0x17a
 1350 06a1 05       		.uleb128 0x5
 1351 06a2 03       		.byte	0x3
 1352 06a3 00000000 		.4byte	FLAG_TX_DONE
 1353 06a7 13       		.uleb128 0x13
 1354 06a8 19030000 		.4byte	.LASF25
 1355 06ac 0B       		.byte	0xb
 1356 06ad 30       		.byte	0x30
 1357 06ae 97000000 		.4byte	0x97
 1358 06b2 05       		.uleb128 0x5
 1359 06b3 03       		.byte	0x3
 1360 06b4 00000000 		.4byte	modLevel
 1361 06b8 14       		.uleb128 0x14
 1362 06b9 6D3200   		.ascii	"m2\000"
 1363 06bc 0B       		.byte	0xb
 1364 06bd 31       		.byte	0x31
 1365 06be 39030000 		.4byte	0x339
 1366 06c2 05       		.uleb128 0x5
 1367 06c3 03       		.byte	0x3
 1368 06c4 00000000 		.4byte	m2
 1369 06c8 14       		.uleb128 0x14
 1370 06c9 6D3400   		.ascii	"m4\000"
 1371 06cc 0B       		.byte	0xb
 1372 06cd 32       		.byte	0x32
 1373 06ce 6A010000 		.4byte	0x16a
 1374 06d2 05       		.uleb128 0x5
 1375 06d3 03       		.byte	0x3
 1376 06d4 00000000 		.4byte	m4
 1377 06d8 08       		.uleb128 0x8
 1378 06d9 97000000 		.4byte	0x97
 1379 06dd E8060000 		.4byte	0x6e8
 1380 06e1 09       		.uleb128 0x9
 1381 06e2 EF000000 		.4byte	0xef
 1382 06e6 07       		.byte	0x7
 1383 06e7 00       		.byte	0
 1384 06e8 14       		.uleb128 0x14
 1385 06e9 6D3800   		.ascii	"m8\000"
 1386 06ec 0B       		.byte	0xb
 1387 06ed 33       		.byte	0x33
 1388 06ee D8060000 		.4byte	0x6d8
 1389 06f2 05       		.uleb128 0x5
 1390 06f3 03       		.byte	0x3
 1391 06f4 00000000 		.4byte	m8
 1392 06f8 14       		.uleb128 0x14
 1393 06f9 6D313600 		.ascii	"m16\000"
 1394 06fd 0B       		.byte	0xb
 1395 06fe 34       		.byte	0x34
 1396 06ff F6020000 		.4byte	0x2f6
 1397 0703 05       		.uleb128 0x5
 1398 0704 03       		.byte	0x3
 1399 0705 00000000 		.4byte	m16
 1400 0709 08       		.uleb128 0x8
 1401 070a 97000000 		.4byte	0x97
 1402 070e 19070000 		.4byte	0x719
 1403 0712 09       		.uleb128 0x9
ARM GAS  C:\Users\dr\AppData\Local\Temp\ccza7Fxr.s 			page 28


 1404 0713 EF000000 		.4byte	0xef
 1405 0717 1F       		.byte	0x1f
 1406 0718 00       		.byte	0
 1407 0719 14       		.uleb128 0x14
 1408 071a 6D333200 		.ascii	"m32\000"
 1409 071e 0B       		.byte	0xb
 1410 071f 35       		.byte	0x35
 1411 0720 09070000 		.4byte	0x709
 1412 0724 05       		.uleb128 0x5
 1413 0725 03       		.byte	0x3
 1414 0726 00000000 		.4byte	m32
 1415 072a 08       		.uleb128 0x8
 1416 072b BB000000 		.4byte	0xbb
 1417 072f 3A070000 		.4byte	0x73a
 1418 0733 09       		.uleb128 0x9
 1419 0734 EF000000 		.4byte	0xef
 1420 0738 01       		.byte	0x1
 1421 0739 00       		.byte	0
 1422 073a 13       		.uleb128 0x13
 1423 073b EC010000 		.4byte	.LASF86
 1424 073f 0B       		.byte	0xb
 1425 0740 36       		.byte	0x36
 1426 0741 2A070000 		.4byte	0x72a
 1427 0745 05       		.uleb128 0x5
 1428 0746 03       		.byte	0x3
 1429 0747 00000000 		.4byte	m2Track
 1430 074b 08       		.uleb128 0x8
 1431 074c BB000000 		.4byte	0xbb
 1432 0750 5B070000 		.4byte	0x75b
 1433 0754 09       		.uleb128 0x9
 1434 0755 EF000000 		.4byte	0xef
 1435 0759 03       		.byte	0x3
 1436 075a 00       		.byte	0
 1437 075b 13       		.uleb128 0x13
 1438 075c BD030000 		.4byte	.LASF87
 1439 0760 0B       		.byte	0xb
 1440 0761 37       		.byte	0x37
 1441 0762 4B070000 		.4byte	0x74b
 1442 0766 05       		.uleb128 0x5
 1443 0767 03       		.byte	0x3
 1444 0768 00000000 		.4byte	m4Track
 1445 076c 08       		.uleb128 0x8
 1446 076d BB000000 		.4byte	0xbb
 1447 0771 7C070000 		.4byte	0x77c
 1448 0775 09       		.uleb128 0x9
 1449 0776 EF000000 		.4byte	0xef
 1450 077a 07       		.byte	0x7
 1451 077b 00       		.byte	0
 1452 077c 13       		.uleb128 0x13
 1453 077d B6010000 		.4byte	.LASF88
 1454 0781 0B       		.byte	0xb
 1455 0782 38       		.byte	0x38
 1456 0783 6C070000 		.4byte	0x76c
 1457 0787 05       		.uleb128 0x5
 1458 0788 03       		.byte	0x3
 1459 0789 00000000 		.4byte	m8Track
 1460 078d 08       		.uleb128 0x8
ARM GAS  C:\Users\dr\AppData\Local\Temp\ccza7Fxr.s 			page 29


 1461 078e BB000000 		.4byte	0xbb
 1462 0792 9D070000 		.4byte	0x79d
 1463 0796 09       		.uleb128 0x9
 1464 0797 EF000000 		.4byte	0xef
 1465 079b 0F       		.byte	0xf
 1466 079c 00       		.byte	0
 1467 079d 13       		.uleb128 0x13
 1468 079e 9D040000 		.4byte	.LASF89
 1469 07a2 0B       		.byte	0xb
 1470 07a3 39       		.byte	0x39
 1471 07a4 8D070000 		.4byte	0x78d
 1472 07a8 05       		.uleb128 0x5
 1473 07a9 03       		.byte	0x3
 1474 07aa 00000000 		.4byte	m16Track
 1475 07ae 08       		.uleb128 0x8
 1476 07af BB000000 		.4byte	0xbb
 1477 07b3 BE070000 		.4byte	0x7be
 1478 07b7 09       		.uleb128 0x9
 1479 07b8 EF000000 		.4byte	0xef
 1480 07bc 1F       		.byte	0x1f
 1481 07bd 00       		.byte	0
 1482 07be 13       		.uleb128 0x13
 1483 07bf A1020000 		.4byte	.LASF90
 1484 07c3 0B       		.byte	0xb
 1485 07c4 3A       		.byte	0x3a
 1486 07c5 AE070000 		.4byte	0x7ae
 1487 07c9 05       		.uleb128 0x5
 1488 07ca 03       		.byte	0x3
 1489 07cb 00000000 		.4byte	m32Track
 1490 07cf 13       		.uleb128 0x13
 1491 07d0 B0020000 		.4byte	.LASF91
 1492 07d4 0B       		.byte	0xb
 1493 07d5 3C       		.byte	0x3c
 1494 07d6 C7000000 		.4byte	0xc7
 1495 07da 05       		.uleb128 0x5
 1496 07db 03       		.byte	0x3
 1497 07dc 00000000 		.4byte	trackSum
 1498 07e0 13       		.uleb128 0x13
 1499 07e1 6A020000 		.4byte	.LASF92
 1500 07e5 0B       		.byte	0xb
 1501 07e6 3E       		.byte	0x3e
 1502 07e7 97000000 		.4byte	0x97
 1503 07eb 05       		.uleb128 0x5
 1504 07ec 03       		.byte	0x3
 1505 07ed 00000000 		.4byte	symbolNext
 1506 07f1 13       		.uleb128 0x13
 1507 07f2 AA020000 		.4byte	.LASF93
 1508 07f6 0B       		.byte	0xb
 1509 07f7 3F       		.byte	0x3f
 1510 07f8 97000000 		.4byte	0x97
 1511 07fc 05       		.uleb128 0x5
 1512 07fd 03       		.byte	0x3
 1513 07fe 00000000 		.4byte	lMask
 1514 0802 08       		.uleb128 0x8
 1515 0803 81000000 		.4byte	0x81
 1516 0807 12080000 		.4byte	0x812
 1517 080b 09       		.uleb128 0x9
ARM GAS  C:\Users\dr\AppData\Local\Temp\ccza7Fxr.s 			page 30


 1518 080c EF000000 		.4byte	0xef
 1519 0810 1E       		.byte	0x1e
 1520 0811 00       		.byte	0
 1521 0812 13       		.uleb128 0x13
 1522 0813 EC020000 		.4byte	.LASF94
 1523 0817 0B       		.byte	0xb
 1524 0818 42       		.byte	0x42
 1525 0819 02080000 		.4byte	0x802
 1526 081d 05       		.uleb128 0x5
 1527 081e 03       		.byte	0x3
 1528 081f 00000000 		.4byte	symTx
 1529 0823 13       		.uleb128 0x13
 1530 0824 49010000 		.4byte	.LASF95
 1531 0828 0B       		.byte	0xb
 1532 0829 43       		.byte	0x43
 1533 082a 81000000 		.4byte	0x81
 1534 082e 05       		.uleb128 0x5
 1535 082f 03       		.byte	0x3
 1536 0830 00000000 		.4byte	symCnt
 1537 0834 13       		.uleb128 0x13
 1538 0835 79040000 		.4byte	.LASF96
 1539 0839 0C       		.byte	0xc
 1540 083a 16       		.byte	0x16
 1541 083b 97000000 		.4byte	0x97
 1542 083f 05       		.uleb128 0x5
 1543 0840 03       		.byte	0x3
 1544 0841 00000000 		.4byte	dimLevel
 1545 0845 15       		.uleb128 0x15
 1546 0846 F4010000 		.4byte	.LASF97
 1547 084a F4010000 		.4byte	.LASF97
 1548 084e 0D       		.byte	0xd
 1549 084f 2F       		.byte	0x2f
 1550 0850 15       		.uleb128 0x15
 1551 0851 E4000000 		.4byte	.LASF98
 1552 0855 E4000000 		.4byte	.LASF98
 1553 0859 0E       		.byte	0xe
 1554 085a 92       		.byte	0x92
 1555 085b 15       		.uleb128 0x15
 1556 085c 4E000000 		.4byte	.LASF99
 1557 0860 4E000000 		.4byte	.LASF99
 1558 0864 0E       		.byte	0xe
 1559 0865 C3       		.byte	0xc3
 1560 0866 15       		.uleb128 0x15
 1561 0867 71040000 		.4byte	.LASF100
 1562 086b 71040000 		.4byte	.LASF100
 1563 086f 0F       		.byte	0xf
 1564 0870 76       		.byte	0x76
 1565 0871 00       		.byte	0
 1566              		.section	.debug_abbrev,"",%progbits
 1567              	.Ldebug_abbrev0:
 1568 0000 01       		.uleb128 0x1
 1569 0001 11       		.uleb128 0x11
 1570 0002 01       		.byte	0x1
 1571 0003 25       		.uleb128 0x25
 1572 0004 0E       		.uleb128 0xe
 1573 0005 13       		.uleb128 0x13
 1574 0006 0B       		.uleb128 0xb
ARM GAS  C:\Users\dr\AppData\Local\Temp\ccza7Fxr.s 			page 31


 1575 0007 03       		.uleb128 0x3
 1576 0008 0E       		.uleb128 0xe
 1577 0009 1B       		.uleb128 0x1b
 1578 000a 0E       		.uleb128 0xe
 1579 000b 55       		.uleb128 0x55
 1580 000c 17       		.uleb128 0x17
 1581 000d 11       		.uleb128 0x11
 1582 000e 01       		.uleb128 0x1
 1583 000f 10       		.uleb128 0x10
 1584 0010 17       		.uleb128 0x17
 1585 0011 00       		.byte	0
 1586 0012 00       		.byte	0
 1587 0013 02       		.uleb128 0x2
 1588 0014 24       		.uleb128 0x24
 1589 0015 00       		.byte	0
 1590 0016 0B       		.uleb128 0xb
 1591 0017 0B       		.uleb128 0xb
 1592 0018 3E       		.uleb128 0x3e
 1593 0019 0B       		.uleb128 0xb
 1594 001a 03       		.uleb128 0x3
 1595 001b 0E       		.uleb128 0xe
 1596 001c 00       		.byte	0
 1597 001d 00       		.byte	0
 1598 001e 03       		.uleb128 0x3
 1599 001f 16       		.uleb128 0x16
 1600 0020 00       		.byte	0
 1601 0021 03       		.uleb128 0x3
 1602 0022 0E       		.uleb128 0xe
 1603 0023 3A       		.uleb128 0x3a
 1604 0024 0B       		.uleb128 0xb
 1605 0025 3B       		.uleb128 0x3b
 1606 0026 0B       		.uleb128 0xb
 1607 0027 49       		.uleb128 0x49
 1608 0028 13       		.uleb128 0x13
 1609 0029 00       		.byte	0
 1610 002a 00       		.byte	0
 1611 002b 04       		.uleb128 0x4
 1612 002c 24       		.uleb128 0x24
 1613 002d 00       		.byte	0
 1614 002e 0B       		.uleb128 0xb
 1615 002f 0B       		.uleb128 0xb
 1616 0030 3E       		.uleb128 0x3e
 1617 0031 0B       		.uleb128 0xb
 1618 0032 03       		.uleb128 0x3
 1619 0033 08       		.uleb128 0x8
 1620 0034 00       		.byte	0
 1621 0035 00       		.byte	0
 1622 0036 05       		.uleb128 0x5
 1623 0037 16       		.uleb128 0x16
 1624 0038 00       		.byte	0
 1625 0039 03       		.uleb128 0x3
 1626 003a 0E       		.uleb128 0xe
 1627 003b 3A       		.uleb128 0x3a
 1628 003c 0B       		.uleb128 0xb
 1629 003d 3B       		.uleb128 0x3b
 1630 003e 05       		.uleb128 0x5
 1631 003f 49       		.uleb128 0x49
ARM GAS  C:\Users\dr\AppData\Local\Temp\ccza7Fxr.s 			page 32


 1632 0040 13       		.uleb128 0x13
 1633 0041 00       		.byte	0
 1634 0042 00       		.byte	0
 1635 0043 06       		.uleb128 0x6
 1636 0044 13       		.uleb128 0x13
 1637 0045 01       		.byte	0x1
 1638 0046 0B       		.uleb128 0xb
 1639 0047 0B       		.uleb128 0xb
 1640 0048 3A       		.uleb128 0x3a
 1641 0049 0B       		.uleb128 0xb
 1642 004a 3B       		.uleb128 0x3b
 1643 004b 0B       		.uleb128 0xb
 1644 004c 01       		.uleb128 0x1
 1645 004d 13       		.uleb128 0x13
 1646 004e 00       		.byte	0
 1647 004f 00       		.byte	0
 1648 0050 07       		.uleb128 0x7
 1649 0051 0D       		.uleb128 0xd
 1650 0052 00       		.byte	0
 1651 0053 03       		.uleb128 0x3
 1652 0054 0E       		.uleb128 0xe
 1653 0055 3A       		.uleb128 0x3a
 1654 0056 0B       		.uleb128 0xb
 1655 0057 3B       		.uleb128 0x3b
 1656 0058 0B       		.uleb128 0xb
 1657 0059 49       		.uleb128 0x49
 1658 005a 13       		.uleb128 0x13
 1659 005b 38       		.uleb128 0x38
 1660 005c 0B       		.uleb128 0xb
 1661 005d 00       		.byte	0
 1662 005e 00       		.byte	0
 1663 005f 08       		.uleb128 0x8
 1664 0060 01       		.uleb128 0x1
 1665 0061 01       		.byte	0x1
 1666 0062 49       		.uleb128 0x49
 1667 0063 13       		.uleb128 0x13
 1668 0064 01       		.uleb128 0x1
 1669 0065 13       		.uleb128 0x13
 1670 0066 00       		.byte	0
 1671 0067 00       		.byte	0
 1672 0068 09       		.uleb128 0x9
 1673 0069 21       		.uleb128 0x21
 1674 006a 00       		.byte	0
 1675 006b 49       		.uleb128 0x49
 1676 006c 13       		.uleb128 0x13
 1677 006d 2F       		.uleb128 0x2f
 1678 006e 0B       		.uleb128 0xb
 1679 006f 00       		.byte	0
 1680 0070 00       		.byte	0
 1681 0071 0A       		.uleb128 0xa
 1682 0072 2E       		.uleb128 0x2e
 1683 0073 01       		.byte	0x1
 1684 0074 3F       		.uleb128 0x3f
 1685 0075 19       		.uleb128 0x19
 1686 0076 03       		.uleb128 0x3
 1687 0077 0E       		.uleb128 0xe
 1688 0078 3A       		.uleb128 0x3a
ARM GAS  C:\Users\dr\AppData\Local\Temp\ccza7Fxr.s 			page 33


 1689 0079 0B       		.uleb128 0xb
 1690 007a 3B       		.uleb128 0x3b
 1691 007b 0B       		.uleb128 0xb
 1692 007c 27       		.uleb128 0x27
 1693 007d 19       		.uleb128 0x19
 1694 007e 11       		.uleb128 0x11
 1695 007f 01       		.uleb128 0x1
 1696 0080 12       		.uleb128 0x12
 1697 0081 06       		.uleb128 0x6
 1698 0082 40       		.uleb128 0x40
 1699 0083 18       		.uleb128 0x18
 1700 0084 9642     		.uleb128 0x2116
 1701 0086 19       		.uleb128 0x19
 1702 0087 01       		.uleb128 0x1
 1703 0088 13       		.uleb128 0x13
 1704 0089 00       		.byte	0
 1705 008a 00       		.byte	0
 1706 008b 0B       		.uleb128 0xb
 1707 008c 34       		.uleb128 0x34
 1708 008d 00       		.byte	0
 1709 008e 03       		.uleb128 0x3
 1710 008f 08       		.uleb128 0x8
 1711 0090 3A       		.uleb128 0x3a
 1712 0091 0B       		.uleb128 0xb
 1713 0092 3B       		.uleb128 0x3b
 1714 0093 0B       		.uleb128 0xb
 1715 0094 49       		.uleb128 0x49
 1716 0095 13       		.uleb128 0x13
 1717 0096 02       		.uleb128 0x2
 1718 0097 17       		.uleb128 0x17
 1719 0098 00       		.byte	0
 1720 0099 00       		.byte	0
 1721 009a 0C       		.uleb128 0xc
 1722 009b 34       		.uleb128 0x34
 1723 009c 00       		.byte	0
 1724 009d 03       		.uleb128 0x3
 1725 009e 0E       		.uleb128 0xe
 1726 009f 3A       		.uleb128 0x3a
 1727 00a0 0B       		.uleb128 0xb
 1728 00a1 3B       		.uleb128 0x3b
 1729 00a2 0B       		.uleb128 0xb
 1730 00a3 49       		.uleb128 0x49
 1731 00a4 13       		.uleb128 0x13
 1732 00a5 02       		.uleb128 0x2
 1733 00a6 17       		.uleb128 0x17
 1734 00a7 00       		.byte	0
 1735 00a8 00       		.byte	0
 1736 00a9 0D       		.uleb128 0xd
 1737 00aa 898201   		.uleb128 0x4109
 1738 00ad 00       		.byte	0
 1739 00ae 11       		.uleb128 0x11
 1740 00af 01       		.uleb128 0x1
 1741 00b0 31       		.uleb128 0x31
 1742 00b1 13       		.uleb128 0x13
 1743 00b2 00       		.byte	0
 1744 00b3 00       		.byte	0
 1745 00b4 0E       		.uleb128 0xe
ARM GAS  C:\Users\dr\AppData\Local\Temp\ccza7Fxr.s 			page 34


 1746 00b5 2E       		.uleb128 0x2e
 1747 00b6 01       		.byte	0x1
 1748 00b7 3F       		.uleb128 0x3f
 1749 00b8 19       		.uleb128 0x19
 1750 00b9 03       		.uleb128 0x3
 1751 00ba 0E       		.uleb128 0xe
 1752 00bb 3A       		.uleb128 0x3a
 1753 00bc 0B       		.uleb128 0xb
 1754 00bd 3B       		.uleb128 0x3b
 1755 00be 0B       		.uleb128 0xb
 1756 00bf 27       		.uleb128 0x27
 1757 00c0 19       		.uleb128 0x19
 1758 00c1 11       		.uleb128 0x11
 1759 00c2 01       		.uleb128 0x1
 1760 00c3 12       		.uleb128 0x12
 1761 00c4 06       		.uleb128 0x6
 1762 00c5 40       		.uleb128 0x40
 1763 00c6 18       		.uleb128 0x18
 1764 00c7 9742     		.uleb128 0x2117
 1765 00c9 19       		.uleb128 0x19
 1766 00ca 01       		.uleb128 0x1
 1767 00cb 13       		.uleb128 0x13
 1768 00cc 00       		.byte	0
 1769 00cd 00       		.byte	0
 1770 00ce 0F       		.uleb128 0xf
 1771 00cf 898201   		.uleb128 0x4109
 1772 00d2 01       		.byte	0x1
 1773 00d3 11       		.uleb128 0x11
 1774 00d4 01       		.uleb128 0x1
 1775 00d5 31       		.uleb128 0x31
 1776 00d6 13       		.uleb128 0x13
 1777 00d7 01       		.uleb128 0x1
 1778 00d8 13       		.uleb128 0x13
 1779 00d9 00       		.byte	0
 1780 00da 00       		.byte	0
 1781 00db 10       		.uleb128 0x10
 1782 00dc 8A8201   		.uleb128 0x410a
 1783 00df 00       		.byte	0
 1784 00e0 02       		.uleb128 0x2
 1785 00e1 18       		.uleb128 0x18
 1786 00e2 9142     		.uleb128 0x2111
 1787 00e4 18       		.uleb128 0x18
 1788 00e5 00       		.byte	0
 1789 00e6 00       		.byte	0
 1790 00e7 11       		.uleb128 0x11
 1791 00e8 34       		.uleb128 0x34
 1792 00e9 00       		.byte	0
 1793 00ea 03       		.uleb128 0x3
 1794 00eb 0E       		.uleb128 0xe
 1795 00ec 3A       		.uleb128 0x3a
 1796 00ed 0B       		.uleb128 0xb
 1797 00ee 3B       		.uleb128 0x3b
 1798 00ef 05       		.uleb128 0x5
 1799 00f0 49       		.uleb128 0x49
 1800 00f1 13       		.uleb128 0x13
 1801 00f2 3F       		.uleb128 0x3f
 1802 00f3 19       		.uleb128 0x19
ARM GAS  C:\Users\dr\AppData\Local\Temp\ccza7Fxr.s 			page 35


 1803 00f4 3C       		.uleb128 0x3c
 1804 00f5 19       		.uleb128 0x19
 1805 00f6 00       		.byte	0
 1806 00f7 00       		.byte	0
 1807 00f8 12       		.uleb128 0x12
 1808 00f9 35       		.uleb128 0x35
 1809 00fa 00       		.byte	0
 1810 00fb 49       		.uleb128 0x49
 1811 00fc 13       		.uleb128 0x13
 1812 00fd 00       		.byte	0
 1813 00fe 00       		.byte	0
 1814 00ff 13       		.uleb128 0x13
 1815 0100 34       		.uleb128 0x34
 1816 0101 00       		.byte	0
 1817 0102 03       		.uleb128 0x3
 1818 0103 0E       		.uleb128 0xe
 1819 0104 3A       		.uleb128 0x3a
 1820 0105 0B       		.uleb128 0xb
 1821 0106 3B       		.uleb128 0x3b
 1822 0107 0B       		.uleb128 0xb
 1823 0108 49       		.uleb128 0x49
 1824 0109 13       		.uleb128 0x13
 1825 010a 3F       		.uleb128 0x3f
 1826 010b 19       		.uleb128 0x19
 1827 010c 02       		.uleb128 0x2
 1828 010d 18       		.uleb128 0x18
 1829 010e 00       		.byte	0
 1830 010f 00       		.byte	0
 1831 0110 14       		.uleb128 0x14
 1832 0111 34       		.uleb128 0x34
 1833 0112 00       		.byte	0
 1834 0113 03       		.uleb128 0x3
 1835 0114 08       		.uleb128 0x8
 1836 0115 3A       		.uleb128 0x3a
 1837 0116 0B       		.uleb128 0xb
 1838 0117 3B       		.uleb128 0x3b
 1839 0118 0B       		.uleb128 0xb
 1840 0119 49       		.uleb128 0x49
 1841 011a 13       		.uleb128 0x13
 1842 011b 3F       		.uleb128 0x3f
 1843 011c 19       		.uleb128 0x19
 1844 011d 02       		.uleb128 0x2
 1845 011e 18       		.uleb128 0x18
 1846 011f 00       		.byte	0
 1847 0120 00       		.byte	0
 1848 0121 15       		.uleb128 0x15
 1849 0122 2E       		.uleb128 0x2e
 1850 0123 00       		.byte	0
 1851 0124 3F       		.uleb128 0x3f
 1852 0125 19       		.uleb128 0x19
 1853 0126 3C       		.uleb128 0x3c
 1854 0127 19       		.uleb128 0x19
 1855 0128 6E       		.uleb128 0x6e
 1856 0129 0E       		.uleb128 0xe
 1857 012a 03       		.uleb128 0x3
 1858 012b 0E       		.uleb128 0xe
 1859 012c 3A       		.uleb128 0x3a
ARM GAS  C:\Users\dr\AppData\Local\Temp\ccza7Fxr.s 			page 36


 1860 012d 0B       		.uleb128 0xb
 1861 012e 3B       		.uleb128 0x3b
 1862 012f 0B       		.uleb128 0xb
 1863 0130 00       		.byte	0
 1864 0131 00       		.byte	0
 1865 0132 00       		.byte	0
 1866              		.section	.debug_loc,"",%progbits
 1867              	.Ldebug_loc0:
 1868              	.LLST0:
 1869 0000 12000000 		.4byte	.LVL1
 1870 0004 16000000 		.4byte	.LVL2
 1871 0008 0100     		.2byte	0x1
 1872 000a 53       		.byte	0x53
 1873 000b 16000000 		.4byte	.LVL2
 1874 000f 20000000 		.4byte	.LVL4
 1875 0013 0300     		.2byte	0x3
 1876 0015 08       		.byte	0x8
 1877 0016 73       		.byte	0x73
 1878 0017 9F       		.byte	0x9f
 1879 0018 20000000 		.4byte	.LVL4
 1880 001c 26000000 		.4byte	.LVL7
 1881 0020 0100     		.2byte	0x1
 1882 0022 53       		.byte	0x53
 1883 0023 00000000 		.4byte	0
 1884 0027 00000000 		.4byte	0
 1885              	.LLST1:
 1886 002b 0C000000 		.4byte	.LVL0
 1887 002f 16000000 		.4byte	.LVL2
 1888 0033 0200     		.2byte	0x2
 1889 0035 34       		.byte	0x34
 1890 0036 9F       		.byte	0x9f
 1891 0037 1E000000 		.4byte	.LVL3
 1892 003b 22000000 		.4byte	.LVL5
 1893 003f 0100     		.2byte	0x1
 1894 0041 55       		.byte	0x55
 1895 0042 00000000 		.4byte	0
 1896 0046 00000000 		.4byte	0
 1897              	.LLST2:
 1898 004a 24000000 		.4byte	.LVL6
 1899 004e FE000000 		.4byte	.LVL40
 1900 0052 0100     		.2byte	0x1
 1901 0054 55       		.byte	0x55
 1902 0055 00000000 		.4byte	0
 1903 0059 00000000 		.4byte	0
 1904              	.LLST3:
 1905 005d 64000000 		.4byte	.LVL14
 1906 0061 68000000 		.4byte	.LVL15
 1907 0065 0200     		.2byte	0x2
 1908 0067 30       		.byte	0x30
 1909 0068 9F       		.byte	0x9f
 1910 0069 68000000 		.4byte	.LVL15
 1911 006d 78000000 		.4byte	.LVL17
 1912 0071 0100     		.2byte	0x1
 1913 0073 53       		.byte	0x53
 1914 0074 A8000000 		.4byte	.LVL25
 1915 0078 AC000000 		.4byte	.LVL26
 1916 007c 0200     		.2byte	0x2
ARM GAS  C:\Users\dr\AppData\Local\Temp\ccza7Fxr.s 			page 37


 1917 007e 30       		.byte	0x30
 1918 007f 9F       		.byte	0x9f
 1919 0080 AC000000 		.4byte	.LVL26
 1920 0084 BC000000 		.4byte	.LVL28
 1921 0088 0100     		.2byte	0x1
 1922 008a 53       		.byte	0x53
 1923 008b E4000000 		.4byte	.LVL36
 1924 008f E8000000 		.4byte	.LVL37
 1925 0093 0200     		.2byte	0x2
 1926 0095 30       		.byte	0x30
 1927 0096 9F       		.byte	0x9f
 1928 0097 E8000000 		.4byte	.LVL37
 1929 009b F8000000 		.4byte	.LVL39
 1930 009f 0100     		.2byte	0x1
 1931 00a1 53       		.byte	0x53
 1932 00a2 26010000 		.4byte	.LVL47
 1933 00a6 2A010000 		.4byte	.LVL48
 1934 00aa 0200     		.2byte	0x2
 1935 00ac 30       		.byte	0x30
 1936 00ad 9F       		.byte	0x9f
 1937 00ae 2A010000 		.4byte	.LVL48
 1938 00b2 3E010000 		.4byte	.LVL50
 1939 00b6 0100     		.2byte	0x1
 1940 00b8 53       		.byte	0x53
 1941 00b9 48010000 		.4byte	.LVL51
 1942 00bd 50010000 		.4byte	.LVL52
 1943 00c1 0100     		.2byte	0x1
 1944 00c3 53       		.byte	0x53
 1945 00c4 5A010000 		.4byte	.LVL53
 1946 00c8 62010000 		.4byte	.LVL54
 1947 00cc 0100     		.2byte	0x1
 1948 00ce 53       		.byte	0x53
 1949 00cf 6C010000 		.4byte	.LVL55
 1950 00d3 74010000 		.4byte	.LVL56
 1951 00d7 0100     		.2byte	0x1
 1952 00d9 53       		.byte	0x53
 1953 00da 7E010000 		.4byte	.LVL57
 1954 00de 86010000 		.4byte	.LVL58
 1955 00e2 0100     		.2byte	0x1
 1956 00e4 53       		.byte	0x53
 1957 00e5 90010000 		.4byte	.LVL59
 1958 00e9 98010000 		.4byte	.LVL60
 1959 00ed 0100     		.2byte	0x1
 1960 00ef 53       		.byte	0x53
 1961 00f0 A2010000 		.4byte	.LVL61
 1962 00f4 A4010000 		.4byte	.LVL62
 1963 00f8 0100     		.2byte	0x1
 1964 00fa 53       		.byte	0x53
 1965 00fb 00000000 		.4byte	0
 1966 00ff 00000000 		.4byte	0
 1967              	.LLST4:
 1968 0103 24000000 		.4byte	.LVL6
 1969 0107 3A000000 		.4byte	.LVL8
 1970 010b 0100     		.2byte	0x1
 1971 010d 55       		.byte	0x55
 1972 010e 3A000000 		.4byte	.LVL8
 1973 0112 80000000 		.4byte	.LVL18
ARM GAS  C:\Users\dr\AppData\Local\Temp\ccza7Fxr.s 			page 38


 1974 0116 0100     		.2byte	0x1
 1975 0118 58       		.byte	0x58
 1976 0119 80000000 		.4byte	.LVL18
 1977 011d 88000000 		.4byte	.LVL19
 1978 0121 1C00     		.2byte	0x1c
 1979 0123 75       		.byte	0x75
 1980 0124 00       		.sleb128 0
 1981 0125 F7       		.byte	0xf7
 1982 0126 2C       		.uleb128 0x2c
 1983 0127 F7       		.byte	0xf7
 1984 0128 25       		.uleb128 0x25
 1985 0129 F4       		.byte	0xf4
 1986 012a 25       		.uleb128 0x25
 1987 012b 08       		.byte	0x8
 1988 012c ABAAAAAA 		.8byte	0xaaaaaaab
 1988      00000000 
 1989 0134 1E       		.byte	0x1e
 1990 0135 08       		.byte	0x8
 1991 0136 20       		.byte	0x20
 1992 0137 F7       		.byte	0xf7
 1993 0138 25       		.uleb128 0x25
 1994 0139 25       		.byte	0x25
 1995 013a F7       		.byte	0xf7
 1996 013b 2C       		.uleb128 0x2c
 1997 013c 31       		.byte	0x31
 1998 013d 25       		.byte	0x25
 1999 013e 9F       		.byte	0x9f
 2000 013f 88000000 		.4byte	.LVL19
 2001 0143 C0000000 		.4byte	.LVL29
 2002 0147 0100     		.2byte	0x1
 2003 0149 58       		.byte	0x58
 2004 014a C0000000 		.4byte	.LVL29
 2005 014e C4000000 		.4byte	.LVL30
 2006 0152 3700     		.2byte	0x37
 2007 0154 75       		.byte	0x75
 2008 0155 00       		.sleb128 0
 2009 0156 75       		.byte	0x75
 2010 0157 00       		.sleb128 0
 2011 0158 F7       		.byte	0xf7
 2012 0159 2C       		.uleb128 0x2c
 2013 015a F7       		.byte	0xf7
 2014 015b 25       		.uleb128 0x25
 2015 015c 0C       		.byte	0xc
 2016 015d 25499224 		.4byte	0x24924925
 2017 0161 F7       		.byte	0xf7
 2018 0162 25       		.uleb128 0x25
 2019 0163 1E       		.byte	0x1e
 2020 0164 08       		.byte	0x8
 2021 0165 20       		.byte	0x20
 2022 0166 F7       		.byte	0xf7
 2023 0167 25       		.uleb128 0x25
 2024 0168 25       		.byte	0x25
 2025 0169 F7       		.byte	0xf7
 2026 016a 2C       		.uleb128 0x2c
 2027 016b 1C       		.byte	0x1c
 2028 016c 31       		.byte	0x31
 2029 016d 25       		.byte	0x25
ARM GAS  C:\Users\dr\AppData\Local\Temp\ccza7Fxr.s 			page 39


 2030 016e 75       		.byte	0x75
 2031 016f 00       		.sleb128 0
 2032 0170 F7       		.byte	0xf7
 2033 0171 2C       		.uleb128 0x2c
 2034 0172 F7       		.byte	0xf7
 2035 0173 25       		.uleb128 0x25
 2036 0174 0C       		.byte	0xc
 2037 0175 25499224 		.4byte	0x24924925
 2038 0179 F7       		.byte	0xf7
 2039 017a 25       		.uleb128 0x25
 2040 017b 1E       		.byte	0x1e
 2041 017c 08       		.byte	0x8
 2042 017d 20       		.byte	0x20
 2043 017e F7       		.byte	0xf7
 2044 017f 25       		.uleb128 0x25
 2045 0180 25       		.byte	0x25
 2046 0181 F7       		.byte	0xf7
 2047 0182 2C       		.uleb128 0x2c
 2048 0183 22       		.byte	0x22
 2049 0184 09       		.byte	0x9
 2050 0185 FA       		.byte	0xfa
 2051 0186 24       		.byte	0x24
 2052 0187 09       		.byte	0x9
 2053 0188 FC       		.byte	0xfc
 2054 0189 25       		.byte	0x25
 2055 018a 9F       		.byte	0x9f
 2056 018b C4000000 		.4byte	.LVL30
 2057 018f 06010000 		.4byte	.LVL41
 2058 0193 0100     		.2byte	0x1
 2059 0195 58       		.byte	0x58
 2060 0196 06010000 		.4byte	.LVL41
 2061 019a B8010000 		.4byte	.LVL65
 2062 019e 0100     		.2byte	0x1
 2063 01a0 55       		.byte	0x55
 2064 01a1 00000000 		.4byte	0
 2065 01a5 00000000 		.4byte	0
 2066              	.LLST5:
 2067 01a9 64000000 		.4byte	.LVL14
 2068 01ad 8A000000 		.4byte	.LVL20
 2069 01b1 0100     		.2byte	0x1
 2070 01b3 50       		.byte	0x50
 2071 01b4 A8000000 		.4byte	.LVL25
 2072 01b8 C6000000 		.4byte	.LVL31
 2073 01bc 0100     		.2byte	0x1
 2074 01be 50       		.byte	0x50
 2075 01bf E4000000 		.4byte	.LVL36
 2076 01c3 08010000 		.4byte	.LVL42
 2077 01c7 0100     		.2byte	0x1
 2078 01c9 50       		.byte	0x50
 2079 01ca 26010000 		.4byte	.LVL47
 2080 01ce B0010000 		.4byte	.LVL63
 2081 01d2 0100     		.2byte	0x1
 2082 01d4 50       		.byte	0x50
 2083 01d5 00000000 		.4byte	0
 2084 01d9 00000000 		.4byte	0
 2085              		.section	.debug_aranges,"",%progbits
 2086 0000 24000000 		.4byte	0x24
ARM GAS  C:\Users\dr\AppData\Local\Temp\ccza7Fxr.s 			page 40


 2087 0004 0200     		.2byte	0x2
 2088 0006 00000000 		.4byte	.Ldebug_info0
 2089 000a 04       		.byte	0x4
 2090 000b 00       		.byte	0
 2091 000c 0000     		.2byte	0
 2092 000e 0000     		.2byte	0
 2093 0010 00000000 		.4byte	.LFB64
 2094 0014 F8010000 		.4byte	.LFE64-.LFB64
 2095 0018 00000000 		.4byte	.LFB63
 2096 001c 2C000000 		.4byte	.LFE63-.LFB63
 2097 0020 00000000 		.4byte	0
 2098 0024 00000000 		.4byte	0
 2099              		.section	.debug_ranges,"",%progbits
 2100              	.Ldebug_ranges0:
 2101 0000 00000000 		.4byte	.LFB64
 2102 0004 F8010000 		.4byte	.LFE64
 2103 0008 00000000 		.4byte	.LFB63
 2104 000c 2C000000 		.4byte	.LFE63
 2105 0010 00000000 		.4byte	0
 2106 0014 00000000 		.4byte	0
 2107              		.section	.debug_line,"",%progbits
 2108              	.Ldebug_line0:
 2109 0000 76020000 		.section	.debug_str,"MS",%progbits,1
 2109      0200DE01 
 2109      00000201 
 2109      FB0E0D00 
 2109      01010101 
 2110              	.LASF26:
 2111 0000 4C696E6B 		.ascii	"Link\000"
 2111      00
 2112              	.LASF31:
 2113 0005 68656164 		.ascii	"header\000"
 2113      657200
 2114              	.LASF70:
 2115 000c 636F6C56 		.ascii	"colValH\000"
 2115      616C4800 
 2116              	.LASF85:
 2117 0014 464C4147 		.ascii	"FLAG_TX_DONE\000"
 2117      5F54585F 
 2117      444F4E45 
 2117      00
 2118              	.LASF82:
 2119 0021 444D415F 		.ascii	"DMA_HAM2SER_Chan\000"
 2119      48414D32 
 2119      5345525F 
 2119      4368616E 
 2119      00
 2120              	.LASF57:
 2121 0032 69326353 		.ascii	"i2cSda\000"
 2121      646100
 2122              	.LASF39:
 2123 0039 494E4954 		.ascii	"INIT_DIMMING_CONTROL\000"
 2123      5F44494D 
 2123      4D494E47 
 2123      5F434F4E 
 2123      54524F4C 
 2124              	.LASF99:
ARM GAS  C:\Users\dr\AppData\Local\Temp\ccza7Fxr.s 			page 41


 2125 004e 50574D5F 		.ascii	"PWM_LED_WriteCompare\000"
 2125      4C45445F 
 2125      57726974 
 2125      65436F6D 
 2125      70617265 
 2126              	.LASF58:
 2127 0063 69326342 		.ascii	"i2cBuf\000"
 2127      756600
 2128              	.LASF54:
 2129 006a 7369676E 		.ascii	"signalMean\000"
 2129      616C4D65 
 2129      616E00
 2130              	.LASF4:
 2131 0075 73686F72 		.ascii	"short int\000"
 2131      7420696E 
 2131      7400
 2132              	.LASF61:
 2133 007f 69326344 		.ascii	"i2cData\000"
 2133      61746100 
 2134              	.LASF22:
 2135 0087 73697A65 		.ascii	"sizetype\000"
 2135      74797065 
 2135      00
 2136              	.LASF49:
 2137 0090 74657374 		.ascii	"test16\000"
 2137      313600
 2138              	.LASF81:
 2139 0097 73685F66 		.ascii	"sh_fifo\000"
 2139      69666F00 
 2140              	.LASF47:
 2141 009f 73657269 		.ascii	"serialTest\000"
 2141      616C5465 
 2141      737400
 2142              	.LASF38:
 2143 00aa 75706461 		.ascii	"updateSymbols\000"
 2143      74655379 
 2143      6D626F6C 
 2143      7300
 2144              	.LASF41:
 2145 00b8 62756666 		.ascii	"bufferUart\000"
 2145      65725561 
 2145      727400
 2146              	.LASF46:
 2147 00c3 6C657665 		.ascii	"levels_82\000"
 2147      6C735F38 
 2147      3200
 2148              	.LASF68:
 2149 00cd 444D415F 		.ascii	"DMA_PAY_TD\000"
 2149      5041595F 
 2149      544400
 2150              	.LASF50:
 2151 00d8 62756666 		.ascii	"buffer_uart\000"
 2151      65725F75 
 2151      61727400 
 2152              	.LASF98:
 2153 00e4 50574D5F 		.ascii	"PWM_LED_Start\000"
 2153      4C45445F 
ARM GAS  C:\Users\dr\AppData\Local\Temp\ccza7Fxr.s 			page 42


 2153      53746172 
 2153      7400
 2154              	.LASF14:
 2155 00f2 75696E74 		.ascii	"uint16\000"
 2155      313600
 2156              	.LASF11:
 2157 00f9 75696E74 		.ascii	"uint8_t\000"
 2157      385F7400 
 2158              	.LASF17:
 2159 0101 696E7431 		.ascii	"int16\000"
 2159      3600
 2160              	.LASF52:
 2161 0107 73746570 		.ascii	"stepSize\000"
 2161      53697A65 
 2161      00
 2162              	.LASF103:
 2163 0110 433A5C55 		.ascii	"C:\\Users\\dr\\Documents\\GitHub\\SHW\\SHW_full\\SH"
 2163      73657273 
 2163      5C64725C 
 2163      446F6375 
 2163      6D656E74 
 2164 013c 575F6675 		.ascii	"W_full.cydsn\000"
 2164      6C6C2E63 
 2164      7964736E 
 2164      00
 2165              	.LASF95:
 2166 0149 73796D43 		.ascii	"symCnt\000"
 2166      6E7400
 2167              	.LASF48:
 2168 0150 74657374 		.ascii	"test8\000"
 2168      3800
 2169              	.LASF55:
 2170 0156 69326353 		.ascii	"i2cStart\000"
 2170      74617274 
 2170      00
 2171              	.LASF2:
 2172 015f 7369676E 		.ascii	"signed char\000"
 2172      65642063 
 2172      68617200 
 2173              	.LASF78:
 2174 016b 68616D57 		.ascii	"hamWordCheck\000"
 2174      6F726443 
 2174      6865636B 
 2174      00
 2175              	.LASF18:
 2176 0178 666C6F61 		.ascii	"float\000"
 2176      7400
 2177              	.LASF44:
 2178 017e 6C657665 		.ascii	"levels_48\000"
 2178      6C735F34 
 2178      3800
 2179              	.LASF10:
 2180 0188 6C6F6E67 		.ascii	"long long int\000"
 2180      206C6F6E 
 2180      6720696E 
 2180      7400
 2181              	.LASF16:
ARM GAS  C:\Users\dr\AppData\Local\Temp\ccza7Fxr.s 			page 43


 2182 0196 696E7438 		.ascii	"int8\000"
 2182      00
 2183              	.LASF8:
 2184 019b 6C6F6E67 		.ascii	"long int\000"
 2184      20696E74 
 2184      00
 2185              	.LASF37:
 2186 01a4 62617365 		.ascii	"base\000"
 2186      00
 2187              	.LASF67:
 2188 01a9 444D415F 		.ascii	"DMA_PAY_Chan\000"
 2188      5041595F 
 2188      4368616E 
 2188      00
 2189              	.LASF88:
 2190 01b6 6D385472 		.ascii	"m8Track\000"
 2190      61636B00 
 2191              	.LASF72:
 2192 01be 72784D6F 		.ascii	"rxModLevel\000"
 2192      644C6576 
 2192      656C00
 2193              	.LASF6:
 2194 01c9 5F5F7569 		.ascii	"__uint8_t\000"
 2194      6E74385F 
 2194      7400
 2195              	.LASF3:
 2196 01d3 756E7369 		.ascii	"unsigned char\000"
 2196      676E6564 
 2196      20636861 
 2196      7200
 2197              	.LASF27:
 2198 01e1 6C696E6B 		.ascii	"links\000"
 2198      7300
 2199              	.LASF23:
 2200 01e7 6E6F6465 		.ascii	"node\000"
 2200      00
 2201              	.LASF86:
 2202 01ec 6D325472 		.ascii	"m2Track\000"
 2202      61636B00 
 2203              	.LASF97:
 2204 01f4 43524547 		.ascii	"CREG_L_Write\000"
 2204      5F4C5F57 
 2204      72697465 
 2204      00
 2205              	.LASF80:
 2206 0201 73685F6C 		.ascii	"sh_load\000"
 2206      6F616400 
 2207              	.LASF28:
 2208 0209 506F7274 		.ascii	"Port\000"
 2208      00
 2209              	.LASF21:
 2210 020e 6C6F6E67 		.ascii	"long double\000"
 2210      20646F75 
 2210      626C6500 
 2211              	.LASF62:
 2212 021a 69326352 		.ascii	"i2cRun\000"
 2212      756E00
ARM GAS  C:\Users\dr\AppData\Local\Temp\ccza7Fxr.s 			page 44


 2213              	.LASF65:
 2214 0221 64657669 		.ascii	"deviceAddress\000"
 2214      63654164 
 2214      64726573 
 2214      7300
 2215              	.LASF60:
 2216 022f 69326349 		.ascii	"i2cInstr\000"
 2216      6E737472 
 2216      00
 2217              	.LASF45:
 2218 0238 6C657665 		.ascii	"levels_15\000"
 2218      6C735F31 
 2218      3500
 2219              	.LASF71:
 2220 0242 61646356 		.ascii	"adcValue\000"
 2220      616C7565 
 2220      00
 2221              	.LASF12:
 2222 024b 696E7433 		.ascii	"int32_t\000"
 2222      325F7400 
 2223              	.LASF0:
 2224 0253 6C6F6E67 		.ascii	"long long unsigned int\000"
 2224      206C6F6E 
 2224      6720756E 
 2224      7369676E 
 2224      65642069 
 2225              	.LASF92:
 2226 026a 73796D62 		.ascii	"symbolNext\000"
 2226      6F6C4E65 
 2226      787400
 2227              	.LASF79:
 2228 0275 73685F74 		.ascii	"sh_test\000"
 2228      65737400 
 2229              	.LASF83:
 2230 027d 444D415F 		.ascii	"DMA_HAM2SER_TD\000"
 2230      48414D32 
 2230      5345525F 
 2230      544400
 2231              	.LASF1:
 2232 028c 756E7369 		.ascii	"unsigned int\000"
 2232      676E6564 
 2232      20696E74 
 2232      00
 2233              	.LASF77:
 2234 0299 68656164 		.ascii	"headCnt\000"
 2234      436E7400 
 2235              	.LASF90:
 2236 02a1 6D333254 		.ascii	"m32Track\000"
 2236      7261636B 
 2236      00
 2237              	.LASF93:
 2238 02aa 6C4D6173 		.ascii	"lMask\000"
 2238      6B00
 2239              	.LASF91:
 2240 02b0 74726163 		.ascii	"trackSum\000"
 2240      6B53756D 
 2240      00
ARM GAS  C:\Users\dr\AppData\Local\Temp\ccza7Fxr.s 			page 45


 2241              	.LASF30:
 2242 02b9 68466965 		.ascii	"hFields\000"
 2242      6C647300 
 2243              	.LASF5:
 2244 02c1 73686F72 		.ascii	"short unsigned int\000"
 2244      7420756E 
 2244      7369676E 
 2244      65642069 
 2244      6E7400
 2245              	.LASF33:
 2246 02d4 696E5573 		.ascii	"inUse\000"
 2246      6500
 2247              	.LASF20:
 2248 02da 63686172 		.ascii	"char\000"
 2248      00
 2249              	.LASF66:
 2250 02df 726F7574 		.ascii	"routingTable\000"
 2250      696E6754 
 2250      61626C65 
 2250      00
 2251              	.LASF94:
 2252 02ec 73796D54 		.ascii	"symTx\000"
 2252      7800
 2253              	.LASF64:
 2254 02f2 64657669 		.ascii	"deviceID\000"
 2254      63654944 
 2254      00
 2255              	.LASF34:
 2256 02fb 5061636B 		.ascii	"Packet4\000"
 2256      65743400 
 2257              	.LASF29:
 2258 0303 5F426F6F 		.ascii	"_Bool\000"
 2258      6C00
 2259              	.LASF35:
 2260 0309 6D6F6452 		.ascii	"modRange\000"
 2260      616E6765 
 2260      00
 2261              	.LASF15:
 2262 0312 75696E74 		.ascii	"uint32\000"
 2262      333200
 2263              	.LASF25:
 2264 0319 6D6F644C 		.ascii	"modLevel\000"
 2264      6576656C 
 2264      00
 2265              	.LASF9:
 2266 0322 6C6F6E67 		.ascii	"long unsigned int\000"
 2266      20756E73 
 2266      69676E65 
 2266      6420696E 
 2266      7400
 2267              	.LASF13:
 2268 0334 75696E74 		.ascii	"uint8\000"
 2268      3800
 2269              	.LASF19:
 2270 033a 646F7562 		.ascii	"double\000"
 2270      6C6500
 2271              	.LASF53:
ARM GAS  C:\Users\dr\AppData\Local\Temp\ccza7Fxr.s 			page 46


 2272 0341 73656E64 		.ascii	"send15Cont\000"
 2272      3135436F 
 2272      6E7400
 2273              	.LASF59:
 2274 034c 69326341 		.ascii	"i2cAddr\000"
 2274      64647200 
 2275              	.LASF56:
 2276 0354 69326343 		.ascii	"i2cClk\000"
 2276      6C6B00
 2277              	.LASF69:
 2278 035b 7061636B 		.ascii	"packets4\000"
 2278      65747334 
 2278      00
 2279              	.LASF51:
 2280 0364 75617274 		.ascii	"uart_type\000"
 2280      5F747970 
 2280      6500
 2281              	.LASF43:
 2282 036e 464C4147 		.ascii	"FLAG_SER_TX_INIT\000"
 2282      5F534552 
 2282      5F54585F 
 2282      494E4954 
 2282      00
 2283              	.LASF7:
 2284 037f 5F5F696E 		.ascii	"__int32_t\000"
 2284      7433325F 
 2284      7400
 2285              	.LASF75:
 2286 0389 72785372 		.ascii	"rxSrc\000"
 2286      6300
 2287              	.LASF24:
 2288 038f 6E6F6973 		.ascii	"noise\000"
 2288      6500
 2289              	.LASF74:
 2290 0395 72785472 		.ascii	"rxTrackSum\000"
 2290      61636B53 
 2290      756D00
 2291              	.LASF63:
 2292 03a0 69326357 		.ascii	"i2cWord\000"
 2292      6F726400 
 2293              	.LASF42:
 2294 03a8 464C4147 		.ascii	"FLAG_SER_EVENT\000"
 2294      5F534552 
 2294      5F455645 
 2294      4E5400
 2295              	.LASF76:
 2296 03b7 72784473 		.ascii	"rxDst\000"
 2296      7400
 2297              	.LASF87:
 2298 03bd 6D345472 		.ascii	"m4Track\000"
 2298      61636B00 
 2299              	.LASF40:
 2300 03c5 49544D5F 		.ascii	"ITM_RxBuffer\000"
 2300      52784275 
 2300      66666572 
 2300      00
 2301              	.LASF101:
ARM GAS  C:\Users\dr\AppData\Local\Temp\ccza7Fxr.s 			page 47


 2302 03d2 474E5520 		.ascii	"GNU C11 5.4.1 20160609 (release) [ARM/embedded-5-br"
 2302      43313120 
 2302      352E342E 
 2302      31203230 
 2302      31363036 
 2303 0405 616E6368 		.ascii	"anch revision 237715] -mcpu=cortex-m3 -mthumb -g -O"
 2303      20726576 
 2303      6973696F 
 2303      6E203233 
 2303      37373135 
 2304 0438 67202D66 		.ascii	"g -ffunction-sections -ffat-lto-objects\000"
 2304      66756E63 
 2304      74696F6E 
 2304      2D736563 
 2304      74696F6E 
 2305              	.LASF102:
 2306 0460 64696D6D 		.ascii	"dimmingcontrol.c\000"
 2306      696E6763 
 2306      6F6E7472 
 2306      6F6C2E63 
 2306      00
 2307              	.LASF100:
 2308 0471 43794465 		.ascii	"CyDelay\000"
 2308      6C617900 
 2309              	.LASF96:
 2310 0479 64696D4C 		.ascii	"dimLevel\000"
 2310      6576656C 
 2310      00
 2311              	.LASF36:
 2312 0482 73746570 		.ascii	"step\000"
 2312      00
 2313              	.LASF84:
 2314 0487 464C4147 		.ascii	"FLAG_TX_EVENT\000"
 2314      5F54585F 
 2314      4556454E 
 2314      5400
 2315              	.LASF32:
 2316 0495 7061796C 		.ascii	"payload\000"
 2316      6F616400 
 2317              	.LASF89:
 2318 049d 6D313654 		.ascii	"m16Track\000"
 2318      7261636B 
 2318      00
 2319              	.LASF73:
 2320 04a6 72784C65 		.ascii	"rxLength\000"
 2320      6E677468 
 2320      00
 2321              		.ident	"GCC: (GNU Tools for ARM Embedded Processors) 5.4.1 20160609 (release) [ARM/embedded-5-bran
