ARM GAS  C:\Users\dr\AppData\Local\Temp\cclwAET6.s 			page 1


   1              		.syntax unified
   2              		.cpu cortex-m3
   3              		.fpu softvfp
   4              		.eabi_attribute 20, 1
   5              		.eabi_attribute 21, 1
   6              		.eabi_attribute 23, 3
   7              		.eabi_attribute 24, 1
   8              		.eabi_attribute 25, 1
   9              		.eabi_attribute 26, 1
  10              		.eabi_attribute 30, 1
  11              		.eabi_attribute 34, 1
  12              		.eabi_attribute 18, 4
  13              		.thumb
  14              		.syntax unified
  15              		.file	"dlm.c"
  16              		.text
  17              	.Ltext0:
  18              		.cfi_sections	.debug_frame
  19              		.section	.text.send_device_id,"ax",%progbits
  20              		.align	2
  21              		.global	send_device_id
  22              		.thumb
  23              		.thumb_func
  24              		.type	send_device_id, %function
  25              	send_device_id:
  26              	.LFB64:
  27              		.file 1 "dlm.c"
   1:dlm.c         **** /* ========================================
   2:dlm.c         ****  *
   3:dlm.c         ****  * SHW - Visible light Communication Controller
   4:dlm.c         ****  * Bjarki Johannsson 2017
   5:dlm.c         ****  * Open Source
   6:dlm.c         ****  *
   7:dlm.c         ****  *
   8:dlm.c         ****  * ========================================
   9:dlm.c         **** */
  10:dlm.c         **** 
  11:dlm.c         **** #include "dlm.h"
  12:dlm.c         **** 
  13:dlm.c         **** void INIT_DLM() {
  14:dlm.c         ****     int i, j;
  15:dlm.c         **** //    for (i=0; i<3; i++) {
  16:dlm.c         **** //        for (j=0; j<3; j++) {
  17:dlm.c         **** //            routingTable[i].links[j].node = 0;
  18:dlm.c         **** //            routingTable[i].links[j].noise = 0;
  19:dlm.c         **** //            routingTable[i].links[j].mod_type_allowed = 0;
  20:dlm.c         **** //        }
  21:dlm.c         **** //    }
  22:dlm.c         ****     CyGetUniqueId(&deviceID[0]);
  23:dlm.c         ****     set_address();
  24:dlm.c         **** }   
  25:dlm.c         **** 
  26:dlm.c         **** void send_device_id() {
  28              		.loc 1 26 0
  29              		.cfi_startproc
  30              		@ args = 0, pretend = 0, frame = 8
  31              		@ frame_needed = 0, uses_anonymous_args = 0
ARM GAS  C:\Users\dr\AppData\Local\Temp\cclwAET6.s 			page 2


  32 0000 00B5     		push	{lr}
  33              		.cfi_def_cfa_offset 4
  34              		.cfi_offset 14, -4
  35 0002 83B0     		sub	sp, sp, #12
  36              		.cfi_def_cfa_offset 16
  27:dlm.c         ****     uint8 id[8];
  28:dlm.c         ****     deviceID[0] = 9;
  37              		.loc 1 28 0
  38 0004 184A     		ldr	r2, .L6
  39 0006 0921     		movs	r1, #9
  40 0008 1160     		str	r1, [r2]
  29:dlm.c         ****     id[0] = (deviceID[0] >> 24) & 0xFF;
  41              		.loc 1 29 0
  42 000a 0023     		movs	r3, #0
  43 000c 8DF80030 		strb	r3, [sp]
  30:dlm.c         ****     id[1] = (deviceID[0] >> 16) & 0xFF;
  44              		.loc 1 30 0
  45 0010 8DF80130 		strb	r3, [sp, #1]
  31:dlm.c         ****     id[2] = (deviceID[0] >> 8) & 0xFF;
  46              		.loc 1 31 0
  47 0014 8DF80230 		strb	r3, [sp, #2]
  32:dlm.c         ****     id[3] = deviceID[0] & 0xFF;
  48              		.loc 1 32 0
  49 0018 8DF80310 		strb	r1, [sp, #3]
  33:dlm.c         ****     id[4] = ((deviceID[1]) >> 24) & 0xFF;
  50              		.loc 1 33 0
  51 001c 5368     		ldr	r3, [r2, #4]
  52 001e 1A0E     		lsrs	r2, r3, #24
  53 0020 8DF80420 		strb	r2, [sp, #4]
  34:dlm.c         ****     id[5] = ((deviceID[1]) >> 16) & 0xFF;
  54              		.loc 1 34 0
  55 0024 1A0C     		lsrs	r2, r3, #16
  56 0026 8DF80520 		strb	r2, [sp, #5]
  35:dlm.c         ****     id[6] = ((deviceID[1]) >> 8) & 0xFF;
  57              		.loc 1 35 0
  58 002a 1A0A     		lsrs	r2, r3, #8
  59 002c 8DF80620 		strb	r2, [sp, #6]
  36:dlm.c         ****     id[7] = (deviceID[1]) & 0xFF;
  60              		.loc 1 36 0
  61 0030 8DF80730 		strb	r3, [sp, #7]
  62              	.L2:
  63              	.LBB2:
  37:dlm.c         ****     
  38:dlm.c         ****     while(USBUART_1_CDCIsReady() == 0u);
  64              		.loc 1 38 0 discriminator 1
  65 0034 FFF7FEFF 		bl	USBUART_1_CDCIsReady
  66              	.LVL0:
  67 0038 0028     		cmp	r0, #0
  68 003a FBD0     		beq	.L2
  69              	.LBE2:
  39:dlm.c         ****     USBUART_1_PutString("ID:");       /* Send data back to PC */
  70              		.loc 1 39 0
  71 003c 0B48     		ldr	r0, .L6+4
  72 003e FFF7FEFF 		bl	USBUART_1_PutString
  73              	.LVL1:
  74              	.L3:
  75              	.LBB3:
ARM GAS  C:\Users\dr\AppData\Local\Temp\cclwAET6.s 			page 3


  40:dlm.c         ****     while(USBUART_1_CDCIsReady() == 0u);
  76              		.loc 1 40 0 discriminator 1
  77 0042 FFF7FEFF 		bl	USBUART_1_CDCIsReady
  78              	.LVL2:
  79 0046 0028     		cmp	r0, #0
  80 0048 FBD0     		beq	.L3
  81              	.LBE3:
  41:dlm.c         ****     USBUART_1_PutData(&id[0], 8);
  82              		.loc 1 41 0
  83 004a 0821     		movs	r1, #8
  84 004c 6846     		mov	r0, sp
  85 004e FFF7FEFF 		bl	USBUART_1_PutData
  86              	.LVL3:
  87              	.L4:
  88              	.LBB4:
  42:dlm.c         ****     while(USBUART_1_CDCIsReady() == 0u);
  89              		.loc 1 42 0 discriminator 1
  90 0052 FFF7FEFF 		bl	USBUART_1_CDCIsReady
  91              	.LVL4:
  92 0056 0028     		cmp	r0, #0
  93 0058 FBD0     		beq	.L4
  94              	.LBE4:
  43:dlm.c         ****     USBUART_1_PutData(&deviceAddress, 1);
  95              		.loc 1 43 0
  96 005a 0121     		movs	r1, #1
  97 005c 0448     		ldr	r0, .L6+8
  98 005e FFF7FEFF 		bl	USBUART_1_PutData
  99              	.LVL5:
  44:dlm.c         **** }
 100              		.loc 1 44 0
 101 0062 03B0     		add	sp, sp, #12
 102              		.cfi_def_cfa_offset 4
 103              		@ sp needed
 104 0064 5DF804FB 		ldr	pc, [sp], #4
 105              	.L7:
 106              		.align	2
 107              	.L6:
 108 0068 00000000 		.word	deviceID
 109 006c 00000000 		.word	.LC0
 110 0070 00000000 		.word	deviceAddress
 111              		.cfi_endproc
 112              	.LFE64:
 113              		.size	send_device_id, .-send_device_id
 114              		.section	.text.set_address,"ax",%progbits
 115              		.align	2
 116              		.global	set_address
 117              		.thumb
 118              		.thumb_func
 119              		.type	set_address, %function
 120              	set_address:
 121              	.LFB65:
  45:dlm.c         ****     
  46:dlm.c         **** void set_address() {
 122              		.loc 1 46 0
 123              		.cfi_startproc
 124              		@ args = 0, pretend = 0, frame = 0
 125              		@ frame_needed = 0, uses_anonymous_args = 0
ARM GAS  C:\Users\dr\AppData\Local\Temp\cclwAET6.s 			page 4


 126              		@ link register save eliminated.
  47:dlm.c         ****     if ( (deviceID[1] & 0xFF) == 12 ) {
 127              		.loc 1 47 0
 128 0000 094B     		ldr	r3, .L12
 129 0002 1B79     		ldrb	r3, [r3, #4]	@ zero_extendqisi2
 130 0004 0C2B     		cmp	r3, #12
 131 0006 03D1     		bne	.L9
  48:dlm.c         ****         deviceAddress = NODE_ID_1;
 132              		.loc 1 48 0
 133 0008 0122     		movs	r2, #1
 134 000a 084B     		ldr	r3, .L12+4
 135 000c 1A70     		strb	r2, [r3]
 136 000e 7047     		bx	lr
 137              	.L9:
  49:dlm.c         ****     }
  50:dlm.c         ****     else if ( (deviceID[1] & 0xFF) == 29 ) {
 138              		.loc 1 50 0
 139 0010 1D2B     		cmp	r3, #29
 140 0012 03D1     		bne	.L11
  51:dlm.c         ****         deviceAddress = NODE_ID_2;
 141              		.loc 1 51 0
 142 0014 0222     		movs	r2, #2
 143 0016 054B     		ldr	r3, .L12+4
 144 0018 1A70     		strb	r2, [r3]
 145 001a 7047     		bx	lr
 146              	.L11:
  52:dlm.c         ****     }
  53:dlm.c         ****     else if ( (deviceID[1] & 0xFF) == 13 ) {
 147              		.loc 1 53 0
 148 001c 0D2B     		cmp	r3, #13
 149 001e 02D1     		bne	.L8
  54:dlm.c         ****         deviceAddress = NODE_ID_3;
 150              		.loc 1 54 0
 151 0020 0322     		movs	r2, #3
 152 0022 024B     		ldr	r3, .L12+4
 153 0024 1A70     		strb	r2, [r3]
 154              	.L8:
 155 0026 7047     		bx	lr
 156              	.L13:
 157              		.align	2
 158              	.L12:
 159 0028 00000000 		.word	deviceID
 160 002c 00000000 		.word	deviceAddress
 161              		.cfi_endproc
 162              	.LFE65:
 163              		.size	set_address, .-set_address
 164              		.section	.text.INIT_DLM,"ax",%progbits
 165              		.align	2
 166              		.global	INIT_DLM
 167              		.thumb
 168              		.thumb_func
 169              		.type	INIT_DLM, %function
 170              	INIT_DLM:
 171              	.LFB63:
  13:dlm.c         ****     int i, j;
 172              		.loc 1 13 0
 173              		.cfi_startproc
ARM GAS  C:\Users\dr\AppData\Local\Temp\cclwAET6.s 			page 5


 174              		@ args = 0, pretend = 0, frame = 0
 175              		@ frame_needed = 0, uses_anonymous_args = 0
 176 0000 08B5     		push	{r3, lr}
 177              		.cfi_def_cfa_offset 8
 178              		.cfi_offset 3, -8
 179              		.cfi_offset 14, -4
  22:dlm.c         ****     set_address();
 180              		.loc 1 22 0
 181 0002 0348     		ldr	r0, .L16
 182 0004 FFF7FEFF 		bl	CyGetUniqueId
 183              	.LVL6:
  23:dlm.c         **** }   
 184              		.loc 1 23 0
 185 0008 FFF7FEFF 		bl	set_address
 186              	.LVL7:
 187 000c 08BD     		pop	{r3, pc}
 188              	.L17:
 189 000e 00BF     		.align	2
 190              	.L16:
 191 0010 00000000 		.word	deviceID
 192              		.cfi_endproc
 193              	.LFE63:
 194              		.size	INIT_DLM, .-INIT_DLM
 195              		.comm	routingTable,30,4
 196              		.comm	deviceAddress,1,1
 197              		.comm	deviceID,8,4
 198              		.comm	i2cWord,27,4
 199              		.comm	i2cRun,1,1
 200              		.comm	i2cData,1,1
 201              		.comm	i2cInstr,1,1
 202              		.comm	i2cAddr,1,1
 203              		.comm	i2cBuf,27,4
 204              		.comm	c,1,1
 205              		.comm	i2cSda,1,1
 206              		.comm	i2cClk,1,1
 207              		.comm	i2cStart,1,1
 208              		.comm	sum,4,4
 209              		.comm	signalMean,2,2
 210              		.comm	send15Cont,1,1
 211              		.comm	stepSize,1,1
 212              		.comm	uart_type,1,1
 213              		.comm	pre,1,1
 214              		.comm	del,1,1
 215              		.comm	buffer_uart,64,4
 216              		.comm	test16,2,2
 217              		.comm	test8,1,1
 218              		.comm	serialTest,2,4
 219              		.comm	levels_82,4,4
 220              		.comm	levels_15,4,4
 221              		.comm	levels_48,16,4
 222              		.comm	i,4,4
 223              		.comm	FLAG_SER_TX_INIT,1,1
 224              		.comm	FLAG_SER_EVENT,1,1
 225              		.comm	bufferUart,64,4
 226              		.section	.rodata.str1.4,"aMS",%progbits,1
 227              		.align	2
 228              	.LC0:
ARM GAS  C:\Users\dr\AppData\Local\Temp\cclwAET6.s 			page 6


 229 0000 49443A00 		.ascii	"ID:\000"
 230              		.text
 231              	.Letext0:
 232              		.file 2 "c:\\program files (x86)\\cypress\\psoc creator\\4.1\\psoc creator\\import\\gnu\\arm\\5.4.
 233              		.file 3 "c:\\program files (x86)\\cypress\\psoc creator\\4.1\\psoc creator\\import\\gnu\\arm\\5.4.
 234              		.file 4 "Generated_Source\\PSoC5/cytypes.h"
 235              		.file 5 "dlm.h"
 236              		.file 6 "Generated_Source\\PSoC5/core_cm3.h"
 237              		.file 7 "serial.h"
 238              		.file 8 "Generated_Source\\PSoC5/CyLib.h"
 239              		.section	.debug_info,"",%progbits
 240              	.Ldebug_info0:
 241 0000 77050000 		.4byte	0x577
 242 0004 0400     		.2byte	0x4
 243 0006 00000000 		.4byte	.Ldebug_abbrev0
 244 000a 04       		.byte	0x4
 245 000b 01       		.uleb128 0x1
 246 000c 87020000 		.4byte	.LASF60
 247 0010 0C       		.byte	0xc
 248 0011 56000000 		.4byte	.LASF61
 249 0015 8E000000 		.4byte	.LASF62
 250 0019 00000000 		.4byte	.Ldebug_ranges0+0
 251 001d 00000000 		.4byte	0
 252 0021 00000000 		.4byte	.Ldebug_line0
 253 0025 02       		.uleb128 0x2
 254 0026 01       		.byte	0x1
 255 0027 06       		.byte	0x6
 256 0028 82010000 		.4byte	.LASF0
 257 002c 02       		.uleb128 0x2
 258 002d 01       		.byte	0x1
 259 002e 08       		.byte	0x8
 260 002f 6A010000 		.4byte	.LASF1
 261 0033 02       		.uleb128 0x2
 262 0034 02       		.byte	0x2
 263 0035 05       		.byte	0x5
 264 0036 1E000000 		.4byte	.LASF2
 265 003a 02       		.uleb128 0x2
 266 003b 02       		.byte	0x2
 267 003c 07       		.byte	0x7
 268 003d BA010000 		.4byte	.LASF3
 269 0041 03       		.uleb128 0x3
 270 0042 47020000 		.4byte	.LASF9
 271 0046 02       		.byte	0x2
 272 0047 3F       		.byte	0x3f
 273 0048 4C000000 		.4byte	0x4c
 274 004c 02       		.uleb128 0x2
 275 004d 04       		.byte	0x4
 276 004e 05       		.byte	0x5
 277 004f 02010000 		.4byte	.LASF4
 278 0053 02       		.uleb128 0x2
 279 0054 04       		.byte	0x4
 280 0055 07       		.byte	0x7
 281 0056 04020000 		.4byte	.LASF5
 282 005a 02       		.uleb128 0x2
 283 005b 08       		.byte	0x8
 284 005c 05       		.byte	0x5
 285 005d E6000000 		.4byte	.LASF6
ARM GAS  C:\Users\dr\AppData\Local\Temp\cclwAET6.s 			page 7


 286 0061 02       		.uleb128 0x2
 287 0062 08       		.byte	0x8
 288 0063 07       		.byte	0x7
 289 0064 96010000 		.4byte	.LASF7
 290 0068 04       		.uleb128 0x4
 291 0069 04       		.byte	0x4
 292 006a 05       		.byte	0x5
 293 006b 696E7400 		.ascii	"int\000"
 294 006f 02       		.uleb128 0x2
 295 0070 04       		.byte	0x4
 296 0071 07       		.byte	0x7
 297 0072 AD010000 		.4byte	.LASF8
 298 0076 03       		.uleb128 0x3
 299 0077 8E010000 		.4byte	.LASF10
 300 007b 03       		.byte	0x3
 301 007c 2C       		.byte	0x2c
 302 007d 41000000 		.4byte	0x41
 303 0081 05       		.uleb128 0x5
 304 0082 E8010000 		.4byte	.LASF11
 305 0086 04       		.byte	0x4
 306 0087 9201     		.2byte	0x192
 307 0089 2C000000 		.4byte	0x2c
 308 008d 05       		.uleb128 0x5
 309 008e 7E000000 		.4byte	.LASF12
 310 0092 04       		.byte	0x4
 311 0093 9301     		.2byte	0x193
 312 0095 3A000000 		.4byte	0x3a
 313 0099 05       		.uleb128 0x5
 314 009a F4010000 		.4byte	.LASF13
 315 009e 04       		.byte	0x4
 316 009f 9401     		.2byte	0x194
 317 00a1 53000000 		.4byte	0x53
 318 00a5 02       		.uleb128 0x2
 319 00a6 04       		.byte	0x4
 320 00a7 04       		.byte	0x4
 321 00a8 D6000000 		.4byte	.LASF14
 322 00ac 02       		.uleb128 0x2
 323 00ad 08       		.byte	0x8
 324 00ae 04       		.byte	0x4
 325 00af 16020000 		.4byte	.LASF15
 326 00b3 02       		.uleb128 0x2
 327 00b4 01       		.byte	0x1
 328 00b5 08       		.byte	0x8
 329 00b6 CD010000 		.4byte	.LASF16
 330 00ba 02       		.uleb128 0x2
 331 00bb 08       		.byte	0x8
 332 00bc 04       		.byte	0x4
 333 00bd 49010000 		.4byte	.LASF17
 334 00c1 02       		.uleb128 0x2
 335 00c2 04       		.byte	0x4
 336 00c3 07       		.byte	0x7
 337 00c4 51020000 		.4byte	.LASF18
 338 00c8 06       		.uleb128 0x6
 339 00c9 03       		.byte	0x3
 340 00ca 05       		.byte	0x5
 341 00cb 2A       		.byte	0x2a
 342 00cc F5000000 		.4byte	0xf5
ARM GAS  C:\Users\dr\AppData\Local\Temp\cclwAET6.s 			page 8


 343 00d0 07       		.uleb128 0x7
 344 00d1 1B010000 		.4byte	.LASF19
 345 00d5 05       		.byte	0x5
 346 00d6 2B       		.byte	0x2b
 347 00d7 81000000 		.4byte	0x81
 348 00db 00       		.byte	0
 349 00dc 07       		.uleb128 0x7
 350 00dd 20010000 		.4byte	.LASF20
 351 00e1 05       		.byte	0x5
 352 00e2 2C       		.byte	0x2c
 353 00e3 81000000 		.4byte	0x81
 354 00e7 01       		.byte	0x1
 355 00e8 07       		.uleb128 0x7
 356 00e9 FB010000 		.4byte	.LASF21
 357 00ed 05       		.byte	0x5
 358 00ee 2D       		.byte	0x2d
 359 00ef 81000000 		.4byte	0x81
 360 00f3 02       		.byte	0x2
 361 00f4 00       		.byte	0
 362 00f5 03       		.uleb128 0x3
 363 00f6 00000000 		.4byte	.LASF22
 364 00fa 05       		.byte	0x5
 365 00fb 2E       		.byte	0x2e
 366 00fc C8000000 		.4byte	0xc8
 367 0100 06       		.uleb128 0x6
 368 0101 0A       		.byte	0xa
 369 0102 05       		.byte	0x5
 370 0103 30       		.byte	0x30
 371 0104 21010000 		.4byte	0x121
 372 0108 07       		.uleb128 0x7
 373 0109 15010000 		.4byte	.LASF23
 374 010d 05       		.byte	0x5
 375 010e 31       		.byte	0x31
 376 010f 21010000 		.4byte	0x121
 377 0113 00       		.byte	0
 378 0114 07       		.uleb128 0x7
 379 0115 20010000 		.4byte	.LASF20
 380 0119 05       		.byte	0x5
 381 011a 32       		.byte	0x32
 382 011b 81000000 		.4byte	0x81
 383 011f 09       		.byte	0x9
 384 0120 00       		.byte	0
 385 0121 08       		.uleb128 0x8
 386 0122 F5000000 		.4byte	0xf5
 387 0126 31010000 		.4byte	0x131
 388 012a 09       		.uleb128 0x9
 389 012b C1000000 		.4byte	0xc1
 390 012f 02       		.byte	0x2
 391 0130 00       		.byte	0
 392 0131 03       		.uleb128 0x3
 393 0132 44010000 		.4byte	.LASF24
 394 0136 05       		.byte	0x5
 395 0137 33       		.byte	0x33
 396 0138 00010000 		.4byte	0x100
 397 013c 0A       		.uleb128 0xa
 398 013d 1E030000 		.4byte	.LASF28
 399 0141 01       		.byte	0x1
ARM GAS  C:\Users\dr\AppData\Local\Temp\cclwAET6.s 			page 9


 400 0142 1A       		.byte	0x1a
 401 0143 00000000 		.4byte	.LFB64
 402 0147 74000000 		.4byte	.LFE64-.LFB64
 403 014b 01       		.uleb128 0x1
 404 014c 9C       		.byte	0x9c
 405 014d 41020000 		.4byte	0x241
 406 0151 0B       		.uleb128 0xb
 407 0152 696400   		.ascii	"id\000"
 408 0155 01       		.byte	0x1
 409 0156 1B       		.byte	0x1b
 410 0157 41020000 		.4byte	0x241
 411 015b 02       		.uleb128 0x2
 412 015c 91       		.byte	0x91
 413 015d 70       		.sleb128 -16
 414 015e 0C       		.uleb128 0xc
 415 015f 30000000 		.4byte	.LASF25
 416 0163 01       		.byte	0x1
 417 0164 27       		.byte	0x27
 418 0165 68000000 		.4byte	0x68
 419 0169 6F010000 		.4byte	0x16f
 420 016d 0D       		.uleb128 0xd
 421 016e 00       		.byte	0
 422 016f 0C       		.uleb128 0xc
 423 0170 32010000 		.4byte	.LASF26
 424 0174 01       		.byte	0x1
 425 0175 29       		.byte	0x29
 426 0176 68000000 		.4byte	0x68
 427 017a 80010000 		.4byte	0x180
 428 017e 0D       		.uleb128 0xd
 429 017f 00       		.byte	0
 430 0180 0E       		.uleb128 0xe
 431 0181 34000000 		.4byte	.LBB2
 432 0185 08000000 		.4byte	.LBE2-.LBB2
 433 0189 A8010000 		.4byte	0x1a8
 434 018d 0C       		.uleb128 0xc
 435 018e 2D030000 		.4byte	.LASF27
 436 0192 01       		.byte	0x1
 437 0193 26       		.byte	0x26
 438 0194 68000000 		.4byte	0x68
 439 0198 9E010000 		.4byte	0x19e
 440 019c 0D       		.uleb128 0xd
 441 019d 00       		.byte	0
 442 019e 0F       		.uleb128 0xf
 443 019f 38000000 		.4byte	.LVL0
 444 01a3 4E050000 		.4byte	0x54e
 445 01a7 00       		.byte	0
 446 01a8 0E       		.uleb128 0xe
 447 01a9 42000000 		.4byte	.LBB3
 448 01ad 08000000 		.4byte	.LBE3-.LBB3
 449 01b1 D0010000 		.4byte	0x1d0
 450 01b5 0C       		.uleb128 0xc
 451 01b6 2D030000 		.4byte	.LASF27
 452 01ba 01       		.byte	0x1
 453 01bb 26       		.byte	0x26
 454 01bc 68000000 		.4byte	0x68
 455 01c0 C6010000 		.4byte	0x1c6
 456 01c4 0D       		.uleb128 0xd
ARM GAS  C:\Users\dr\AppData\Local\Temp\cclwAET6.s 			page 10


 457 01c5 00       		.byte	0
 458 01c6 0F       		.uleb128 0xf
 459 01c7 46000000 		.4byte	.LVL2
 460 01cb 4E050000 		.4byte	0x54e
 461 01cf 00       		.byte	0
 462 01d0 0E       		.uleb128 0xe
 463 01d1 52000000 		.4byte	.LBB4
 464 01d5 08000000 		.4byte	.LBE4-.LBB4
 465 01d9 F8010000 		.4byte	0x1f8
 466 01dd 0C       		.uleb128 0xc
 467 01de 2D030000 		.4byte	.LASF27
 468 01e2 01       		.byte	0x1
 469 01e3 26       		.byte	0x26
 470 01e4 68000000 		.4byte	0x68
 471 01e8 EE010000 		.4byte	0x1ee
 472 01ec 0D       		.uleb128 0xd
 473 01ed 00       		.byte	0
 474 01ee 0F       		.uleb128 0xf
 475 01ef 56000000 		.4byte	.LVL4
 476 01f3 4E050000 		.4byte	0x54e
 477 01f7 00       		.byte	0
 478 01f8 10       		.uleb128 0x10
 479 01f9 42000000 		.4byte	.LVL1
 480 01fd 59050000 		.4byte	0x559
 481 0201 0F020000 		.4byte	0x20f
 482 0205 11       		.uleb128 0x11
 483 0206 01       		.uleb128 0x1
 484 0207 50       		.byte	0x50
 485 0208 05       		.uleb128 0x5
 486 0209 03       		.byte	0x3
 487 020a 00000000 		.4byte	.LC0
 488 020e 00       		.byte	0
 489 020f 10       		.uleb128 0x10
 490 0210 52000000 		.4byte	.LVL3
 491 0214 64050000 		.4byte	0x564
 492 0218 28020000 		.4byte	0x228
 493 021c 11       		.uleb128 0x11
 494 021d 01       		.uleb128 0x1
 495 021e 50       		.byte	0x50
 496 021f 02       		.uleb128 0x2
 497 0220 7D       		.byte	0x7d
 498 0221 00       		.sleb128 0
 499 0222 11       		.uleb128 0x11
 500 0223 01       		.uleb128 0x1
 501 0224 51       		.byte	0x51
 502 0225 01       		.uleb128 0x1
 503 0226 38       		.byte	0x38
 504 0227 00       		.byte	0
 505 0228 12       		.uleb128 0x12
 506 0229 62000000 		.4byte	.LVL5
 507 022d 64050000 		.4byte	0x564
 508 0231 11       		.uleb128 0x11
 509 0232 01       		.uleb128 0x1
 510 0233 50       		.byte	0x50
 511 0234 05       		.uleb128 0x5
 512 0235 03       		.byte	0x3
 513 0236 00000000 		.4byte	deviceAddress
ARM GAS  C:\Users\dr\AppData\Local\Temp\cclwAET6.s 			page 11


 514 023a 11       		.uleb128 0x11
 515 023b 01       		.uleb128 0x1
 516 023c 51       		.byte	0x51
 517 023d 01       		.uleb128 0x1
 518 023e 31       		.byte	0x31
 519 023f 00       		.byte	0
 520 0240 00       		.byte	0
 521 0241 08       		.uleb128 0x8
 522 0242 81000000 		.4byte	0x81
 523 0246 51020000 		.4byte	0x251
 524 024a 09       		.uleb128 0x9
 525 024b C1000000 		.4byte	0xc1
 526 024f 07       		.byte	0x7
 527 0250 00       		.byte	0
 528 0251 13       		.uleb128 0x13
 529 0252 26010000 		.4byte	.LASF30
 530 0256 01       		.byte	0x1
 531 0257 2E       		.byte	0x2e
 532 0258 00000000 		.4byte	.LFB65
 533 025c 30000000 		.4byte	.LFE65-.LFB65
 534 0260 01       		.uleb128 0x1
 535 0261 9C       		.byte	0x9c
 536 0262 0A       		.uleb128 0xa
 537 0263 5A020000 		.4byte	.LASF29
 538 0267 01       		.byte	0x1
 539 0268 0D       		.byte	0xd
 540 0269 00000000 		.4byte	.LFB63
 541 026d 14000000 		.4byte	.LFE63-.LFB63
 542 0271 01       		.uleb128 0x1
 543 0272 9C       		.byte	0x9c
 544 0273 BB020000 		.4byte	0x2bb
 545 0277 14       		.uleb128 0x14
 546 0278 6900     		.ascii	"i\000"
 547 027a 01       		.byte	0x1
 548 027b 0E       		.byte	0xe
 549 027c 68000000 		.4byte	0x68
 550 0280 14       		.uleb128 0x14
 551 0281 6A00     		.ascii	"j\000"
 552 0283 01       		.byte	0x1
 553 0284 0E       		.byte	0xe
 554 0285 68000000 		.4byte	0x68
 555 0289 0C       		.uleb128 0xc
 556 028a 26010000 		.4byte	.LASF30
 557 028e 01       		.byte	0x1
 558 028f 17       		.byte	0x17
 559 0290 68000000 		.4byte	0x68
 560 0294 9A020000 		.4byte	0x29a
 561 0298 0D       		.uleb128 0xd
 562 0299 00       		.byte	0
 563 029a 10       		.uleb128 0x10
 564 029b 08000000 		.4byte	.LVL6
 565 029f 6F050000 		.4byte	0x56f
 566 02a3 B1020000 		.4byte	0x2b1
 567 02a7 11       		.uleb128 0x11
 568 02a8 01       		.uleb128 0x1
 569 02a9 50       		.byte	0x50
 570 02aa 05       		.uleb128 0x5
ARM GAS  C:\Users\dr\AppData\Local\Temp\cclwAET6.s 			page 12


 571 02ab 03       		.byte	0x3
 572 02ac 00000000 		.4byte	deviceID
 573 02b0 00       		.byte	0
 574 02b1 0F       		.uleb128 0xf
 575 02b2 0C000000 		.4byte	.LVL7
 576 02b6 51020000 		.4byte	0x251
 577 02ba 00       		.byte	0
 578 02bb 15       		.uleb128 0x15
 579 02bc 7A020000 		.4byte	.LASF31
 580 02c0 06       		.byte	0x6
 581 02c1 1207     		.2byte	0x712
 582 02c3 C7020000 		.4byte	0x2c7
 583 02c7 16       		.uleb128 0x16
 584 02c8 76000000 		.4byte	0x76
 585 02cc 08       		.uleb128 0x8
 586 02cd 81000000 		.4byte	0x81
 587 02d1 DC020000 		.4byte	0x2dc
 588 02d5 09       		.uleb128 0x9
 589 02d6 C1000000 		.4byte	0xc1
 590 02da 3F       		.byte	0x3f
 591 02db 00       		.byte	0
 592 02dc 17       		.uleb128 0x17
 593 02dd 5C000000 		.4byte	.LASF32
 594 02e1 07       		.byte	0x7
 595 02e2 79       		.byte	0x79
 596 02e3 CC020000 		.4byte	0x2cc
 597 02e7 05       		.uleb128 0x5
 598 02e8 03       		.byte	0x3
 599 02e9 00000000 		.4byte	bufferUart
 600 02ed 17       		.uleb128 0x17
 601 02ee 6B020000 		.4byte	.LASF33
 602 02f2 07       		.byte	0x7
 603 02f3 7B       		.byte	0x7b
 604 02f4 FE020000 		.4byte	0x2fe
 605 02f8 05       		.uleb128 0x5
 606 02f9 03       		.byte	0x3
 607 02fa 00000000 		.4byte	FLAG_SER_EVENT
 608 02fe 02       		.uleb128 0x2
 609 02ff 01       		.byte	0x1
 610 0300 02       		.byte	0x2
 611 0301 EE010000 		.4byte	.LASF34
 612 0305 17       		.uleb128 0x17
 613 0306 36020000 		.4byte	.LASF35
 614 030a 07       		.byte	0x7
 615 030b 7C       		.byte	0x7c
 616 030c FE020000 		.4byte	0x2fe
 617 0310 05       		.uleb128 0x5
 618 0311 03       		.byte	0x3
 619 0312 00000000 		.4byte	FLAG_SER_TX_INIT
 620 0316 18       		.uleb128 0x18
 621 0317 6900     		.ascii	"i\000"
 622 0319 07       		.byte	0x7
 623 031a 7F       		.byte	0x7f
 624 031b 68000000 		.4byte	0x68
 625 031f 05       		.uleb128 0x5
 626 0320 03       		.byte	0x3
 627 0321 00000000 		.4byte	i
ARM GAS  C:\Users\dr\AppData\Local\Temp\cclwAET6.s 			page 13


 628 0325 08       		.uleb128 0x8
 629 0326 81000000 		.4byte	0x81
 630 032a 35030000 		.4byte	0x335
 631 032e 09       		.uleb128 0x9
 632 032f C1000000 		.4byte	0xc1
 633 0333 0F       		.byte	0xf
 634 0334 00       		.byte	0
 635 0335 17       		.uleb128 0x17
 636 0336 DC000000 		.4byte	.LASF36
 637 033a 07       		.byte	0x7
 638 033b 81       		.byte	0x81
 639 033c 25030000 		.4byte	0x325
 640 0340 05       		.uleb128 0x5
 641 0341 03       		.byte	0x3
 642 0342 00000000 		.4byte	levels_48
 643 0346 08       		.uleb128 0x8
 644 0347 81000000 		.4byte	0x81
 645 034b 56030000 		.4byte	0x356
 646 034f 09       		.uleb128 0x9
 647 0350 C1000000 		.4byte	0xc1
 648 0354 03       		.byte	0x3
 649 0355 00       		.byte	0
 650 0356 17       		.uleb128 0x17
 651 0357 78010000 		.4byte	.LASF37
 652 035b 07       		.byte	0x7
 653 035c 82       		.byte	0x82
 654 035d 46030000 		.4byte	0x346
 655 0361 05       		.uleb128 0x5
 656 0362 03       		.byte	0x3
 657 0363 00000000 		.4byte	levels_15
 658 0367 17       		.uleb128 0x17
 659 0368 1D020000 		.4byte	.LASF38
 660 036c 07       		.byte	0x7
 661 036d 83       		.byte	0x83
 662 036e 46030000 		.4byte	0x346
 663 0372 05       		.uleb128 0x5
 664 0373 03       		.byte	0x3
 665 0374 00000000 		.4byte	levels_82
 666 0378 08       		.uleb128 0x8
 667 0379 81000000 		.4byte	0x81
 668 037d 88030000 		.4byte	0x388
 669 0381 09       		.uleb128 0x9
 670 0382 C1000000 		.4byte	0xc1
 671 0386 01       		.byte	0x1
 672 0387 00       		.byte	0
 673 0388 17       		.uleb128 0x17
 674 0389 4B000000 		.4byte	.LASF39
 675 038d 07       		.byte	0x7
 676 038e 85       		.byte	0x85
 677 038f 78030000 		.4byte	0x378
 678 0393 05       		.uleb128 0x5
 679 0394 03       		.byte	0x3
 680 0395 00000000 		.4byte	serialTest
 681 0399 17       		.uleb128 0x17
 682 039a C7000000 		.4byte	.LASF40
 683 039e 07       		.byte	0x7
 684 039f 86       		.byte	0x86
ARM GAS  C:\Users\dr\AppData\Local\Temp\cclwAET6.s 			page 14


 685 03a0 81000000 		.4byte	0x81
 686 03a4 05       		.uleb128 0x5
 687 03a5 03       		.byte	0x3
 688 03a6 00000000 		.4byte	test8
 689 03aa 17       		.uleb128 0x17
 690 03ab 44000000 		.4byte	.LASF41
 691 03af 07       		.byte	0x7
 692 03b0 87       		.byte	0x87
 693 03b1 8D000000 		.4byte	0x8d
 694 03b5 05       		.uleb128 0x5
 695 03b6 03       		.byte	0x3
 696 03b7 00000000 		.4byte	test16
 697 03bb 17       		.uleb128 0x17
 698 03bc 67000000 		.4byte	.LASF42
 699 03c0 07       		.byte	0x7
 700 03c1 89       		.byte	0x89
 701 03c2 CC020000 		.4byte	0x2cc
 702 03c6 05       		.uleb128 0x5
 703 03c7 03       		.byte	0x3
 704 03c8 00000000 		.4byte	buffer_uart
 705 03cc 18       		.uleb128 0x18
 706 03cd 64656C00 		.ascii	"del\000"
 707 03d1 07       		.byte	0x7
 708 03d2 8B       		.byte	0x8b
 709 03d3 81000000 		.4byte	0x81
 710 03d7 05       		.uleb128 0x5
 711 03d8 03       		.byte	0x3
 712 03d9 00000000 		.4byte	del
 713 03dd 18       		.uleb128 0x18
 714 03de 70726500 		.ascii	"pre\000"
 715 03e2 07       		.byte	0x7
 716 03e3 8C       		.byte	0x8c
 717 03e4 81000000 		.4byte	0x81
 718 03e8 05       		.uleb128 0x5
 719 03e9 03       		.byte	0x3
 720 03ea 00000000 		.4byte	pre
 721 03ee 17       		.uleb128 0x17
 722 03ef 0B010000 		.4byte	.LASF43
 723 03f3 07       		.byte	0x7
 724 03f4 8E       		.byte	0x8e
 725 03f5 81000000 		.4byte	0x81
 726 03f9 05       		.uleb128 0x5
 727 03fa 03       		.byte	0x3
 728 03fb 00000000 		.4byte	uart_type
 729 03ff 17       		.uleb128 0x17
 730 0400 85000000 		.4byte	.LASF44
 731 0404 07       		.byte	0x7
 732 0405 90       		.byte	0x90
 733 0406 81000000 		.4byte	0x81
 734 040a 05       		.uleb128 0x5
 735 040b 03       		.byte	0x3
 736 040c 00000000 		.4byte	stepSize
 737 0410 17       		.uleb128 0x17
 738 0411 73000000 		.4byte	.LASF45
 739 0415 07       		.byte	0x7
 740 0416 92       		.byte	0x92
 741 0417 FE020000 		.4byte	0x2fe
ARM GAS  C:\Users\dr\AppData\Local\Temp\cclwAET6.s 			page 15


 742 041b 05       		.uleb128 0x5
 743 041c 03       		.byte	0x3
 744 041d 00000000 		.4byte	send15Cont
 745 0421 17       		.uleb128 0x17
 746 0422 13000000 		.4byte	.LASF46
 747 0426 07       		.byte	0x7
 748 0427 94       		.byte	0x94
 749 0428 8D000000 		.4byte	0x8d
 750 042c 05       		.uleb128 0x5
 751 042d 03       		.byte	0x3
 752 042e 00000000 		.4byte	signalMean
 753 0432 18       		.uleb128 0x18
 754 0433 73756D00 		.ascii	"sum\000"
 755 0437 07       		.byte	0x7
 756 0438 95       		.byte	0x95
 757 0439 99000000 		.4byte	0x99
 758 043d 05       		.uleb128 0x5
 759 043e 03       		.byte	0x3
 760 043f 00000000 		.4byte	sum
 761 0443 17       		.uleb128 0x17
 762 0444 CD000000 		.4byte	.LASF47
 763 0448 07       		.byte	0x7
 764 0449 97       		.byte	0x97
 765 044a 81000000 		.4byte	0x81
 766 044e 05       		.uleb128 0x5
 767 044f 03       		.byte	0x3
 768 0450 00000000 		.4byte	i2cStart
 769 0454 17       		.uleb128 0x17
 770 0455 2F020000 		.4byte	.LASF48
 771 0459 07       		.byte	0x7
 772 045a 98       		.byte	0x98
 773 045b 81000000 		.4byte	0x81
 774 045f 05       		.uleb128 0x5
 775 0460 03       		.byte	0x3
 776 0461 00000000 		.4byte	i2cClk
 777 0465 17       		.uleb128 0x17
 778 0466 05000000 		.4byte	.LASF49
 779 046a 07       		.byte	0x7
 780 046b 99       		.byte	0x99
 781 046c 81000000 		.4byte	0x81
 782 0470 05       		.uleb128 0x5
 783 0471 03       		.byte	0x3
 784 0472 00000000 		.4byte	i2cSda
 785 0476 18       		.uleb128 0x18
 786 0477 6300     		.ascii	"c\000"
 787 0479 07       		.byte	0x7
 788 047a 9A       		.byte	0x9a
 789 047b 81000000 		.4byte	0x81
 790 047f 05       		.uleb128 0x5
 791 0480 03       		.byte	0x3
 792 0481 00000000 		.4byte	c
 793 0485 08       		.uleb128 0x8
 794 0486 81000000 		.4byte	0x81
 795 048a 95040000 		.4byte	0x495
 796 048e 09       		.uleb128 0x9
 797 048f C1000000 		.4byte	0xc1
 798 0493 1A       		.byte	0x1a
ARM GAS  C:\Users\dr\AppData\Local\Temp\cclwAET6.s 			page 16


 799 0494 00       		.byte	0
 800 0495 17       		.uleb128 0x17
 801 0496 0C000000 		.4byte	.LASF50
 802 049a 07       		.byte	0x7
 803 049b 9B       		.byte	0x9b
 804 049c 85040000 		.4byte	0x485
 805 04a0 05       		.uleb128 0x5
 806 04a1 03       		.byte	0x3
 807 04a2 00000000 		.4byte	i2cBuf
 808 04a6 17       		.uleb128 0x17
 809 04a7 27020000 		.4byte	.LASF51
 810 04ab 07       		.byte	0x7
 811 04ac 9D       		.byte	0x9d
 812 04ad 81000000 		.4byte	0x81
 813 04b1 05       		.uleb128 0x5
 814 04b2 03       		.byte	0x3
 815 04b3 00000000 		.4byte	i2cAddr
 816 04b7 17       		.uleb128 0x17
 817 04b8 15030000 		.4byte	.LASF52
 818 04bc 07       		.byte	0x7
 819 04bd 9E       		.byte	0x9e
 820 04be 81000000 		.4byte	0x81
 821 04c2 05       		.uleb128 0x5
 822 04c3 03       		.byte	0x3
 823 04c4 00000000 		.4byte	i2cInstr
 824 04c8 17       		.uleb128 0x17
 825 04c9 28000000 		.4byte	.LASF53
 826 04cd 07       		.byte	0x7
 827 04ce 9F       		.byte	0x9f
 828 04cf 81000000 		.4byte	0x81
 829 04d3 05       		.uleb128 0x5
 830 04d4 03       		.byte	0x3
 831 04d5 00000000 		.4byte	i2cData
 832 04d9 17       		.uleb128 0x17
 833 04da 55010000 		.4byte	.LASF54
 834 04de 07       		.byte	0x7
 835 04df A0       		.byte	0xa0
 836 04e0 81000000 		.4byte	0x81
 837 04e4 05       		.uleb128 0x5
 838 04e5 03       		.byte	0x3
 839 04e6 00000000 		.4byte	i2cRun
 840 04ea 17       		.uleb128 0x17
 841 04eb 63020000 		.4byte	.LASF55
 842 04ef 07       		.byte	0x7
 843 04f0 A2       		.byte	0xa2
 844 04f1 85040000 		.4byte	0x485
 845 04f5 05       		.uleb128 0x5
 846 04f6 03       		.byte	0x3
 847 04f7 00000000 		.4byte	i2cWord
 848 04fb 08       		.uleb128 0x8
 849 04fc 99000000 		.4byte	0x99
 850 0500 0B050000 		.4byte	0x50b
 851 0504 09       		.uleb128 0x9
 852 0505 C1000000 		.4byte	0xc1
 853 0509 01       		.byte	0x1
 854 050a 00       		.byte	0
 855 050b 17       		.uleb128 0x17
ARM GAS  C:\Users\dr\AppData\Local\Temp\cclwAET6.s 			page 17


 856 050c DF010000 		.4byte	.LASF56
 857 0510 05       		.byte	0x5
 858 0511 37       		.byte	0x37
 859 0512 FB040000 		.4byte	0x4fb
 860 0516 05       		.uleb128 0x5
 861 0517 03       		.byte	0x3
 862 0518 00000000 		.4byte	deviceID
 863 051c 17       		.uleb128 0x17
 864 051d 5C010000 		.4byte	.LASF57
 865 0521 05       		.byte	0x5
 866 0522 38       		.byte	0x38
 867 0523 81000000 		.4byte	0x81
 868 0527 05       		.uleb128 0x5
 869 0528 03       		.byte	0x3
 870 0529 00000000 		.4byte	deviceAddress
 871 052d 08       		.uleb128 0x8
 872 052e 31010000 		.4byte	0x131
 873 0532 3D050000 		.4byte	0x53d
 874 0536 09       		.uleb128 0x9
 875 0537 C1000000 		.4byte	0xc1
 876 053b 02       		.byte	0x2
 877 053c 00       		.byte	0
 878 053d 17       		.uleb128 0x17
 879 053e D2010000 		.4byte	.LASF58
 880 0542 05       		.byte	0x5
 881 0543 39       		.byte	0x39
 882 0544 2D050000 		.4byte	0x52d
 883 0548 05       		.uleb128 0x5
 884 0549 03       		.byte	0x3
 885 054a 00000000 		.4byte	routingTable
 886 054e 19       		.uleb128 0x19
 887 054f 2D030000 		.4byte	.LASF27
 888 0553 2D030000 		.4byte	.LASF27
 889 0557 01       		.byte	0x1
 890 0558 26       		.byte	0x26
 891 0559 19       		.uleb128 0x19
 892 055a 30000000 		.4byte	.LASF25
 893 055e 30000000 		.4byte	.LASF25
 894 0562 01       		.byte	0x1
 895 0563 27       		.byte	0x27
 896 0564 19       		.uleb128 0x19
 897 0565 32010000 		.4byte	.LASF26
 898 0569 32010000 		.4byte	.LASF26
 899 056d 01       		.byte	0x1
 900 056e 29       		.byte	0x29
 901 056f 19       		.uleb128 0x19
 902 0570 F4000000 		.4byte	.LASF59
 903 0574 F4000000 		.4byte	.LASF59
 904 0578 08       		.byte	0x8
 905 0579 BE       		.byte	0xbe
 906 057a 00       		.byte	0
 907              		.section	.debug_abbrev,"",%progbits
 908              	.Ldebug_abbrev0:
 909 0000 01       		.uleb128 0x1
 910 0001 11       		.uleb128 0x11
 911 0002 01       		.byte	0x1
 912 0003 25       		.uleb128 0x25
ARM GAS  C:\Users\dr\AppData\Local\Temp\cclwAET6.s 			page 18


 913 0004 0E       		.uleb128 0xe
 914 0005 13       		.uleb128 0x13
 915 0006 0B       		.uleb128 0xb
 916 0007 03       		.uleb128 0x3
 917 0008 0E       		.uleb128 0xe
 918 0009 1B       		.uleb128 0x1b
 919 000a 0E       		.uleb128 0xe
 920 000b 55       		.uleb128 0x55
 921 000c 17       		.uleb128 0x17
 922 000d 11       		.uleb128 0x11
 923 000e 01       		.uleb128 0x1
 924 000f 10       		.uleb128 0x10
 925 0010 17       		.uleb128 0x17
 926 0011 00       		.byte	0
 927 0012 00       		.byte	0
 928 0013 02       		.uleb128 0x2
 929 0014 24       		.uleb128 0x24
 930 0015 00       		.byte	0
 931 0016 0B       		.uleb128 0xb
 932 0017 0B       		.uleb128 0xb
 933 0018 3E       		.uleb128 0x3e
 934 0019 0B       		.uleb128 0xb
 935 001a 03       		.uleb128 0x3
 936 001b 0E       		.uleb128 0xe
 937 001c 00       		.byte	0
 938 001d 00       		.byte	0
 939 001e 03       		.uleb128 0x3
 940 001f 16       		.uleb128 0x16
 941 0020 00       		.byte	0
 942 0021 03       		.uleb128 0x3
 943 0022 0E       		.uleb128 0xe
 944 0023 3A       		.uleb128 0x3a
 945 0024 0B       		.uleb128 0xb
 946 0025 3B       		.uleb128 0x3b
 947 0026 0B       		.uleb128 0xb
 948 0027 49       		.uleb128 0x49
 949 0028 13       		.uleb128 0x13
 950 0029 00       		.byte	0
 951 002a 00       		.byte	0
 952 002b 04       		.uleb128 0x4
 953 002c 24       		.uleb128 0x24
 954 002d 00       		.byte	0
 955 002e 0B       		.uleb128 0xb
 956 002f 0B       		.uleb128 0xb
 957 0030 3E       		.uleb128 0x3e
 958 0031 0B       		.uleb128 0xb
 959 0032 03       		.uleb128 0x3
 960 0033 08       		.uleb128 0x8
 961 0034 00       		.byte	0
 962 0035 00       		.byte	0
 963 0036 05       		.uleb128 0x5
 964 0037 16       		.uleb128 0x16
 965 0038 00       		.byte	0
 966 0039 03       		.uleb128 0x3
 967 003a 0E       		.uleb128 0xe
 968 003b 3A       		.uleb128 0x3a
 969 003c 0B       		.uleb128 0xb
ARM GAS  C:\Users\dr\AppData\Local\Temp\cclwAET6.s 			page 19


 970 003d 3B       		.uleb128 0x3b
 971 003e 05       		.uleb128 0x5
 972 003f 49       		.uleb128 0x49
 973 0040 13       		.uleb128 0x13
 974 0041 00       		.byte	0
 975 0042 00       		.byte	0
 976 0043 06       		.uleb128 0x6
 977 0044 13       		.uleb128 0x13
 978 0045 01       		.byte	0x1
 979 0046 0B       		.uleb128 0xb
 980 0047 0B       		.uleb128 0xb
 981 0048 3A       		.uleb128 0x3a
 982 0049 0B       		.uleb128 0xb
 983 004a 3B       		.uleb128 0x3b
 984 004b 0B       		.uleb128 0xb
 985 004c 01       		.uleb128 0x1
 986 004d 13       		.uleb128 0x13
 987 004e 00       		.byte	0
 988 004f 00       		.byte	0
 989 0050 07       		.uleb128 0x7
 990 0051 0D       		.uleb128 0xd
 991 0052 00       		.byte	0
 992 0053 03       		.uleb128 0x3
 993 0054 0E       		.uleb128 0xe
 994 0055 3A       		.uleb128 0x3a
 995 0056 0B       		.uleb128 0xb
 996 0057 3B       		.uleb128 0x3b
 997 0058 0B       		.uleb128 0xb
 998 0059 49       		.uleb128 0x49
 999 005a 13       		.uleb128 0x13
 1000 005b 38       		.uleb128 0x38
 1001 005c 0B       		.uleb128 0xb
 1002 005d 00       		.byte	0
 1003 005e 00       		.byte	0
 1004 005f 08       		.uleb128 0x8
 1005 0060 01       		.uleb128 0x1
 1006 0061 01       		.byte	0x1
 1007 0062 49       		.uleb128 0x49
 1008 0063 13       		.uleb128 0x13
 1009 0064 01       		.uleb128 0x1
 1010 0065 13       		.uleb128 0x13
 1011 0066 00       		.byte	0
 1012 0067 00       		.byte	0
 1013 0068 09       		.uleb128 0x9
 1014 0069 21       		.uleb128 0x21
 1015 006a 00       		.byte	0
 1016 006b 49       		.uleb128 0x49
 1017 006c 13       		.uleb128 0x13
 1018 006d 2F       		.uleb128 0x2f
 1019 006e 0B       		.uleb128 0xb
 1020 006f 00       		.byte	0
 1021 0070 00       		.byte	0
 1022 0071 0A       		.uleb128 0xa
 1023 0072 2E       		.uleb128 0x2e
 1024 0073 01       		.byte	0x1
 1025 0074 3F       		.uleb128 0x3f
 1026 0075 19       		.uleb128 0x19
ARM GAS  C:\Users\dr\AppData\Local\Temp\cclwAET6.s 			page 20


 1027 0076 03       		.uleb128 0x3
 1028 0077 0E       		.uleb128 0xe
 1029 0078 3A       		.uleb128 0x3a
 1030 0079 0B       		.uleb128 0xb
 1031 007a 3B       		.uleb128 0x3b
 1032 007b 0B       		.uleb128 0xb
 1033 007c 11       		.uleb128 0x11
 1034 007d 01       		.uleb128 0x1
 1035 007e 12       		.uleb128 0x12
 1036 007f 06       		.uleb128 0x6
 1037 0080 40       		.uleb128 0x40
 1038 0081 18       		.uleb128 0x18
 1039 0082 9742     		.uleb128 0x2117
 1040 0084 19       		.uleb128 0x19
 1041 0085 01       		.uleb128 0x1
 1042 0086 13       		.uleb128 0x13
 1043 0087 00       		.byte	0
 1044 0088 00       		.byte	0
 1045 0089 0B       		.uleb128 0xb
 1046 008a 34       		.uleb128 0x34
 1047 008b 00       		.byte	0
 1048 008c 03       		.uleb128 0x3
 1049 008d 08       		.uleb128 0x8
 1050 008e 3A       		.uleb128 0x3a
 1051 008f 0B       		.uleb128 0xb
 1052 0090 3B       		.uleb128 0x3b
 1053 0091 0B       		.uleb128 0xb
 1054 0092 49       		.uleb128 0x49
 1055 0093 13       		.uleb128 0x13
 1056 0094 02       		.uleb128 0x2
 1057 0095 18       		.uleb128 0x18
 1058 0096 00       		.byte	0
 1059 0097 00       		.byte	0
 1060 0098 0C       		.uleb128 0xc
 1061 0099 2E       		.uleb128 0x2e
 1062 009a 01       		.byte	0x1
 1063 009b 3F       		.uleb128 0x3f
 1064 009c 19       		.uleb128 0x19
 1065 009d 03       		.uleb128 0x3
 1066 009e 0E       		.uleb128 0xe
 1067 009f 3A       		.uleb128 0x3a
 1068 00a0 0B       		.uleb128 0xb
 1069 00a1 3B       		.uleb128 0x3b
 1070 00a2 0B       		.uleb128 0xb
 1071 00a3 49       		.uleb128 0x49
 1072 00a4 13       		.uleb128 0x13
 1073 00a5 3C       		.uleb128 0x3c
 1074 00a6 19       		.uleb128 0x19
 1075 00a7 01       		.uleb128 0x1
 1076 00a8 13       		.uleb128 0x13
 1077 00a9 00       		.byte	0
 1078 00aa 00       		.byte	0
 1079 00ab 0D       		.uleb128 0xd
 1080 00ac 18       		.uleb128 0x18
 1081 00ad 00       		.byte	0
 1082 00ae 00       		.byte	0
 1083 00af 00       		.byte	0
ARM GAS  C:\Users\dr\AppData\Local\Temp\cclwAET6.s 			page 21


 1084 00b0 0E       		.uleb128 0xe
 1085 00b1 0B       		.uleb128 0xb
 1086 00b2 01       		.byte	0x1
 1087 00b3 11       		.uleb128 0x11
 1088 00b4 01       		.uleb128 0x1
 1089 00b5 12       		.uleb128 0x12
 1090 00b6 06       		.uleb128 0x6
 1091 00b7 01       		.uleb128 0x1
 1092 00b8 13       		.uleb128 0x13
 1093 00b9 00       		.byte	0
 1094 00ba 00       		.byte	0
 1095 00bb 0F       		.uleb128 0xf
 1096 00bc 898201   		.uleb128 0x4109
 1097 00bf 00       		.byte	0
 1098 00c0 11       		.uleb128 0x11
 1099 00c1 01       		.uleb128 0x1
 1100 00c2 31       		.uleb128 0x31
 1101 00c3 13       		.uleb128 0x13
 1102 00c4 00       		.byte	0
 1103 00c5 00       		.byte	0
 1104 00c6 10       		.uleb128 0x10
 1105 00c7 898201   		.uleb128 0x4109
 1106 00ca 01       		.byte	0x1
 1107 00cb 11       		.uleb128 0x11
 1108 00cc 01       		.uleb128 0x1
 1109 00cd 31       		.uleb128 0x31
 1110 00ce 13       		.uleb128 0x13
 1111 00cf 01       		.uleb128 0x1
 1112 00d0 13       		.uleb128 0x13
 1113 00d1 00       		.byte	0
 1114 00d2 00       		.byte	0
 1115 00d3 11       		.uleb128 0x11
 1116 00d4 8A8201   		.uleb128 0x410a
 1117 00d7 00       		.byte	0
 1118 00d8 02       		.uleb128 0x2
 1119 00d9 18       		.uleb128 0x18
 1120 00da 9142     		.uleb128 0x2111
 1121 00dc 18       		.uleb128 0x18
 1122 00dd 00       		.byte	0
 1123 00de 00       		.byte	0
 1124 00df 12       		.uleb128 0x12
 1125 00e0 898201   		.uleb128 0x4109
 1126 00e3 01       		.byte	0x1
 1127 00e4 11       		.uleb128 0x11
 1128 00e5 01       		.uleb128 0x1
 1129 00e6 31       		.uleb128 0x31
 1130 00e7 13       		.uleb128 0x13
 1131 00e8 00       		.byte	0
 1132 00e9 00       		.byte	0
 1133 00ea 13       		.uleb128 0x13
 1134 00eb 2E       		.uleb128 0x2e
 1135 00ec 00       		.byte	0
 1136 00ed 3F       		.uleb128 0x3f
 1137 00ee 19       		.uleb128 0x19
 1138 00ef 03       		.uleb128 0x3
 1139 00f0 0E       		.uleb128 0xe
 1140 00f1 3A       		.uleb128 0x3a
ARM GAS  C:\Users\dr\AppData\Local\Temp\cclwAET6.s 			page 22


 1141 00f2 0B       		.uleb128 0xb
 1142 00f3 3B       		.uleb128 0x3b
 1143 00f4 0B       		.uleb128 0xb
 1144 00f5 11       		.uleb128 0x11
 1145 00f6 01       		.uleb128 0x1
 1146 00f7 12       		.uleb128 0x12
 1147 00f8 06       		.uleb128 0x6
 1148 00f9 40       		.uleb128 0x40
 1149 00fa 18       		.uleb128 0x18
 1150 00fb 9742     		.uleb128 0x2117
 1151 00fd 19       		.uleb128 0x19
 1152 00fe 00       		.byte	0
 1153 00ff 00       		.byte	0
 1154 0100 14       		.uleb128 0x14
 1155 0101 34       		.uleb128 0x34
 1156 0102 00       		.byte	0
 1157 0103 03       		.uleb128 0x3
 1158 0104 08       		.uleb128 0x8
 1159 0105 3A       		.uleb128 0x3a
 1160 0106 0B       		.uleb128 0xb
 1161 0107 3B       		.uleb128 0x3b
 1162 0108 0B       		.uleb128 0xb
 1163 0109 49       		.uleb128 0x49
 1164 010a 13       		.uleb128 0x13
 1165 010b 00       		.byte	0
 1166 010c 00       		.byte	0
 1167 010d 15       		.uleb128 0x15
 1168 010e 34       		.uleb128 0x34
 1169 010f 00       		.byte	0
 1170 0110 03       		.uleb128 0x3
 1171 0111 0E       		.uleb128 0xe
 1172 0112 3A       		.uleb128 0x3a
 1173 0113 0B       		.uleb128 0xb
 1174 0114 3B       		.uleb128 0x3b
 1175 0115 05       		.uleb128 0x5
 1176 0116 49       		.uleb128 0x49
 1177 0117 13       		.uleb128 0x13
 1178 0118 3F       		.uleb128 0x3f
 1179 0119 19       		.uleb128 0x19
 1180 011a 3C       		.uleb128 0x3c
 1181 011b 19       		.uleb128 0x19
 1182 011c 00       		.byte	0
 1183 011d 00       		.byte	0
 1184 011e 16       		.uleb128 0x16
 1185 011f 35       		.uleb128 0x35
 1186 0120 00       		.byte	0
 1187 0121 49       		.uleb128 0x49
 1188 0122 13       		.uleb128 0x13
 1189 0123 00       		.byte	0
 1190 0124 00       		.byte	0
 1191 0125 17       		.uleb128 0x17
 1192 0126 34       		.uleb128 0x34
 1193 0127 00       		.byte	0
 1194 0128 03       		.uleb128 0x3
 1195 0129 0E       		.uleb128 0xe
 1196 012a 3A       		.uleb128 0x3a
 1197 012b 0B       		.uleb128 0xb
ARM GAS  C:\Users\dr\AppData\Local\Temp\cclwAET6.s 			page 23


 1198 012c 3B       		.uleb128 0x3b
 1199 012d 0B       		.uleb128 0xb
 1200 012e 49       		.uleb128 0x49
 1201 012f 13       		.uleb128 0x13
 1202 0130 3F       		.uleb128 0x3f
 1203 0131 19       		.uleb128 0x19
 1204 0132 02       		.uleb128 0x2
 1205 0133 18       		.uleb128 0x18
 1206 0134 00       		.byte	0
 1207 0135 00       		.byte	0
 1208 0136 18       		.uleb128 0x18
 1209 0137 34       		.uleb128 0x34
 1210 0138 00       		.byte	0
 1211 0139 03       		.uleb128 0x3
 1212 013a 08       		.uleb128 0x8
 1213 013b 3A       		.uleb128 0x3a
 1214 013c 0B       		.uleb128 0xb
 1215 013d 3B       		.uleb128 0x3b
 1216 013e 0B       		.uleb128 0xb
 1217 013f 49       		.uleb128 0x49
 1218 0140 13       		.uleb128 0x13
 1219 0141 3F       		.uleb128 0x3f
 1220 0142 19       		.uleb128 0x19
 1221 0143 02       		.uleb128 0x2
 1222 0144 18       		.uleb128 0x18
 1223 0145 00       		.byte	0
 1224 0146 00       		.byte	0
 1225 0147 19       		.uleb128 0x19
 1226 0148 2E       		.uleb128 0x2e
 1227 0149 00       		.byte	0
 1228 014a 3F       		.uleb128 0x3f
 1229 014b 19       		.uleb128 0x19
 1230 014c 3C       		.uleb128 0x3c
 1231 014d 19       		.uleb128 0x19
 1232 014e 6E       		.uleb128 0x6e
 1233 014f 0E       		.uleb128 0xe
 1234 0150 03       		.uleb128 0x3
 1235 0151 0E       		.uleb128 0xe
 1236 0152 3A       		.uleb128 0x3a
 1237 0153 0B       		.uleb128 0xb
 1238 0154 3B       		.uleb128 0x3b
 1239 0155 0B       		.uleb128 0xb
 1240 0156 00       		.byte	0
 1241 0157 00       		.byte	0
 1242 0158 00       		.byte	0
 1243              		.section	.debug_aranges,"",%progbits
 1244 0000 2C000000 		.4byte	0x2c
 1245 0004 0200     		.2byte	0x2
 1246 0006 00000000 		.4byte	.Ldebug_info0
 1247 000a 04       		.byte	0x4
 1248 000b 00       		.byte	0
 1249 000c 0000     		.2byte	0
 1250 000e 0000     		.2byte	0
 1251 0010 00000000 		.4byte	.LFB64
 1252 0014 74000000 		.4byte	.LFE64-.LFB64
 1253 0018 00000000 		.4byte	.LFB65
 1254 001c 30000000 		.4byte	.LFE65-.LFB65
ARM GAS  C:\Users\dr\AppData\Local\Temp\cclwAET6.s 			page 24


 1255 0020 00000000 		.4byte	.LFB63
 1256 0024 14000000 		.4byte	.LFE63-.LFB63
 1257 0028 00000000 		.4byte	0
 1258 002c 00000000 		.4byte	0
 1259              		.section	.debug_ranges,"",%progbits
 1260              	.Ldebug_ranges0:
 1261 0000 00000000 		.4byte	.LFB64
 1262 0004 74000000 		.4byte	.LFE64
 1263 0008 00000000 		.4byte	.LFB65
 1264 000c 30000000 		.4byte	.LFE65
 1265 0010 00000000 		.4byte	.LFB63
 1266 0014 14000000 		.4byte	.LFE63
 1267 0018 00000000 		.4byte	0
 1268 001c 00000000 		.4byte	0
 1269              		.section	.debug_line,"",%progbits
 1270              	.Ldebug_line0:
 1271 0000 C4010000 		.section	.debug_str,"MS",%progbits,1
 1271      02006B01 
 1271      00000201 
 1271      FB0E0D00 
 1271      01010101 
 1272              	.LASF22:
 1273 0000 4C696E6B 		.ascii	"Link\000"
 1273      00
 1274              	.LASF49:
 1275 0005 69326353 		.ascii	"i2cSda\000"
 1275      646100
 1276              	.LASF50:
 1277 000c 69326342 		.ascii	"i2cBuf\000"
 1277      756600
 1278              	.LASF46:
 1279 0013 7369676E 		.ascii	"signalMean\000"
 1279      616C4D65 
 1279      616E00
 1280              	.LASF2:
 1281 001e 73686F72 		.ascii	"short int\000"
 1281      7420696E 
 1281      7400
 1282              	.LASF53:
 1283 0028 69326344 		.ascii	"i2cData\000"
 1283      61746100 
 1284              	.LASF25:
 1285 0030 55534255 		.ascii	"USBUART_1_PutString\000"
 1285      4152545F 
 1285      315F5075 
 1285      74537472 
 1285      696E6700 
 1286              	.LASF41:
 1287 0044 74657374 		.ascii	"test16\000"
 1287      313600
 1288              	.LASF39:
 1289 004b 73657269 		.ascii	"serialTest\000"
 1289      616C5465 
 1289      737400
 1290              	.LASF61:
 1291 0056 646C6D2E 		.ascii	"dlm.c\000"
 1291      6300
ARM GAS  C:\Users\dr\AppData\Local\Temp\cclwAET6.s 			page 25


 1292              	.LASF32:
 1293 005c 62756666 		.ascii	"bufferUart\000"
 1293      65725561 
 1293      727400
 1294              	.LASF42:
 1295 0067 62756666 		.ascii	"buffer_uart\000"
 1295      65725F75 
 1295      61727400 
 1296              	.LASF45:
 1297 0073 73656E64 		.ascii	"send15Cont\000"
 1297      3135436F 
 1297      6E7400
 1298              	.LASF12:
 1299 007e 75696E74 		.ascii	"uint16\000"
 1299      313600
 1300              	.LASF44:
 1301 0085 73746570 		.ascii	"stepSize\000"
 1301      53697A65 
 1301      00
 1302              	.LASF62:
 1303 008e 433A5C55 		.ascii	"C:\\Users\\dr\\Documents\\GitHub\\SHW\\SHW_full\\SH"
 1303      73657273 
 1303      5C64725C 
 1303      446F6375 
 1303      6D656E74 
 1304 00ba 575F6675 		.ascii	"W_full.cydsn\000"
 1304      6C6C2E63 
 1304      7964736E 
 1304      00
 1305              	.LASF40:
 1306 00c7 74657374 		.ascii	"test8\000"
 1306      3800
 1307              	.LASF47:
 1308 00cd 69326353 		.ascii	"i2cStart\000"
 1308      74617274 
 1308      00
 1309              	.LASF14:
 1310 00d6 666C6F61 		.ascii	"float\000"
 1310      7400
 1311              	.LASF36:
 1312 00dc 6C657665 		.ascii	"levels_48\000"
 1312      6C735F34 
 1312      3800
 1313              	.LASF6:
 1314 00e6 6C6F6E67 		.ascii	"long long int\000"
 1314      206C6F6E 
 1314      6720696E 
 1314      7400
 1315              	.LASF59:
 1316 00f4 43794765 		.ascii	"CyGetUniqueId\000"
 1316      74556E69 
 1316      71756549 
 1316      6400
 1317              	.LASF4:
 1318 0102 6C6F6E67 		.ascii	"long int\000"
 1318      20696E74 
 1318      00
ARM GAS  C:\Users\dr\AppData\Local\Temp\cclwAET6.s 			page 26


 1319              	.LASF43:
 1320 010b 75617274 		.ascii	"uart_type\000"
 1320      5F747970 
 1320      6500
 1321              	.LASF23:
 1322 0115 6C696E6B 		.ascii	"links\000"
 1322      7300
 1323              	.LASF19:
 1324 011b 6E6F6465 		.ascii	"node\000"
 1324      00
 1325              	.LASF20:
 1326 0120 6E6F6973 		.ascii	"noise\000"
 1326      6500
 1327              	.LASF30:
 1328 0126 7365745F 		.ascii	"set_address\000"
 1328      61646472 
 1328      65737300 
 1329              	.LASF26:
 1330 0132 55534255 		.ascii	"USBUART_1_PutData\000"
 1330      4152545F 
 1330      315F5075 
 1330      74446174 
 1330      6100
 1331              	.LASF24:
 1332 0144 506F7274 		.ascii	"Port\000"
 1332      00
 1333              	.LASF17:
 1334 0149 6C6F6E67 		.ascii	"long double\000"
 1334      20646F75 
 1334      626C6500 
 1335              	.LASF54:
 1336 0155 69326352 		.ascii	"i2cRun\000"
 1336      756E00
 1337              	.LASF57:
 1338 015c 64657669 		.ascii	"deviceAddress\000"
 1338      63654164 
 1338      64726573 
 1338      7300
 1339              	.LASF1:
 1340 016a 756E7369 		.ascii	"unsigned char\000"
 1340      676E6564 
 1340      20636861 
 1340      7200
 1341              	.LASF37:
 1342 0178 6C657665 		.ascii	"levels_15\000"
 1342      6C735F31 
 1342      3500
 1343              	.LASF0:
 1344 0182 7369676E 		.ascii	"signed char\000"
 1344      65642063 
 1344      68617200 
 1345              	.LASF10:
 1346 018e 696E7433 		.ascii	"int32_t\000"
 1346      325F7400 
 1347              	.LASF7:
 1348 0196 6C6F6E67 		.ascii	"long long unsigned int\000"
 1348      206C6F6E 
ARM GAS  C:\Users\dr\AppData\Local\Temp\cclwAET6.s 			page 27


 1348      6720756E 
 1348      7369676E 
 1348      65642069 
 1349              	.LASF8:
 1350 01ad 756E7369 		.ascii	"unsigned int\000"
 1350      676E6564 
 1350      20696E74 
 1350      00
 1351              	.LASF3:
 1352 01ba 73686F72 		.ascii	"short unsigned int\000"
 1352      7420756E 
 1352      7369676E 
 1352      65642069 
 1352      6E7400
 1353              	.LASF16:
 1354 01cd 63686172 		.ascii	"char\000"
 1354      00
 1355              	.LASF58:
 1356 01d2 726F7574 		.ascii	"routingTable\000"
 1356      696E6754 
 1356      61626C65 
 1356      00
 1357              	.LASF56:
 1358 01df 64657669 		.ascii	"deviceID\000"
 1358      63654944 
 1358      00
 1359              	.LASF11:
 1360 01e8 75696E74 		.ascii	"uint8\000"
 1360      3800
 1361              	.LASF34:
 1362 01ee 5F426F6F 		.ascii	"_Bool\000"
 1362      6C00
 1363              	.LASF13:
 1364 01f4 75696E74 		.ascii	"uint32\000"
 1364      333200
 1365              	.LASF21:
 1366 01fb 6D6F644C 		.ascii	"modLevel\000"
 1366      6576656C 
 1366      00
 1367              	.LASF5:
 1368 0204 6C6F6E67 		.ascii	"long unsigned int\000"
 1368      20756E73 
 1368      69676E65 
 1368      6420696E 
 1368      7400
 1369              	.LASF15:
 1370 0216 646F7562 		.ascii	"double\000"
 1370      6C6500
 1371              	.LASF38:
 1372 021d 6C657665 		.ascii	"levels_82\000"
 1372      6C735F38 
 1372      3200
 1373              	.LASF51:
 1374 0227 69326341 		.ascii	"i2cAddr\000"
 1374      64647200 
 1375              	.LASF48:
 1376 022f 69326343 		.ascii	"i2cClk\000"
ARM GAS  C:\Users\dr\AppData\Local\Temp\cclwAET6.s 			page 28


 1376      6C6B00
 1377              	.LASF35:
 1378 0236 464C4147 		.ascii	"FLAG_SER_TX_INIT\000"
 1378      5F534552 
 1378      5F54585F 
 1378      494E4954 
 1378      00
 1379              	.LASF9:
 1380 0247 5F5F696E 		.ascii	"__int32_t\000"
 1380      7433325F 
 1380      7400
 1381              	.LASF18:
 1382 0251 73697A65 		.ascii	"sizetype\000"
 1382      74797065 
 1382      00
 1383              	.LASF29:
 1384 025a 494E4954 		.ascii	"INIT_DLM\000"
 1384      5F444C4D 
 1384      00
 1385              	.LASF55:
 1386 0263 69326357 		.ascii	"i2cWord\000"
 1386      6F726400 
 1387              	.LASF33:
 1388 026b 464C4147 		.ascii	"FLAG_SER_EVENT\000"
 1388      5F534552 
 1388      5F455645 
 1388      4E5400
 1389              	.LASF31:
 1390 027a 49544D5F 		.ascii	"ITM_RxBuffer\000"
 1390      52784275 
 1390      66666572 
 1390      00
 1391              	.LASF60:
 1392 0287 474E5520 		.ascii	"GNU C11 5.4.1 20160609 (release) [ARM/embedded-5-br"
 1392      43313120 
 1392      352E342E 
 1392      31203230 
 1392      31363036 
 1393 02ba 616E6368 		.ascii	"anch revision 237715] -mcpu=cortex-m3 -mthumb -g -O"
 1393      20726576 
 1393      6973696F 
 1393      6E203233 
 1393      37373135 
 1394 02ed 67202D66 		.ascii	"g -ffunction-sections -ffat-lto-objects\000"
 1394      66756E63 
 1394      74696F6E 
 1394      2D736563 
 1394      74696F6E 
 1395              	.LASF52:
 1396 0315 69326349 		.ascii	"i2cInstr\000"
 1396      6E737472 
 1396      00
 1397              	.LASF28:
 1398 031e 73656E64 		.ascii	"send_device_id\000"
 1398      5F646576 
 1398      6963655F 
 1398      696400
ARM GAS  C:\Users\dr\AppData\Local\Temp\cclwAET6.s 			page 29


 1399              	.LASF27:
 1400 032d 55534255 		.ascii	"USBUART_1_CDCIsReady\000"
 1400      4152545F 
 1400      315F4344 
 1400      43497352 
 1400      65616479 
 1401              		.ident	"GCC: (GNU Tools for ARM Embedded Processors) 5.4.1 20160609 (release) [ARM/embedded-5-bran
