ARM GAS  C:\Users\dr\AppData\Local\Temp\ccADwSVN.s 			page 1


   1              		.syntax unified
   2              		.cpu cortex-m3
   3              		.fpu softvfp
   4              		.eabi_attribute 20, 1
   5              		.eabi_attribute 21, 1
   6              		.eabi_attribute 23, 3
   7              		.eabi_attribute 24, 1
   8              		.eabi_attribute 25, 1
   9              		.eabi_attribute 26, 1
  10              		.eabi_attribute 30, 1
  11              		.eabi_attribute 34, 1
  12              		.eabi_attribute 18, 4
  13              		.thumb
  14              		.syntax unified
  15              		.file	"DMA_PAY_dma.c"
  16              		.text
  17              	.Ltext0:
  18              		.cfi_sections	.debug_frame
  19              		.section	.text.DMA_PAY_DmaInitialize,"ax",%progbits
  20              		.align	2
  21              		.global	DMA_PAY_DmaInitialize
  22              		.thumb
  23              		.thumb_func
  24              		.type	DMA_PAY_DmaInitialize, %function
  25              	DMA_PAY_DmaInitialize:
  26              	.LFB0:
  27              		.file 1 "Generated_Source\\PSoC5\\DMA_PAY_dma.c"
   1:Generated_Source\PSoC5/DMA_PAY_dma.c **** /***************************************************************************
   2:Generated_Source\PSoC5/DMA_PAY_dma.c **** * File Name: DMA_PAY_dma.c  
   3:Generated_Source\PSoC5/DMA_PAY_dma.c **** * Version 1.70
   4:Generated_Source\PSoC5/DMA_PAY_dma.c **** *
   5:Generated_Source\PSoC5/DMA_PAY_dma.c **** *  Description:
   6:Generated_Source\PSoC5/DMA_PAY_dma.c **** *   Provides an API for the DMAC component. The API includes functions
   7:Generated_Source\PSoC5/DMA_PAY_dma.c **** *   for the DMA controller, DMA channels and Transfer Descriptors.
   8:Generated_Source\PSoC5/DMA_PAY_dma.c **** *
   9:Generated_Source\PSoC5/DMA_PAY_dma.c **** *
  10:Generated_Source\PSoC5/DMA_PAY_dma.c **** *   Note:
  11:Generated_Source\PSoC5/DMA_PAY_dma.c **** *     This module requires the developer to finish or fill in the auto
  12:Generated_Source\PSoC5/DMA_PAY_dma.c **** *     generated funcions and setup the dma channel and TD's.
  13:Generated_Source\PSoC5/DMA_PAY_dma.c **** *
  14:Generated_Source\PSoC5/DMA_PAY_dma.c **** ********************************************************************************
  15:Generated_Source\PSoC5/DMA_PAY_dma.c **** * Copyright 2008-2010, Cypress Semiconductor Corporation.  All rights reserved.
  16:Generated_Source\PSoC5/DMA_PAY_dma.c **** * You may use this file only in accordance with the license, terms, conditions, 
  17:Generated_Source\PSoC5/DMA_PAY_dma.c **** * disclaimers, and limitations in the end user license agreement accompanying 
  18:Generated_Source\PSoC5/DMA_PAY_dma.c **** * the software package with which this file was provided.
  19:Generated_Source\PSoC5/DMA_PAY_dma.c **** ********************************************************************************/
  20:Generated_Source\PSoC5/DMA_PAY_dma.c **** #include <CYLIB.H>
  21:Generated_Source\PSoC5/DMA_PAY_dma.c **** #include <CYDMAC.H>
  22:Generated_Source\PSoC5/DMA_PAY_dma.c **** #include <DMA_PAY_dma.H>
  23:Generated_Source\PSoC5/DMA_PAY_dma.c **** 
  24:Generated_Source\PSoC5/DMA_PAY_dma.c **** 
  25:Generated_Source\PSoC5/DMA_PAY_dma.c **** 
  26:Generated_Source\PSoC5/DMA_PAY_dma.c **** /****************************************************************************
  27:Generated_Source\PSoC5/DMA_PAY_dma.c **** * 
  28:Generated_Source\PSoC5/DMA_PAY_dma.c **** * The following defines are available in Cyfitter.h
  29:Generated_Source\PSoC5/DMA_PAY_dma.c **** * 
  30:Generated_Source\PSoC5/DMA_PAY_dma.c **** * 
ARM GAS  C:\Users\dr\AppData\Local\Temp\ccADwSVN.s 			page 2


  31:Generated_Source\PSoC5/DMA_PAY_dma.c **** * 
  32:Generated_Source\PSoC5/DMA_PAY_dma.c **** * DMA_PAY__DRQ_CTL_REG
  33:Generated_Source\PSoC5/DMA_PAY_dma.c **** * 
  34:Generated_Source\PSoC5/DMA_PAY_dma.c **** * 
  35:Generated_Source\PSoC5/DMA_PAY_dma.c **** * DMA_PAY__DRQ_NUMBER
  36:Generated_Source\PSoC5/DMA_PAY_dma.c **** * 
  37:Generated_Source\PSoC5/DMA_PAY_dma.c **** * Number of TD's used by this channel.
  38:Generated_Source\PSoC5/DMA_PAY_dma.c **** * DMA_PAY__NUMBEROF_TDS
  39:Generated_Source\PSoC5/DMA_PAY_dma.c **** * 
  40:Generated_Source\PSoC5/DMA_PAY_dma.c **** * Priority of this channel.
  41:Generated_Source\PSoC5/DMA_PAY_dma.c **** * DMA_PAY__PRIORITY
  42:Generated_Source\PSoC5/DMA_PAY_dma.c **** * 
  43:Generated_Source\PSoC5/DMA_PAY_dma.c **** * True if DMA_PAY_TERMIN_SEL is used.
  44:Generated_Source\PSoC5/DMA_PAY_dma.c **** * DMA_PAY__TERMIN_EN
  45:Generated_Source\PSoC5/DMA_PAY_dma.c **** * 
  46:Generated_Source\PSoC5/DMA_PAY_dma.c **** * TERMIN interrupt line to signal terminate.
  47:Generated_Source\PSoC5/DMA_PAY_dma.c **** * DMA_PAY__TERMIN_SEL
  48:Generated_Source\PSoC5/DMA_PAY_dma.c **** * 
  49:Generated_Source\PSoC5/DMA_PAY_dma.c **** * 
  50:Generated_Source\PSoC5/DMA_PAY_dma.c **** * True if DMA_PAY_TERMOUT0_SEL is used.
  51:Generated_Source\PSoC5/DMA_PAY_dma.c **** * DMA_PAY__TERMOUT0_EN
  52:Generated_Source\PSoC5/DMA_PAY_dma.c **** * 
  53:Generated_Source\PSoC5/DMA_PAY_dma.c **** * 
  54:Generated_Source\PSoC5/DMA_PAY_dma.c **** * TERMOUT0 interrupt line to signal completion.
  55:Generated_Source\PSoC5/DMA_PAY_dma.c **** * DMA_PAY__TERMOUT0_SEL
  56:Generated_Source\PSoC5/DMA_PAY_dma.c **** * 
  57:Generated_Source\PSoC5/DMA_PAY_dma.c **** * 
  58:Generated_Source\PSoC5/DMA_PAY_dma.c **** * True if DMA_PAY_TERMOUT1_SEL is used.
  59:Generated_Source\PSoC5/DMA_PAY_dma.c **** * DMA_PAY__TERMOUT1_EN
  60:Generated_Source\PSoC5/DMA_PAY_dma.c **** * 
  61:Generated_Source\PSoC5/DMA_PAY_dma.c **** * 
  62:Generated_Source\PSoC5/DMA_PAY_dma.c **** * TERMOUT1 interrupt line to signal completion.
  63:Generated_Source\PSoC5/DMA_PAY_dma.c **** * DMA_PAY__TERMOUT1_SEL
  64:Generated_Source\PSoC5/DMA_PAY_dma.c **** * 
  65:Generated_Source\PSoC5/DMA_PAY_dma.c **** ****************************************************************************/
  66:Generated_Source\PSoC5/DMA_PAY_dma.c **** 
  67:Generated_Source\PSoC5/DMA_PAY_dma.c **** 
  68:Generated_Source\PSoC5/DMA_PAY_dma.c **** /* Zero based index of DMA_PAY dma channel */
  69:Generated_Source\PSoC5/DMA_PAY_dma.c **** uint8 DMA_PAY_DmaHandle = DMA_INVALID_CHANNEL;
  70:Generated_Source\PSoC5/DMA_PAY_dma.c **** 
  71:Generated_Source\PSoC5/DMA_PAY_dma.c **** /*********************************************************************
  72:Generated_Source\PSoC5/DMA_PAY_dma.c **** * Function Name: uint8 DMA_PAY_DmaInitalize
  73:Generated_Source\PSoC5/DMA_PAY_dma.c **** **********************************************************************
  74:Generated_Source\PSoC5/DMA_PAY_dma.c **** * Summary:
  75:Generated_Source\PSoC5/DMA_PAY_dma.c **** *   Allocates and initialises a channel of the DMAC to be used by the
  76:Generated_Source\PSoC5/DMA_PAY_dma.c **** *   caller.
  77:Generated_Source\PSoC5/DMA_PAY_dma.c **** *
  78:Generated_Source\PSoC5/DMA_PAY_dma.c **** * Parameters:
  79:Generated_Source\PSoC5/DMA_PAY_dma.c **** *   BurstCount.
  80:Generated_Source\PSoC5/DMA_PAY_dma.c **** *       
  81:Generated_Source\PSoC5/DMA_PAY_dma.c **** *       
  82:Generated_Source\PSoC5/DMA_PAY_dma.c **** *   ReqestPerBurst.
  83:Generated_Source\PSoC5/DMA_PAY_dma.c **** *       
  84:Generated_Source\PSoC5/DMA_PAY_dma.c **** *       
  85:Generated_Source\PSoC5/DMA_PAY_dma.c **** *   UpperSrcAddress.
  86:Generated_Source\PSoC5/DMA_PAY_dma.c **** *       
  87:Generated_Source\PSoC5/DMA_PAY_dma.c **** *       
ARM GAS  C:\Users\dr\AppData\Local\Temp\ccADwSVN.s 			page 3


  88:Generated_Source\PSoC5/DMA_PAY_dma.c **** *   UpperDestAddress.
  89:Generated_Source\PSoC5/DMA_PAY_dma.c **** *       
  90:Generated_Source\PSoC5/DMA_PAY_dma.c **** *
  91:Generated_Source\PSoC5/DMA_PAY_dma.c **** * Return:
  92:Generated_Source\PSoC5/DMA_PAY_dma.c **** *   The channel that can be used by the caller for DMA activity.
  93:Generated_Source\PSoC5/DMA_PAY_dma.c **** *   DMA_INVALID_CHANNEL (0xFF) if there are no channels left. 
  94:Generated_Source\PSoC5/DMA_PAY_dma.c **** *
  95:Generated_Source\PSoC5/DMA_PAY_dma.c **** *
  96:Generated_Source\PSoC5/DMA_PAY_dma.c **** *******************************************************************/
  97:Generated_Source\PSoC5/DMA_PAY_dma.c **** uint8 DMA_PAY_DmaInitialize(uint8 BurstCount, uint8 ReqestPerBurst, uint16 UpperSrcAddress, uint16 
  98:Generated_Source\PSoC5/DMA_PAY_dma.c **** {
  28              		.loc 1 98 0
  29              		.cfi_startproc
  30              		@ args = 0, pretend = 0, frame = 0
  31              		@ frame_needed = 0, uses_anonymous_args = 0
  32              	.LVL0:
  33 0000 F0B5     		push	{r4, r5, r6, r7, lr}
  34              		.cfi_def_cfa_offset 20
  35              		.cfi_offset 4, -20
  36              		.cfi_offset 5, -16
  37              		.cfi_offset 6, -12
  38              		.cfi_offset 7, -8
  39              		.cfi_offset 14, -4
  40 0002 83B0     		sub	sp, sp, #12
  41              		.cfi_def_cfa_offset 32
  42 0004 1646     		mov	r6, r2
  43 0006 1F46     		mov	r7, r3
  99:Generated_Source\PSoC5/DMA_PAY_dma.c **** 
 100:Generated_Source\PSoC5/DMA_PAY_dma.c ****     /* Allocate a DMA channel. */
 101:Generated_Source\PSoC5/DMA_PAY_dma.c ****     DMA_PAY_DmaHandle = (uint8)DMA_PAY__DRQ_NUMBER;
  44              		.loc 1 101 0
  45 0008 0B4C     		ldr	r4, .L3
  46 000a 0225     		movs	r5, #2
  47 000c 2570     		strb	r5, [r4]
 102:Generated_Source\PSoC5/DMA_PAY_dma.c **** 
 103:Generated_Source\PSoC5/DMA_PAY_dma.c ****     /* Configure the channel. */
 104:Generated_Source\PSoC5/DMA_PAY_dma.c ****     (void)CyDmaChSetConfiguration(DMA_PAY_DmaHandle,
  48              		.loc 1 104 0
  49 000e 0023     		movs	r3, #0
  50              	.LVL1:
  51 0010 0193     		str	r3, [sp, #4]
  52 0012 0093     		str	r3, [sp]
  53 0014 0A46     		mov	r2, r1
  54              	.LVL2:
  55 0016 0146     		mov	r1, r0
  56              	.LVL3:
  57 0018 2846     		mov	r0, r5
  58              	.LVL4:
  59 001a FFF7FEFF 		bl	CyDmaChSetConfiguration
  60              	.LVL5:
 105:Generated_Source\PSoC5/DMA_PAY_dma.c ****                                   BurstCount,
 106:Generated_Source\PSoC5/DMA_PAY_dma.c ****                                   ReqestPerBurst,
 107:Generated_Source\PSoC5/DMA_PAY_dma.c ****                                   (uint8)DMA_PAY__TERMOUT0_SEL,
 108:Generated_Source\PSoC5/DMA_PAY_dma.c ****                                   (uint8)DMA_PAY__TERMOUT1_SEL,
 109:Generated_Source\PSoC5/DMA_PAY_dma.c ****                                   (uint8)DMA_PAY__TERMIN_SEL);
 110:Generated_Source\PSoC5/DMA_PAY_dma.c **** 
 111:Generated_Source\PSoC5/DMA_PAY_dma.c ****     /* Set the extended address for the transfers */
ARM GAS  C:\Users\dr\AppData\Local\Temp\ccADwSVN.s 			page 4


 112:Generated_Source\PSoC5/DMA_PAY_dma.c ****     (void)CyDmaChSetExtendedAddress(DMA_PAY_DmaHandle, UpperSrcAddress, UpperDestAddress);
  61              		.loc 1 112 0
  62 001e 3A46     		mov	r2, r7
  63 0020 3146     		mov	r1, r6
  64 0022 2078     		ldrb	r0, [r4]	@ zero_extendqisi2
  65 0024 FFF7FEFF 		bl	CyDmaChSetExtendedAddress
  66              	.LVL6:
 113:Generated_Source\PSoC5/DMA_PAY_dma.c **** 
 114:Generated_Source\PSoC5/DMA_PAY_dma.c ****     /* Set the priority for this channel */
 115:Generated_Source\PSoC5/DMA_PAY_dma.c ****     (void)CyDmaChPriority(DMA_PAY_DmaHandle, (uint8)DMA_PAY__PRIORITY);
  67              		.loc 1 115 0
  68 0028 2946     		mov	r1, r5
  69 002a 2078     		ldrb	r0, [r4]	@ zero_extendqisi2
  70 002c FFF7FEFF 		bl	CyDmaChPriority
  71              	.LVL7:
 116:Generated_Source\PSoC5/DMA_PAY_dma.c ****     
 117:Generated_Source\PSoC5/DMA_PAY_dma.c ****     return DMA_PAY_DmaHandle;
 118:Generated_Source\PSoC5/DMA_PAY_dma.c **** }
  72              		.loc 1 118 0
  73 0030 2078     		ldrb	r0, [r4]	@ zero_extendqisi2
  74 0032 03B0     		add	sp, sp, #12
  75              		.cfi_def_cfa_offset 20
  76              		@ sp needed
  77 0034 F0BD     		pop	{r4, r5, r6, r7, pc}
  78              	.L4:
  79 0036 00BF     		.align	2
  80              	.L3:
  81 0038 00000000 		.word	.LANCHOR0
  82              		.cfi_endproc
  83              	.LFE0:
  84              		.size	DMA_PAY_DmaInitialize, .-DMA_PAY_DmaInitialize
  85              		.section	.text.DMA_PAY_DmaRelease,"ax",%progbits
  86              		.align	2
  87              		.global	DMA_PAY_DmaRelease
  88              		.thumb
  89              		.thumb_func
  90              		.type	DMA_PAY_DmaRelease, %function
  91              	DMA_PAY_DmaRelease:
  92              	.LFB1:
 119:Generated_Source\PSoC5/DMA_PAY_dma.c **** 
 120:Generated_Source\PSoC5/DMA_PAY_dma.c **** /*********************************************************************
 121:Generated_Source\PSoC5/DMA_PAY_dma.c **** * Function Name: void DMA_PAY_DmaRelease
 122:Generated_Source\PSoC5/DMA_PAY_dma.c **** **********************************************************************
 123:Generated_Source\PSoC5/DMA_PAY_dma.c **** * Summary:
 124:Generated_Source\PSoC5/DMA_PAY_dma.c **** *   Frees the channel associated with DMA_PAY.
 125:Generated_Source\PSoC5/DMA_PAY_dma.c **** *
 126:Generated_Source\PSoC5/DMA_PAY_dma.c **** *
 127:Generated_Source\PSoC5/DMA_PAY_dma.c **** * Parameters:
 128:Generated_Source\PSoC5/DMA_PAY_dma.c **** *   void.
 129:Generated_Source\PSoC5/DMA_PAY_dma.c **** *
 130:Generated_Source\PSoC5/DMA_PAY_dma.c **** *
 131:Generated_Source\PSoC5/DMA_PAY_dma.c **** *
 132:Generated_Source\PSoC5/DMA_PAY_dma.c **** * Return:
 133:Generated_Source\PSoC5/DMA_PAY_dma.c **** *   void.
 134:Generated_Source\PSoC5/DMA_PAY_dma.c **** *
 135:Generated_Source\PSoC5/DMA_PAY_dma.c **** *******************************************************************/
 136:Generated_Source\PSoC5/DMA_PAY_dma.c **** void DMA_PAY_DmaRelease(void) 
ARM GAS  C:\Users\dr\AppData\Local\Temp\ccADwSVN.s 			page 5


 137:Generated_Source\PSoC5/DMA_PAY_dma.c **** {
  93              		.loc 1 137 0
  94              		.cfi_startproc
  95              		@ args = 0, pretend = 0, frame = 0
  96              		@ frame_needed = 0, uses_anonymous_args = 0
  97 0000 08B5     		push	{r3, lr}
  98              		.cfi_def_cfa_offset 8
  99              		.cfi_offset 3, -8
 100              		.cfi_offset 14, -4
 138:Generated_Source\PSoC5/DMA_PAY_dma.c ****     /* Disable the channel */
 139:Generated_Source\PSoC5/DMA_PAY_dma.c ****     (void)CyDmaChDisable(DMA_PAY_DmaHandle);
 101              		.loc 1 139 0
 102 0002 024B     		ldr	r3, .L7
 103 0004 1878     		ldrb	r0, [r3]	@ zero_extendqisi2
 104 0006 FFF7FEFF 		bl	CyDmaChDisable
 105              	.LVL8:
 106 000a 08BD     		pop	{r3, pc}
 107              	.L8:
 108              		.align	2
 109              	.L7:
 110 000c 00000000 		.word	.LANCHOR0
 111              		.cfi_endproc
 112              	.LFE1:
 113              		.size	DMA_PAY_DmaRelease, .-DMA_PAY_DmaRelease
 114              		.global	DMA_PAY_DmaHandle
 115              		.data
 116              		.set	.LANCHOR0,. + 0
 117              		.type	DMA_PAY_DmaHandle, %object
 118              		.size	DMA_PAY_DmaHandle, 1
 119              	DMA_PAY_DmaHandle:
 120 0000 FF       		.byte	-1
 121              		.text
 122              	.Letext0:
 123              		.file 2 "Generated_Source\\PSoC5/cytypes.h"
 124              		.file 3 "Generated_Source\\PSoC5/CYDMAC.H"
 125              		.section	.debug_info,"",%progbits
 126              	.Ldebug_info0:
 127 0000 A4010000 		.4byte	0x1a4
 128 0004 0400     		.2byte	0x4
 129 0006 00000000 		.4byte	.Ldebug_abbrev0
 130 000a 04       		.byte	0x4
 131 000b 01       		.uleb128 0x1
 132 000c 8F000000 		.4byte	.LASF24
 133 0010 0C       		.byte	0xc
 134 0011 4B010000 		.4byte	.LASF25
 135 0015 48000000 		.4byte	.LASF26
 136 0019 00000000 		.4byte	.Ldebug_ranges0+0
 137 001d 00000000 		.4byte	0
 138 0021 00000000 		.4byte	.Ldebug_line0
 139 0025 02       		.uleb128 0x2
 140 0026 04       		.byte	0x4
 141 0027 05       		.byte	0x5
 142 0028 696E7400 		.ascii	"int\000"
 143 002c 03       		.uleb128 0x3
 144 002d 04       		.byte	0x4
 145 002e 07       		.byte	0x7
 146 002f 90010000 		.4byte	.LASF0
ARM GAS  C:\Users\dr\AppData\Local\Temp\ccADwSVN.s 			page 6


 147 0033 03       		.uleb128 0x3
 148 0034 08       		.byte	0x8
 149 0035 05       		.byte	0x5
 150 0036 D8010000 		.4byte	.LASF1
 151 003a 03       		.uleb128 0x3
 152 003b 08       		.byte	0x8
 153 003c 04       		.byte	0x4
 154 003d 21020000 		.4byte	.LASF2
 155 0041 03       		.uleb128 0x3
 156 0042 01       		.byte	0x1
 157 0043 06       		.byte	0x6
 158 0044 2D020000 		.4byte	.LASF3
 159 0048 03       		.uleb128 0x3
 160 0049 01       		.byte	0x1
 161 004a 08       		.byte	0x8
 162 004b 81000000 		.4byte	.LASF4
 163 004f 03       		.uleb128 0x3
 164 0050 02       		.byte	0x2
 165 0051 05       		.byte	0x5
 166 0052 0E020000 		.4byte	.LASF5
 167 0056 03       		.uleb128 0x3
 168 0057 02       		.byte	0x2
 169 0058 07       		.byte	0x7
 170 0059 C5010000 		.4byte	.LASF6
 171 005d 03       		.uleb128 0x3
 172 005e 04       		.byte	0x4
 173 005f 05       		.byte	0x5
 174 0060 18020000 		.4byte	.LASF7
 175 0064 03       		.uleb128 0x3
 176 0065 04       		.byte	0x4
 177 0066 07       		.byte	0x7
 178 0067 33010000 		.4byte	.LASF8
 179 006b 03       		.uleb128 0x3
 180 006c 08       		.byte	0x8
 181 006d 07       		.byte	0x7
 182 006e 9D010000 		.4byte	.LASF9
 183 0072 03       		.uleb128 0x3
 184 0073 04       		.byte	0x4
 185 0074 07       		.byte	0x7
 186 0075 E6010000 		.4byte	.LASF10
 187 0079 03       		.uleb128 0x3
 188 007a 01       		.byte	0x1
 189 007b 08       		.byte	0x8
 190 007c 09020000 		.4byte	.LASF11
 191 0080 04       		.uleb128 0x4
 192 0081 45010000 		.4byte	.LASF12
 193 0085 02       		.byte	0x2
 194 0086 9201     		.2byte	0x192
 195 0088 48000000 		.4byte	0x48
 196 008c 04       		.uleb128 0x4
 197 008d 89010000 		.4byte	.LASF13
 198 0091 02       		.byte	0x2
 199 0092 9301     		.2byte	0x193
 200 0094 56000000 		.4byte	0x56
 201 0098 03       		.uleb128 0x3
 202 0099 04       		.byte	0x4
 203 009a 04       		.byte	0x4
ARM GAS  C:\Users\dr\AppData\Local\Temp\ccADwSVN.s 			page 7


 204 009b 10000000 		.4byte	.LASF14
 205 009f 03       		.uleb128 0x3
 206 00a0 08       		.byte	0x8
 207 00a1 04       		.byte	0x4
 208 00a2 70010000 		.4byte	.LASF15
 209 00a6 05       		.uleb128 0x5
 210 00a7 1D010000 		.4byte	.LASF27
 211 00ab 01       		.byte	0x1
 212 00ac 61       		.byte	0x61
 213 00ad 80000000 		.4byte	0x80
 214 00b1 00000000 		.4byte	.LFB0
 215 00b5 3C000000 		.4byte	.LFE0-.LFB0
 216 00b9 01       		.uleb128 0x1
 217 00ba 9C       		.byte	0x9c
 218 00bb 4B010000 		.4byte	0x14b
 219 00bf 06       		.uleb128 0x6
 220 00c0 60020000 		.4byte	.LASF16
 221 00c4 01       		.byte	0x1
 222 00c5 61       		.byte	0x61
 223 00c6 80000000 		.4byte	0x80
 224 00ca 00000000 		.4byte	.LLST0
 225 00ce 06       		.uleb128 0x6
 226 00cf 26000000 		.4byte	.LASF17
 227 00d3 01       		.byte	0x1
 228 00d4 61       		.byte	0x61
 229 00d5 80000000 		.4byte	0x80
 230 00d9 21000000 		.4byte	.LLST1
 231 00dd 06       		.uleb128 0x6
 232 00de 00000000 		.4byte	.LASF18
 233 00e2 01       		.byte	0x1
 234 00e3 61       		.byte	0x61
 235 00e4 8C000000 		.4byte	0x8c
 236 00e8 42000000 		.4byte	.LLST2
 237 00ec 06       		.uleb128 0x6
 238 00ed B4010000 		.4byte	.LASF19
 239 00f1 01       		.byte	0x1
 240 00f2 61       		.byte	0x61
 241 00f3 8C000000 		.4byte	0x8c
 242 00f7 63000000 		.4byte	.LLST3
 243 00fb 07       		.uleb128 0x7
 244 00fc 1E000000 		.4byte	.LVL5
 245 0100 7B010000 		.4byte	0x17b
 246 0104 20010000 		.4byte	0x120
 247 0108 08       		.uleb128 0x8
 248 0109 01       		.uleb128 0x1
 249 010a 50       		.byte	0x50
 250 010b 02       		.uleb128 0x2
 251 010c 75       		.byte	0x75
 252 010d 00       		.sleb128 0
 253 010e 08       		.uleb128 0x8
 254 010f 01       		.uleb128 0x1
 255 0110 53       		.byte	0x53
 256 0111 01       		.uleb128 0x1
 257 0112 30       		.byte	0x30
 258 0113 08       		.uleb128 0x8
 259 0114 02       		.uleb128 0x2
 260 0115 7D       		.byte	0x7d
ARM GAS  C:\Users\dr\AppData\Local\Temp\ccADwSVN.s 			page 8


 261 0116 00       		.sleb128 0
 262 0117 01       		.uleb128 0x1
 263 0118 30       		.byte	0x30
 264 0119 08       		.uleb128 0x8
 265 011a 02       		.uleb128 0x2
 266 011b 7D       		.byte	0x7d
 267 011c 04       		.sleb128 4
 268 011d 01       		.uleb128 0x1
 269 011e 30       		.byte	0x30
 270 011f 00       		.byte	0
 271 0120 07       		.uleb128 0x7
 272 0121 28000000 		.4byte	.LVL6
 273 0125 86010000 		.4byte	0x186
 274 0129 3A010000 		.4byte	0x13a
 275 012d 08       		.uleb128 0x8
 276 012e 01       		.uleb128 0x1
 277 012f 51       		.byte	0x51
 278 0130 02       		.uleb128 0x2
 279 0131 76       		.byte	0x76
 280 0132 00       		.sleb128 0
 281 0133 08       		.uleb128 0x8
 282 0134 01       		.uleb128 0x1
 283 0135 52       		.byte	0x52
 284 0136 02       		.uleb128 0x2
 285 0137 77       		.byte	0x77
 286 0138 00       		.sleb128 0
 287 0139 00       		.byte	0
 288 013a 09       		.uleb128 0x9
 289 013b 30000000 		.4byte	.LVL7
 290 013f 91010000 		.4byte	0x191
 291 0143 08       		.uleb128 0x8
 292 0144 01       		.uleb128 0x1
 293 0145 51       		.byte	0x51
 294 0146 02       		.uleb128 0x2
 295 0147 75       		.byte	0x75
 296 0148 00       		.sleb128 0
 297 0149 00       		.byte	0
 298 014a 00       		.byte	0
 299 014b 0A       		.uleb128 0xa
 300 014c 35000000 		.4byte	.LASF28
 301 0150 01       		.byte	0x1
 302 0151 88       		.byte	0x88
 303 0152 00000000 		.4byte	.LFB1
 304 0156 10000000 		.4byte	.LFE1-.LFB1
 305 015a 01       		.uleb128 0x1
 306 015b 9C       		.byte	0x9c
 307 015c 6A010000 		.4byte	0x16a
 308 0160 0B       		.uleb128 0xb
 309 0161 0A000000 		.4byte	.LVL8
 310 0165 9C010000 		.4byte	0x19c
 311 0169 00       		.byte	0
 312 016a 0C       		.uleb128 0xc
 313 016b 77010000 		.4byte	.LASF29
 314 016f 01       		.byte	0x1
 315 0170 45       		.byte	0x45
 316 0171 80000000 		.4byte	0x80
 317 0175 05       		.uleb128 0x5
ARM GAS  C:\Users\dr\AppData\Local\Temp\ccADwSVN.s 			page 9


 318 0176 03       		.byte	0x3
 319 0177 00000000 		.4byte	DMA_PAY_DmaHandle
 320 017b 0D       		.uleb128 0xd
 321 017c 48020000 		.4byte	.LASF20
 322 0180 48020000 		.4byte	.LASF20
 323 0184 03       		.byte	0x3
 324 0185 33       		.byte	0x33
 325 0186 0D       		.uleb128 0xd
 326 0187 EF010000 		.4byte	.LASF21
 327 018b EF010000 		.4byte	.LASF21
 328 018f 03       		.byte	0x3
 329 0190 2D       		.byte	0x2d
 330 0191 0D       		.uleb128 0xd
 331 0192 16000000 		.4byte	.LASF22
 332 0196 16000000 		.4byte	.LASF22
 333 019a 03       		.byte	0x3
 334 019b 2C       		.byte	0x2c
 335 019c 0D       		.uleb128 0xd
 336 019d 39020000 		.4byte	.LASF23
 337 01a1 39020000 		.4byte	.LASF23
 338 01a5 03       		.byte	0x3
 339 01a6 2A       		.byte	0x2a
 340 01a7 00       		.byte	0
 341              		.section	.debug_abbrev,"",%progbits
 342              	.Ldebug_abbrev0:
 343 0000 01       		.uleb128 0x1
 344 0001 11       		.uleb128 0x11
 345 0002 01       		.byte	0x1
 346 0003 25       		.uleb128 0x25
 347 0004 0E       		.uleb128 0xe
 348 0005 13       		.uleb128 0x13
 349 0006 0B       		.uleb128 0xb
 350 0007 03       		.uleb128 0x3
 351 0008 0E       		.uleb128 0xe
 352 0009 1B       		.uleb128 0x1b
 353 000a 0E       		.uleb128 0xe
 354 000b 55       		.uleb128 0x55
 355 000c 17       		.uleb128 0x17
 356 000d 11       		.uleb128 0x11
 357 000e 01       		.uleb128 0x1
 358 000f 10       		.uleb128 0x10
 359 0010 17       		.uleb128 0x17
 360 0011 00       		.byte	0
 361 0012 00       		.byte	0
 362 0013 02       		.uleb128 0x2
 363 0014 24       		.uleb128 0x24
 364 0015 00       		.byte	0
 365 0016 0B       		.uleb128 0xb
 366 0017 0B       		.uleb128 0xb
 367 0018 3E       		.uleb128 0x3e
 368 0019 0B       		.uleb128 0xb
 369 001a 03       		.uleb128 0x3
 370 001b 08       		.uleb128 0x8
 371 001c 00       		.byte	0
 372 001d 00       		.byte	0
 373 001e 03       		.uleb128 0x3
 374 001f 24       		.uleb128 0x24
ARM GAS  C:\Users\dr\AppData\Local\Temp\ccADwSVN.s 			page 10


 375 0020 00       		.byte	0
 376 0021 0B       		.uleb128 0xb
 377 0022 0B       		.uleb128 0xb
 378 0023 3E       		.uleb128 0x3e
 379 0024 0B       		.uleb128 0xb
 380 0025 03       		.uleb128 0x3
 381 0026 0E       		.uleb128 0xe
 382 0027 00       		.byte	0
 383 0028 00       		.byte	0
 384 0029 04       		.uleb128 0x4
 385 002a 16       		.uleb128 0x16
 386 002b 00       		.byte	0
 387 002c 03       		.uleb128 0x3
 388 002d 0E       		.uleb128 0xe
 389 002e 3A       		.uleb128 0x3a
 390 002f 0B       		.uleb128 0xb
 391 0030 3B       		.uleb128 0x3b
 392 0031 05       		.uleb128 0x5
 393 0032 49       		.uleb128 0x49
 394 0033 13       		.uleb128 0x13
 395 0034 00       		.byte	0
 396 0035 00       		.byte	0
 397 0036 05       		.uleb128 0x5
 398 0037 2E       		.uleb128 0x2e
 399 0038 01       		.byte	0x1
 400 0039 3F       		.uleb128 0x3f
 401 003a 19       		.uleb128 0x19
 402 003b 03       		.uleb128 0x3
 403 003c 0E       		.uleb128 0xe
 404 003d 3A       		.uleb128 0x3a
 405 003e 0B       		.uleb128 0xb
 406 003f 3B       		.uleb128 0x3b
 407 0040 0B       		.uleb128 0xb
 408 0041 27       		.uleb128 0x27
 409 0042 19       		.uleb128 0x19
 410 0043 49       		.uleb128 0x49
 411 0044 13       		.uleb128 0x13
 412 0045 11       		.uleb128 0x11
 413 0046 01       		.uleb128 0x1
 414 0047 12       		.uleb128 0x12
 415 0048 06       		.uleb128 0x6
 416 0049 40       		.uleb128 0x40
 417 004a 18       		.uleb128 0x18
 418 004b 9742     		.uleb128 0x2117
 419 004d 19       		.uleb128 0x19
 420 004e 01       		.uleb128 0x1
 421 004f 13       		.uleb128 0x13
 422 0050 00       		.byte	0
 423 0051 00       		.byte	0
 424 0052 06       		.uleb128 0x6
 425 0053 05       		.uleb128 0x5
 426 0054 00       		.byte	0
 427 0055 03       		.uleb128 0x3
 428 0056 0E       		.uleb128 0xe
 429 0057 3A       		.uleb128 0x3a
 430 0058 0B       		.uleb128 0xb
 431 0059 3B       		.uleb128 0x3b
ARM GAS  C:\Users\dr\AppData\Local\Temp\ccADwSVN.s 			page 11


 432 005a 0B       		.uleb128 0xb
 433 005b 49       		.uleb128 0x49
 434 005c 13       		.uleb128 0x13
 435 005d 02       		.uleb128 0x2
 436 005e 17       		.uleb128 0x17
 437 005f 00       		.byte	0
 438 0060 00       		.byte	0
 439 0061 07       		.uleb128 0x7
 440 0062 898201   		.uleb128 0x4109
 441 0065 01       		.byte	0x1
 442 0066 11       		.uleb128 0x11
 443 0067 01       		.uleb128 0x1
 444 0068 31       		.uleb128 0x31
 445 0069 13       		.uleb128 0x13
 446 006a 01       		.uleb128 0x1
 447 006b 13       		.uleb128 0x13
 448 006c 00       		.byte	0
 449 006d 00       		.byte	0
 450 006e 08       		.uleb128 0x8
 451 006f 8A8201   		.uleb128 0x410a
 452 0072 00       		.byte	0
 453 0073 02       		.uleb128 0x2
 454 0074 18       		.uleb128 0x18
 455 0075 9142     		.uleb128 0x2111
 456 0077 18       		.uleb128 0x18
 457 0078 00       		.byte	0
 458 0079 00       		.byte	0
 459 007a 09       		.uleb128 0x9
 460 007b 898201   		.uleb128 0x4109
 461 007e 01       		.byte	0x1
 462 007f 11       		.uleb128 0x11
 463 0080 01       		.uleb128 0x1
 464 0081 31       		.uleb128 0x31
 465 0082 13       		.uleb128 0x13
 466 0083 00       		.byte	0
 467 0084 00       		.byte	0
 468 0085 0A       		.uleb128 0xa
 469 0086 2E       		.uleb128 0x2e
 470 0087 01       		.byte	0x1
 471 0088 3F       		.uleb128 0x3f
 472 0089 19       		.uleb128 0x19
 473 008a 03       		.uleb128 0x3
 474 008b 0E       		.uleb128 0xe
 475 008c 3A       		.uleb128 0x3a
 476 008d 0B       		.uleb128 0xb
 477 008e 3B       		.uleb128 0x3b
 478 008f 0B       		.uleb128 0xb
 479 0090 27       		.uleb128 0x27
 480 0091 19       		.uleb128 0x19
 481 0092 11       		.uleb128 0x11
 482 0093 01       		.uleb128 0x1
 483 0094 12       		.uleb128 0x12
 484 0095 06       		.uleb128 0x6
 485 0096 40       		.uleb128 0x40
 486 0097 18       		.uleb128 0x18
 487 0098 9742     		.uleb128 0x2117
 488 009a 19       		.uleb128 0x19
ARM GAS  C:\Users\dr\AppData\Local\Temp\ccADwSVN.s 			page 12


 489 009b 01       		.uleb128 0x1
 490 009c 13       		.uleb128 0x13
 491 009d 00       		.byte	0
 492 009e 00       		.byte	0
 493 009f 0B       		.uleb128 0xb
 494 00a0 898201   		.uleb128 0x4109
 495 00a3 00       		.byte	0
 496 00a4 11       		.uleb128 0x11
 497 00a5 01       		.uleb128 0x1
 498 00a6 31       		.uleb128 0x31
 499 00a7 13       		.uleb128 0x13
 500 00a8 00       		.byte	0
 501 00a9 00       		.byte	0
 502 00aa 0C       		.uleb128 0xc
 503 00ab 34       		.uleb128 0x34
 504 00ac 00       		.byte	0
 505 00ad 03       		.uleb128 0x3
 506 00ae 0E       		.uleb128 0xe
 507 00af 3A       		.uleb128 0x3a
 508 00b0 0B       		.uleb128 0xb
 509 00b1 3B       		.uleb128 0x3b
 510 00b2 0B       		.uleb128 0xb
 511 00b3 49       		.uleb128 0x49
 512 00b4 13       		.uleb128 0x13
 513 00b5 3F       		.uleb128 0x3f
 514 00b6 19       		.uleb128 0x19
 515 00b7 02       		.uleb128 0x2
 516 00b8 18       		.uleb128 0x18
 517 00b9 00       		.byte	0
 518 00ba 00       		.byte	0
 519 00bb 0D       		.uleb128 0xd
 520 00bc 2E       		.uleb128 0x2e
 521 00bd 00       		.byte	0
 522 00be 3F       		.uleb128 0x3f
 523 00bf 19       		.uleb128 0x19
 524 00c0 3C       		.uleb128 0x3c
 525 00c1 19       		.uleb128 0x19
 526 00c2 6E       		.uleb128 0x6e
 527 00c3 0E       		.uleb128 0xe
 528 00c4 03       		.uleb128 0x3
 529 00c5 0E       		.uleb128 0xe
 530 00c6 3A       		.uleb128 0x3a
 531 00c7 0B       		.uleb128 0xb
 532 00c8 3B       		.uleb128 0x3b
 533 00c9 0B       		.uleb128 0xb
 534 00ca 00       		.byte	0
 535 00cb 00       		.byte	0
 536 00cc 00       		.byte	0
 537              		.section	.debug_loc,"",%progbits
 538              	.Ldebug_loc0:
 539              	.LLST0:
 540 0000 00000000 		.4byte	.LVL0
 541 0004 1A000000 		.4byte	.LVL4
 542 0008 0100     		.2byte	0x1
 543 000a 50       		.byte	0x50
 544 000b 1A000000 		.4byte	.LVL4
 545 000f 3C000000 		.4byte	.LFE0
ARM GAS  C:\Users\dr\AppData\Local\Temp\ccADwSVN.s 			page 13


 546 0013 0400     		.2byte	0x4
 547 0015 F3       		.byte	0xf3
 548 0016 01       		.uleb128 0x1
 549 0017 50       		.byte	0x50
 550 0018 9F       		.byte	0x9f
 551 0019 00000000 		.4byte	0
 552 001d 00000000 		.4byte	0
 553              	.LLST1:
 554 0021 00000000 		.4byte	.LVL0
 555 0025 18000000 		.4byte	.LVL3
 556 0029 0100     		.2byte	0x1
 557 002b 51       		.byte	0x51
 558 002c 18000000 		.4byte	.LVL3
 559 0030 3C000000 		.4byte	.LFE0
 560 0034 0400     		.2byte	0x4
 561 0036 F3       		.byte	0xf3
 562 0037 01       		.uleb128 0x1
 563 0038 51       		.byte	0x51
 564 0039 9F       		.byte	0x9f
 565 003a 00000000 		.4byte	0
 566 003e 00000000 		.4byte	0
 567              	.LLST2:
 568 0042 00000000 		.4byte	.LVL0
 569 0046 16000000 		.4byte	.LVL2
 570 004a 0100     		.2byte	0x1
 571 004c 52       		.byte	0x52
 572 004d 16000000 		.4byte	.LVL2
 573 0051 3C000000 		.4byte	.LFE0
 574 0055 0400     		.2byte	0x4
 575 0057 F3       		.byte	0xf3
 576 0058 01       		.uleb128 0x1
 577 0059 52       		.byte	0x52
 578 005a 9F       		.byte	0x9f
 579 005b 00000000 		.4byte	0
 580 005f 00000000 		.4byte	0
 581              	.LLST3:
 582 0063 00000000 		.4byte	.LVL0
 583 0067 10000000 		.4byte	.LVL1
 584 006b 0100     		.2byte	0x1
 585 006d 53       		.byte	0x53
 586 006e 10000000 		.4byte	.LVL1
 587 0072 3C000000 		.4byte	.LFE0
 588 0076 0400     		.2byte	0x4
 589 0078 F3       		.byte	0xf3
 590 0079 01       		.uleb128 0x1
 591 007a 53       		.byte	0x53
 592 007b 9F       		.byte	0x9f
 593 007c 00000000 		.4byte	0
 594 0080 00000000 		.4byte	0
 595              		.section	.debug_aranges,"",%progbits
 596 0000 24000000 		.4byte	0x24
 597 0004 0200     		.2byte	0x2
 598 0006 00000000 		.4byte	.Ldebug_info0
 599 000a 04       		.byte	0x4
 600 000b 00       		.byte	0
 601 000c 0000     		.2byte	0
 602 000e 0000     		.2byte	0
ARM GAS  C:\Users\dr\AppData\Local\Temp\ccADwSVN.s 			page 14


 603 0010 00000000 		.4byte	.LFB0
 604 0014 3C000000 		.4byte	.LFE0-.LFB0
 605 0018 00000000 		.4byte	.LFB1
 606 001c 10000000 		.4byte	.LFE1-.LFB1
 607 0020 00000000 		.4byte	0
 608 0024 00000000 		.4byte	0
 609              		.section	.debug_ranges,"",%progbits
 610              	.Ldebug_ranges0:
 611 0000 00000000 		.4byte	.LFB0
 612 0004 3C000000 		.4byte	.LFE0
 613 0008 00000000 		.4byte	.LFB1
 614 000c 10000000 		.4byte	.LFE1
 615 0010 00000000 		.4byte	0
 616 0014 00000000 		.4byte	0
 617              		.section	.debug_line,"",%progbits
 618              	.Ldebug_line0:
 619 0000 80000000 		.section	.debug_str,"MS",%progbits,1
 619      02005400 
 619      00000201 
 619      FB0E0D00 
 619      01010101 
 620              	.LASF18:
 621 0000 55707065 		.ascii	"UpperSrcAddress\000"
 621      72537263 
 621      41646472 
 621      65737300 
 622              	.LASF14:
 623 0010 666C6F61 		.ascii	"float\000"
 623      7400
 624              	.LASF22:
 625 0016 4379446D 		.ascii	"CyDmaChPriority\000"
 625      61436850 
 625      72696F72 
 625      69747900 
 626              	.LASF17:
 627 0026 52657165 		.ascii	"ReqestPerBurst\000"
 627      73745065 
 627      72427572 
 627      737400
 628              	.LASF28:
 629 0035 444D415F 		.ascii	"DMA_PAY_DmaRelease\000"
 629      5041595F 
 629      446D6152 
 629      656C6561 
 629      736500
 630              	.LASF26:
 631 0048 433A5C55 		.ascii	"C:\\Users\\dr\\Documents\\GitHub\\SHW\\SHW_full\\SH"
 631      73657273 
 631      5C64725C 
 631      446F6375 
 631      6D656E74 
 632 0074 575F6675 		.ascii	"W_full.cydsn\000"
 632      6C6C2E63 
 632      7964736E 
 632      00
 633              	.LASF4:
 634 0081 756E7369 		.ascii	"unsigned char\000"
ARM GAS  C:\Users\dr\AppData\Local\Temp\ccADwSVN.s 			page 15


 634      676E6564 
 634      20636861 
 634      7200
 635              	.LASF24:
 636 008f 474E5520 		.ascii	"GNU C11 5.4.1 20160609 (release) [ARM/embedded-5-br"
 636      43313120 
 636      352E342E 
 636      31203230 
 636      31363036 
 637 00c2 616E6368 		.ascii	"anch revision 237715] -mcpu=cortex-m3 -mthumb -g -O"
 637      20726576 
 637      6973696F 
 637      6E203233 
 637      37373135 
 638 00f5 67202D66 		.ascii	"g -ffunction-sections -ffat-lto-objects\000"
 638      66756E63 
 638      74696F6E 
 638      2D736563 
 638      74696F6E 
 639              	.LASF27:
 640 011d 444D415F 		.ascii	"DMA_PAY_DmaInitialize\000"
 640      5041595F 
 640      446D6149 
 640      6E697469 
 640      616C697A 
 641              	.LASF8:
 642 0133 6C6F6E67 		.ascii	"long unsigned int\000"
 642      20756E73 
 642      69676E65 
 642      6420696E 
 642      7400
 643              	.LASF12:
 644 0145 75696E74 		.ascii	"uint8\000"
 644      3800
 645              	.LASF25:
 646 014b 47656E65 		.ascii	"Generated_Source\\PSoC5\\DMA_PAY_dma.c\000"
 646      72617465 
 646      645F536F 
 646      75726365 
 646      5C50536F 
 647              	.LASF15:
 648 0170 646F7562 		.ascii	"double\000"
 648      6C6500
 649              	.LASF29:
 650 0177 444D415F 		.ascii	"DMA_PAY_DmaHandle\000"
 650      5041595F 
 650      446D6148 
 650      616E646C 
 650      6500
 651              	.LASF13:
 652 0189 75696E74 		.ascii	"uint16\000"
 652      313600
 653              	.LASF0:
 654 0190 756E7369 		.ascii	"unsigned int\000"
 654      676E6564 
 654      20696E74 
 654      00
ARM GAS  C:\Users\dr\AppData\Local\Temp\ccADwSVN.s 			page 16


 655              	.LASF9:
 656 019d 6C6F6E67 		.ascii	"long long unsigned int\000"
 656      206C6F6E 
 656      6720756E 
 656      7369676E 
 656      65642069 
 657              	.LASF19:
 658 01b4 55707065 		.ascii	"UpperDestAddress\000"
 658      72446573 
 658      74416464 
 658      72657373 
 658      00
 659              	.LASF6:
 660 01c5 73686F72 		.ascii	"short unsigned int\000"
 660      7420756E 
 660      7369676E 
 660      65642069 
 660      6E7400
 661              	.LASF1:
 662 01d8 6C6F6E67 		.ascii	"long long int\000"
 662      206C6F6E 
 662      6720696E 
 662      7400
 663              	.LASF10:
 664 01e6 73697A65 		.ascii	"sizetype\000"
 664      74797065 
 664      00
 665              	.LASF21:
 666 01ef 4379446D 		.ascii	"CyDmaChSetExtendedAddress\000"
 666      61436853 
 666      65744578 
 666      74656E64 
 666      65644164 
 667              	.LASF11:
 668 0209 63686172 		.ascii	"char\000"
 668      00
 669              	.LASF5:
 670 020e 73686F72 		.ascii	"short int\000"
 670      7420696E 
 670      7400
 671              	.LASF7:
 672 0218 6C6F6E67 		.ascii	"long int\000"
 672      20696E74 
 672      00
 673              	.LASF2:
 674 0221 6C6F6E67 		.ascii	"long double\000"
 674      20646F75 
 674      626C6500 
 675              	.LASF3:
 676 022d 7369676E 		.ascii	"signed char\000"
 676      65642063 
 676      68617200 
 677              	.LASF23:
 678 0239 4379446D 		.ascii	"CyDmaChDisable\000"
 678      61436844 
 678      69736162 
 678      6C6500
ARM GAS  C:\Users\dr\AppData\Local\Temp\ccADwSVN.s 			page 17


 679              	.LASF20:
 680 0248 4379446D 		.ascii	"CyDmaChSetConfiguration\000"
 680      61436853 
 680      6574436F 
 680      6E666967 
 680      75726174 
 681              	.LASF16:
 682 0260 42757273 		.ascii	"BurstCount\000"
 682      74436F75 
 682      6E7400
 683              		.ident	"GCC: (GNU Tools for ARM Embedded Processors) 5.4.1 20160609 (release) [ARM/embedded-5-bran
